Analysis & Synthesis report for neander
Mon Jun 20 18:25:20 2022
Quartus II 64-Bit Version 13.1.0 Build 162 10/23/2013 SJ Web Edition


---------------------
; Table of Contents ;
---------------------
  1. Legal Notice
  2. Analysis & Synthesis Summary
  3. Analysis & Synthesis Settings
  4. Parallel Compilation
  5. Analysis & Synthesis Source Files Read
  6. Analysis & Synthesis Resource Usage Summary
  7. Analysis & Synthesis Resource Utilization by Entity
  8. State Machine - |neander|ctrl_unit:CTRL|currentState
  9. Registers Removed During Synthesis
 10. General Register Statistics
 11. Multiplexer Restructuring Statistics (Restructuring Performed)
 12. Parameter Settings for User Entity Instance: reg:NZ
 13. Parameter Settings for User Entity Instance: reg:RI
 14. Parameter Settings for User Entity Instance: reg:AC_inst
 15. Parameter Settings for User Entity Instance: reg:REM_inst
 16. Parameter Settings for User Entity Instance: reg:RDM
 17. Parameter Settings for Inferred Entity Instance: ula:ULA_inst|lpm_mult:Mult0
 18. Parameter Settings for Inferred Entity Instance: ula:ULA_inst|lpm_mult:Mult0|mult_17t:auto_generated|alt_mac_mult:mac_mult1
 19. Parameter Settings for Inferred Entity Instance: ula:ULA_inst|lpm_mult:Mult0|mult_17t:auto_generated|alt_mac_out:mac_out2
 20. lpm_mult Parameter Settings by Entity Instance
 21. Port Connectivity Checks: "reg:RI"
 22. Elapsed Time Per Partition
 23. Analysis & Synthesis Messages



----------------
; Legal Notice ;
----------------
Copyright (C) 1991-2013 Altera Corporation
Your use of Altera Corporation's design tools, logic functions 
and other software and tools, and its AMPP partner logic 
functions, and any output files from any of the foregoing 
(including device programming or simulation files), and any 
associated documentation or information are expressly subject 
to the terms and conditions of the Altera Program License 
Subscription Agreement, Altera MegaCore Function License 
Agreement, or other applicable license agreement, including, 
without limitation, that your use is for the sole purpose of 
programming logic devices manufactured by Altera and sold by 
Altera or its authorized distributors.  Please refer to the 
applicable agreement for further details.



+---------------------------------------------------------------------------------+
; Analysis & Synthesis Summary                                                    ;
+------------------------------------+--------------------------------------------+
; Analysis & Synthesis Status        ; Successful - Mon Jun 20 18:25:20 2022      ;
; Quartus II 64-Bit Version          ; 13.1.0 Build 162 10/23/2013 SJ Web Edition ;
; Revision Name                      ; neander                                    ;
; Top-level Entity Name              ; neander                                    ;
; Family                             ; Cyclone IV GX                              ;
; Total logic elements               ; 165                                        ;
;     Total combinational functions  ; 162                                        ;
;     Dedicated logic registers      ; 32                                         ;
; Total registers                    ; 32                                         ;
; Total pins                         ; 18                                         ;
; Total virtual pins                 ; 0                                          ;
; Total memory bits                  ; 0                                          ;
; Embedded Multiplier 9-bit elements ; 0                                          ;
; Total GXB Receiver Channel PCS     ; 0                                          ;
; Total GXB Receiver Channel PMA     ; 0                                          ;
; Total GXB Transmitter Channel PCS  ; 0                                          ;
; Total GXB Transmitter Channel PMA  ; 0                                          ;
; Total PLLs                         ; 0                                          ;
+------------------------------------+--------------------------------------------+


+----------------------------------------------------------------------------------------------------------------------+
; Analysis & Synthesis Settings                                                                                        ;
+----------------------------------------------------------------------------+--------------------+--------------------+
; Option                                                                     ; Setting            ; Default Value      ;
+----------------------------------------------------------------------------+--------------------+--------------------+
; Top-level entity name                                                      ; neander            ; neander            ;
; Family name                                                                ; Cyclone IV GX      ; Cyclone IV GX      ;
; Use smart compilation                                                      ; Off                ; Off                ;
; Enable parallel Assembler and TimeQuest Timing Analyzer during compilation ; On                 ; On                 ;
; Enable compact report table                                                ; Off                ; Off                ;
; Restructure Multiplexers                                                   ; Auto               ; Auto               ;
; Create Debugging Nodes for IP Cores                                        ; Off                ; Off                ;
; Preserve fewer node names                                                  ; On                 ; On                 ;
; Disable OpenCore Plus hardware evaluation                                  ; Off                ; Off                ;
; Verilog Version                                                            ; Verilog_2001       ; Verilog_2001       ;
; VHDL Version                                                               ; VHDL_1993          ; VHDL_1993          ;
; State Machine Processing                                                   ; Auto               ; Auto               ;
; Safe State Machine                                                         ; Off                ; Off                ;
; Extract Verilog State Machines                                             ; On                 ; On                 ;
; Extract VHDL State Machines                                                ; On                 ; On                 ;
; Ignore Verilog initial constructs                                          ; Off                ; Off                ;
; Iteration limit for constant Verilog loops                                 ; 5000               ; 5000               ;
; Iteration limit for non-constant Verilog loops                             ; 250                ; 250                ;
; Add Pass-Through Logic to Inferred RAMs                                    ; On                 ; On                 ;
; Infer RAMs from Raw Logic                                                  ; On                 ; On                 ;
; Parallel Synthesis                                                         ; On                 ; On                 ;
; DSP Block Balancing                                                        ; Auto               ; Auto               ;
; NOT Gate Push-Back                                                         ; On                 ; On                 ;
; Power-Up Don't Care                                                        ; On                 ; On                 ;
; Remove Redundant Logic Cells                                               ; Off                ; Off                ;
; Remove Duplicate Registers                                                 ; On                 ; On                 ;
; Ignore CARRY Buffers                                                       ; Off                ; Off                ;
; Ignore CASCADE Buffers                                                     ; Off                ; Off                ;
; Ignore GLOBAL Buffers                                                      ; Off                ; Off                ;
; Ignore ROW GLOBAL Buffers                                                  ; Off                ; Off                ;
; Ignore LCELL Buffers                                                       ; Off                ; Off                ;
; Ignore SOFT Buffers                                                        ; On                 ; On                 ;
; Limit AHDL Integers to 32 Bits                                             ; Off                ; Off                ;
; Optimization Technique                                                     ; Balanced           ; Balanced           ;
; Carry Chain Length                                                         ; 70                 ; 70                 ;
; Auto Carry Chains                                                          ; On                 ; On                 ;
; Auto Open-Drain Pins                                                       ; On                 ; On                 ;
; Perform WYSIWYG Primitive Resynthesis                                      ; Off                ; Off                ;
; Auto ROM Replacement                                                       ; On                 ; On                 ;
; Auto RAM Replacement                                                       ; On                 ; On                 ;
; Auto DSP Block Replacement                                                 ; On                 ; On                 ;
; Auto Shift Register Replacement                                            ; Auto               ; Auto               ;
; Allow Shift Register Merging across Hierarchies                            ; Auto               ; Auto               ;
; Auto Clock Enable Replacement                                              ; On                 ; On                 ;
; Strict RAM Replacement                                                     ; Off                ; Off                ;
; Allow Synchronous Control Signals                                          ; On                 ; On                 ;
; Force Use of Synchronous Clear Signals                                     ; Off                ; Off                ;
; Auto RAM Block Balancing                                                   ; On                 ; On                 ;
; Auto RAM to Logic Cell Conversion                                          ; Off                ; Off                ;
; Auto Resource Sharing                                                      ; Off                ; Off                ;
; Allow Any RAM Size For Recognition                                         ; Off                ; Off                ;
; Allow Any ROM Size For Recognition                                         ; Off                ; Off                ;
; Allow Any Shift Register Size For Recognition                              ; Off                ; Off                ;
; Use LogicLock Constraints during Resource Balancing                        ; On                 ; On                 ;
; Ignore translate_off and synthesis_off directives                          ; Off                ; Off                ;
; Timing-Driven Synthesis                                                    ; On                 ; On                 ;
; Report Parameter Settings                                                  ; On                 ; On                 ;
; Report Source Assignments                                                  ; On                 ; On                 ;
; Report Connectivity Checks                                                 ; On                 ; On                 ;
; Ignore Maximum Fan-Out Assignments                                         ; Off                ; Off                ;
; Synchronization Register Chain Length                                      ; 2                  ; 2                  ;
; PowerPlay Power Optimization                                               ; Normal compilation ; Normal compilation ;
; HDL message level                                                          ; Level2             ; Level2             ;
; Suppress Register Optimization Related Messages                            ; Off                ; Off                ;
; Number of Removed Registers Reported in Synthesis Report                   ; 5000               ; 5000               ;
; Number of Swept Nodes Reported in Synthesis Report                         ; 5000               ; 5000               ;
; Number of Inverted Registers Reported in Synthesis Report                  ; 100                ; 100                ;
; Clock MUX Protection                                                       ; On                 ; On                 ;
; Auto Gated Clock Conversion                                                ; Off                ; Off                ;
; Block Design Naming                                                        ; Auto               ; Auto               ;
; SDC constraint protection                                                  ; Off                ; Off                ;
; Synthesis Effort                                                           ; Auto               ; Auto               ;
; Shift Register Replacement - Allow Asynchronous Clear Signal               ; On                 ; On                 ;
; Pre-Mapping Resynthesis Optimization                                       ; Off                ; Off                ;
; Analysis & Synthesis Message Level                                         ; Medium             ; Medium             ;
; Disable Register Merging Across Hierarchies                                ; Auto               ; Auto               ;
; Resource Aware Inference For Block RAM                                     ; On                 ; On                 ;
; Synthesis Seed                                                             ; 1                  ; 1                  ;
+----------------------------------------------------------------------------+--------------------+--------------------+


+------------------------------------------+
; Parallel Compilation                     ;
+----------------------------+-------------+
; Processors                 ; Number      ;
+----------------------------+-------------+
; Number detected on machine ; 4           ;
; Maximum allowed            ; 2           ;
;                            ;             ;
; Average used               ; 1.00        ;
; Maximum used               ; 1           ;
;                            ;             ;
; Usage by Processor         ; % Time Used ;
;     Processor 1            ; 100.0%      ;
;     Processors 2-4         ;   0.0%      ;
+----------------------------+-------------+


+--------------------------------------------------------------------------------------------------------------------------------------------------------------------------+
; Analysis & Synthesis Source Files Read                                                                                                                                   ;
+----------------------------------+-----------------+------------------------------+----------------------------------------------------------------------------+---------+
; File Name with User-Entered Path ; Used in Netlist ; File Type                    ; File Name with Absolute Path                                               ; Library ;
+----------------------------------+-----------------+------------------------------+----------------------------------------------------------------------------+---------+
; ula.vhd                          ; yes             ; User VHDL File               ; C:/Users/huber/OneDrive/햞ea de Trabalho/neanderfinal/ula.vhd              ;         ;
; reg.vhd                          ; yes             ; User VHDL File               ; C:/Users/huber/OneDrive/햞ea de Trabalho/neanderfinal/reg.vhd              ;         ;
; neander.vhd                      ; yes             ; User VHDL File               ; C:/Users/huber/OneDrive/햞ea de Trabalho/neanderfinal/neander.vhd          ;         ;
; mux2x1.vhd                       ; yes             ; User VHDL File               ; C:/Users/huber/OneDrive/햞ea de Trabalho/neanderfinal/mux2x1.vhd           ;         ;
; memory.vhd                       ; yes             ; User VHDL File               ; C:/Users/huber/OneDrive/햞ea de Trabalho/neanderfinal/memory.vhd           ;         ;
; decod_inst.vhd                   ; yes             ; User VHDL File               ; C:/Users/huber/OneDrive/햞ea de Trabalho/neanderfinal/decod_inst.vhd       ;         ;
; ctrl_unit.vhd                    ; yes             ; User VHDL File               ; C:/Users/huber/OneDrive/햞ea de Trabalho/neanderfinal/ctrl_unit.vhd        ;         ;
; counter.vhd                      ; yes             ; User VHDL File               ; C:/Users/huber/OneDrive/햞ea de Trabalho/neanderfinal/counter.vhd          ;         ;
; lpm_mult.tdf                     ; yes             ; Megafunction                 ; c:/altera/13.1/quartus/libraries/megafunctions/lpm_mult.tdf                ;         ;
; aglobal131.inc                   ; yes             ; Megafunction                 ; c:/altera/13.1/quartus/libraries/megafunctions/aglobal131.inc              ;         ;
; lpm_add_sub.inc                  ; yes             ; Megafunction                 ; c:/altera/13.1/quartus/libraries/megafunctions/lpm_add_sub.inc             ;         ;
; multcore.inc                     ; yes             ; Megafunction                 ; c:/altera/13.1/quartus/libraries/megafunctions/multcore.inc                ;         ;
; bypassff.inc                     ; yes             ; Megafunction                 ; c:/altera/13.1/quartus/libraries/megafunctions/bypassff.inc                ;         ;
; altshift.inc                     ; yes             ; Megafunction                 ; c:/altera/13.1/quartus/libraries/megafunctions/altshift.inc                ;         ;
; db/mult_17t.tdf                  ; yes             ; Auto-Generated Megafunction  ; C:/Users/huber/OneDrive/햞ea de Trabalho/neanderfinal/db/mult_17t.tdf      ;         ;
; alt_mac_mult.tdf                 ; yes             ; Megafunction                 ; c:/altera/13.1/quartus/libraries/megafunctions/alt_mac_mult.tdf            ;         ;
; lpm_mult.inc                     ; yes             ; Megafunction                 ; c:/altera/13.1/quartus/libraries/megafunctions/lpm_mult.inc                ;         ;
; db/mac_mult_jah1.tdf             ; yes             ; Auto-Generated Megafunction  ; C:/Users/huber/OneDrive/햞ea de Trabalho/neanderfinal/db/mac_mult_jah1.tdf ;         ;
; db/mult_dho.tdf                  ; yes             ; Auto-Generated Megafunction  ; C:/Users/huber/OneDrive/햞ea de Trabalho/neanderfinal/db/mult_dho.tdf      ;         ;
; alt_mac_out.tdf                  ; yes             ; Megafunction                 ; c:/altera/13.1/quartus/libraries/megafunctions/alt_mac_out.tdf             ;         ;
; alt_zaccum.inc                   ; yes             ; Megafunction                 ; c:/altera/13.1/quartus/libraries/megafunctions/alt_zaccum.inc              ;         ;
; db/mac_out_ov82.tdf              ; yes             ; Auto-Generated Megafunction  ; C:/Users/huber/OneDrive/햞ea de Trabalho/neanderfinal/db/mac_out_ov82.tdf  ;         ;
+----------------------------------+-----------------+------------------------------+----------------------------------------------------------------------------+---------+


+---------------------------------------------+
; Analysis & Synthesis Resource Usage Summary ;
+--------------------------+------------------+
; Resource                 ; Usage            ;
+--------------------------+------------------+
; I/O pins                 ; 18               ;
; DSP block 9-bit elements ; 0                ;
; Maximum fan-out node     ; rst~input        ;
; Maximum fan-out          ; 35               ;
; Total fan-out            ; 645              ;
; Average fan-out          ; 2.80             ;
+--------------------------+------------------+


+------------------------------------------------------------------------------------------------------------------------------------------------------------------------------------------------------------------------------------------------------------------------------------------------------------------------+
; Analysis & Synthesis Resource Utilization by Entity                                                                                                                                                                                                                                                                    ;
+-----------------------------------------------+-------------------+--------------+-------------+--------------+---------+-----------+-----------+------+--------------+---------------------------------------------------------------------------------------------------------------------------------+--------------+
; Compilation Hierarchy Node                    ; LC Combinationals ; LC Registers ; Memory Bits ; DSP Elements ; DSP 9x9 ; DSP 18x18 ; DSP 36x36 ; Pins ; Virtual Pins ; Full Hierarchy Name                                                                                                             ; Library Name ;
+-----------------------------------------------+-------------------+--------------+-------------+--------------+---------+-----------+-----------+------+--------------+---------------------------------------------------------------------------------------------------------------------------------+--------------+
; |neander                                      ; 162 (0)           ; 32 (0)       ; 0           ; 0            ; 0       ; 0         ; 0         ; 18   ; 0            ; |neander                                                                                                                        ; work         ;
;    |ctrl_unit:CTRL|                           ; 26 (26)           ; 11 (11)      ; 0           ; 0            ; 0       ; 0         ; 0         ; 0    ; 0            ; |neander|ctrl_unit:CTRL                                                                                                         ; work         ;
;    |decod_inst:DECOD|                         ; 6 (6)             ; 0 (0)        ; 0           ; 0            ; 0       ; 0         ; 0         ; 0    ; 0            ; |neander|decod_inst:DECOD                                                                                                       ; work         ;
;    |reg:AC_inst|                              ; 9 (9)             ; 8 (8)        ; 0           ; 0            ; 0       ; 0         ; 0         ; 0    ; 0            ; |neander|reg:AC_inst                                                                                                            ; work         ;
;    |reg:NZ|                                   ; 3 (3)             ; 1 (1)        ; 0           ; 0            ; 0       ; 0         ; 0         ; 0    ; 0            ; |neander|reg:NZ                                                                                                                 ; work         ;
;    |reg:RDM|                                  ; 11 (11)           ; 8 (8)        ; 0           ; 0            ; 0       ; 0         ; 0         ; 0    ; 0            ; |neander|reg:RDM                                                                                                                ; work         ;
;    |reg:RI|                                   ; 5 (5)             ; 4 (4)        ; 0           ; 0            ; 0       ; 0         ; 0         ; 0    ; 0            ; |neander|reg:RI                                                                                                                 ; work         ;
;    |ula:ULA_inst|                             ; 102 (53)          ; 0 (0)        ; 0           ; 0            ; 0       ; 0         ; 0         ; 0    ; 0            ; |neander|ula:ULA_inst                                                                                                           ; work         ;
;       |lpm_mult:Mult0|                        ; 49 (0)            ; 0 (0)        ; 0           ; 0            ; 0       ; 0         ; 0         ; 0    ; 0            ; |neander|ula:ULA_inst|lpm_mult:Mult0                                                                                            ; work         ;
;          |mult_17t:auto_generated|            ; 49 (0)            ; 0 (0)        ; 0           ; 0            ; 0       ; 0         ; 0         ; 0    ; 0            ; |neander|ula:ULA_inst|lpm_mult:Mult0|mult_17t:auto_generated                                                                    ; work         ;
;             |alt_mac_mult:mac_mult1|          ; 49 (0)            ; 0 (0)        ; 0           ; 0            ; 0       ; 0         ; 0         ; 0    ; 0            ; |neander|ula:ULA_inst|lpm_mult:Mult0|mult_17t:auto_generated|alt_mac_mult:mac_mult1                                             ; work         ;
;                |mac_mult_jah1:auto_generated| ; 49 (0)            ; 0 (0)        ; 0           ; 0            ; 0       ; 0         ; 0         ; 0    ; 0            ; |neander|ula:ULA_inst|lpm_mult:Mult0|mult_17t:auto_generated|alt_mac_mult:mac_mult1|mac_mult_jah1:auto_generated                ; work         ;
;                   |mult_dho:mult1|            ; 49 (49)           ; 0 (0)        ; 0           ; 0            ; 0       ; 0         ; 0         ; 0    ; 0            ; |neander|ula:ULA_inst|lpm_mult:Mult0|mult_17t:auto_generated|alt_mac_mult:mac_mult1|mac_mult_jah1:auto_generated|mult_dho:mult1 ; work         ;
+-----------------------------------------------+-------------------+--------------+-------------+--------------+---------+-----------+-----------+------+--------------+---------------------------------------------------------------------------------------------------------------------------------+--------------+
Note: For table entries with two numbers listed, the numbers in parentheses indicate the number of resources of the given type used by the specific entity alone. The numbers listed outside of parentheses indicate the total resources of the given type used by the specific entity and all of its sub-entities in the hierarchy.


Encoding Type:  One-Hot
+--------------------------------------------------------------------------------------------------------------------------------------------------------------------------------------------------------------------------------------------+
; State Machine - |neander|ctrl_unit:CTRL|currentState                                                                                                                                                                                       ;
+------------------+------------------+------------------+-----------------+-----------------+-----------------+-----------------+-----------------+-----------------+-----------------+-----------------+-----------------+-----------------+
; Name             ; currentState.hlt ; currentState.t10 ; currentState.t9 ; currentState.t8 ; currentState.t7 ; currentState.t6 ; currentState.t5 ; currentState.t4 ; currentState.t3 ; currentState.t2 ; currentState.t1 ; currentState.t0 ;
+------------------+------------------+------------------+-----------------+-----------------+-----------------+-----------------+-----------------+-----------------+-----------------+-----------------+-----------------+-----------------+
; currentState.t0  ; 0                ; 0                ; 0               ; 0               ; 0               ; 0               ; 0               ; 0               ; 0               ; 0               ; 0               ; 0               ;
; currentState.t1  ; 0                ; 0                ; 0               ; 0               ; 0               ; 0               ; 0               ; 0               ; 0               ; 0               ; 1               ; 1               ;
; currentState.t2  ; 0                ; 0                ; 0               ; 0               ; 0               ; 0               ; 0               ; 0               ; 0               ; 1               ; 0               ; 1               ;
; currentState.t3  ; 0                ; 0                ; 0               ; 0               ; 0               ; 0               ; 0               ; 0               ; 1               ; 0               ; 0               ; 1               ;
; currentState.t4  ; 0                ; 0                ; 0               ; 0               ; 0               ; 0               ; 0               ; 1               ; 0               ; 0               ; 0               ; 1               ;
; currentState.t5  ; 0                ; 0                ; 0               ; 0               ; 0               ; 0               ; 1               ; 0               ; 0               ; 0               ; 0               ; 1               ;
; currentState.t6  ; 0                ; 0                ; 0               ; 0               ; 0               ; 1               ; 0               ; 0               ; 0               ; 0               ; 0               ; 1               ;
; currentState.t7  ; 0                ; 0                ; 0               ; 0               ; 1               ; 0               ; 0               ; 0               ; 0               ; 0               ; 0               ; 1               ;
; currentState.t8  ; 0                ; 0                ; 0               ; 1               ; 0               ; 0               ; 0               ; 0               ; 0               ; 0               ; 0               ; 1               ;
; currentState.t9  ; 0                ; 0                ; 1               ; 0               ; 0               ; 0               ; 0               ; 0               ; 0               ; 0               ; 0               ; 1               ;
; currentState.t10 ; 0                ; 1                ; 0               ; 0               ; 0               ; 0               ; 0               ; 0               ; 0               ; 0               ; 0               ; 1               ;
; currentState.hlt ; 1                ; 0                ; 0               ; 0               ; 0               ; 0               ; 0               ; 0               ; 0               ; 0               ; 0               ; 1               ;
+------------------+------------------+------------------+-----------------+-----------------+-----------------+-----------------+-----------------+-----------------+-----------------+-----------------+-----------------+-----------------+


+----------------------------------------------------------------------+
; Registers Removed During Synthesis                                   ;
+---------------------------------------+------------------------------+
; Register name                         ; Reason for Removal           ;
+---------------------------------------+------------------------------+
; reg:NZ|s[0]                           ; Merged with reg:AC_inst|s[7] ;
; ctrl_unit:CTRL|currentState.hlt       ; Lost fanout                  ;
; Total Number of Removed Registers = 2 ;                              ;
+---------------------------------------+------------------------------+


+------------------------------------------------------+
; General Register Statistics                          ;
+----------------------------------------------+-------+
; Statistic                                    ; Value ;
+----------------------------------------------+-------+
; Total registers                              ; 32    ;
; Number of registers using Synchronous Clear  ; 1     ;
; Number of registers using Synchronous Load   ; 0     ;
; Number of registers using Asynchronous Clear ; 11    ;
; Number of registers using Asynchronous Load  ; 0     ;
; Number of registers using Clock Enable       ; 20    ;
; Number of registers using Preset             ; 0     ;
+----------------------------------------------+-------+


+------------------------------------------------------------------------------------------------------------------------------------------+
; Multiplexer Restructuring Statistics (Restructuring Performed)                                                                           ;
+--------------------+-----------+---------------+----------------------+------------------------+------------+----------------------------+
; Multiplexer Inputs ; Bus Width ; Baseline Area ; Area if Restructured ; Saving if Restructured ; Registered ; Example Multiplexer Output ;
+--------------------+-----------+---------------+----------------------+------------------------+------------+----------------------------+
; 3:1                ; 4 bits    ; 8 LEs         ; 4 LEs                ; 4 LEs                  ; Yes        ; |neander|reg:RI|s[4]       ;
; 3:1                ; 8 bits    ; 16 LEs        ; 8 LEs                ; 8 LEs                  ; Yes        ; |neander|reg:AC_inst|s[0]  ;
; 3:1                ; 8 bits    ; 16 LEs        ; 8 LEs                ; 8 LEs                  ; Yes        ; |neander|reg:RDM|s[1]      ;
; 8:1                ; 8 bits    ; 40 LEs        ; 32 LEs               ; 8 LEs                  ; No         ; |neander|ula:ULA_inst|s[0] ;
+--------------------+-----------+---------------+----------------------+------------------------+------------+----------------------------+


+-----------------------------------------------------+
; Parameter Settings for User Entity Instance: reg:NZ ;
+----------------+-------+----------------------------+
; Parameter Name ; Value ; Type                       ;
+----------------+-------+----------------------------+
; size           ; 2     ; Signed Integer             ;
+----------------+-------+----------------------------+
Note: In order to hide this table in the UI and the text report file, please set the "Show Parameter Settings in Synthesis Report" option in "Analysis and Synthesis Settings -> More Settings" to "Off".


+-----------------------------------------------------+
; Parameter Settings for User Entity Instance: reg:RI ;
+----------------+-------+----------------------------+
; Parameter Name ; Value ; Type                       ;
+----------------+-------+----------------------------+
; size           ; 8     ; Signed Integer             ;
+----------------+-------+----------------------------+
Note: In order to hide this table in the UI and the text report file, please set the "Show Parameter Settings in Synthesis Report" option in "Analysis and Synthesis Settings -> More Settings" to "Off".


+----------------------------------------------------------+
; Parameter Settings for User Entity Instance: reg:AC_inst ;
+----------------+-------+---------------------------------+
; Parameter Name ; Value ; Type                            ;
+----------------+-------+---------------------------------+
; size           ; 8     ; Signed Integer                  ;
+----------------+-------+---------------------------------+
Note: In order to hide this table in the UI and the text report file, please set the "Show Parameter Settings in Synthesis Report" option in "Analysis and Synthesis Settings -> More Settings" to "Off".


+-----------------------------------------------------------+
; Parameter Settings for User Entity Instance: reg:REM_inst ;
+----------------+-------+----------------------------------+
; Parameter Name ; Value ; Type                             ;
+----------------+-------+----------------------------------+
; size           ; 8     ; Signed Integer                   ;
+----------------+-------+----------------------------------+
Note: In order to hide this table in the UI and the text report file, please set the "Show Parameter Settings in Synthesis Report" option in "Analysis and Synthesis Settings -> More Settings" to "Off".


+------------------------------------------------------+
; Parameter Settings for User Entity Instance: reg:RDM ;
+----------------+-------+-----------------------------+
; Parameter Name ; Value ; Type                        ;
+----------------+-------+-----------------------------+
; size           ; 8     ; Signed Integer              ;
+----------------+-------+-----------------------------+
Note: In order to hide this table in the UI and the text report file, please set the "Show Parameter Settings in Synthesis Report" option in "Analysis and Synthesis Settings -> More Settings" to "Off".


+--------------------------------------------------------------------------------------+
; Parameter Settings for Inferred Entity Instance: ula:ULA_inst|lpm_mult:Mult0         ;
+------------------------------------------------+---------------+---------------------+
; Parameter Name                                 ; Value         ; Type                ;
+------------------------------------------------+---------------+---------------------+
; AUTO_CARRY_CHAINS                              ; ON            ; AUTO_CARRY          ;
; IGNORE_CARRY_BUFFERS                           ; OFF           ; IGNORE_CARRY        ;
; AUTO_CASCADE_CHAINS                            ; ON            ; AUTO_CASCADE        ;
; IGNORE_CASCADE_BUFFERS                         ; OFF           ; IGNORE_CASCADE      ;
; LPM_WIDTHA                                     ; 8             ; Untyped             ;
; LPM_WIDTHB                                     ; 8             ; Untyped             ;
; LPM_WIDTHP                                     ; 16            ; Untyped             ;
; LPM_WIDTHR                                     ; 16            ; Untyped             ;
; LPM_WIDTHS                                     ; 1             ; Untyped             ;
; LPM_REPRESENTATION                             ; SIGNED        ; Untyped             ;
; LPM_PIPELINE                                   ; 0             ; Untyped             ;
; LATENCY                                        ; 0             ; Untyped             ;
; INPUT_A_IS_CONSTANT                            ; NO            ; Untyped             ;
; INPUT_B_IS_CONSTANT                            ; NO            ; Untyped             ;
; USE_EAB                                        ; OFF           ; Untyped             ;
; MAXIMIZE_SPEED                                 ; 5             ; Untyped             ;
; DEVICE_FAMILY                                  ; Cyclone IV GX ; Untyped             ;
; CARRY_CHAIN                                    ; MANUAL        ; Untyped             ;
; APEX20K_TECHNOLOGY_MAPPER                      ; LUT           ; TECH_MAPPER_APEX20K ;
; DEDICATED_MULTIPLIER_CIRCUITRY                 ; AUTO          ; Untyped             ;
; DEDICATED_MULTIPLIER_MIN_INPUT_WIDTH_FOR_AUTO  ; 0             ; Untyped             ;
; DEDICATED_MULTIPLIER_MIN_OUTPUT_WIDTH_FOR_AUTO ; 0             ; Untyped             ;
; CBXI_PARAMETER                                 ; mult_17t      ; Untyped             ;
; INPUT_A_FIXED_VALUE                            ; Bx            ; Untyped             ;
; INPUT_B_FIXED_VALUE                            ; Bx            ; Untyped             ;
; USE_AHDL_IMPLEMENTATION                        ; OFF           ; Untyped             ;
+------------------------------------------------+---------------+---------------------+
Note: In order to hide this table in the UI and the text report file, please set the "Show Parameter Settings in Synthesis Report" option in "Analysis and Synthesis Settings -> More Settings" to "Off".


+-----------------------------------------------------------------------------------------------------------------------------+
; Parameter Settings for Inferred Entity Instance: ula:ULA_inst|lpm_mult:Mult0|mult_17t:auto_generated|alt_mac_mult:mac_mult1 ;
+------------------------------+---------------+------------------------------------------------------------------------------+
; Parameter Name               ; Value         ; Type                                                                         ;
+------------------------------+---------------+------------------------------------------------------------------------------+
; LPM_WIDTHS                   ; 1             ; Untyped                                                                      ;
; DATAA_WIDTH                  ; 8             ; Untyped                                                                      ;
; DATAB_WIDTH                  ; 8             ; Untyped                                                                      ;
; DATAA_CLOCK                  ; NONE          ; Untyped                                                                      ;
; DATAB_CLOCK                  ; NONE          ; Untyped                                                                      ;
; SIGNA_CLOCK                  ; NONE          ; Untyped                                                                      ;
; SIGNB_CLOCK                  ; NONE          ; Untyped                                                                      ;
; OUTPUT_CLOCK                 ; NONE          ; Untyped                                                                      ;
; DATAA_CLEAR                  ; NONE          ; Untyped                                                                      ;
; DATAB_CLEAR                  ; NONE          ; Untyped                                                                      ;
; SIGNA_CLEAR                  ; NONE          ; Untyped                                                                      ;
; SIGNB_CLEAR                  ; NONE          ; Untyped                                                                      ;
; OUTPUT_CLEAR                 ; NONE          ; Untyped                                                                      ;
; ROUND_CLOCK                  ; none          ; Untyped                                                                      ;
; ROUND_CLEAR                  ; none          ; Untyped                                                                      ;
; SATURATE_CLOCK               ; none          ; Untyped                                                                      ;
; SATURATE_CLEAR               ; none          ; Untyped                                                                      ;
; BYPASS_MULTIPLIER            ; NO            ; Untyped                                                                      ;
; DYNAMIC_SCAN_CHAIN_SUPPORTED ; NO            ; Untyped                                                                      ;
; USING_ROUNDING               ; NO            ; Untyped                                                                      ;
; USING_SATURATION             ; NO            ; Untyped                                                                      ;
; EXTRA_OUTPUT_CLOCK           ; none          ; Untyped                                                                      ;
; EXTRA_SIGNA_CLOCK            ; none          ; Untyped                                                                      ;
; EXTRA_SIGNB_CLOCK            ; none          ; Untyped                                                                      ;
; EXTRA_OUTPUT_CLEAR           ; none          ; Untyped                                                                      ;
; EXTRA_SIGNA_CLEAR            ; none          ; Untyped                                                                      ;
; EXTRA_SIGNB_CLEAR            ; none          ; Untyped                                                                      ;
; MULT_PIPELINE                ; 0             ; Untyped                                                                      ;
; MULT_CLOCK                   ; NONE          ; Untyped                                                                      ;
; MULT_CLEAR                   ; NONE          ; Untyped                                                                      ;
; MULT_REPRESENTATION_A        ; SIGNED        ; Untyped                                                                      ;
; MULT_REPRESENTATION_B        ; SIGNED        ; Untyped                                                                      ;
; MULT_INPUT_A_IS_CONSTANT     ; NO            ; Untyped                                                                      ;
; MULT_INPUT_B_IS_CONSTANT     ; NO            ; Untyped                                                                      ;
; MULT_INPUT_A_FIXED_VALUE     ; Bx            ; Untyped                                                                      ;
; MULT_INPUT_B_FIXED_VALUE     ; Bx            ; Untyped                                                                      ;
; MULT_MAXIMIZE_SPEED          ; 5             ; Untyped                                                                      ;
; CBXI_PARAMETER               ; mac_mult_jah1 ; Untyped                                                                      ;
+------------------------------+---------------+------------------------------------------------------------------------------+
Note: In order to hide this table in the UI and the text report file, please set the "Show Parameter Settings in Synthesis Report" option in "Analysis and Synthesis Settings -> More Settings" to "Off".


+---------------------------------------------------------------------------------------------------------------------------+
; Parameter Settings for Inferred Entity Instance: ula:ULA_inst|lpm_mult:Mult0|mult_17t:auto_generated|alt_mac_out:mac_out2 ;
+-------------------------------+--------------+----------------------------------------------------------------------------+
; Parameter Name                ; Value        ; Type                                                                       ;
+-------------------------------+--------------+----------------------------------------------------------------------------+
; OPERATION_MODE                ; OUTPUT_ONLY  ; Untyped                                                                    ;
; DATAA_WIDTH                   ; 16           ; Untyped                                                                    ;
; DATAB_WIDTH                   ; 0            ; Untyped                                                                    ;
; DATAC_WIDTH                   ; 0            ; Untyped                                                                    ;
; DATAD_WIDTH                   ; 0            ; Untyped                                                                    ;
; ADDNSUB0_CLOCK                ; NONE         ; Untyped                                                                    ;
; ADDNSUB1_CLOCK                ; NONE         ; Untyped                                                                    ;
; ROUND0_CLOCK                  ; none         ; Untyped                                                                    ;
; ROUND1_CLOCK                  ; none         ; Untyped                                                                    ;
; SATURATE_CLOCK                ; none         ; Untyped                                                                    ;
; MULTABSATURATE_CLOCK          ; none         ; Untyped                                                                    ;
; MULTCDSATURATE_CLOCK          ; none         ; Untyped                                                                    ;
; ZEROACC_CLOCK                 ; NONE         ; Untyped                                                                    ;
; SIGNA_CLOCK                   ; NONE         ; Untyped                                                                    ;
; SIGNB_CLOCK                   ; NONE         ; Untyped                                                                    ;
; OUTPUT_CLOCK                  ; NONE         ; Untyped                                                                    ;
; ADDNSUB0_CLEAR                ; NONE         ; Untyped                                                                    ;
; ADDNSUB1_CLEAR                ; NONE         ; Untyped                                                                    ;
; ROUND0_CLEAR                  ; none         ; Untyped                                                                    ;
; ROUND1_CLEAR                  ; none         ; Untyped                                                                    ;
; SATURATE_CLEAR                ; none         ; Untyped                                                                    ;
; MULTABSATURATE_CLEAR          ; none         ; Untyped                                                                    ;
; MULTCDSATURATE_CLEAR          ; none         ; Untyped                                                                    ;
; ZEROACC_CLEAR                 ; NONE         ; Untyped                                                                    ;
; SIGNA_CLEAR                   ; NONE         ; Untyped                                                                    ;
; SIGNB_CLEAR                   ; NONE         ; Untyped                                                                    ;
; OUTPUT_CLEAR                  ; NONE         ; Untyped                                                                    ;
; ADDNSUB0_PIPELINE_CLOCK       ; NONE         ; Untyped                                                                    ;
; ADDNSUB1_PIPELINE_CLOCK       ; NONE         ; Untyped                                                                    ;
; ROUND0_PIPELINE_CLOCK         ; none         ; Untyped                                                                    ;
; ROUND1_PIPELINE_CLOCK         ; none         ; Untyped                                                                    ;
; SATURATE_PIPELINE_CLOCK       ; none         ; Untyped                                                                    ;
; MULTABSATURATE_PIPELINE_CLOCK ; none         ; Untyped                                                                    ;
; MULTCDSATURATE_PIPELINE_CLOCK ; none         ; Untyped                                                                    ;
; ZEROACC_PIPELINE_CLOCK        ; NONE         ; Untyped                                                                    ;
; SIGNA_PIPELINE_CLOCK          ; NONE         ; Untyped                                                                    ;
; SIGNB_PIPELINE_CLOCK          ; NONE         ; Untyped                                                                    ;
; ADDNSUB0_PIPELINE_CLEAR       ; NONE         ; Untyped                                                                    ;
; ADDNSUB1_PIPELINE_CLEAR       ; NONE         ; Untyped                                                                    ;
; ROUND0_PIPELINE_CLEAR         ; none         ; Untyped                                                                    ;
; ROUND1_PIPELINE_CLEAR         ; none         ; Untyped                                                                    ;
; SATURATE_PIPELINE_CLEAR       ; none         ; Untyped                                                                    ;
; MULTABSATURATE_PIPELINE_CLEAR ; none         ; Untyped                                                                    ;
; MULTCDSATURATE_PIPELINE_CLEAR ; none         ; Untyped                                                                    ;
; ZEROACC_PIPELINE_CLEAR        ; NONE         ; Untyped                                                                    ;
; SIGNA_PIPELINE_CLEAR          ; NONE         ; Untyped                                                                    ;
; SIGNB_PIPELINE_CLEAR          ; NONE         ; Untyped                                                                    ;
; MODE0_CLOCK                   ; none         ; Untyped                                                                    ;
; MODE1_CLOCK                   ; none         ; Untyped                                                                    ;
; ZEROACC1_CLOCK                ; none         ; Untyped                                                                    ;
; SATURATE1_CLOCK               ; none         ; Untyped                                                                    ;
; OUTPUT1_CLOCK                 ; none         ; Untyped                                                                    ;
; OUTPUT2_CLOCK                 ; none         ; Untyped                                                                    ;
; OUTPUT3_CLOCK                 ; none         ; Untyped                                                                    ;
; OUTPUT4_CLOCK                 ; none         ; Untyped                                                                    ;
; OUTPUT5_CLOCK                 ; none         ; Untyped                                                                    ;
; OUTPUT6_CLOCK                 ; none         ; Untyped                                                                    ;
; OUTPUT7_CLOCK                 ; none         ; Untyped                                                                    ;
; MODE0_CLEAR                   ; none         ; Untyped                                                                    ;
; MODE1_CLEAR                   ; none         ; Untyped                                                                    ;
; ZEROACC1_CLEAR                ; none         ; Untyped                                                                    ;
; SATURATE1_CLEAR               ; none         ; Untyped                                                                    ;
; OUTPUT1_CLEAR                 ; none         ; Untyped                                                                    ;
; OUTPUT2_CLEAR                 ; none         ; Untyped                                                                    ;
; OUTPUT3_CLEAR                 ; none         ; Untyped                                                                    ;
; OUTPUT4_CLEAR                 ; none         ; Untyped                                                                    ;
; OUTPUT5_CLEAR                 ; none         ; Untyped                                                                    ;
; OUTPUT6_CLEAR                 ; none         ; Untyped                                                                    ;
; OUTPUT7_CLEAR                 ; none         ; Untyped                                                                    ;
; MODE0_PIPELINE_CLOCK          ; none         ; Untyped                                                                    ;
; MODE1_PIPELINE_CLOCK          ; none         ; Untyped                                                                    ;
; ZEROACC1_PIPELINE_CLOCK       ; none         ; Untyped                                                                    ;
; SATURATE1_PIPELINE_CLOCK      ; none         ; Untyped                                                                    ;
; MODE0_PIPELINE_CLEAR          ; none         ; Untyped                                                                    ;
; MODE1_PIPELINE_CLEAR          ; none         ; Untyped                                                                    ;
; ZEROACC1_PIPELINE_CLEAR       ; none         ; Untyped                                                                    ;
; SATURATE1_PIPELINE_CLEAR      ; none         ; Untyped                                                                    ;
; FIRST_ADDER0_CLOCK            ; NONE         ; Untyped                                                                    ;
; FIRST_ADDER1_CLOCK            ; NONE         ; Untyped                                                                    ;
; FIRST_ADDER0_CLEAR            ; NONE         ; Untyped                                                                    ;
; FIRST_ADDER1_CLEAR            ; NONE         ; Untyped                                                                    ;
; DATAA_FORCED_TO_ZERO          ; NO           ; Untyped                                                                    ;
; DATAC_FORCED_TO_ZERO          ; NO           ; Untyped                                                                    ;
; USING_ROUNDING                ; NO           ; Untyped                                                                    ;
; USING_SATURATION              ; NO           ; Untyped                                                                    ;
; USING_MULT_SATURATION         ; NO           ; Untyped                                                                    ;
; USING_LOADABLE_ACCUM          ; NO           ; Untyped                                                                    ;
; LOADABLE_ACCUM_SUPPORTED      ; NO           ; Untyped                                                                    ;
; USING_CHAINOUT                ; NO           ; Untyped                                                                    ;
; CHAININ_WIDTH                 ; 0            ; Untyped                                                                    ;
; CHAINOUT_PIPELINE_CLOCK       ; none         ; Untyped                                                                    ;
; CHAINOUT_PIPELINE_CLEAR       ; none         ; Untyped                                                                    ;
; CBXI_PARAMETER                ; mac_out_ov82 ; Untyped                                                                    ;
+-------------------------------+--------------+----------------------------------------------------------------------------+
Note: In order to hide this table in the UI and the text report file, please set the "Show Parameter Settings in Synthesis Report" option in "Analysis and Synthesis Settings -> More Settings" to "Off".


+---------------------------------------------------------------------+
; lpm_mult Parameter Settings by Entity Instance                      ;
+---------------------------------------+-----------------------------+
; Name                                  ; Value                       ;
+---------------------------------------+-----------------------------+
; Number of entity instances            ; 1                           ;
; Entity Instance                       ; ula:ULA_inst|lpm_mult:Mult0 ;
;     -- LPM_WIDTHA                     ; 8                           ;
;     -- LPM_WIDTHB                     ; 8                           ;
;     -- LPM_WIDTHP                     ; 16                          ;
;     -- LPM_REPRESENTATION             ; SIGNED                      ;
;     -- INPUT_A_IS_CONSTANT            ; NO                          ;
;     -- INPUT_B_IS_CONSTANT            ; NO                          ;
;     -- USE_EAB                        ; OFF                         ;
;     -- DEDICATED_MULTIPLIER_CIRCUITRY ; AUTO                        ;
;     -- INPUT_A_FIXED_VALUE            ; Bx                          ;
;     -- INPUT_B_FIXED_VALUE            ; Bx                          ;
+---------------------------------------+-----------------------------+


+-------------------------------------------------------------------------------------------------------------------+
; Port Connectivity Checks: "reg:RI"                                                                                ;
+---------+--------+----------+-------------------------------------------------------------------------------------+
; Port    ; Type   ; Severity ; Details                                                                             ;
+---------+--------+----------+-------------------------------------------------------------------------------------+
; s[3..0] ; Output ; Info     ; Connected to dangling logic. Logic that only feeds a dangling port will be removed. ;
+---------+--------+----------+-------------------------------------------------------------------------------------+


+-------------------------------+
; Elapsed Time Per Partition    ;
+----------------+--------------+
; Partition Name ; Elapsed Time ;
+----------------+--------------+
; Top            ; 00:00:02     ;
+----------------+--------------+


+-------------------------------+
; Analysis & Synthesis Messages ;
+-------------------------------+
Info: *******************************************************************
Info: Running Quartus II 64-Bit Analysis & Synthesis
    Info: Version 13.1.0 Build 162 10/23/2013 SJ Web Edition
    Info: Processing started: Mon Jun 20 18:25:13 2022
Info: Command: quartus_map --read_settings_files=on --write_settings_files=off neander -c neander
Info (11104): Parallel Compilation has detected 4 hyper-threaded processors. However, the extra hyper-threaded processors will not be used by default. Parallel Compilation will use 2 of the 2 physical processors detected instead.
Info (12021): Found 2 design units, including 1 entities, in source file ula.vhd
    Info (12022): Found design unit 1: ula-Behavioral
    Info (12023): Found entity 1: ula
Info (12021): Found 2 design units, including 1 entities, in source file reg.vhd
    Info (12022): Found design unit 1: reg-Behavioral
    Info (12023): Found entity 1: reg
Info (12021): Found 2 design units, including 1 entities, in source file neander_tb.vhd
    Info (12022): Found design unit 1: neander_tb-behavior
    Info (12023): Found entity 1: neander_tb
Info (12021): Found 2 design units, including 1 entities, in source file neander.vhd
    Info (12022): Found design unit 1: neander-Behavioral
    Info (12023): Found entity 1: neander
Info (12021): Found 2 design units, including 1 entities, in source file mux2x1.vhd
    Info (12022): Found design unit 1: mux2x1-Behavioral
    Info (12023): Found entity 1: mux2x1
Info (12021): Found 2 design units, including 1 entities, in source file memory.vhd
    Info (12022): Found design unit 1: memory-memory_a
    Info (12023): Found entity 1: memory
Info (12021): Found 2 design units, including 1 entities, in source file decod_inst.vhd
    Info (12022): Found design unit 1: decod_inst-Behavioral
    Info (12023): Found entity 1: decod_inst
Info (12021): Found 2 design units, including 1 entities, in source file ctrl_unit.vhd
    Info (12022): Found design unit 1: ctrl_unit-Behavioral
    Info (12023): Found entity 1: ctrl_unit
Info (12021): Found 2 design units, including 1 entities, in source file counter.vhd
    Info (12022): Found design unit 1: counter-Behavioral
    Info (12023): Found entity 1: counter
Info (12127): Elaborating entity "neander" for the top level hierarchy
Warning (10036): Verilog HDL or VHDL warning at neander.vhd(102): object "currentInstruction" assigned a value but never read
Info (12128): Elaborating entity "counter" for hierarchy "counter:PC"
Info (12128): Elaborating entity "ctrl_unit" for hierarchy "ctrl_unit:CTRL"
Info (12128): Elaborating entity "decod_inst" for hierarchy "decod_inst:DECOD"
Info (12128): Elaborating entity "mux2x1" for hierarchy "mux2x1:MUXREM"
Info (12128): Elaborating entity "reg" for hierarchy "reg:NZ"
Info (12128): Elaborating entity "reg" for hierarchy "reg:RI"
Info (12128): Elaborating entity "ula" for hierarchy "ula:ULA_inst"
Info (12128): Elaborating entity "memory" for hierarchy "memory:memory_inst"
Warning (10541): VHDL Signal Declaration warning at memory.vhd(12): used implicit default value for signal "douta" because signal was never assigned a value or an explicit default value. Use of implicit default value may introduce unintended design optimizations.
Info (278001): Inferred 1 megafunctions from design logic
    Info (278003): Inferred multiplier megafunction ("lpm_mult") from the following logic: "ula:ULA_inst|Mult0"
Info (12130): Elaborated megafunction instantiation "ula:ULA_inst|lpm_mult:Mult0"
Info (12133): Instantiated megafunction "ula:ULA_inst|lpm_mult:Mult0" with the following parameter:
    Info (12134): Parameter "LPM_WIDTHA" = "8"
    Info (12134): Parameter "LPM_WIDTHB" = "8"
    Info (12134): Parameter "LPM_WIDTHP" = "16"
    Info (12134): Parameter "LPM_WIDTHR" = "16"
    Info (12134): Parameter "LPM_WIDTHS" = "1"
    Info (12134): Parameter "LPM_REPRESENTATION" = "SIGNED"
    Info (12134): Parameter "INPUT_A_IS_CONSTANT" = "NO"
    Info (12134): Parameter "INPUT_B_IS_CONSTANT" = "NO"
    Info (12134): Parameter "MAXIMIZE_SPEED" = "5"
Info (12021): Found 1 design units, including 1 entities, in source file db/mult_17t.tdf
    Info (12023): Found entity 1: mult_17t
Info (270001): Converted 1 DSP block slices
    Info (270002): Used 1 DSP blocks before DSP block balancing
        Info (270003): Used 1 DSP block slices in "Simple Multiplier (9-bit)" mode implemented in approximately 1 DSP blocks
    Info (270013): Converted the following 1 DSP block slices to logic elements
        Info (270006): DSP block slice in "Simple Multiplier (9-bit)" mode with output node "ula:ULA_inst|lpm_mult:Mult0|mult_17t:auto_generated|mac_out2"
            Info (270004): DSP block output node "ula:ULA_inst|lpm_mult:Mult0|mult_17t:auto_generated|mac_out2"
            Info (270005): DSP block multiplier node "ula:ULA_inst|lpm_mult:Mult0|mult_17t:auto_generated|mac_mult1"
    Info (270002): Used 0 DSP blocks after DSP block balancing
Info (12130): Elaborated megafunction instantiation "ula:ULA_inst|lpm_mult:Mult0|mult_17t:auto_generated|alt_mac_mult:mac_mult1"
Info (12133): Instantiated megafunction "ula:ULA_inst|lpm_mult:Mult0|mult_17t:auto_generated|alt_mac_mult:mac_mult1" with the following parameter:
    Info (12134): Parameter "MULT_REPRESENTATION_A" = "SIGNED"
    Info (12134): Parameter "MULT_REPRESENTATION_B" = "SIGNED"
    Info (12134): Parameter "MULT_PIPELINE" = "0"
    Info (12134): Parameter "MULT_CLOCK" = "NONE"
    Info (12134): Parameter "MULT_CLEAR" = "NONE"
    Info (12134): Parameter "MULT_INPUT_A_IS_CONSTANT" = "NO"
    Info (12134): Parameter "MULT_INPUT_B_IS_CONSTANT" = "NO"
    Info (12134): Parameter "dataa_width" = "8"
    Info (12134): Parameter "datab_width" = "8"
    Info (12134): Parameter "output_width" = "16"
    Info (12134): Parameter "dataa_clock" = "NONE"
    Info (12134): Parameter "datab_clock" = "NONE"
    Info (12134): Parameter "signa_clock" = "NONE"
    Info (12134): Parameter "signb_clock" = "NONE"
    Info (12134): Parameter "output_clock" = "NONE"
    Info (12134): Parameter "dataa_clear" = "NONE"
    Info (12134): Parameter "datab_clear" = "NONE"
    Info (12134): Parameter "signa_clear" = "NONE"
    Info (12134): Parameter "signb_clear" = "NONE"
    Info (12134): Parameter "output_clear" = "NONE"
Info (12021): Found 1 design units, including 1 entities, in source file db/mac_mult_jah1.tdf
    Info (12023): Found entity 1: mac_mult_jah1
Info (12021): Found 1 design units, including 1 entities, in source file db/mult_dho.tdf
    Info (12023): Found entity 1: mult_dho
Info (12130): Elaborated megafunction instantiation "ula:ULA_inst|lpm_mult:Mult0|mult_17t:auto_generated|alt_mac_out:mac_out2"
Info (12133): Instantiated megafunction "ula:ULA_inst|lpm_mult:Mult0|mult_17t:auto_generated|alt_mac_out:mac_out2" with the following parameter:
    Info (12134): Parameter "OPERATION_MODE" = "OUTPUT_ONLY"
    Info (12134): Parameter "dataa_width" = "16"
    Info (12134): Parameter "datab_width" = "0"
    Info (12134): Parameter "datac_width" = "0"
    Info (12134): Parameter "datad_width" = "0"
    Info (12134): Parameter "output_width" = "16"
    Info (12134): Parameter "signa_clock" = "NONE"
    Info (12134): Parameter "signb_clock" = "NONE"
    Info (12134): Parameter "addnsub0_clock" = "NONE"
    Info (12134): Parameter "addnsub1_clock" = "NONE"
    Info (12134): Parameter "zeroacc_clock" = "NONE"
    Info (12134): Parameter "first_adder0_clock" = "NONE"
    Info (12134): Parameter "first_adder1_clock" = "NONE"
    Info (12134): Parameter "output_clock" = "NONE"
    Info (12134): Parameter "signa_clear" = "NONE"
    Info (12134): Parameter "signb_clear" = "NONE"
    Info (12134): Parameter "addnsub0_clear" = "NONE"
    Info (12134): Parameter "addnsub1_clear" = "NONE"
    Info (12134): Parameter "zeroacc_clear" = "NONE"
    Info (12134): Parameter "first_adder0_clear" = "NONE"
    Info (12134): Parameter "first_adder1_clear" = "NONE"
    Info (12134): Parameter "output_clear" = "NONE"
    Info (12134): Parameter "signa_pipeline_clock" = "NONE"
    Info (12134): Parameter "signb_pipeline_clock" = "NONE"
    Info (12134): Parameter "addnsub0_pipeline_clock" = "NONE"
    Info (12134): Parameter "addnsub1_pipeline_clock" = "NONE"
    Info (12134): Parameter "zeroacc_pipeline_clock" = "NONE"
    Info (12134): Parameter "signa_pipeline_clear" = "NONE"
    Info (12134): Parameter "signb_pipeline_clear" = "NONE"
    Info (12134): Parameter "addnsub0_pipeline_clear" = "NONE"
    Info (12134): Parameter "addnsub1_pipeline_clear" = "NONE"
    Info (12134): Parameter "zeroacc_pipeline_clear" = "NONE"
Info (12021): Found 1 design units, including 1 entities, in source file db/mac_out_ov82.tdf
    Info (12023): Found entity 1: mac_out_ov82
Warning (14284): Synthesized away the following node(s):
    Warning (14285): Synthesized away the following LCELL buffer node(s):
        Warning (14320): Synthesized away node "ula:ULA_inst|lpm_mult:Mult0|mult_17t:auto_generated|alt_mac_mult:mac_mult1|mac_mult_jah1:auto_generated|mult_dho:mult1|le3a[8]"
        Warning (14320): Synthesized away node "ula:ULA_inst|lpm_mult:Mult0|mult_17t:auto_generated|alt_mac_mult:mac_mult1|mac_mult_jah1:auto_generated|mult_dho:mult1|le3a[7]"
        Warning (14320): Synthesized away node "ula:ULA_inst|lpm_mult:Mult0|mult_17t:auto_generated|alt_mac_mult:mac_mult1|mac_mult_jah1:auto_generated|mult_dho:mult1|le5a[8]"
        Warning (14320): Synthesized away node "ula:ULA_inst|lpm_mult:Mult0|mult_17t:auto_generated|alt_mac_mult:mac_mult1|mac_mult_jah1:auto_generated|mult_dho:mult1|le5a[7]"
Warning (14284): Synthesized away the following node(s):
    Warning (14285): Synthesized away the following LCELL buffer node(s):
        Warning (14320): Synthesized away node "ula:ULA_inst|lpm_mult:Mult0|mult_17t:auto_generated|alt_mac_mult:mac_mult1|mac_mult_jah1:auto_generated|mult_dho:mult1|le3a[6]"
        Warning (14320): Synthesized away node "ula:ULA_inst|lpm_mult:Mult0|mult_17t:auto_generated|alt_mac_mult:mac_mult1|mac_mult_jah1:auto_generated|mult_dho:mult1|le3a[5]"
        Warning (14320): Synthesized away node "ula:ULA_inst|lpm_mult:Mult0|mult_17t:auto_generated|alt_mac_mult:mac_mult1|mac_mult_jah1:auto_generated|mult_dho:mult1|le3a[4]"
        Warning (14320): Synthesized away node "ula:ULA_inst|lpm_mult:Mult0|mult_17t:auto_generated|alt_mac_mult:mac_mult1|mac_mult_jah1:auto_generated|mult_dho:mult1|le3a[3]"
        Warning (14320): Synthesized away node "ula:ULA_inst|lpm_mult:Mult0|mult_17t:auto_generated|alt_mac_mult:mac_mult1|mac_mult_jah1:auto_generated|mult_dho:mult1|le3a[2]"
        Warning (14320): Synthesized away node "ula:ULA_inst|lpm_mult:Mult0|mult_17t:auto_generated|alt_mac_mult:mac_mult1|mac_mult_jah1:auto_generated|mult_dho:mult1|le5a[6]"
        Warning (14320): Synthesized away node "ula:ULA_inst|lpm_mult:Mult0|mult_17t:auto_generated|alt_mac_mult:mac_mult1|mac_mult_jah1:auto_generated|mult_dho:mult1|le5a[5]"
        Warning (14320): Synthesized away node "ula:ULA_inst|lpm_mult:Mult0|mult_17t:auto_generated|alt_mac_mult:mac_mult1|mac_mult_jah1:auto_generated|mult_dho:mult1|le5a[4]"
        Warning (14320): Synthesized away node "ula:ULA_inst|lpm_mult:Mult0|mult_17t:auto_generated|alt_mac_mult:mac_mult1|mac_mult_jah1:auto_generated|mult_dho:mult1|le5a[3]"
        Warning (14320): Synthesized away node "ula:ULA_inst|lpm_mult:Mult0|mult_17t:auto_generated|alt_mac_mult:mac_mult1|mac_mult_jah1:auto_generated|mult_dho:mult1|le5a[2]"
        Warning (14320): Synthesized away node "ula:ULA_inst|lpm_mult:Mult0|mult_17t:auto_generated|alt_mac_mult:mac_mult1|mac_mult_jah1:auto_generated|mult_dho:mult1|le7a[8]"
        Warning (14320): Synthesized away node "ula:ULA_inst|lpm_mult:Mult0|mult_17t:auto_generated|alt_mac_mult:mac_mult1|mac_mult_jah1:auto_generated|mult_dho:mult1|le7a[7]"
        Warning (14320): Synthesized away node "ula:ULA_inst|lpm_mult:Mult0|mult_17t:auto_generated|alt_mac_mult:mac_mult1|mac_mult_jah1:auto_generated|mult_dho:mult1|le7a[6]"
        Warning (14320): Synthesized away node "ula:ULA_inst|lpm_mult:Mult0|mult_17t:auto_generated|alt_mac_mult:mac_mult1|mac_mult_jah1:auto_generated|mult_dho:mult1|le8a[8]"
        Warning (14320): Synthesized away node "ula:ULA_inst|lpm_mult:Mult0|mult_17t:auto_generated|alt_mac_mult:mac_mult1|mac_mult_jah1:auto_generated|mult_dho:mult1|le8a[7]"
        Warning (14320): Synthesized away node "ula:ULA_inst|lpm_mult:Mult0|mult_17t:auto_generated|alt_mac_mult:mac_mult1|mac_mult_jah1:auto_generated|mult_dho:mult1|le8a[6]"
        Warning (14320): Synthesized away node "ula:ULA_inst|lpm_mult:Mult0|mult_17t:auto_generated|alt_mac_mult:mac_mult1|mac_mult_jah1:auto_generated|mult_dho:mult1|le8a[5]"
        Warning (14320): Synthesized away node "ula:ULA_inst|lpm_mult:Mult0|mult_17t:auto_generated|alt_mac_mult:mac_mult1|mac_mult_jah1:auto_generated|mult_dho:mult1|le8a[4]"
Warning (14284): Synthesized away the following node(s):
    Warning (14285): Synthesized away the following LCELL buffer node(s):
        Warning (14320): Synthesized away node "ula:ULA_inst|lpm_mult:Mult0|mult_17t:auto_generated|alt_mac_mult:mac_mult1|mac_mult_jah1:auto_generated|mult_dho:mult1|le6a[8]"
Info (13014): Ignored 62 buffer(s)
    Info (13016): Ignored 6 CARRY_SUM buffer(s)
    Info (13019): Ignored 56 SOFT buffer(s)
Warning (13024): Output pins are stuck at VCC or GND
    Warning (13410): Pin "currentDATA[0]" is stuck at GND
    Warning (13410): Pin "currentDATA[1]" is stuck at GND
    Warning (13410): Pin "currentDATA[2]" is stuck at GND
    Warning (13410): Pin "currentDATA[3]" is stuck at GND
    Warning (13410): Pin "currentDATA[4]" is stuck at GND
    Warning (13410): Pin "currentDATA[5]" is stuck at GND
    Warning (13410): Pin "currentDATA[6]" is stuck at GND
    Warning (13410): Pin "currentDATA[7]" is stuck at GND
Info (286030): Timing-Driven Synthesis is running
Info (17049): 1 registers lost all their fanouts during netlist optimizations.
Info (16010): Generating hard_block partition "hard_block:auto_generated_inst"
    Info (16011): Adding 0 node(s), including 0 DDIO, 0 PLL, 0 transceiver and 0 LCELL
Info (21057): Implemented 183 device resources after synthesis - the final resource count might be different
    Info (21058): Implemented 2 input pins
    Info (21059): Implemented 16 output pins
    Info (21061): Implemented 165 logic cells
Info: Quartus II 64-Bit Analysis & Synthesis was successful. 0 errors, 40 warnings
    Info: Peak virtual memory: 4722 megabytes
    Info: Processing ended: Mon Jun 20 18:25:21 2022
    Info: Elapsed time: 00:00:08
    Info: Total CPU time (on all processors): 00:00:07


