==2702== Cachegrind, a cache and branch-prediction profiler
==2702== Copyright (C) 2002-2017, and GNU GPL'd, by Nicholas Nethercote et al.
==2702== Using Valgrind-3.15.0 and LibVEX; rerun with -h for copyright info
==2702== Command: bin/cg.W
==2702== 
--2702-- warning: L3 cache found, using its data for the LL simulation.
==2702== error calling PR_SET_PTRACER, vgdb might block


 NAS Parallel Benchmarks 3.0 structured OpenMP C version - CG Benchmark
 Size:       7000
 Iterations:    15
   iteration           ||r||                 zeta
        1       1.75577866390786e-13 1.1999700372738e+01
        2       2.28102998490821e-15 1.0345727566406e+01
        3       2.29929812980076e-15 1.0361788013796e+01
        4       2.25904223969286e-15 1.0362541628497e+01
        5       2.19140434130482e-15 1.0362590585447e+01
        6       2.26076623307409e-15 1.0362594646709e+01
        7       2.15949942350393e-15 1.0362595039834e+01
        8       2.16821905164632e-15 1.0362595081727e+01
        9       2.19136957083965e-15 1.0362595086482e+01
       10       2.13623428602257e-15 1.0362595087045e+01
       11       2.15793560723343e-15 1.0362595087114e+01
       12       2.07329747104467e-15 1.0362595087123e+01
       13       2.08607003590876e-15 1.0362595087124e+01
       14       2.05659826489763e-15 1.0362595087124e+01
       15       2.04564683596005e-15 1.0362595087124e+01
 Benchmark completed
 VERIFICATION SUCCESSFUL
 Zeta is      1.036259508712e+01
 Error is     8.881784197001e-15


 CG Benchmark Completed
 Class           =                        W
 Size            =                     7000
 Iterations      =                       15
 Threads         =                        1
 Time in seconds =                    35.39
 Mop/s total     =                    11.89
 Operation type  =           floating point
 Verification    =               SUCCESSFUL
 Version         =           3.0 structured
 Compile date    =              09 Nov 2021

 Compile options:
    CC           = gcc
    CLINK        = gcc
    C_LIB        = -lm
    C_INC        = -I../common
    CFLAGS       = -O0
    CLINKFLAGS   = (none)
    RAND         = randdp

 Execution time
 Seconds : 38
 Micro seconds : 37761547
==2702== 
==2702== I   refs:      7,179,830,334
==2702== I1  misses:            1,545
==2702== LLi misses:            1,533
==2702== I1  miss rate:          0.00%
==2702== LLi miss rate:          0.00%
==2702== 
==2702== D   refs:      3,488,625,527  (3,237,211,345 rd   + 251,414,182 wr)
==2702== D1  misses:      115,426,233  (  114,439,257 rd   +     986,976 wr)
==2702== LLd misses:       41,442,851  (   40,945,822 rd   +     497,029 wr)
==2702== D1  miss rate:           3.3% (          3.5%     +         0.4%  )
==2702== LLd miss rate:           1.2% (          1.3%     +         0.2%  )
==2702== 
==2702== LL refs:         115,427,778  (  114,440,802 rd   +     986,976 wr)
==2702== LL misses:        41,444,384  (   40,947,355 rd   +     497,029 wr)
==2702== LL miss rate:            0.4% (          0.4%     +         0.2%  )
==2713== Cachegrind, a cache and branch-prediction profiler
==2713== Copyright (C) 2002-2017, and GNU GPL'd, by Nicholas Nethercote et al.
==2713== Using Valgrind-3.15.0 and LibVEX; rerun with -h for copyright info
==2713== Command: bin/cg.W
==2713== 
--2713-- warning: L3 cache found, using its data for the LL simulation.
==2713== error calling PR_SET_PTRACER, vgdb might block


 NAS Parallel Benchmarks 3.0 structured OpenMP C version - CG Benchmark
 Size:       7000
 Iterations:    15
   iteration           ||r||                 zeta
        1       1.75577866390786e-13 1.1999700372738e+01
        2       2.28102998490821e-15 1.0345727566406e+01
        3       2.29929812980076e-15 1.0361788013796e+01
        4       2.25904223969286e-15 1.0362541628497e+01
        5       2.19140434130482e-15 1.0362590585447e+01
        6       2.26076623307409e-15 1.0362594646709e+01
        7       2.15949942350393e-15 1.0362595039834e+01
        8       2.16821905164632e-15 1.0362595081727e+01
        9       2.19136957083965e-15 1.0362595086482e+01
       10       2.13623428602257e-15 1.0362595087045e+01
       11       2.15793560723343e-15 1.0362595087114e+01
       12       2.07329747104467e-15 1.0362595087123e+01
       13       2.08607003590876e-15 1.0362595087124e+01
       14       2.05659826489763e-15 1.0362595087124e+01
       15       2.04564683596005e-15 1.0362595087124e+01
 Benchmark completed
 VERIFICATION SUCCESSFUL
 Zeta is      1.036259508712e+01
 Error is     8.881784197001e-15


 CG Benchmark Completed
 Class           =                        W
 Size            =                     7000
 Iterations      =                       15
 Threads         =                        1
 Time in seconds =                    26.31
 Mop/s total     =                    15.98
 Operation type  =           floating point
 Verification    =               SUCCESSFUL
 Version         =           3.0 structured
 Compile date    =              09 Nov 2021

 Compile options:
    CC           = gcc
    CLINK        = gcc
    C_LIB        = -lm
    C_INC        = -I../common
    CFLAGS       = -O0
    CLINKFLAGS   = (none)
    RAND         = randdp

 Execution time
 Seconds : 29
 Micro seconds : 28853509
==2713== 
==2713== I   refs:      7,179,830,288
==2713== I1  misses:            1,542
==2713== LLi misses:            1,530
==2713== I1  miss rate:          0.00%
==2713== LLi miss rate:          0.00%
==2713== 
==2713== D   refs:      3,488,625,510  (3,237,211,332 rd   + 251,414,178 wr)
==2713== D1  misses:      115,426,233  (  114,439,257 rd   +     986,976 wr)
==2713== LLd misses:       41,442,851  (   40,945,822 rd   +     497,029 wr)
==2713== D1  miss rate:           3.3% (          3.5%     +         0.4%  )
==2713== LLd miss rate:           1.2% (          1.3%     +         0.2%  )
==2713== 
==2713== LL refs:         115,427,775  (  114,440,799 rd   +     986,976 wr)
==2713== LL misses:        41,444,381  (   40,947,352 rd   +     497,029 wr)
==2713== LL miss rate:            0.4% (          0.4%     +         0.2%  )
==2736== Cachegrind, a cache and branch-prediction profiler
==2736== Copyright (C) 2002-2017, and GNU GPL'd, by Nicholas Nethercote et al.
==2736== Using Valgrind-3.15.0 and LibVEX; rerun with -h for copyright info
==2736== Command: bin/cg.W
==2736== 
--2736-- warning: L3 cache found, using its data for the LL simulation.
==2736== error calling PR_SET_PTRACER, vgdb might block


 NAS Parallel Benchmarks 3.0 structured OpenMP C version - CG Benchmark
 Size:       7000
 Iterations:    15
   iteration           ||r||                 zeta
        1       1.75577866390786e-13 1.1999700372738e+01
        2       2.28102998490821e-15 1.0345727566406e+01
        3       2.29929812980076e-15 1.0361788013796e+01
        4       2.25904223969286e-15 1.0362541628497e+01
        5       2.19140434130482e-15 1.0362590585447e+01
        6       2.26076623307409e-15 1.0362594646709e+01
        7       2.15949942350393e-15 1.0362595039834e+01
        8       2.16821905164632e-15 1.0362595081727e+01
        9       2.19136957083965e-15 1.0362595086482e+01
       10       2.13623428602257e-15 1.0362595087045e+01
       11       2.15793560723343e-15 1.0362595087114e+01
       12       2.07329747104467e-15 1.0362595087123e+01
       13       2.08607003590876e-15 1.0362595087124e+01
       14       2.05659826489763e-15 1.0362595087124e+01
       15       2.04564683596005e-15 1.0362595087124e+01
 Benchmark completed
 VERIFICATION SUCCESSFUL
 Zeta is      1.036259508712e+01
 Error is     8.881784197001e-15


 CG Benchmark Completed
 Class           =                        W
 Size            =                     7000
 Iterations      =                       15
 Threads         =                        1
 Time in seconds =                    25.43
 Mop/s total     =                    16.54
 Operation type  =           floating point
 Verification    =               SUCCESSFUL
 Version         =           3.0 structured
 Compile date    =              09 Nov 2021

 Compile options:
    CC           = gcc
    CLINK        = gcc
    C_LIB        = -lm
    C_INC        = -I../common
    CFLAGS       = -O0
    CLINKFLAGS   = (none)
    RAND         = randdp

 Execution time
 Seconds : 28
 Micro seconds : 27929642
==2736== 
==2736== I   refs:      7,179,830,308
==2736== I1  misses:            1,545
==2736== LLi misses:            1,533
==2736== I1  miss rate:          0.00%
==2736== LLi miss rate:          0.00%
==2736== 
==2736== D   refs:      3,488,625,517  (3,237,211,338 rd   + 251,414,179 wr)
==2736== D1  misses:      115,426,233  (  114,439,257 rd   +     986,976 wr)
==2736== LLd misses:       41,442,851  (   40,945,822 rd   +     497,029 wr)
==2736== D1  miss rate:           3.3% (          3.5%     +         0.4%  )
==2736== LLd miss rate:           1.2% (          1.3%     +         0.2%  )
==2736== 
==2736== LL refs:         115,427,778  (  114,440,802 rd   +     986,976 wr)
==2736== LL misses:        41,444,384  (   40,947,355 rd   +     497,029 wr)
==2736== LL miss rate:            0.4% (          0.4%     +         0.2%  )
==2748== Cachegrind, a cache and branch-prediction profiler
==2748== Copyright (C) 2002-2017, and GNU GPL'd, by Nicholas Nethercote et al.
==2748== Using Valgrind-3.15.0 and LibVEX; rerun with -h for copyright info
==2748== Command: bin/cg.W
==2748== 
--2748-- warning: L3 cache found, using its data for the LL simulation.
==2748== error calling PR_SET_PTRACER, vgdb might block


 NAS Parallel Benchmarks 3.0 structured OpenMP C version - CG Benchmark
 Size:       7000
 Iterations:    15
   iteration           ||r||                 zeta
        1       1.75577866390786e-13 1.1999700372738e+01
        2       2.28102998490821e-15 1.0345727566406e+01
        3       2.29929812980076e-15 1.0361788013796e+01
        4       2.25904223969286e-15 1.0362541628497e+01
        5       2.19140434130482e-15 1.0362590585447e+01
        6       2.26076623307409e-15 1.0362594646709e+01
        7       2.15949942350393e-15 1.0362595039834e+01
        8       2.16821905164632e-15 1.0362595081727e+01
        9       2.19136957083965e-15 1.0362595086482e+01
       10       2.13623428602257e-15 1.0362595087045e+01
       11       2.15793560723343e-15 1.0362595087114e+01
       12       2.07329747104467e-15 1.0362595087123e+01
       13       2.08607003590876e-15 1.0362595087124e+01
       14       2.05659826489763e-15 1.0362595087124e+01
       15       2.04564683596005e-15 1.0362595087124e+01
 Benchmark completed
 VERIFICATION SUCCESSFUL
 Zeta is      1.036259508712e+01
 Error is     8.881784197001e-15


 CG Benchmark Completed
 Class           =                        W
 Size            =                     7000
 Iterations      =                       15
 Threads         =                        1
 Time in seconds =                    25.49
 Mop/s total     =                    16.50
 Operation type  =           floating point
 Verification    =               SUCCESSFUL
 Version         =           3.0 structured
 Compile date    =              09 Nov 2021

 Compile options:
    CC           = gcc
    CLINK        = gcc
    C_LIB        = -lm
    C_INC        = -I../common
    CFLAGS       = -O0
    CLINKFLAGS   = (none)
    RAND         = randdp

 Execution time
 Seconds : 28
 Micro seconds : 27950859
==2748== 
==2748== I   refs:      7,179,830,280
==2748== I1  misses:            1,542
==2748== LLi misses:            1,530
==2748== I1  miss rate:          0.00%
==2748== LLi miss rate:          0.00%
==2748== 
==2748== D   refs:      3,488,625,506  (3,237,211,332 rd   + 251,414,174 wr)
==2748== D1  misses:      115,426,233  (  114,439,257 rd   +     986,976 wr)
==2748== LLd misses:       41,442,851  (   40,945,822 rd   +     497,029 wr)
==2748== D1  miss rate:           3.3% (          3.5%     +         0.4%  )
==2748== LLd miss rate:           1.2% (          1.3%     +         0.2%  )
==2748== 
==2748== LL refs:         115,427,775  (  114,440,799 rd   +     986,976 wr)
==2748== LL misses:        41,444,381  (   40,947,352 rd   +     497,029 wr)
==2748== LL miss rate:            0.4% (          0.4%     +         0.2%  )
==2760== Cachegrind, a cache and branch-prediction profiler
==2760== Copyright (C) 2002-2017, and GNU GPL'd, by Nicholas Nethercote et al.
==2760== Using Valgrind-3.15.0 and LibVEX; rerun with -h for copyright info
==2760== Command: bin/cg.W
==2760== 
--2760-- warning: L3 cache found, using its data for the LL simulation.
==2760== error calling PR_SET_PTRACER, vgdb might block


 NAS Parallel Benchmarks 3.0 structured OpenMP C version - CG Benchmark
 Size:       7000
 Iterations:    15
   iteration           ||r||                 zeta
        1       1.75577866390786e-13 1.1999700372738e+01
        2       2.28102998490821e-15 1.0345727566406e+01
        3       2.29929812980076e-15 1.0361788013796e+01
        4       2.25904223969286e-15 1.0362541628497e+01
        5       2.19140434130482e-15 1.0362590585447e+01
        6       2.26076623307409e-15 1.0362594646709e+01
        7       2.15949942350393e-15 1.0362595039834e+01
        8       2.16821905164632e-15 1.0362595081727e+01
        9       2.19136957083965e-15 1.0362595086482e+01
       10       2.13623428602257e-15 1.0362595087045e+01
       11       2.15793560723343e-15 1.0362595087114e+01
       12       2.07329747104467e-15 1.0362595087123e+01
       13       2.08607003590876e-15 1.0362595087124e+01
       14       2.05659826489763e-15 1.0362595087124e+01
       15       2.04564683596005e-15 1.0362595087124e+01
 Benchmark completed
 VERIFICATION SUCCESSFUL
 Zeta is      1.036259508712e+01
 Error is     8.881784197001e-15


 CG Benchmark Completed
 Class           =                        W
 Size            =                     7000
 Iterations      =                       15
 Threads         =                        1
 Time in seconds =                    25.78
 Mop/s total     =                    16.31
 Operation type  =           floating point
 Verification    =               SUCCESSFUL
 Version         =           3.0 structured
 Compile date    =              09 Nov 2021

 Compile options:
    CC           = gcc
    CLINK        = gcc
    C_LIB        = -lm
    C_INC        = -I../common
    CFLAGS       = -O0
    CLINKFLAGS   = (none)
    RAND         = randdp

 Execution time
 Seconds : 28
 Micro seconds : 28223871
==2760== 
==2760== I   refs:      7,179,830,290
==2760== I1  misses:            1,542
==2760== LLi misses:            1,530
==2760== I1  miss rate:          0.00%
==2760== LLi miss rate:          0.00%
==2760== 
==2760== D   refs:      3,488,625,511  (3,237,211,333 rd   + 251,414,178 wr)
==2760== D1  misses:      115,426,233  (  114,439,257 rd   +     986,976 wr)
==2760== LLd misses:       41,442,851  (   40,945,822 rd   +     497,029 wr)
==2760== D1  miss rate:           3.3% (          3.5%     +         0.4%  )
==2760== LLd miss rate:           1.2% (          1.3%     +         0.2%  )
==2760== 
==2760== LL refs:         115,427,775  (  114,440,799 rd   +     986,976 wr)
==2760== LL misses:        41,444,381  (   40,947,352 rd   +     497,029 wr)
==2760== LL miss rate:            0.4% (          0.4%     +         0.2%  )
==2776== Cachegrind, a cache and branch-prediction profiler
==2776== Copyright (C) 2002-2017, and GNU GPL'd, by Nicholas Nethercote et al.
==2776== Using Valgrind-3.15.0 and LibVEX; rerun with -h for copyright info
==2776== Command: bin/cg.W
==2776== 
--2776-- warning: L3 cache found, using its data for the LL simulation.
==2776== error calling PR_SET_PTRACER, vgdb might block


 NAS Parallel Benchmarks 3.0 structured OpenMP C version - CG Benchmark
 Size:       7000
 Iterations:    15
   iteration           ||r||                 zeta
        1       1.75577866390786e-13 1.1999700372738e+01
        2       2.28102998490821e-15 1.0345727566406e+01
        3       2.29929812980076e-15 1.0361788013796e+01
        4       2.25904223969286e-15 1.0362541628497e+01
        5       2.19140434130482e-15 1.0362590585447e+01
        6       2.26076623307409e-15 1.0362594646709e+01
        7       2.15949942350393e-15 1.0362595039834e+01
        8       2.16821905164632e-15 1.0362595081727e+01
        9       2.19136957083965e-15 1.0362595086482e+01
       10       2.13623428602257e-15 1.0362595087045e+01
       11       2.15793560723343e-15 1.0362595087114e+01
       12       2.07329747104467e-15 1.0362595087123e+01
       13       2.08607003590876e-15 1.0362595087124e+01
       14       2.05659826489763e-15 1.0362595087124e+01
       15       2.04564683596005e-15 1.0362595087124e+01
 Benchmark completed
 VERIFICATION SUCCESSFUL
 Zeta is      1.036259508712e+01
 Error is     8.881784197001e-15


 CG Benchmark Completed
 Class           =                        W
 Size            =                     7000
 Iterations      =                       15
 Threads         =                        1
 Time in seconds =                    25.72
 Mop/s total     =                    16.35
 Operation type  =           floating point
 Verification    =               SUCCESSFUL
 Version         =           3.0 structured
 Compile date    =              09 Nov 2021

 Compile options:
    CC           = gcc
    CLINK        = gcc
    C_LIB        = -lm
    C_INC        = -I../common
    CFLAGS       = -O0
    CLINKFLAGS   = (none)
    RAND         = randdp

 Execution time
 Seconds : 28
 Micro seconds : 28128779
==2776== 
==2776== I   refs:      7,179,830,300
==2776== I1  misses:            1,542
==2776== LLi misses:            1,530
==2776== I1  miss rate:          0.00%
==2776== LLi miss rate:          0.00%
==2776== 
==2776== D   refs:      3,488,625,516  (3,237,211,336 rd   + 251,414,180 wr)
==2776== D1  misses:      115,426,233  (  114,439,257 rd   +     986,976 wr)
==2776== LLd misses:       41,442,851  (   40,945,822 rd   +     497,029 wr)
==2776== D1  miss rate:           3.3% (          3.5%     +         0.4%  )
==2776== LLd miss rate:           1.2% (          1.3%     +         0.2%  )
==2776== 
==2776== LL refs:         115,427,775  (  114,440,799 rd   +     986,976 wr)
==2776== LL misses:        41,444,381  (   40,947,352 rd   +     497,029 wr)
==2776== LL miss rate:            0.4% (          0.4%     +         0.2%  )
==2793== Cachegrind, a cache and branch-prediction profiler
==2793== Copyright (C) 2002-2017, and GNU GPL'd, by Nicholas Nethercote et al.
==2793== Using Valgrind-3.15.0 and LibVEX; rerun with -h for copyright info
==2793== Command: bin/cg.W
==2793== 
--2793-- warning: L3 cache found, using its data for the LL simulation.
==2793== error calling PR_SET_PTRACER, vgdb might block


 NAS Parallel Benchmarks 3.0 structured OpenMP C version - CG Benchmark
 Size:       7000
 Iterations:    15
   iteration           ||r||                 zeta
        1       1.75577866390786e-13 1.1999700372738e+01
        2       2.28102998490821e-15 1.0345727566406e+01
        3       2.29929812980076e-15 1.0361788013796e+01
        4       2.25904223969286e-15 1.0362541628497e+01
        5       2.19140434130482e-15 1.0362590585447e+01
        6       2.26076623307409e-15 1.0362594646709e+01
        7       2.15949942350393e-15 1.0362595039834e+01
        8       2.16821905164632e-15 1.0362595081727e+01
        9       2.19136957083965e-15 1.0362595086482e+01
       10       2.13623428602257e-15 1.0362595087045e+01
       11       2.15793560723343e-15 1.0362595087114e+01
       12       2.07329747104467e-15 1.0362595087123e+01
       13       2.08607003590876e-15 1.0362595087124e+01
       14       2.05659826489763e-15 1.0362595087124e+01
       15       2.04564683596005e-15 1.0362595087124e+01
 Benchmark completed
 VERIFICATION SUCCESSFUL
 Zeta is      1.036259508712e+01
 Error is     8.881784197001e-15


 CG Benchmark Completed
 Class           =                        W
 Size            =                     7000
 Iterations      =                       15
 Threads         =                        1
 Time in seconds =                    24.95
 Mop/s total     =                    16.86
 Operation type  =           floating point
 Verification    =               SUCCESSFUL
 Version         =           3.0 structured
 Compile date    =              09 Nov 2021

 Compile options:
    CC           = gcc
    CLINK        = gcc
    C_LIB        = -lm
    C_INC        = -I../common
    CFLAGS       = -O0
    CLINKFLAGS   = (none)
    RAND         = randdp

 Execution time
 Seconds : 27
 Micro seconds : 27310792
==2793== 
==2793== I   refs:      7,179,830,308
==2793== I1  misses:            1,545
==2793== LLi misses:            1,533
==2793== I1  miss rate:          0.00%
==2793== LLi miss rate:          0.00%
==2793== 
==2793== D   refs:      3,488,625,517  (3,237,211,338 rd   + 251,414,179 wr)
==2793== D1  misses:      115,426,233  (  114,439,257 rd   +     986,976 wr)
==2793== LLd misses:       41,442,851  (   40,945,822 rd   +     497,029 wr)
==2793== D1  miss rate:           3.3% (          3.5%     +         0.4%  )
==2793== LLd miss rate:           1.2% (          1.3%     +         0.2%  )
==2793== 
==2793== LL refs:         115,427,778  (  114,440,802 rd   +     986,976 wr)
==2793== LL misses:        41,444,384  (   40,947,355 rd   +     497,029 wr)
==2793== LL miss rate:            0.4% (          0.4%     +         0.2%  )
==2803== Cachegrind, a cache and branch-prediction profiler
==2803== Copyright (C) 2002-2017, and GNU GPL'd, by Nicholas Nethercote et al.
==2803== Using Valgrind-3.15.0 and LibVEX; rerun with -h for copyright info
==2803== Command: bin/cg.W
==2803== 
--2803-- warning: L3 cache found, using its data for the LL simulation.
==2803== error calling PR_SET_PTRACER, vgdb might block


 NAS Parallel Benchmarks 3.0 structured OpenMP C version - CG Benchmark
 Size:       7000
 Iterations:    15
   iteration           ||r||                 zeta
        1       1.75577866390786e-13 1.1999700372738e+01
        2       2.28102998490821e-15 1.0345727566406e+01
        3       2.29929812980076e-15 1.0361788013796e+01
        4       2.25904223969286e-15 1.0362541628497e+01
        5       2.19140434130482e-15 1.0362590585447e+01
        6       2.26076623307409e-15 1.0362594646709e+01
        7       2.15949942350393e-15 1.0362595039834e+01
        8       2.16821905164632e-15 1.0362595081727e+01
        9       2.19136957083965e-15 1.0362595086482e+01
       10       2.13623428602257e-15 1.0362595087045e+01
       11       2.15793560723343e-15 1.0362595087114e+01
       12       2.07329747104467e-15 1.0362595087123e+01
       13       2.08607003590876e-15 1.0362595087124e+01
       14       2.05659826489763e-15 1.0362595087124e+01
       15       2.04564683596005e-15 1.0362595087124e+01
 Benchmark completed
 VERIFICATION SUCCESSFUL
 Zeta is      1.036259508712e+01
 Error is     8.881784197001e-15


 CG Benchmark Completed
 Class           =                        W
 Size            =                     7000
 Iterations      =                       15
 Threads         =                        1
 Time in seconds =                    25.07
 Mop/s total     =                    16.78
 Operation type  =           floating point
 Verification    =               SUCCESSFUL
 Version         =           3.0 structured
 Compile date    =              09 Nov 2021

 Compile options:
    CC           = gcc
    CLINK        = gcc
    C_LIB        = -lm
    C_INC        = -I../common
    CFLAGS       = -O0
    CLINKFLAGS   = (none)
    RAND         = randdp

 Execution time
 Seconds : 27
 Micro seconds : 27486950
==2803== 
==2803== I   refs:      7,179,830,298
==2803== I1  misses:            1,545
==2803== LLi misses:            1,533
==2803== I1  miss rate:          0.00%
==2803== LLi miss rate:          0.00%
==2803== 
==2803== D   refs:      3,488,625,512  (3,237,211,337 rd   + 251,414,175 wr)
==2803== D1  misses:      115,426,233  (  114,439,257 rd   +     986,976 wr)
==2803== LLd misses:       41,442,851  (   40,945,822 rd   +     497,029 wr)
==2803== D1  miss rate:           3.3% (          3.5%     +         0.4%  )
==2803== LLd miss rate:           1.2% (          1.3%     +         0.2%  )
==2803== 
==2803== LL refs:         115,427,778  (  114,440,802 rd   +     986,976 wr)
==2803== LL misses:        41,444,384  (   40,947,355 rd   +     497,029 wr)
==2803== LL miss rate:            0.4% (          0.4%     +         0.2%  )
==2813== Cachegrind, a cache and branch-prediction profiler
==2813== Copyright (C) 2002-2017, and GNU GPL'd, by Nicholas Nethercote et al.
==2813== Using Valgrind-3.15.0 and LibVEX; rerun with -h for copyright info
==2813== Command: bin/cg.W
==2813== 
--2813-- warning: L3 cache found, using its data for the LL simulation.
==2813== error calling PR_SET_PTRACER, vgdb might block


 NAS Parallel Benchmarks 3.0 structured OpenMP C version - CG Benchmark
 Size:       7000
 Iterations:    15
   iteration           ||r||                 zeta
        1       1.75577866390786e-13 1.1999700372738e+01
        2       2.28102998490821e-15 1.0345727566406e+01
        3       2.29929812980076e-15 1.0361788013796e+01
        4       2.25904223969286e-15 1.0362541628497e+01
        5       2.19140434130482e-15 1.0362590585447e+01
        6       2.26076623307409e-15 1.0362594646709e+01
        7       2.15949942350393e-15 1.0362595039834e+01
        8       2.16821905164632e-15 1.0362595081727e+01
        9       2.19136957083965e-15 1.0362595086482e+01
       10       2.13623428602257e-15 1.0362595087045e+01
       11       2.15793560723343e-15 1.0362595087114e+01
       12       2.07329747104467e-15 1.0362595087123e+01
       13       2.08607003590876e-15 1.0362595087124e+01
       14       2.05659826489763e-15 1.0362595087124e+01
       15       2.04564683596005e-15 1.0362595087124e+01
 Benchmark completed
 VERIFICATION SUCCESSFUL
 Zeta is      1.036259508712e+01
 Error is     8.881784197001e-15


 CG Benchmark Completed
 Class           =                        W
 Size            =                     7000
 Iterations      =                       15
 Threads         =                        1
 Time in seconds =                    25.93
 Mop/s total     =                    16.22
 Operation type  =           floating point
 Verification    =               SUCCESSFUL
 Version         =           3.0 structured
 Compile date    =              09 Nov 2021

 Compile options:
    CC           = gcc
    CLINK        = gcc
    C_LIB        = -lm
    C_INC        = -I../common
    CFLAGS       = -O0
    CLINKFLAGS   = (none)
    RAND         = randdp

 Execution time
 Seconds : 29
 Micro seconds : 28356135
==2813== 
==2813== I   refs:      7,179,830,316
==2813== I1  misses:            1,545
==2813== LLi misses:            1,533
==2813== I1  miss rate:          0.00%
==2813== LLi miss rate:          0.00%
==2813== 
==2813== D   refs:      3,488,625,522  (3,237,211,341 rd   + 251,414,181 wr)
==2813== D1  misses:      115,426,233  (  114,439,257 rd   +     986,976 wr)
==2813== LLd misses:       41,442,851  (   40,945,822 rd   +     497,029 wr)
==2813== D1  miss rate:           3.3% (          3.5%     +         0.4%  )
==2813== LLd miss rate:           1.2% (          1.3%     +         0.2%  )
==2813== 
==2813== LL refs:         115,427,778  (  114,440,802 rd   +     986,976 wr)
==2813== LL misses:        41,444,384  (   40,947,355 rd   +     497,029 wr)
==2813== LL miss rate:            0.4% (          0.4%     +         0.2%  )
==2823== Cachegrind, a cache and branch-prediction profiler
==2823== Copyright (C) 2002-2017, and GNU GPL'd, by Nicholas Nethercote et al.
==2823== Using Valgrind-3.15.0 and LibVEX; rerun with -h for copyright info
==2823== Command: bin/cg.W
==2823== 
--2823-- warning: L3 cache found, using its data for the LL simulation.
==2823== error calling PR_SET_PTRACER, vgdb might block


 NAS Parallel Benchmarks 3.0 structured OpenMP C version - CG Benchmark
 Size:       7000
 Iterations:    15
   iteration           ||r||                 zeta
        1       1.75577866390786e-13 1.1999700372738e+01
        2       2.28102998490821e-15 1.0345727566406e+01
        3       2.29929812980076e-15 1.0361788013796e+01
        4       2.25904223969286e-15 1.0362541628497e+01
        5       2.19140434130482e-15 1.0362590585447e+01
        6       2.26076623307409e-15 1.0362594646709e+01
        7       2.15949942350393e-15 1.0362595039834e+01
        8       2.16821905164632e-15 1.0362595081727e+01
        9       2.19136957083965e-15 1.0362595086482e+01
       10       2.13623428602257e-15 1.0362595087045e+01
       11       2.15793560723343e-15 1.0362595087114e+01
       12       2.07329747104467e-15 1.0362595087123e+01
       13       2.08607003590876e-15 1.0362595087124e+01
       14       2.05659826489763e-15 1.0362595087124e+01
       15       2.04564683596005e-15 1.0362595087124e+01
 Benchmark completed
 VERIFICATION SUCCESSFUL
 Zeta is      1.036259508712e+01
 Error is     8.881784197001e-15


 CG Benchmark Completed
 Class           =                        W
 Size            =                     7000
 Iterations      =                       15
 Threads         =                        1
 Time in seconds =                    26.78
 Mop/s total     =                    15.71
 Operation type  =           floating point
 Verification    =               SUCCESSFUL
 Version         =           3.0 structured
 Compile date    =              09 Nov 2021

 Compile options:
    CC           = gcc
    CLINK        = gcc
    C_LIB        = -lm
    C_INC        = -I../common
    CFLAGS       = -O0
    CLINKFLAGS   = (none)
    RAND         = randdp

 Execution time
 Seconds : 29
 Micro seconds : 29147185
==2823== 
==2823== I   refs:      7,179,830,319
==2823== I1  misses:            1,545
==2823== LLi misses:            1,533
==2823== I1  miss rate:          0.00%
==2823== LLi miss rate:          0.00%
==2823== 
==2823== D   refs:      3,488,625,521  (3,237,211,342 rd   + 251,414,179 wr)
==2823== D1  misses:      115,426,233  (  114,439,257 rd   +     986,976 wr)
==2823== LLd misses:       41,442,851  (   40,945,822 rd   +     497,029 wr)
==2823== D1  miss rate:           3.3% (          3.5%     +         0.4%  )
==2823== LLd miss rate:           1.2% (          1.3%     +         0.2%  )
==2823== 
==2823== LL refs:         115,427,778  (  114,440,802 rd   +     986,976 wr)
==2823== LL misses:        41,444,384  (   40,947,355 rd   +     497,029 wr)
==2823== LL miss rate:            0.4% (          0.4%     +         0.2%  )
==2833== Cachegrind, a cache and branch-prediction profiler
==2833== Copyright (C) 2002-2017, and GNU GPL'd, by Nicholas Nethercote et al.
==2833== Using Valgrind-3.15.0 and LibVEX; rerun with -h for copyright info
==2833== Command: bin/cg.W
==2833== 
--2833-- warning: L3 cache found, using its data for the LL simulation.
==2833== error calling PR_SET_PTRACER, vgdb might block


 NAS Parallel Benchmarks 3.0 structured OpenMP C version - CG Benchmark
 Size:       7000
 Iterations:    15
   iteration           ||r||                 zeta
        1       1.75577866390786e-13 1.1999700372738e+01
        2       2.28102998490821e-15 1.0345727566406e+01
        3       2.29929812980076e-15 1.0361788013796e+01
        4       2.25904223969286e-15 1.0362541628497e+01
        5       2.19140434130482e-15 1.0362590585447e+01
        6       2.26076623307409e-15 1.0362594646709e+01
        7       2.15949942350393e-15 1.0362595039834e+01
        8       2.16821905164632e-15 1.0362595081727e+01
        9       2.19136957083965e-15 1.0362595086482e+01
       10       2.13623428602257e-15 1.0362595087045e+01
       11       2.15793560723343e-15 1.0362595087114e+01
       12       2.07329747104467e-15 1.0362595087123e+01
       13       2.08607003590876e-15 1.0362595087124e+01
       14       2.05659826489763e-15 1.0362595087124e+01
       15       2.04564683596005e-15 1.0362595087124e+01
 Benchmark completed
 VERIFICATION SUCCESSFUL
 Zeta is      1.036259508712e+01
 Error is     8.881784197001e-15


 CG Benchmark Completed
 Class           =                        W
 Size            =                     7000
 Iterations      =                       15
 Threads         =                        1
 Time in seconds =                    24.43
 Mop/s total     =                    17.22
 Operation type  =           floating point
 Verification    =               SUCCESSFUL
 Version         =           3.0 structured
 Compile date    =              09 Nov 2021

 Compile options:
    CC           = gcc
    CLINK        = gcc
    C_LIB        = -lm
    C_INC        = -I../common
    CFLAGS       = -O0
    CLINKFLAGS   = (none)
    RAND         = randdp

 Execution time
 Seconds : 27
 Micro seconds : 26725344
==2833== 
==2833== I   refs:      7,179,830,317
==2833== I1  misses:            1,545
==2833== LLi misses:            1,533
==2833== I1  miss rate:          0.00%
==2833== LLi miss rate:          0.00%
==2833== 
==2833== D   refs:      3,488,625,520  (3,237,211,342 rd   + 251,414,178 wr)
==2833== D1  misses:      115,426,233  (  114,439,257 rd   +     986,976 wr)
==2833== LLd misses:       41,442,851  (   40,945,822 rd   +     497,029 wr)
==2833== D1  miss rate:           3.3% (          3.5%     +         0.4%  )
==2833== LLd miss rate:           1.2% (          1.3%     +         0.2%  )
==2833== 
==2833== LL refs:         115,427,778  (  114,440,802 rd   +     986,976 wr)
==2833== LL misses:        41,444,384  (   40,947,355 rd   +     497,029 wr)
==2833== LL miss rate:            0.4% (          0.4%     +         0.2%  )
==2844== Cachegrind, a cache and branch-prediction profiler
==2844== Copyright (C) 2002-2017, and GNU GPL'd, by Nicholas Nethercote et al.
==2844== Using Valgrind-3.15.0 and LibVEX; rerun with -h for copyright info
==2844== Command: bin/cg.W
==2844== 
--2844-- warning: L3 cache found, using its data for the LL simulation.
==2844== error calling PR_SET_PTRACER, vgdb might block


 NAS Parallel Benchmarks 3.0 structured OpenMP C version - CG Benchmark
 Size:       7000
 Iterations:    15
   iteration           ||r||                 zeta
        1       1.75577866390786e-13 1.1999700372738e+01
        2       2.28102998490821e-15 1.0345727566406e+01
        3       2.29929812980076e-15 1.0361788013796e+01
        4       2.25904223969286e-15 1.0362541628497e+01
        5       2.19140434130482e-15 1.0362590585447e+01
        6       2.26076623307409e-15 1.0362594646709e+01
        7       2.15949942350393e-15 1.0362595039834e+01
        8       2.16821905164632e-15 1.0362595081727e+01
        9       2.19136957083965e-15 1.0362595086482e+01
       10       2.13623428602257e-15 1.0362595087045e+01
       11       2.15793560723343e-15 1.0362595087114e+01
       12       2.07329747104467e-15 1.0362595087123e+01
       13       2.08607003590876e-15 1.0362595087124e+01
       14       2.05659826489763e-15 1.0362595087124e+01
       15       2.04564683596005e-15 1.0362595087124e+01
 Benchmark completed
 VERIFICATION SUCCESSFUL
 Zeta is      1.036259508712e+01
 Error is     8.881784197001e-15


 CG Benchmark Completed
 Class           =                        W
 Size            =                     7000
 Iterations      =                       15
 Threads         =                        1
 Time in seconds =                    24.83
 Mop/s total     =                    16.94
 Operation type  =           floating point
 Verification    =               SUCCESSFUL
 Version         =           3.0 structured
 Compile date    =              09 Nov 2021

 Compile options:
    CC           = gcc
    CLINK        = gcc
    C_LIB        = -lm
    C_INC        = -I../common
    CFLAGS       = -O0
    CLINKFLAGS   = (none)
    RAND         = randdp

 Execution time
 Seconds : 27
 Micro seconds : 27129683
==2844== 
==2844== I   refs:      7,179,830,316
==2844== I1  misses:            1,545
==2844== LLi misses:            1,533
==2844== I1  miss rate:          0.00%
==2844== LLi miss rate:          0.00%
==2844== 
==2844== D   refs:      3,488,625,522  (3,237,211,341 rd   + 251,414,181 wr)
==2844== D1  misses:      115,426,233  (  114,439,257 rd   +     986,976 wr)
==2844== LLd misses:       41,442,851  (   40,945,822 rd   +     497,029 wr)
==2844== D1  miss rate:           3.3% (          3.5%     +         0.4%  )
==2844== LLd miss rate:           1.2% (          1.3%     +         0.2%  )
==2844== 
==2844== LL refs:         115,427,778  (  114,440,802 rd   +     986,976 wr)
==2844== LL misses:        41,444,384  (   40,947,355 rd   +     497,029 wr)
==2844== LL miss rate:            0.4% (          0.4%     +         0.2%  )
==2854== Cachegrind, a cache and branch-prediction profiler
==2854== Copyright (C) 2002-2017, and GNU GPL'd, by Nicholas Nethercote et al.
==2854== Using Valgrind-3.15.0 and LibVEX; rerun with -h for copyright info
==2854== Command: bin/cg.W
==2854== 
--2854-- warning: L3 cache found, using its data for the LL simulation.
==2854== error calling PR_SET_PTRACER, vgdb might block


 NAS Parallel Benchmarks 3.0 structured OpenMP C version - CG Benchmark
 Size:       7000
 Iterations:    15
   iteration           ||r||                 zeta
        1       1.75577866390786e-13 1.1999700372738e+01
        2       2.28102998490821e-15 1.0345727566406e+01
        3       2.29929812980076e-15 1.0361788013796e+01
        4       2.25904223969286e-15 1.0362541628497e+01
        5       2.19140434130482e-15 1.0362590585447e+01
        6       2.26076623307409e-15 1.0362594646709e+01
        7       2.15949942350393e-15 1.0362595039834e+01
        8       2.16821905164632e-15 1.0362595081727e+01
        9       2.19136957083965e-15 1.0362595086482e+01
       10       2.13623428602257e-15 1.0362595087045e+01
       11       2.15793560723343e-15 1.0362595087114e+01
       12       2.07329747104467e-15 1.0362595087123e+01
       13       2.08607003590876e-15 1.0362595087124e+01
       14       2.05659826489763e-15 1.0362595087124e+01
       15       2.04564683596005e-15 1.0362595087124e+01
 Benchmark completed
 VERIFICATION SUCCESSFUL
 Zeta is      1.036259508712e+01
 Error is     8.881784197001e-15


 CG Benchmark Completed
 Class           =                        W
 Size            =                     7000
 Iterations      =                       15
 Threads         =                        1
 Time in seconds =                    28.11
 Mop/s total     =                    14.96
 Operation type  =           floating point
 Verification    =               SUCCESSFUL
 Version         =           3.0 structured
 Compile date    =              09 Nov 2021

 Compile options:
    CC           = gcc
    CLINK        = gcc
    C_LIB        = -lm
    C_INC        = -I../common
    CFLAGS       = -O0
    CLINKFLAGS   = (none)
    RAND         = randdp

 Execution time
 Seconds : 31
 Micro seconds : 30763554
==2854== 
==2854== I   refs:      7,179,830,278
==2854== I1  misses:            1,542
==2854== LLi misses:            1,530
==2854== I1  miss rate:          0.00%
==2854== LLi miss rate:          0.00%
==2854== 
==2854== D   refs:      3,488,625,505  (3,237,211,329 rd   + 251,414,176 wr)
==2854== D1  misses:      115,426,233  (  114,439,257 rd   +     986,976 wr)
==2854== LLd misses:       41,442,851  (   40,945,822 rd   +     497,029 wr)
==2854== D1  miss rate:           3.3% (          3.5%     +         0.4%  )
==2854== LLd miss rate:           1.2% (          1.3%     +         0.2%  )
==2854== 
==2854== LL refs:         115,427,775  (  114,440,799 rd   +     986,976 wr)
==2854== LL misses:        41,444,381  (   40,947,352 rd   +     497,029 wr)
==2854== LL miss rate:            0.4% (          0.4%     +         0.2%  )
==2870== Cachegrind, a cache and branch-prediction profiler
==2870== Copyright (C) 2002-2017, and GNU GPL'd, by Nicholas Nethercote et al.
==2870== Using Valgrind-3.15.0 and LibVEX; rerun with -h for copyright info
==2870== Command: bin/cg.W
==2870== 
--2870-- warning: L3 cache found, using its data for the LL simulation.
==2870== error calling PR_SET_PTRACER, vgdb might block


 NAS Parallel Benchmarks 3.0 structured OpenMP C version - CG Benchmark
 Size:       7000
 Iterations:    15
   iteration           ||r||                 zeta
        1       1.75577866390786e-13 1.1999700372738e+01
        2       2.28102998490821e-15 1.0345727566406e+01
        3       2.29929812980076e-15 1.0361788013796e+01
        4       2.25904223969286e-15 1.0362541628497e+01
        5       2.19140434130482e-15 1.0362590585447e+01
        6       2.26076623307409e-15 1.0362594646709e+01
        7       2.15949942350393e-15 1.0362595039834e+01
        8       2.16821905164632e-15 1.0362595081727e+01
        9       2.19136957083965e-15 1.0362595086482e+01
       10       2.13623428602257e-15 1.0362595087045e+01
       11       2.15793560723343e-15 1.0362595087114e+01
       12       2.07329747104467e-15 1.0362595087123e+01
       13       2.08607003590876e-15 1.0362595087124e+01
       14       2.05659826489763e-15 1.0362595087124e+01
       15       2.04564683596005e-15 1.0362595087124e+01
 Benchmark completed
 VERIFICATION SUCCESSFUL
 Zeta is      1.036259508712e+01
 Error is     8.881784197001e-15


 CG Benchmark Completed
 Class           =                        W
 Size            =                     7000
 Iterations      =                       15
 Threads         =                        1
 Time in seconds =                    24.29
 Mop/s total     =                    17.32
 Operation type  =           floating point
 Verification    =               SUCCESSFUL
 Version         =           3.0 structured
 Compile date    =              09 Nov 2021

 Compile options:
    CC           = gcc
    CLINK        = gcc
    C_LIB        = -lm
    C_INC        = -I../common
    CFLAGS       = -O0
    CLINKFLAGS   = (none)
    RAND         = randdp

 Execution time
 Seconds : 27
 Micro seconds : 26586298
==2870== 
==2870== I   refs:      7,179,830,317
==2870== I1  misses:            1,545
==2870== LLi misses:            1,533
==2870== I1  miss rate:          0.00%
==2870== LLi miss rate:          0.00%
==2870== 
==2870== D   refs:      3,488,625,518  (3,237,211,342 rd   + 251,414,176 wr)
==2870== D1  misses:      115,426,233  (  114,439,257 rd   +     986,976 wr)
==2870== LLd misses:       41,442,851  (   40,945,822 rd   +     497,029 wr)
==2870== D1  miss rate:           3.3% (          3.5%     +         0.4%  )
==2870== LLd miss rate:           1.2% (          1.3%     +         0.2%  )
==2870== 
==2870== LL refs:         115,427,778  (  114,440,802 rd   +     986,976 wr)
==2870== LL misses:        41,444,384  (   40,947,355 rd   +     497,029 wr)
==2870== LL miss rate:            0.4% (          0.4%     +         0.2%  )
==2880== Cachegrind, a cache and branch-prediction profiler
==2880== Copyright (C) 2002-2017, and GNU GPL'd, by Nicholas Nethercote et al.
==2880== Using Valgrind-3.15.0 and LibVEX; rerun with -h for copyright info
==2880== Command: bin/cg.W
==2880== 
--2880-- warning: L3 cache found, using its data for the LL simulation.
==2880== error calling PR_SET_PTRACER, vgdb might block


 NAS Parallel Benchmarks 3.0 structured OpenMP C version - CG Benchmark
 Size:       7000
 Iterations:    15
   iteration           ||r||                 zeta
        1       1.75577866390786e-13 1.1999700372738e+01
        2       2.28102998490821e-15 1.0345727566406e+01
        3       2.29929812980076e-15 1.0361788013796e+01
        4       2.25904223969286e-15 1.0362541628497e+01
        5       2.19140434130482e-15 1.0362590585447e+01
        6       2.26076623307409e-15 1.0362594646709e+01
        7       2.15949942350393e-15 1.0362595039834e+01
        8       2.16821905164632e-15 1.0362595081727e+01
        9       2.19136957083965e-15 1.0362595086482e+01
       10       2.13623428602257e-15 1.0362595087045e+01
       11       2.15793560723343e-15 1.0362595087114e+01
       12       2.07329747104467e-15 1.0362595087123e+01
       13       2.08607003590876e-15 1.0362595087124e+01
       14       2.05659826489763e-15 1.0362595087124e+01
       15       2.04564683596005e-15 1.0362595087124e+01
 Benchmark completed
 VERIFICATION SUCCESSFUL
 Zeta is      1.036259508712e+01
 Error is     8.881784197001e-15


 CG Benchmark Completed
 Class           =                        W
 Size            =                     7000
 Iterations      =                       15
 Threads         =                        1
 Time in seconds =                    26.37
 Mop/s total     =                    15.95
 Operation type  =           floating point
 Verification    =               SUCCESSFUL
 Version         =           3.0 structured
 Compile date    =              09 Nov 2021

 Compile options:
    CC           = gcc
    CLINK        = gcc
    C_LIB        = -lm
    C_INC        = -I../common
    CFLAGS       = -O0
    CLINKFLAGS   = (none)
    RAND         = randdp

 Execution time
 Seconds : 29
 Micro seconds : 28643040
==2880== 
==2880== I   refs:      7,179,830,306
==2880== I1  misses:            1,545
==2880== LLi misses:            1,533
==2880== I1  miss rate:          0.00%
==2880== LLi miss rate:          0.00%
==2880== 
==2880== D   refs:      3,488,625,516  (3,237,211,337 rd   + 251,414,179 wr)
==2880== D1  misses:      115,426,233  (  114,439,257 rd   +     986,976 wr)
==2880== LLd misses:       41,442,851  (   40,945,822 rd   +     497,029 wr)
==2880== D1  miss rate:           3.3% (          3.5%     +         0.4%  )
==2880== LLd miss rate:           1.2% (          1.3%     +         0.2%  )
==2880== 
==2880== LL refs:         115,427,778  (  114,440,802 rd   +     986,976 wr)
==2880== LL misses:        41,444,384  (   40,947,355 rd   +     497,029 wr)
==2880== LL miss rate:            0.4% (          0.4%     +         0.2%  )
==2891== Cachegrind, a cache and branch-prediction profiler
==2891== Copyright (C) 2002-2017, and GNU GPL'd, by Nicholas Nethercote et al.
==2891== Using Valgrind-3.15.0 and LibVEX; rerun with -h for copyright info
==2891== Command: bin/cg.W
==2891== 
--2891-- warning: L3 cache found, using its data for the LL simulation.
==2891== error calling PR_SET_PTRACER, vgdb might block


 NAS Parallel Benchmarks 3.0 structured OpenMP C version - CG Benchmark
 Size:       7000
 Iterations:    15
   iteration           ||r||                 zeta
        1       1.75577866390786e-13 1.1999700372738e+01
        2       2.28102998490821e-15 1.0345727566406e+01
        3       2.29929812980076e-15 1.0361788013796e+01
        4       2.25904223969286e-15 1.0362541628497e+01
        5       2.19140434130482e-15 1.0362590585447e+01
        6       2.26076623307409e-15 1.0362594646709e+01
        7       2.15949942350393e-15 1.0362595039834e+01
        8       2.16821905164632e-15 1.0362595081727e+01
        9       2.19136957083965e-15 1.0362595086482e+01
       10       2.13623428602257e-15 1.0362595087045e+01
       11       2.15793560723343e-15 1.0362595087114e+01
       12       2.07329747104467e-15 1.0362595087123e+01
       13       2.08607003590876e-15 1.0362595087124e+01
       14       2.05659826489763e-15 1.0362595087124e+01
       15       2.04564683596005e-15 1.0362595087124e+01
 Benchmark completed
 VERIFICATION SUCCESSFUL
 Zeta is      1.036259508712e+01
 Error is     8.881784197001e-15


 CG Benchmark Completed
 Class           =                        W
 Size            =                     7000
 Iterations      =                       15
 Threads         =                        1
 Time in seconds =                    24.19
 Mop/s total     =                    17.39
 Operation type  =           floating point
 Verification    =               SUCCESSFUL
 Version         =           3.0 structured
 Compile date    =              09 Nov 2021

 Compile options:
    CC           = gcc
    CLINK        = gcc
    C_LIB        = -lm
    C_INC        = -I../common
    CFLAGS       = -O0
    CLINKFLAGS   = (none)
    RAND         = randdp

 Execution time
 Seconds : 26
 Micro seconds : 26445703
==2891== 
==2891== I   refs:      7,179,830,311
==2891== I1  misses:            1,545
==2891== LLi misses:            1,533
==2891== I1  miss rate:          0.00%
==2891== LLi miss rate:          0.00%
==2891== 
==2891== D   refs:      3,488,625,518  (3,237,211,340 rd   + 251,414,178 wr)
==2891== D1  misses:      115,426,233  (  114,439,257 rd   +     986,976 wr)
==2891== LLd misses:       41,442,851  (   40,945,822 rd   +     497,029 wr)
==2891== D1  miss rate:           3.3% (          3.5%     +         0.4%  )
==2891== LLd miss rate:           1.2% (          1.3%     +         0.2%  )
==2891== 
==2891== LL refs:         115,427,778  (  114,440,802 rd   +     986,976 wr)
==2891== LL misses:        41,444,384  (   40,947,355 rd   +     497,029 wr)
==2891== LL miss rate:            0.4% (          0.4%     +         0.2%  )
==2902== Cachegrind, a cache and branch-prediction profiler
==2902== Copyright (C) 2002-2017, and GNU GPL'd, by Nicholas Nethercote et al.
==2902== Using Valgrind-3.15.0 and LibVEX; rerun with -h for copyright info
==2902== Command: bin/cg.W
==2902== 
--2902-- warning: L3 cache found, using its data for the LL simulation.
==2902== error calling PR_SET_PTRACER, vgdb might block


 NAS Parallel Benchmarks 3.0 structured OpenMP C version - CG Benchmark
 Size:       7000
 Iterations:    15
   iteration           ||r||                 zeta
        1       1.75577866390786e-13 1.1999700372738e+01
        2       2.28102998490821e-15 1.0345727566406e+01
        3       2.29929812980076e-15 1.0361788013796e+01
        4       2.25904223969286e-15 1.0362541628497e+01
        5       2.19140434130482e-15 1.0362590585447e+01
        6       2.26076623307409e-15 1.0362594646709e+01
        7       2.15949942350393e-15 1.0362595039834e+01
        8       2.16821905164632e-15 1.0362595081727e+01
        9       2.19136957083965e-15 1.0362595086482e+01
       10       2.13623428602257e-15 1.0362595087045e+01
       11       2.15793560723343e-15 1.0362595087114e+01
       12       2.07329747104467e-15 1.0362595087123e+01
       13       2.08607003590876e-15 1.0362595087124e+01
       14       2.05659826489763e-15 1.0362595087124e+01
       15       2.04564683596005e-15 1.0362595087124e+01
 Benchmark completed
 VERIFICATION SUCCESSFUL
 Zeta is      1.036259508712e+01
 Error is     8.881784197001e-15


 CG Benchmark Completed
 Class           =                        W
 Size            =                     7000
 Iterations      =                       15
 Threads         =                        1
 Time in seconds =                    26.54
 Mop/s total     =                    15.85
 Operation type  =           floating point
 Verification    =               SUCCESSFUL
 Version         =           3.0 structured
 Compile date    =              09 Nov 2021

 Compile options:
    CC           = gcc
    CLINK        = gcc
    C_LIB        = -lm
    C_INC        = -I../common
    CFLAGS       = -O0
    CLINKFLAGS   = (none)
    RAND         = randdp

 Execution time
 Seconds : 29
 Micro seconds : 29469171
==2902== 
==2902== I   refs:      7,179,830,316
==2902== I1  misses:            1,545
==2902== LLi misses:            1,533
==2902== I1  miss rate:          0.00%
==2902== LLi miss rate:          0.00%
==2902== 
==2902== D   refs:      3,488,625,521  (3,237,211,340 rd   + 251,414,181 wr)
==2902== D1  misses:      115,426,233  (  114,439,257 rd   +     986,976 wr)
==2902== LLd misses:       41,442,851  (   40,945,822 rd   +     497,029 wr)
==2902== D1  miss rate:           3.3% (          3.5%     +         0.4%  )
==2902== LLd miss rate:           1.2% (          1.3%     +         0.2%  )
==2902== 
==2902== LL refs:         115,427,778  (  114,440,802 rd   +     986,976 wr)
==2902== LL misses:        41,444,384  (   40,947,355 rd   +     497,029 wr)
==2902== LL miss rate:            0.4% (          0.4%     +         0.2%  )
==2912== Cachegrind, a cache and branch-prediction profiler
==2912== Copyright (C) 2002-2017, and GNU GPL'd, by Nicholas Nethercote et al.
==2912== Using Valgrind-3.15.0 and LibVEX; rerun with -h for copyright info
==2912== Command: bin/cg.W
==2912== 
--2912-- warning: L3 cache found, using its data for the LL simulation.
==2912== error calling PR_SET_PTRACER, vgdb might block


 NAS Parallel Benchmarks 3.0 structured OpenMP C version - CG Benchmark
 Size:       7000
 Iterations:    15
   iteration           ||r||                 zeta
        1       1.75577866390786e-13 1.1999700372738e+01
        2       2.28102998490821e-15 1.0345727566406e+01
        3       2.29929812980076e-15 1.0361788013796e+01
        4       2.25904223969286e-15 1.0362541628497e+01
        5       2.19140434130482e-15 1.0362590585447e+01
        6       2.26076623307409e-15 1.0362594646709e+01
        7       2.15949942350393e-15 1.0362595039834e+01
        8       2.16821905164632e-15 1.0362595081727e+01
        9       2.19136957083965e-15 1.0362595086482e+01
       10       2.13623428602257e-15 1.0362595087045e+01
       11       2.15793560723343e-15 1.0362595087114e+01
       12       2.07329747104467e-15 1.0362595087123e+01
       13       2.08607003590876e-15 1.0362595087124e+01
       14       2.05659826489763e-15 1.0362595087124e+01
       15       2.04564683596005e-15 1.0362595087124e+01
 Benchmark completed
 VERIFICATION SUCCESSFUL
 Zeta is      1.036259508712e+01
 Error is     8.881784197001e-15


 CG Benchmark Completed
 Class           =                        W
 Size            =                     7000
 Iterations      =                       15
 Threads         =                        1
 Time in seconds =                    27.36
 Mop/s total     =                    15.37
 Operation type  =           floating point
 Verification    =               SUCCESSFUL
 Version         =           3.0 structured
 Compile date    =              09 Nov 2021

 Compile options:
    CC           = gcc
    CLINK        = gcc
    C_LIB        = -lm
    C_INC        = -I../common
    CFLAGS       = -O0
    CLINKFLAGS   = (none)
    RAND         = randdp

 Execution time
 Seconds : 30
 Micro seconds : 30041710
==2912== 
==2912== I   refs:      7,179,830,283
==2912== I1  misses:            1,542
==2912== LLi misses:            1,530
==2912== I1  miss rate:          0.00%
==2912== LLi miss rate:          0.00%
==2912== 
==2912== D   refs:      3,488,625,506  (3,237,211,330 rd   + 251,414,176 wr)
==2912== D1  misses:      115,426,233  (  114,439,257 rd   +     986,976 wr)
==2912== LLd misses:       41,442,851  (   40,945,822 rd   +     497,029 wr)
==2912== D1  miss rate:           3.3% (          3.5%     +         0.4%  )
==2912== LLd miss rate:           1.2% (          1.3%     +         0.2%  )
==2912== 
==2912== LL refs:         115,427,775  (  114,440,799 rd   +     986,976 wr)
==2912== LL misses:        41,444,381  (   40,947,352 rd   +     497,029 wr)
==2912== LL miss rate:            0.4% (          0.4%     +         0.2%  )
==2923== Cachegrind, a cache and branch-prediction profiler
==2923== Copyright (C) 2002-2017, and GNU GPL'd, by Nicholas Nethercote et al.
==2923== Using Valgrind-3.15.0 and LibVEX; rerun with -h for copyright info
==2923== Command: bin/cg.W
==2923== 
--2923-- warning: L3 cache found, using its data for the LL simulation.
==2923== error calling PR_SET_PTRACER, vgdb might block


 NAS Parallel Benchmarks 3.0 structured OpenMP C version - CG Benchmark
 Size:       7000
 Iterations:    15
   iteration           ||r||                 zeta
        1       1.75577866390786e-13 1.1999700372738e+01
        2       2.28102998490821e-15 1.0345727566406e+01
        3       2.29929812980076e-15 1.0361788013796e+01
        4       2.25904223969286e-15 1.0362541628497e+01
        5       2.19140434130482e-15 1.0362590585447e+01
        6       2.26076623307409e-15 1.0362594646709e+01
        7       2.15949942350393e-15 1.0362595039834e+01
        8       2.16821905164632e-15 1.0362595081727e+01
        9       2.19136957083965e-15 1.0362595086482e+01
       10       2.13623428602257e-15 1.0362595087045e+01
       11       2.15793560723343e-15 1.0362595087114e+01
       12       2.07329747104467e-15 1.0362595087123e+01
       13       2.08607003590876e-15 1.0362595087124e+01
       14       2.05659826489763e-15 1.0362595087124e+01
       15       2.04564683596005e-15 1.0362595087124e+01
 Benchmark completed
 VERIFICATION SUCCESSFUL
 Zeta is      1.036259508712e+01
 Error is     8.881784197001e-15


 CG Benchmark Completed
 Class           =                        W
 Size            =                     7000
 Iterations      =                       15
 Threads         =                        1
 Time in seconds =                    27.83
 Mop/s total     =                    15.11
 Operation type  =           floating point
 Verification    =               SUCCESSFUL
 Version         =           3.0 structured
 Compile date    =              09 Nov 2021

 Compile options:
    CC           = gcc
    CLINK        = gcc
    C_LIB        = -lm
    C_INC        = -I../common
    CFLAGS       = -O0
    CLINKFLAGS   = (none)
    RAND         = randdp

 Execution time
 Seconds : 31
 Micro seconds : 30165578
==2923== 
==2923== I   refs:      7,179,830,278
==2923== I1  misses:            1,542
==2923== LLi misses:            1,530
==2923== I1  miss rate:          0.00%
==2923== LLi miss rate:          0.00%
==2923== 
==2923== D   refs:      3,488,625,505  (3,237,211,329 rd   + 251,414,176 wr)
==2923== D1  misses:      115,426,233  (  114,439,257 rd   +     986,976 wr)
==2923== LLd misses:       41,442,851  (   40,945,822 rd   +     497,029 wr)
==2923== D1  miss rate:           3.3% (          3.5%     +         0.4%  )
==2923== LLd miss rate:           1.2% (          1.3%     +         0.2%  )
==2923== 
==2923== LL refs:         115,427,775  (  114,440,799 rd   +     986,976 wr)
==2923== LL misses:        41,444,381  (   40,947,352 rd   +     497,029 wr)
==2923== LL miss rate:            0.4% (          0.4%     +         0.2%  )
==2933== Cachegrind, a cache and branch-prediction profiler
==2933== Copyright (C) 2002-2017, and GNU GPL'd, by Nicholas Nethercote et al.
==2933== Using Valgrind-3.15.0 and LibVEX; rerun with -h for copyright info
==2933== Command: bin/cg.W
==2933== 
--2933-- warning: L3 cache found, using its data for the LL simulation.
==2933== error calling PR_SET_PTRACER, vgdb might block


 NAS Parallel Benchmarks 3.0 structured OpenMP C version - CG Benchmark
 Size:       7000
 Iterations:    15
   iteration           ||r||                 zeta
        1       1.75577866390786e-13 1.1999700372738e+01
        2       2.28102998490821e-15 1.0345727566406e+01
        3       2.29929812980076e-15 1.0361788013796e+01
        4       2.25904223969286e-15 1.0362541628497e+01
        5       2.19140434130482e-15 1.0362590585447e+01
        6       2.26076623307409e-15 1.0362594646709e+01
        7       2.15949942350393e-15 1.0362595039834e+01
        8       2.16821905164632e-15 1.0362595081727e+01
        9       2.19136957083965e-15 1.0362595086482e+01
       10       2.13623428602257e-15 1.0362595087045e+01
       11       2.15793560723343e-15 1.0362595087114e+01
       12       2.07329747104467e-15 1.0362595087123e+01
       13       2.08607003590876e-15 1.0362595087124e+01
       14       2.05659826489763e-15 1.0362595087124e+01
       15       2.04564683596005e-15 1.0362595087124e+01
 Benchmark completed
 VERIFICATION SUCCESSFUL
 Zeta is      1.036259508712e+01
 Error is     8.881784197001e-15


 CG Benchmark Completed
 Class           =                        W
 Size            =                     7000
 Iterations      =                       15
 Threads         =                        1
 Time in seconds =                    28.72
 Mop/s total     =                    14.64
 Operation type  =           floating point
 Verification    =               SUCCESSFUL
 Version         =           3.0 structured
 Compile date    =              09 Nov 2021

 Compile options:
    CC           = gcc
    CLINK        = gcc
    C_LIB        = -lm
    C_INC        = -I../common
    CFLAGS       = -O0
    CLINKFLAGS   = (none)
    RAND         = randdp

 Execution time
 Seconds : 32
 Micro seconds : 31174071
==2933== 
==2933== I   refs:      7,179,830,298
==2933== I1  misses:            1,542
==2933== LLi misses:            1,530
==2933== I1  miss rate:          0.00%
==2933== LLi miss rate:          0.00%
==2933== 
==2933== D   refs:      3,488,625,515  (3,237,211,335 rd   + 251,414,180 wr)
==2933== D1  misses:      115,426,233  (  114,439,257 rd   +     986,976 wr)
==2933== LLd misses:       41,442,851  (   40,945,822 rd   +     497,029 wr)
==2933== D1  miss rate:           3.3% (          3.5%     +         0.4%  )
==2933== LLd miss rate:           1.2% (          1.3%     +         0.2%  )
==2933== 
==2933== LL refs:         115,427,775  (  114,440,799 rd   +     986,976 wr)
==2933== LL misses:        41,444,381  (   40,947,352 rd   +     497,029 wr)
==2933== LL miss rate:            0.4% (          0.4%     +         0.2%  )
==2943== Cachegrind, a cache and branch-prediction profiler
==2943== Copyright (C) 2002-2017, and GNU GPL'd, by Nicholas Nethercote et al.
==2943== Using Valgrind-3.15.0 and LibVEX; rerun with -h for copyright info
==2943== Command: bin/cg.W
==2943== 
--2943-- warning: L3 cache found, using its data for the LL simulation.
==2943== error calling PR_SET_PTRACER, vgdb might block


 NAS Parallel Benchmarks 3.0 structured OpenMP C version - CG Benchmark
 Size:       7000
 Iterations:    15
   iteration           ||r||                 zeta
        1       1.75577866390786e-13 1.1999700372738e+01
        2       2.28102998490821e-15 1.0345727566406e+01
        3       2.29929812980076e-15 1.0361788013796e+01
        4       2.25904223969286e-15 1.0362541628497e+01
        5       2.19140434130482e-15 1.0362590585447e+01
        6       2.26076623307409e-15 1.0362594646709e+01
        7       2.15949942350393e-15 1.0362595039834e+01
        8       2.16821905164632e-15 1.0362595081727e+01
        9       2.19136957083965e-15 1.0362595086482e+01
       10       2.13623428602257e-15 1.0362595087045e+01
       11       2.15793560723343e-15 1.0362595087114e+01
       12       2.07329747104467e-15 1.0362595087123e+01
       13       2.08607003590876e-15 1.0362595087124e+01
       14       2.05659826489763e-15 1.0362595087124e+01
       15       2.04564683596005e-15 1.0362595087124e+01
 Benchmark completed
 VERIFICATION SUCCESSFUL
 Zeta is      1.036259508712e+01
 Error is     8.881784197001e-15


 CG Benchmark Completed
 Class           =                        W
 Size            =                     7000
 Iterations      =                       15
 Threads         =                        1
 Time in seconds =                    26.32
 Mop/s total     =                    15.98
 Operation type  =           floating point
 Verification    =               SUCCESSFUL
 Version         =           3.0 structured
 Compile date    =              09 Nov 2021

 Compile options:
    CC           = gcc
    CLINK        = gcc
    C_LIB        = -lm
    C_INC        = -I../common
    CFLAGS       = -O0
    CLINKFLAGS   = (none)
    RAND         = randdp

 Execution time
 Seconds : 29
 Micro seconds : 28973698
==2943== 
==2943== I   refs:      7,179,830,314
==2943== I1  misses:            1,545
==2943== LLi misses:            1,533
==2943== I1  miss rate:          0.00%
==2943== LLi miss rate:          0.00%
==2943== 
==2943== D   refs:      3,488,625,521  (3,237,211,340 rd   + 251,414,181 wr)
==2943== D1  misses:      115,426,233  (  114,439,257 rd   +     986,976 wr)
==2943== LLd misses:       41,442,851  (   40,945,822 rd   +     497,029 wr)
==2943== D1  miss rate:           3.3% (          3.5%     +         0.4%  )
==2943== LLd miss rate:           1.2% (          1.3%     +         0.2%  )
==2943== 
==2943== LL refs:         115,427,778  (  114,440,802 rd   +     986,976 wr)
==2943== LL misses:        41,444,384  (   40,947,355 rd   +     497,029 wr)
==2943== LL miss rate:            0.4% (          0.4%     +         0.2%  )
==2965== Cachegrind, a cache and branch-prediction profiler
==2965== Copyright (C) 2002-2017, and GNU GPL'd, by Nicholas Nethercote et al.
==2965== Using Valgrind-3.15.0 and LibVEX; rerun with -h for copyright info
==2965== Command: bin/cg.W
==2965== 
--2965-- warning: L3 cache found, using its data for the LL simulation.
==2965== error calling PR_SET_PTRACER, vgdb might block


 NAS Parallel Benchmarks 3.0 structured OpenMP C version - CG Benchmark
 Size:       7000
 Iterations:    15
   iteration           ||r||                 zeta
        1       1.75577866390786e-13 1.1999700372738e+01
        2       2.28102998490821e-15 1.0345727566406e+01
        3       2.29929812980076e-15 1.0361788013796e+01
        4       2.25904223969286e-15 1.0362541628497e+01
        5       2.19140434130482e-15 1.0362590585447e+01
        6       2.26076623307409e-15 1.0362594646709e+01
        7       2.15949942350393e-15 1.0362595039834e+01
        8       2.16821905164632e-15 1.0362595081727e+01
        9       2.19136957083965e-15 1.0362595086482e+01
       10       2.13623428602257e-15 1.0362595087045e+01
       11       2.15793560723343e-15 1.0362595087114e+01
       12       2.07329747104467e-15 1.0362595087123e+01
       13       2.08607003590876e-15 1.0362595087124e+01
       14       2.05659826489763e-15 1.0362595087124e+01
       15       2.04564683596005e-15 1.0362595087124e+01
 Benchmark completed
 VERIFICATION SUCCESSFUL
 Zeta is      1.036259508712e+01
 Error is     8.881784197001e-15


 CG Benchmark Completed
 Class           =                        W
 Size            =                     7000
 Iterations      =                       15
 Threads         =                        1
 Time in seconds =                    25.54
 Mop/s total     =                    16.47
 Operation type  =           floating point
 Verification    =               SUCCESSFUL
 Version         =           3.0 structured
 Compile date    =              09 Nov 2021

 Compile options:
    CC           = gcc
    CLINK        = gcc
    C_LIB        = -lm
    C_INC        = -I../common
    CFLAGS       = -O0
    CLINKFLAGS   = (none)
    RAND         = randdp

 Execution time
 Seconds : 28
 Micro seconds : 28009626
==2965== 
==2965== I   refs:      7,179,830,322
==2965== I1  misses:            1,545
==2965== LLi misses:            1,533
==2965== I1  miss rate:          0.00%
==2965== LLi miss rate:          0.00%
==2965== 
==2965== D   refs:      3,488,625,524  (3,237,211,343 rd   + 251,414,181 wr)
==2965== D1  misses:      115,426,233  (  114,439,257 rd   +     986,976 wr)
==2965== LLd misses:       41,442,851  (   40,945,822 rd   +     497,029 wr)
==2965== D1  miss rate:           3.3% (          3.5%     +         0.4%  )
==2965== LLd miss rate:           1.2% (          1.3%     +         0.2%  )
==2965== 
==2965== LL refs:         115,427,778  (  114,440,802 rd   +     986,976 wr)
==2965== LL misses:        41,444,384  (   40,947,355 rd   +     497,029 wr)
==2965== LL miss rate:            0.4% (          0.4%     +         0.2%  )
==2986== Cachegrind, a cache and branch-prediction profiler
==2986== Copyright (C) 2002-2017, and GNU GPL'd, by Nicholas Nethercote et al.
==2986== Using Valgrind-3.15.0 and LibVEX; rerun with -h for copyright info
==2986== Command: bin/cg.W
==2986== 
--2986-- warning: L3 cache found, using its data for the LL simulation.
==2986== error calling PR_SET_PTRACER, vgdb might block


 NAS Parallel Benchmarks 3.0 structured OpenMP C version - CG Benchmark
 Size:       7000
 Iterations:    15
   iteration           ||r||                 zeta
        1       1.75577866390786e-13 1.1999700372738e+01
        2       2.28102998490821e-15 1.0345727566406e+01
        3       2.29929812980076e-15 1.0361788013796e+01
        4       2.25904223969286e-15 1.0362541628497e+01
        5       2.19140434130482e-15 1.0362590585447e+01
        6       2.26076623307409e-15 1.0362594646709e+01
        7       2.15949942350393e-15 1.0362595039834e+01
        8       2.16821905164632e-15 1.0362595081727e+01
        9       2.19136957083965e-15 1.0362595086482e+01
       10       2.13623428602257e-15 1.0362595087045e+01
       11       2.15793560723343e-15 1.0362595087114e+01
       12       2.07329747104467e-15 1.0362595087123e+01
       13       2.08607003590876e-15 1.0362595087124e+01
       14       2.05659826489763e-15 1.0362595087124e+01
       15       2.04564683596005e-15 1.0362595087124e+01
 Benchmark completed
 VERIFICATION SUCCESSFUL
 Zeta is      1.036259508712e+01
 Error is     8.881784197001e-15


 CG Benchmark Completed
 Class           =                        W
 Size            =                     7000
 Iterations      =                       15
 Threads         =                        1
 Time in seconds =                    32.86
 Mop/s total     =                    12.80
 Operation type  =           floating point
 Verification    =               SUCCESSFUL
 Version         =           3.0 structured
 Compile date    =              09 Nov 2021

 Compile options:
    CC           = gcc
    CLINK        = gcc
    C_LIB        = -lm
    C_INC        = -I../common
    CFLAGS       = -O0
    CLINKFLAGS   = (none)
    RAND         = randdp

 Execution time
 Seconds : 36
 Micro seconds : 35498287
==2986== 
==2986== I   refs:      7,179,830,307
==2986== I1  misses:            1,545
==2986== LLi misses:            1,533
==2986== I1  miss rate:          0.00%
==2986== LLi miss rate:          0.00%
==2986== 
==2986== D   refs:      3,488,625,517  (3,237,211,339 rd   + 251,414,178 wr)
==2986== D1  misses:      115,426,233  (  114,439,257 rd   +     986,976 wr)
==2986== LLd misses:       41,442,851  (   40,945,822 rd   +     497,029 wr)
==2986== D1  miss rate:           3.3% (          3.5%     +         0.4%  )
==2986== LLd miss rate:           1.2% (          1.3%     +         0.2%  )
==2986== 
==2986== LL refs:         115,427,778  (  114,440,802 rd   +     986,976 wr)
==2986== LL misses:        41,444,384  (   40,947,355 rd   +     497,029 wr)
==2986== LL miss rate:            0.4% (          0.4%     +         0.2%  )
==2998== Cachegrind, a cache and branch-prediction profiler
==2998== Copyright (C) 2002-2017, and GNU GPL'd, by Nicholas Nethercote et al.
==2998== Using Valgrind-3.15.0 and LibVEX; rerun with -h for copyright info
==2998== Command: bin/cg.W
==2998== 
--2998-- warning: L3 cache found, using its data for the LL simulation.
==2998== error calling PR_SET_PTRACER, vgdb might block


 NAS Parallel Benchmarks 3.0 structured OpenMP C version - CG Benchmark
 Size:       7000
 Iterations:    15
   iteration           ||r||                 zeta
        1       1.75577866390786e-13 1.1999700372738e+01
        2       2.28102998490821e-15 1.0345727566406e+01
        3       2.29929812980076e-15 1.0361788013796e+01
        4       2.25904223969286e-15 1.0362541628497e+01
        5       2.19140434130482e-15 1.0362590585447e+01
        6       2.26076623307409e-15 1.0362594646709e+01
        7       2.15949942350393e-15 1.0362595039834e+01
        8       2.16821905164632e-15 1.0362595081727e+01
        9       2.19136957083965e-15 1.0362595086482e+01
       10       2.13623428602257e-15 1.0362595087045e+01
       11       2.15793560723343e-15 1.0362595087114e+01
       12       2.07329747104467e-15 1.0362595087123e+01
       13       2.08607003590876e-15 1.0362595087124e+01
       14       2.05659826489763e-15 1.0362595087124e+01
       15       2.04564683596005e-15 1.0362595087124e+01
 Benchmark completed
 VERIFICATION SUCCESSFUL
 Zeta is      1.036259508712e+01
 Error is     8.881784197001e-15


 CG Benchmark Completed
 Class           =                        W
 Size            =                     7000
 Iterations      =                       15
 Threads         =                        1
 Time in seconds =                    28.93
 Mop/s total     =                    14.54
 Operation type  =           floating point
 Verification    =               SUCCESSFUL
 Version         =           3.0 structured
 Compile date    =              09 Nov 2021

 Compile options:
    CC           = gcc
    CLINK        = gcc
    C_LIB        = -lm
    C_INC        = -I../common
    CFLAGS       = -O0
    CLINKFLAGS   = (none)
    RAND         = randdp

 Execution time
 Seconds : 31
 Micro seconds : 31637250
==2998== 
==2998== I   refs:      7,179,830,322
==2998== I1  misses:            1,545
==2998== LLi misses:            1,533
==2998== I1  miss rate:          0.00%
==2998== LLi miss rate:          0.00%
==2998== 
==2998== D   refs:      3,488,625,523  (3,237,211,342 rd   + 251,414,181 wr)
==2998== D1  misses:      115,426,233  (  114,439,257 rd   +     986,976 wr)
==2998== LLd misses:       41,442,851  (   40,945,822 rd   +     497,029 wr)
==2998== D1  miss rate:           3.3% (          3.5%     +         0.4%  )
==2998== LLd miss rate:           1.2% (          1.3%     +         0.2%  )
==2998== 
==2998== LL refs:         115,427,778  (  114,440,802 rd   +     986,976 wr)
==2998== LL misses:        41,444,384  (   40,947,355 rd   +     497,029 wr)
==2998== LL miss rate:            0.4% (          0.4%     +         0.2%  )
==3008== Cachegrind, a cache and branch-prediction profiler
==3008== Copyright (C) 2002-2017, and GNU GPL'd, by Nicholas Nethercote et al.
==3008== Using Valgrind-3.15.0 and LibVEX; rerun with -h for copyright info
==3008== Command: bin/cg.W
==3008== 
--3008-- warning: L3 cache found, using its data for the LL simulation.
==3008== error calling PR_SET_PTRACER, vgdb might block


 NAS Parallel Benchmarks 3.0 structured OpenMP C version - CG Benchmark
 Size:       7000
 Iterations:    15
   iteration           ||r||                 zeta
        1       1.75577866390786e-13 1.1999700372738e+01
        2       2.28102998490821e-15 1.0345727566406e+01
        3       2.29929812980076e-15 1.0361788013796e+01
        4       2.25904223969286e-15 1.0362541628497e+01
        5       2.19140434130482e-15 1.0362590585447e+01
        6       2.26076623307409e-15 1.0362594646709e+01
        7       2.15949942350393e-15 1.0362595039834e+01
        8       2.16821905164632e-15 1.0362595081727e+01
        9       2.19136957083965e-15 1.0362595086482e+01
       10       2.13623428602257e-15 1.0362595087045e+01
       11       2.15793560723343e-15 1.0362595087114e+01
       12       2.07329747104467e-15 1.0362595087123e+01
       13       2.08607003590876e-15 1.0362595087124e+01
       14       2.05659826489763e-15 1.0362595087124e+01
       15       2.04564683596005e-15 1.0362595087124e+01
 Benchmark completed
 VERIFICATION SUCCESSFUL
 Zeta is      1.036259508712e+01
 Error is     8.881784197001e-15


 CG Benchmark Completed
 Class           =                        W
 Size            =                     7000
 Iterations      =                       15
 Threads         =                        1
 Time in seconds =                    29.57
 Mop/s total     =                    14.22
 Operation type  =           floating point
 Verification    =               SUCCESSFUL
 Version         =           3.0 structured
 Compile date    =              09 Nov 2021

 Compile options:
    CC           = gcc
    CLINK        = gcc
    C_LIB        = -lm
    C_INC        = -I../common
    CFLAGS       = -O0
    CLINKFLAGS   = (none)
    RAND         = randdp

 Execution time
 Seconds : 32
 Micro seconds : 32299855
==3008== 
==3008== I   refs:      7,179,830,288
==3008== I1  misses:            1,542
==3008== LLi misses:            1,530
==3008== I1  miss rate:          0.00%
==3008== LLi miss rate:          0.00%
==3008== 
==3008== D   refs:      3,488,625,510  (3,237,211,332 rd   + 251,414,178 wr)
==3008== D1  misses:      115,426,233  (  114,439,257 rd   +     986,976 wr)
==3008== LLd misses:       41,442,851  (   40,945,822 rd   +     497,029 wr)
==3008== D1  miss rate:           3.3% (          3.5%     +         0.4%  )
==3008== LLd miss rate:           1.2% (          1.3%     +         0.2%  )
==3008== 
==3008== LL refs:         115,427,775  (  114,440,799 rd   +     986,976 wr)
==3008== LL misses:        41,444,381  (   40,947,352 rd   +     497,029 wr)
==3008== LL miss rate:            0.4% (          0.4%     +         0.2%  )
==3018== Cachegrind, a cache and branch-prediction profiler
==3018== Copyright (C) 2002-2017, and GNU GPL'd, by Nicholas Nethercote et al.
==3018== Using Valgrind-3.15.0 and LibVEX; rerun with -h for copyright info
==3018== Command: bin/cg.W
==3018== 
--3018-- warning: L3 cache found, using its data for the LL simulation.
==3018== error calling PR_SET_PTRACER, vgdb might block


 NAS Parallel Benchmarks 3.0 structured OpenMP C version - CG Benchmark
 Size:       7000
 Iterations:    15
   iteration           ||r||                 zeta
        1       1.75577866390786e-13 1.1999700372738e+01
        2       2.28102998490821e-15 1.0345727566406e+01
        3       2.29929812980076e-15 1.0361788013796e+01
        4       2.25904223969286e-15 1.0362541628497e+01
        5       2.19140434130482e-15 1.0362590585447e+01
        6       2.26076623307409e-15 1.0362594646709e+01
        7       2.15949942350393e-15 1.0362595039834e+01
        8       2.16821905164632e-15 1.0362595081727e+01
        9       2.19136957083965e-15 1.0362595086482e+01
       10       2.13623428602257e-15 1.0362595087045e+01
       11       2.15793560723343e-15 1.0362595087114e+01
       12       2.07329747104467e-15 1.0362595087123e+01
       13       2.08607003590876e-15 1.0362595087124e+01
       14       2.05659826489763e-15 1.0362595087124e+01
       15       2.04564683596005e-15 1.0362595087124e+01
 Benchmark completed
 VERIFICATION SUCCESSFUL
 Zeta is      1.036259508712e+01
 Error is     8.881784197001e-15


 CG Benchmark Completed
 Class           =                        W
 Size            =                     7000
 Iterations      =                       15
 Threads         =                        1
 Time in seconds =                    31.31
 Mop/s total     =                    13.43
 Operation type  =           floating point
 Verification    =               SUCCESSFUL
 Version         =           3.0 structured
 Compile date    =              09 Nov 2021

 Compile options:
    CC           = gcc
    CLINK        = gcc
    C_LIB        = -lm
    C_INC        = -I../common
    CFLAGS       = -O0
    CLINKFLAGS   = (none)
    RAND         = randdp

 Execution time
 Seconds : 34
 Micro seconds : 33932712
==3018== 
==3018== I   refs:      7,179,830,278
==3018== I1  misses:            1,542
==3018== LLi misses:            1,530
==3018== I1  miss rate:          0.00%
==3018== LLi miss rate:          0.00%
==3018== 
==3018== D   refs:      3,488,625,505  (3,237,211,329 rd   + 251,414,176 wr)
==3018== D1  misses:      115,426,233  (  114,439,257 rd   +     986,976 wr)
==3018== LLd misses:       41,442,851  (   40,945,822 rd   +     497,029 wr)
==3018== D1  miss rate:           3.3% (          3.5%     +         0.4%  )
==3018== LLd miss rate:           1.2% (          1.3%     +         0.2%  )
==3018== 
==3018== LL refs:         115,427,775  (  114,440,799 rd   +     986,976 wr)
==3018== LL misses:        41,444,381  (   40,947,352 rd   +     497,029 wr)
==3018== LL miss rate:            0.4% (          0.4%     +         0.2%  )
==3028== Cachegrind, a cache and branch-prediction profiler
==3028== Copyright (C) 2002-2017, and GNU GPL'd, by Nicholas Nethercote et al.
==3028== Using Valgrind-3.15.0 and LibVEX; rerun with -h for copyright info
==3028== Command: bin/cg.W
==3028== 
--3028-- warning: L3 cache found, using its data for the LL simulation.
==3028== error calling PR_SET_PTRACER, vgdb might block


 NAS Parallel Benchmarks 3.0 structured OpenMP C version - CG Benchmark
 Size:       7000
 Iterations:    15
   iteration           ||r||                 zeta
        1       1.75577866390786e-13 1.1999700372738e+01
        2       2.28102998490821e-15 1.0345727566406e+01
        3       2.29929812980076e-15 1.0361788013796e+01
        4       2.25904223969286e-15 1.0362541628497e+01
        5       2.19140434130482e-15 1.0362590585447e+01
        6       2.26076623307409e-15 1.0362594646709e+01
        7       2.15949942350393e-15 1.0362595039834e+01
        8       2.16821905164632e-15 1.0362595081727e+01
        9       2.19136957083965e-15 1.0362595086482e+01
       10       2.13623428602257e-15 1.0362595087045e+01
       11       2.15793560723343e-15 1.0362595087114e+01
       12       2.07329747104467e-15 1.0362595087123e+01
       13       2.08607003590876e-15 1.0362595087124e+01
       14       2.05659826489763e-15 1.0362595087124e+01
       15       2.04564683596005e-15 1.0362595087124e+01
 Benchmark completed
 VERIFICATION SUCCESSFUL
 Zeta is      1.036259508712e+01
 Error is     8.881784197001e-15


 CG Benchmark Completed
 Class           =                        W
 Size            =                     7000
 Iterations      =                       15
 Threads         =                        1
 Time in seconds =                    28.94
 Mop/s total     =                    14.53
 Operation type  =           floating point
 Verification    =               SUCCESSFUL
 Version         =           3.0 structured
 Compile date    =              09 Nov 2021

 Compile options:
    CC           = gcc
    CLINK        = gcc
    C_LIB        = -lm
    C_INC        = -I../common
    CFLAGS       = -O0
    CLINKFLAGS   = (none)
    RAND         = randdp

 Execution time
 Seconds : 32
 Micro seconds : 31613951
==3028== 
==3028== I   refs:      7,179,830,288
==3028== I1  misses:            1,542
==3028== LLi misses:            1,530
==3028== I1  miss rate:          0.00%
==3028== LLi miss rate:          0.00%
==3028== 
==3028== D   refs:      3,488,625,507  (3,237,211,331 rd   + 251,414,176 wr)
==3028== D1  misses:      115,426,233  (  114,439,257 rd   +     986,976 wr)
==3028== LLd misses:       41,442,851  (   40,945,822 rd   +     497,029 wr)
==3028== D1  miss rate:           3.3% (          3.5%     +         0.4%  )
==3028== LLd miss rate:           1.2% (          1.3%     +         0.2%  )
==3028== 
==3028== LL refs:         115,427,775  (  114,440,799 rd   +     986,976 wr)
==3028== LL misses:        41,444,381  (   40,947,352 rd   +     497,029 wr)
==3028== LL miss rate:            0.4% (          0.4%     +         0.2%  )
==3040== Cachegrind, a cache and branch-prediction profiler
==3040== Copyright (C) 2002-2017, and GNU GPL'd, by Nicholas Nethercote et al.
==3040== Using Valgrind-3.15.0 and LibVEX; rerun with -h for copyright info
==3040== Command: bin/cg.W
==3040== 
--3040-- warning: L3 cache found, using its data for the LL simulation.
==3040== error calling PR_SET_PTRACER, vgdb might block


 NAS Parallel Benchmarks 3.0 structured OpenMP C version - CG Benchmark
 Size:       7000
 Iterations:    15
   iteration           ||r||                 zeta
        1       1.75577866390786e-13 1.1999700372738e+01
        2       2.28102998490821e-15 1.0345727566406e+01
        3       2.29929812980076e-15 1.0361788013796e+01
        4       2.25904223969286e-15 1.0362541628497e+01
        5       2.19140434130482e-15 1.0362590585447e+01
        6       2.26076623307409e-15 1.0362594646709e+01
        7       2.15949942350393e-15 1.0362595039834e+01
        8       2.16821905164632e-15 1.0362595081727e+01
        9       2.19136957083965e-15 1.0362595086482e+01
       10       2.13623428602257e-15 1.0362595087045e+01
       11       2.15793560723343e-15 1.0362595087114e+01
       12       2.07329747104467e-15 1.0362595087123e+01
       13       2.08607003590876e-15 1.0362595087124e+01
       14       2.05659826489763e-15 1.0362595087124e+01
       15       2.04564683596005e-15 1.0362595087124e+01
 Benchmark completed
 VERIFICATION SUCCESSFUL
 Zeta is      1.036259508712e+01
 Error is     8.881784197001e-15


 CG Benchmark Completed
 Class           =                        W
 Size            =                     7000
 Iterations      =                       15
 Threads         =                        1
 Time in seconds =                    31.10
 Mop/s total     =                    13.52
 Operation type  =           floating point
 Verification    =               SUCCESSFUL
 Version         =           3.0 structured
 Compile date    =              09 Nov 2021

 Compile options:
    CC           = gcc
    CLINK        = gcc
    C_LIB        = -lm
    C_INC        = -I../common
    CFLAGS       = -O0
    CLINKFLAGS   = (none)
    RAND         = randdp

 Execution time
 Seconds : 35
 Micro seconds : 34291293
==3040== 
==3040== I   refs:      7,179,830,258
==3040== I1  misses:            1,542
==3040== LLi misses:            1,530
==3040== I1  miss rate:          0.00%
==3040== LLi miss rate:          0.00%
==3040== 
==3040== D   refs:      3,488,625,495  (3,237,211,325 rd   + 251,414,170 wr)
==3040== D1  misses:      115,426,233  (  114,439,257 rd   +     986,976 wr)
==3040== LLd misses:       41,442,851  (   40,945,822 rd   +     497,029 wr)
==3040== D1  miss rate:           3.3% (          3.5%     +         0.4%  )
==3040== LLd miss rate:           1.2% (          1.3%     +         0.2%  )
==3040== 
==3040== LL refs:         115,427,775  (  114,440,799 rd   +     986,976 wr)
==3040== LL misses:        41,444,381  (   40,947,352 rd   +     497,029 wr)
==3040== LL miss rate:            0.4% (          0.4%     +         0.2%  )
==3053== Cachegrind, a cache and branch-prediction profiler
==3053== Copyright (C) 2002-2017, and GNU GPL'd, by Nicholas Nethercote et al.
==3053== Using Valgrind-3.15.0 and LibVEX; rerun with -h for copyright info
==3053== Command: bin/cg.W
==3053== 
--3053-- warning: L3 cache found, using its data for the LL simulation.
==3053== error calling PR_SET_PTRACER, vgdb might block


 NAS Parallel Benchmarks 3.0 structured OpenMP C version - CG Benchmark
 Size:       7000
 Iterations:    15
   iteration           ||r||                 zeta
        1       1.75577866390786e-13 1.1999700372738e+01
        2       2.28102998490821e-15 1.0345727566406e+01
        3       2.29929812980076e-15 1.0361788013796e+01
        4       2.25904223969286e-15 1.0362541628497e+01
        5       2.19140434130482e-15 1.0362590585447e+01
        6       2.26076623307409e-15 1.0362594646709e+01
        7       2.15949942350393e-15 1.0362595039834e+01
        8       2.16821905164632e-15 1.0362595081727e+01
        9       2.19136957083965e-15 1.0362595086482e+01
       10       2.13623428602257e-15 1.0362595087045e+01
       11       2.15793560723343e-15 1.0362595087114e+01
       12       2.07329747104467e-15 1.0362595087123e+01
       13       2.08607003590876e-15 1.0362595087124e+01
       14       2.05659826489763e-15 1.0362595087124e+01
       15       2.04564683596005e-15 1.0362595087124e+01
 Benchmark completed
 VERIFICATION SUCCESSFUL
 Zeta is      1.036259508712e+01
 Error is     8.881784197001e-15


 CG Benchmark Completed
 Class           =                        W
 Size            =                     7000
 Iterations      =                       15
 Threads         =                        1
 Time in seconds =                    27.49
 Mop/s total     =                    15.30
 Operation type  =           floating point
 Verification    =               SUCCESSFUL
 Version         =           3.0 structured
 Compile date    =              09 Nov 2021

 Compile options:
    CC           = gcc
    CLINK        = gcc
    C_LIB        = -lm
    C_INC        = -I../common
    CFLAGS       = -O0
    CLINKFLAGS   = (none)
    RAND         = randdp

 Execution time
 Seconds : 30
 Micro seconds : 30040592
==3053== 
==3053== I   refs:      7,179,830,298
==3053== I1  misses:            1,545
==3053== LLi misses:            1,533
==3053== I1  miss rate:          0.00%
==3053== LLi miss rate:          0.00%
==3053== 
==3053== D   refs:      3,488,625,511  (3,237,211,335 rd   + 251,414,176 wr)
==3053== D1  misses:      115,426,233  (  114,439,257 rd   +     986,976 wr)
==3053== LLd misses:       41,442,851  (   40,945,822 rd   +     497,029 wr)
==3053== D1  miss rate:           3.3% (          3.5%     +         0.4%  )
==3053== LLd miss rate:           1.2% (          1.3%     +         0.2%  )
==3053== 
==3053== LL refs:         115,427,778  (  114,440,802 rd   +     986,976 wr)
==3053== LL misses:        41,444,384  (   40,947,355 rd   +     497,029 wr)
==3053== LL miss rate:            0.4% (          0.4%     +         0.2%  )
==3063== Cachegrind, a cache and branch-prediction profiler
==3063== Copyright (C) 2002-2017, and GNU GPL'd, by Nicholas Nethercote et al.
==3063== Using Valgrind-3.15.0 and LibVEX; rerun with -h for copyright info
==3063== Command: bin/cg.W
==3063== 
--3063-- warning: L3 cache found, using its data for the LL simulation.
==3063== error calling PR_SET_PTRACER, vgdb might block


 NAS Parallel Benchmarks 3.0 structured OpenMP C version - CG Benchmark
 Size:       7000
 Iterations:    15
   iteration           ||r||                 zeta
        1       1.75577866390786e-13 1.1999700372738e+01
        2       2.28102998490821e-15 1.0345727566406e+01
        3       2.29929812980076e-15 1.0361788013796e+01
        4       2.25904223969286e-15 1.0362541628497e+01
        5       2.19140434130482e-15 1.0362590585447e+01
        6       2.26076623307409e-15 1.0362594646709e+01
        7       2.15949942350393e-15 1.0362595039834e+01
        8       2.16821905164632e-15 1.0362595081727e+01
        9       2.19136957083965e-15 1.0362595086482e+01
       10       2.13623428602257e-15 1.0362595087045e+01
       11       2.15793560723343e-15 1.0362595087114e+01
       12       2.07329747104467e-15 1.0362595087123e+01
       13       2.08607003590876e-15 1.0362595087124e+01
       14       2.05659826489763e-15 1.0362595087124e+01
       15       2.04564683596005e-15 1.0362595087124e+01
 Benchmark completed
 VERIFICATION SUCCESSFUL
 Zeta is      1.036259508712e+01
 Error is     8.881784197001e-15


 CG Benchmark Completed
 Class           =                        W
 Size            =                     7000
 Iterations      =                       15
 Threads         =                        1
 Time in seconds =                    27.09
 Mop/s total     =                    15.52
 Operation type  =           floating point
 Verification    =               SUCCESSFUL
 Version         =           3.0 structured
 Compile date    =              09 Nov 2021

 Compile options:
    CC           = gcc
    CLINK        = gcc
    C_LIB        = -lm
    C_INC        = -I../common
    CFLAGS       = -O0
    CLINKFLAGS   = (none)
    RAND         = randdp

 Execution time
 Seconds : 29
 Micro seconds : 29627066
==3063== 
==3063== I   refs:      7,179,830,285
==3063== I1  misses:            1,542
==3063== LLi misses:            1,530
==3063== I1  miss rate:          0.00%
==3063== LLi miss rate:          0.00%
==3063== 
==3063== D   refs:      3,488,625,509  (3,237,211,332 rd   + 251,414,177 wr)
==3063== D1  misses:      115,426,233  (  114,439,257 rd   +     986,976 wr)
==3063== LLd misses:       41,442,851  (   40,945,822 rd   +     497,029 wr)
==3063== D1  miss rate:           3.3% (          3.5%     +         0.4%  )
==3063== LLd miss rate:           1.2% (          1.3%     +         0.2%  )
==3063== 
==3063== LL refs:         115,427,775  (  114,440,799 rd   +     986,976 wr)
==3063== LL misses:        41,444,381  (   40,947,352 rd   +     497,029 wr)
==3063== LL miss rate:            0.4% (          0.4%     +         0.2%  )
