==3266== Cachegrind, a cache and branch-prediction profiler
==3266== Copyright (C) 2002-2017, and GNU GPL'd, by Nicholas Nethercote et al.
==3266== Using Valgrind-3.15.0 and LibVEX; rerun with -h for copyright info
==3266== Command: bin/cg.W
==3266== 
--3266-- warning: L3 cache found, using its data for the LL simulation.
==3266== error calling PR_SET_PTRACER, vgdb might block


 NAS Parallel Benchmarks 3.0 structured OpenMP C version - CG Benchmark
 Size:       7000
 Iterations:    15
   iteration           ||r||                 zeta
        1       1.75577866390786e-13 1.1999700372738e+01
        2       2.28102998490821e-15 1.0345727566406e+01
        3       2.29929812980076e-15 1.0361788013796e+01
        4       2.25904223969286e-15 1.0362541628497e+01
        5       2.19140434130482e-15 1.0362590585447e+01
        6       2.26076623307409e-15 1.0362594646709e+01
        7       2.15949942350393e-15 1.0362595039834e+01
        8       2.16821905164632e-15 1.0362595081727e+01
        9       2.19136957083965e-15 1.0362595086482e+01
       10       2.13623428602257e-15 1.0362595087045e+01
       11       2.15793560723343e-15 1.0362595087114e+01
       12       2.07329747104467e-15 1.0362595087123e+01
       13       2.08607003590876e-15 1.0362595087124e+01
       14       2.05659826489763e-15 1.0362595087124e+01
       15       2.04564683596005e-15 1.0362595087124e+01
 Benchmark completed
 VERIFICATION SUCCESSFUL
 Zeta is      1.036259508712e+01
 Error is     8.881784197001e-15


 CG Benchmark Completed
 Class           =                        W
 Size            =                     7000
 Iterations      =                       15
 Threads         =                        1
 Time in seconds =                    11.58
 Mop/s total     =                    36.33
 Operation type  =           floating point
 Verification    =               SUCCESSFUL
 Version         =           3.0 structured
 Compile date    =              10 Nov 2021

 Compile options:
    CC           = gcc
    CLINK        = gcc
    C_LIB        = -lm
    C_INC        = -I../common
    CFLAGS       = -O2
    CLINKFLAGS   = (none)
    RAND         = randdp

 Execution time
 Seconds : 13
 Micro seconds : 12674079
==3266== 
==3266== I   refs:      1,660,202,136
==3266== I1  misses:            1,488
==3266== LLi misses:            1,476
==3266== I1  miss rate:          0.00%
==3266== LLi miss rate:          0.00%
==3266== 
==3266== D   refs:        701,244,949  (678,551,993 rd   + 22,692,956 wr)
==3266== D1  misses:      114,760,670  (113,773,697 rd   +    986,973 wr)
==3266== LLd misses:       41,442,698  ( 40,946,992 rd   +    495,706 wr)
==3266== D1  miss rate:          16.4% (       16.8%     +        4.3%  )
==3266== LLd miss rate:           5.9% (        6.0%     +        2.2%  )
==3266== 
==3266== LL refs:         114,762,158  (113,775,185 rd   +    986,973 wr)
==3266== LL misses:        41,444,174  ( 40,948,468 rd   +    495,706 wr)
==3266== LL miss rate:            1.8% (        1.8%     +        2.2%  )
==3276== Cachegrind, a cache and branch-prediction profiler
==3276== Copyright (C) 2002-2017, and GNU GPL'd, by Nicholas Nethercote et al.
==3276== Using Valgrind-3.15.0 and LibVEX; rerun with -h for copyright info
==3276== Command: bin/cg.W
==3276== 
--3276-- warning: L3 cache found, using its data for the LL simulation.
==3276== error calling PR_SET_PTRACER, vgdb might block


 NAS Parallel Benchmarks 3.0 structured OpenMP C version - CG Benchmark
 Size:       7000
 Iterations:    15
   iteration           ||r||                 zeta
        1       1.75577866390786e-13 1.1999700372738e+01
        2       2.28102998490821e-15 1.0345727566406e+01
        3       2.29929812980076e-15 1.0361788013796e+01
        4       2.25904223969286e-15 1.0362541628497e+01
        5       2.19140434130482e-15 1.0362590585447e+01
        6       2.26076623307409e-15 1.0362594646709e+01
        7       2.15949942350393e-15 1.0362595039834e+01
        8       2.16821905164632e-15 1.0362595081727e+01
        9       2.19136957083965e-15 1.0362595086482e+01
       10       2.13623428602257e-15 1.0362595087045e+01
       11       2.15793560723343e-15 1.0362595087114e+01
       12       2.07329747104467e-15 1.0362595087123e+01
       13       2.08607003590876e-15 1.0362595087124e+01
       14       2.05659826489763e-15 1.0362595087124e+01
       15       2.04564683596005e-15 1.0362595087124e+01
 Benchmark completed
 VERIFICATION SUCCESSFUL
 Zeta is      1.036259508712e+01
 Error is     8.881784197001e-15


 CG Benchmark Completed
 Class           =                        W
 Size            =                     7000
 Iterations      =                       15
 Threads         =                        1
 Time in seconds =                    10.15
 Mop/s total     =                    41.44
 Operation type  =           floating point
 Verification    =               SUCCESSFUL
 Version         =           3.0 structured
 Compile date    =              10 Nov 2021

 Compile options:
    CC           = gcc
    CLINK        = gcc
    C_LIB        = -lm
    C_INC        = -I../common
    CFLAGS       = -O2
    CLINKFLAGS   = (none)
    RAND         = randdp

 Execution time
 Seconds : 11
 Micro seconds : 11183197
==3276== 
==3276== I   refs:      1,660,202,116
==3276== I1  misses:            1,488
==3276== LLi misses:            1,476
==3276== I1  miss rate:          0.00%
==3276== LLi miss rate:          0.00%
==3276== 
==3276== D   refs:        701,244,937  (678,551,988 rd   + 22,692,949 wr)
==3276== D1  misses:      114,760,670  (113,773,697 rd   +    986,973 wr)
==3276== LLd misses:       41,442,698  ( 40,946,992 rd   +    495,706 wr)
==3276== D1  miss rate:          16.4% (       16.8%     +        4.3%  )
==3276== LLd miss rate:           5.9% (        6.0%     +        2.2%  )
==3276== 
==3276== LL refs:         114,762,158  (113,775,185 rd   +    986,973 wr)
==3276== LL misses:        41,444,174  ( 40,948,468 rd   +    495,706 wr)
==3276== LL miss rate:            1.8% (        1.8%     +        2.2%  )
==3286== Cachegrind, a cache and branch-prediction profiler
==3286== Copyright (C) 2002-2017, and GNU GPL'd, by Nicholas Nethercote et al.
==3286== Using Valgrind-3.15.0 and LibVEX; rerun with -h for copyright info
==3286== Command: bin/cg.W
==3286== 
--3286-- warning: L3 cache found, using its data for the LL simulation.
==3286== error calling PR_SET_PTRACER, vgdb might block


 NAS Parallel Benchmarks 3.0 structured OpenMP C version - CG Benchmark
 Size:       7000
 Iterations:    15
   iteration           ||r||                 zeta
        1       1.75577866390786e-13 1.1999700372738e+01
        2       2.28102998490821e-15 1.0345727566406e+01
        3       2.29929812980076e-15 1.0361788013796e+01
        4       2.25904223969286e-15 1.0362541628497e+01
        5       2.19140434130482e-15 1.0362590585447e+01
        6       2.26076623307409e-15 1.0362594646709e+01
        7       2.15949942350393e-15 1.0362595039834e+01
        8       2.16821905164632e-15 1.0362595081727e+01
        9       2.19136957083965e-15 1.0362595086482e+01
       10       2.13623428602257e-15 1.0362595087045e+01
       11       2.15793560723343e-15 1.0362595087114e+01
       12       2.07329747104467e-15 1.0362595087123e+01
       13       2.08607003590876e-15 1.0362595087124e+01
       14       2.05659826489763e-15 1.0362595087124e+01
       15       2.04564683596005e-15 1.0362595087124e+01
 Benchmark completed
 VERIFICATION SUCCESSFUL
 Zeta is      1.036259508712e+01
 Error is     8.881784197001e-15


 CG Benchmark Completed
 Class           =                        W
 Size            =                     7000
 Iterations      =                       15
 Threads         =                        1
 Time in seconds =                    10.14
 Mop/s total     =                    41.49
 Operation type  =           floating point
 Verification    =               SUCCESSFUL
 Version         =           3.0 structured
 Compile date    =              10 Nov 2021

 Compile options:
    CC           = gcc
    CLINK        = gcc
    C_LIB        = -lm
    C_INC        = -I../common
    CFLAGS       = -O2
    CLINKFLAGS   = (none)
    RAND         = randdp

 Execution time
 Seconds : 11
 Micro seconds : 11202339
==3286== 
==3286== I   refs:      1,660,202,120
==3286== I1  misses:            1,488
==3286== LLi misses:            1,476
==3286== I1  miss rate:          0.00%
==3286== LLi miss rate:          0.00%
==3286== 
==3286== D   refs:        701,244,940  (678,551,989 rd   + 22,692,951 wr)
==3286== D1  misses:      114,760,670  (113,773,697 rd   +    986,973 wr)
==3286== LLd misses:       41,442,698  ( 40,946,992 rd   +    495,706 wr)
==3286== D1  miss rate:          16.4% (       16.8%     +        4.3%  )
==3286== LLd miss rate:           5.9% (        6.0%     +        2.2%  )
==3286== 
==3286== LL refs:         114,762,158  (113,775,185 rd   +    986,973 wr)
==3286== LL misses:        41,444,174  ( 40,948,468 rd   +    495,706 wr)
==3286== LL miss rate:            1.8% (        1.8%     +        2.2%  )
==3296== Cachegrind, a cache and branch-prediction profiler
==3296== Copyright (C) 2002-2017, and GNU GPL'd, by Nicholas Nethercote et al.
==3296== Using Valgrind-3.15.0 and LibVEX; rerun with -h for copyright info
==3296== Command: bin/cg.W
==3296== 
--3296-- warning: L3 cache found, using its data for the LL simulation.
==3296== error calling PR_SET_PTRACER, vgdb might block


 NAS Parallel Benchmarks 3.0 structured OpenMP C version - CG Benchmark
 Size:       7000
 Iterations:    15
   iteration           ||r||                 zeta
        1       1.75577866390786e-13 1.1999700372738e+01
        2       2.28102998490821e-15 1.0345727566406e+01
        3       2.29929812980076e-15 1.0361788013796e+01
        4       2.25904223969286e-15 1.0362541628497e+01
        5       2.19140434130482e-15 1.0362590585447e+01
        6       2.26076623307409e-15 1.0362594646709e+01
        7       2.15949942350393e-15 1.0362595039834e+01
        8       2.16821905164632e-15 1.0362595081727e+01
        9       2.19136957083965e-15 1.0362595086482e+01
       10       2.13623428602257e-15 1.0362595087045e+01
       11       2.15793560723343e-15 1.0362595087114e+01
       12       2.07329747104467e-15 1.0362595087123e+01
       13       2.08607003590876e-15 1.0362595087124e+01
       14       2.05659826489763e-15 1.0362595087124e+01
       15       2.04564683596005e-15 1.0362595087124e+01
 Benchmark completed
 VERIFICATION SUCCESSFUL
 Zeta is      1.036259508712e+01
 Error is     8.881784197001e-15


 CG Benchmark Completed
 Class           =                        W
 Size            =                     7000
 Iterations      =                       15
 Threads         =                        1
 Time in seconds =                    10.34
 Mop/s total     =                    40.67
 Operation type  =           floating point
 Verification    =               SUCCESSFUL
 Version         =           3.0 structured
 Compile date    =              10 Nov 2021

 Compile options:
    CC           = gcc
    CLINK        = gcc
    C_LIB        = -lm
    C_INC        = -I../common
    CFLAGS       = -O2
    CLINKFLAGS   = (none)
    RAND         = randdp

 Execution time
 Seconds : 11
 Micro seconds : 11381604
==3296== 
==3296== I   refs:      1,660,202,129
==3296== I1  misses:            1,488
==3296== LLi misses:            1,476
==3296== I1  miss rate:          0.00%
==3296== LLi miss rate:          0.00%
==3296== 
==3296== D   refs:        701,244,944  (678,551,992 rd   + 22,692,952 wr)
==3296== D1  misses:      114,760,670  (113,773,697 rd   +    986,973 wr)
==3296== LLd misses:       41,442,698  ( 40,946,992 rd   +    495,706 wr)
==3296== D1  miss rate:          16.4% (       16.8%     +        4.3%  )
==3296== LLd miss rate:           5.9% (        6.0%     +        2.2%  )
==3296== 
==3296== LL refs:         114,762,158  (113,775,185 rd   +    986,973 wr)
==3296== LL misses:        41,444,174  ( 40,948,468 rd   +    495,706 wr)
==3296== LL miss rate:            1.8% (        1.8%     +        2.2%  )
==3306== Cachegrind, a cache and branch-prediction profiler
==3306== Copyright (C) 2002-2017, and GNU GPL'd, by Nicholas Nethercote et al.
==3306== Using Valgrind-3.15.0 and LibVEX; rerun with -h for copyright info
==3306== Command: bin/cg.W
==3306== 
--3306-- warning: L3 cache found, using its data for the LL simulation.
==3306== error calling PR_SET_PTRACER, vgdb might block


 NAS Parallel Benchmarks 3.0 structured OpenMP C version - CG Benchmark
 Size:       7000
 Iterations:    15
   iteration           ||r||                 zeta
        1       1.75577866390786e-13 1.1999700372738e+01
        2       2.28102998490821e-15 1.0345727566406e+01
        3       2.29929812980076e-15 1.0361788013796e+01
        4       2.25904223969286e-15 1.0362541628497e+01
        5       2.19140434130482e-15 1.0362590585447e+01
        6       2.26076623307409e-15 1.0362594646709e+01
        7       2.15949942350393e-15 1.0362595039834e+01
        8       2.16821905164632e-15 1.0362595081727e+01
        9       2.19136957083965e-15 1.0362595086482e+01
       10       2.13623428602257e-15 1.0362595087045e+01
       11       2.15793560723343e-15 1.0362595087114e+01
       12       2.07329747104467e-15 1.0362595087123e+01
       13       2.08607003590876e-15 1.0362595087124e+01
       14       2.05659826489763e-15 1.0362595087124e+01
       15       2.04564683596005e-15 1.0362595087124e+01
 Benchmark completed
 VERIFICATION SUCCESSFUL
 Zeta is      1.036259508712e+01
 Error is     8.881784197001e-15


 CG Benchmark Completed
 Class           =                        W
 Size            =                     7000
 Iterations      =                       15
 Threads         =                        1
 Time in seconds =                    10.48
 Mop/s total     =                    40.13
 Operation type  =           floating point
 Verification    =               SUCCESSFUL
 Version         =           3.0 structured
 Compile date    =              10 Nov 2021

 Compile options:
    CC           = gcc
    CLINK        = gcc
    C_LIB        = -lm
    C_INC        = -I../common
    CFLAGS       = -O2
    CLINKFLAGS   = (none)
    RAND         = randdp

 Execution time
 Seconds : 12
 Micro seconds : 11638530
==3306== 
==3306== I   refs:      1,660,202,094
==3306== I1  misses:            1,488
==3306== LLi misses:            1,476
==3306== I1  miss rate:          0.00%
==3306== LLi miss rate:          0.00%
==3306== 
==3306== D   refs:        701,244,929  (678,551,983 rd   + 22,692,946 wr)
==3306== D1  misses:      114,760,670  (113,773,697 rd   +    986,973 wr)
==3306== LLd misses:       41,442,698  ( 40,946,992 rd   +    495,706 wr)
==3306== D1  miss rate:          16.4% (       16.8%     +        4.3%  )
==3306== LLd miss rate:           5.9% (        6.0%     +        2.2%  )
==3306== 
==3306== LL refs:         114,762,158  (113,775,185 rd   +    986,973 wr)
==3306== LL misses:        41,444,174  ( 40,948,468 rd   +    495,706 wr)
==3306== LL miss rate:            1.8% (        1.8%     +        2.2%  )
==3316== Cachegrind, a cache and branch-prediction profiler
==3316== Copyright (C) 2002-2017, and GNU GPL'd, by Nicholas Nethercote et al.
==3316== Using Valgrind-3.15.0 and LibVEX; rerun with -h for copyright info
==3316== Command: bin/cg.W
==3316== 
--3316-- warning: L3 cache found, using its data for the LL simulation.
==3316== error calling PR_SET_PTRACER, vgdb might block


 NAS Parallel Benchmarks 3.0 structured OpenMP C version - CG Benchmark
 Size:       7000
 Iterations:    15
   iteration           ||r||                 zeta
        1       1.75577866390786e-13 1.1999700372738e+01
        2       2.28102998490821e-15 1.0345727566406e+01
        3       2.29929812980076e-15 1.0361788013796e+01
        4       2.25904223969286e-15 1.0362541628497e+01
        5       2.19140434130482e-15 1.0362590585447e+01
        6       2.26076623307409e-15 1.0362594646709e+01
        7       2.15949942350393e-15 1.0362595039834e+01
        8       2.16821905164632e-15 1.0362595081727e+01
        9       2.19136957083965e-15 1.0362595086482e+01
       10       2.13623428602257e-15 1.0362595087045e+01
       11       2.15793560723343e-15 1.0362595087114e+01
       12       2.07329747104467e-15 1.0362595087123e+01
       13       2.08607003590876e-15 1.0362595087124e+01
       14       2.05659826489763e-15 1.0362595087124e+01
       15       2.04564683596005e-15 1.0362595087124e+01
 Benchmark completed
 VERIFICATION SUCCESSFUL
 Zeta is      1.036259508712e+01
 Error is     8.881784197001e-15


 CG Benchmark Completed
 Class           =                        W
 Size            =                     7000
 Iterations      =                       15
 Threads         =                        1
 Time in seconds =                    11.80
 Mop/s total     =                    35.64
 Operation type  =           floating point
 Verification    =               SUCCESSFUL
 Version         =           3.0 structured
 Compile date    =              10 Nov 2021

 Compile options:
    CC           = gcc
    CLINK        = gcc
    C_LIB        = -lm
    C_INC        = -I../common
    CFLAGS       = -O2
    CLINKFLAGS   = (none)
    RAND         = randdp

 Execution time
 Seconds : 13
 Micro seconds : 13136983
==3316== 
==3316== I   refs:      1,660,202,133
==3316== I1  misses:            1,488
==3316== LLi misses:            1,476
==3316== I1  miss rate:          0.00%
==3316== LLi miss rate:          0.00%
==3316== 
==3316== D   refs:        701,244,948  (678,551,993 rd   + 22,692,955 wr)
==3316== D1  misses:      114,760,670  (113,773,697 rd   +    986,973 wr)
==3316== LLd misses:       41,442,698  ( 40,946,992 rd   +    495,706 wr)
==3316== D1  miss rate:          16.4% (       16.8%     +        4.3%  )
==3316== LLd miss rate:           5.9% (        6.0%     +        2.2%  )
==3316== 
==3316== LL refs:         114,762,158  (113,775,185 rd   +    986,973 wr)
==3316== LL misses:        41,444,174  ( 40,948,468 rd   +    495,706 wr)
==3316== LL miss rate:            1.8% (        1.8%     +        2.2%  )
==3326== Cachegrind, a cache and branch-prediction profiler
==3326== Copyright (C) 2002-2017, and GNU GPL'd, by Nicholas Nethercote et al.
==3326== Using Valgrind-3.15.0 and LibVEX; rerun with -h for copyright info
==3326== Command: bin/cg.W
==3326== 
--3326-- warning: L3 cache found, using its data for the LL simulation.
==3326== error calling PR_SET_PTRACER, vgdb might block


 NAS Parallel Benchmarks 3.0 structured OpenMP C version - CG Benchmark
 Size:       7000
 Iterations:    15
   iteration           ||r||                 zeta
        1       1.75577866390786e-13 1.1999700372738e+01
        2       2.28102998490821e-15 1.0345727566406e+01
        3       2.29929812980076e-15 1.0361788013796e+01
        4       2.25904223969286e-15 1.0362541628497e+01
        5       2.19140434130482e-15 1.0362590585447e+01
        6       2.26076623307409e-15 1.0362594646709e+01
        7       2.15949942350393e-15 1.0362595039834e+01
        8       2.16821905164632e-15 1.0362595081727e+01
        9       2.19136957083965e-15 1.0362595086482e+01
       10       2.13623428602257e-15 1.0362595087045e+01
       11       2.15793560723343e-15 1.0362595087114e+01
       12       2.07329747104467e-15 1.0362595087123e+01
       13       2.08607003590876e-15 1.0362595087124e+01
       14       2.05659826489763e-15 1.0362595087124e+01
       15       2.04564683596005e-15 1.0362595087124e+01
 Benchmark completed
 VERIFICATION SUCCESSFUL
 Zeta is      1.036259508712e+01
 Error is     8.881784197001e-15


 CG Benchmark Completed
 Class           =                        W
 Size            =                     7000
 Iterations      =                       15
 Threads         =                        1
 Time in seconds =                     8.97
 Mop/s total     =                    46.89
 Operation type  =           floating point
 Verification    =               SUCCESSFUL
 Version         =           3.0 structured
 Compile date    =              10 Nov 2021

 Compile options:
    CC           = gcc
    CLINK        = gcc
    C_LIB        = -lm
    C_INC        = -I../common
    CFLAGS       = -O2
    CLINKFLAGS   = (none)
    RAND         = randdp

 Execution time
 Seconds : 10
 Micro seconds : 9864482
==3326== 
==3326== I   refs:      1,660,201,579
==3326== I1  misses:            1,488
==3326== LLi misses:            1,476
==3326== I1  miss rate:          0.00%
==3326== LLi miss rate:          0.00%
==3326== 
==3326== D   refs:        701,244,706  (678,551,846 rd   + 22,692,860 wr)
==3326== D1  misses:      114,760,670  (113,773,697 rd   +    986,973 wr)
==3326== LLd misses:       41,442,698  ( 40,946,992 rd   +    495,706 wr)
==3326== D1  miss rate:          16.4% (       16.8%     +        4.3%  )
==3326== LLd miss rate:           5.9% (        6.0%     +        2.2%  )
==3326== 
==3326== LL refs:         114,762,158  (113,775,185 rd   +    986,973 wr)
==3326== LL misses:        41,444,174  ( 40,948,468 rd   +    495,706 wr)
==3326== LL miss rate:            1.8% (        1.8%     +        2.2%  )
==3336== Cachegrind, a cache and branch-prediction profiler
==3336== Copyright (C) 2002-2017, and GNU GPL'd, by Nicholas Nethercote et al.
==3336== Using Valgrind-3.15.0 and LibVEX; rerun with -h for copyright info
==3336== Command: bin/cg.W
==3336== 
--3336-- warning: L3 cache found, using its data for the LL simulation.
==3336== error calling PR_SET_PTRACER, vgdb might block


 NAS Parallel Benchmarks 3.0 structured OpenMP C version - CG Benchmark
 Size:       7000
 Iterations:    15
   iteration           ||r||                 zeta
        1       1.75577866390786e-13 1.1999700372738e+01
        2       2.28102998490821e-15 1.0345727566406e+01
        3       2.29929812980076e-15 1.0361788013796e+01
        4       2.25904223969286e-15 1.0362541628497e+01
        5       2.19140434130482e-15 1.0362590585447e+01
        6       2.26076623307409e-15 1.0362594646709e+01
        7       2.15949942350393e-15 1.0362595039834e+01
        8       2.16821905164632e-15 1.0362595081727e+01
        9       2.19136957083965e-15 1.0362595086482e+01
       10       2.13623428602257e-15 1.0362595087045e+01
       11       2.15793560723343e-15 1.0362595087114e+01
       12       2.07329747104467e-15 1.0362595087123e+01
       13       2.08607003590876e-15 1.0362595087124e+01
       14       2.05659826489763e-15 1.0362595087124e+01
       15       2.04564683596005e-15 1.0362595087124e+01
 Benchmark completed
 VERIFICATION SUCCESSFUL
 Zeta is      1.036259508712e+01
 Error is     8.881784197001e-15


 CG Benchmark Completed
 Class           =                        W
 Size            =                     7000
 Iterations      =                       15
 Threads         =                        1
 Time in seconds =                     9.61
 Mop/s total     =                    43.76
 Operation type  =           floating point
 Verification    =               SUCCESSFUL
 Version         =           3.0 structured
 Compile date    =              10 Nov 2021

 Compile options:
    CC           = gcc
    CLINK        = gcc
    C_LIB        = -lm
    C_INC        = -I../common
    CFLAGS       = -O2
    CLINKFLAGS   = (none)
    RAND         = randdp

 Execution time
 Seconds : 11
 Micro seconds : 10576536
==3336== 
==3336== I   refs:      1,660,201,563
==3336== I1  misses:            1,488
==3336== LLi misses:            1,476
==3336== I1  miss rate:          0.00%
==3336== LLi miss rate:          0.00%
==3336== 
==3336== D   refs:        701,244,697  (678,551,839 rd   + 22,692,858 wr)
==3336== D1  misses:      114,760,670  (113,773,697 rd   +    986,973 wr)
==3336== LLd misses:       41,442,698  ( 40,946,992 rd   +    495,706 wr)
==3336== D1  miss rate:          16.4% (       16.8%     +        4.3%  )
==3336== LLd miss rate:           5.9% (        6.0%     +        2.2%  )
==3336== 
==3336== LL refs:         114,762,158  (113,775,185 rd   +    986,973 wr)
==3336== LL misses:        41,444,174  ( 40,948,468 rd   +    495,706 wr)
==3336== LL miss rate:            1.8% (        1.8%     +        2.2%  )
==3346== Cachegrind, a cache and branch-prediction profiler
==3346== Copyright (C) 2002-2017, and GNU GPL'd, by Nicholas Nethercote et al.
==3346== Using Valgrind-3.15.0 and LibVEX; rerun with -h for copyright info
==3346== Command: bin/cg.W
==3346== 
--3346-- warning: L3 cache found, using its data for the LL simulation.
==3346== error calling PR_SET_PTRACER, vgdb might block


 NAS Parallel Benchmarks 3.0 structured OpenMP C version - CG Benchmark
 Size:       7000
 Iterations:    15
   iteration           ||r||                 zeta
        1       1.75577866390786e-13 1.1999700372738e+01
        2       2.28102998490821e-15 1.0345727566406e+01
        3       2.29929812980076e-15 1.0361788013796e+01
        4       2.25904223969286e-15 1.0362541628497e+01
        5       2.19140434130482e-15 1.0362590585447e+01
        6       2.26076623307409e-15 1.0362594646709e+01
        7       2.15949942350393e-15 1.0362595039834e+01
        8       2.16821905164632e-15 1.0362595081727e+01
        9       2.19136957083965e-15 1.0362595086482e+01
       10       2.13623428602257e-15 1.0362595087045e+01
       11       2.15793560723343e-15 1.0362595087114e+01
       12       2.07329747104467e-15 1.0362595087123e+01
       13       2.08607003590876e-15 1.0362595087124e+01
       14       2.05659826489763e-15 1.0362595087124e+01
       15       2.04564683596005e-15 1.0362595087124e+01
 Benchmark completed
 VERIFICATION SUCCESSFUL
 Zeta is      1.036259508712e+01
 Error is     8.881784197001e-15


 CG Benchmark Completed
 Class           =                        W
 Size            =                     7000
 Iterations      =                       15
 Threads         =                        1
 Time in seconds =                     9.68
 Mop/s total     =                    43.45
 Operation type  =           floating point
 Verification    =               SUCCESSFUL
 Version         =           3.0 structured
 Compile date    =              10 Nov 2021

 Compile options:
    CC           = gcc
    CLINK        = gcc
    C_LIB        = -lm
    C_INC        = -I../common
    CFLAGS       = -O2
    CLINKFLAGS   = (none)
    RAND         = randdp

 Execution time
 Seconds : 11
 Micro seconds : 10657603
==3346== 
==3346== I   refs:      1,660,201,586
==3346== I1  misses:            1,488
==3346== LLi misses:            1,476
==3346== I1  miss rate:          0.00%
==3346== LLi miss rate:          0.00%
==3346== 
==3346== D   refs:        701,244,704  (678,551,845 rd   + 22,692,859 wr)
==3346== D1  misses:      114,760,670  (113,773,697 rd   +    986,973 wr)
==3346== LLd misses:       41,442,698  ( 40,946,992 rd   +    495,706 wr)
==3346== D1  miss rate:          16.4% (       16.8%     +        4.3%  )
==3346== LLd miss rate:           5.9% (        6.0%     +        2.2%  )
==3346== 
==3346== LL refs:         114,762,158  (113,775,185 rd   +    986,973 wr)
==3346== LL misses:        41,444,174  ( 40,948,468 rd   +    495,706 wr)
==3346== LL miss rate:            1.8% (        1.8%     +        2.2%  )
==3356== Cachegrind, a cache and branch-prediction profiler
==3356== Copyright (C) 2002-2017, and GNU GPL'd, by Nicholas Nethercote et al.
==3356== Using Valgrind-3.15.0 and LibVEX; rerun with -h for copyright info
==3356== Command: bin/cg.W
==3356== 
--3356-- warning: L3 cache found, using its data for the LL simulation.
==3356== error calling PR_SET_PTRACER, vgdb might block


 NAS Parallel Benchmarks 3.0 structured OpenMP C version - CG Benchmark
 Size:       7000
 Iterations:    15
   iteration           ||r||                 zeta
        1       1.75577866390786e-13 1.1999700372738e+01
        2       2.28102998490821e-15 1.0345727566406e+01
        3       2.29929812980076e-15 1.0361788013796e+01
        4       2.25904223969286e-15 1.0362541628497e+01
        5       2.19140434130482e-15 1.0362590585447e+01
        6       2.26076623307409e-15 1.0362594646709e+01
        7       2.15949942350393e-15 1.0362595039834e+01
        8       2.16821905164632e-15 1.0362595081727e+01
        9       2.19136957083965e-15 1.0362595086482e+01
       10       2.13623428602257e-15 1.0362595087045e+01
       11       2.15793560723343e-15 1.0362595087114e+01
       12       2.07329747104467e-15 1.0362595087123e+01
       13       2.08607003590876e-15 1.0362595087124e+01
       14       2.05659826489763e-15 1.0362595087124e+01
       15       2.04564683596005e-15 1.0362595087124e+01
 Benchmark completed
 VERIFICATION SUCCESSFUL
 Zeta is      1.036259508712e+01
 Error is     8.881784197001e-15


 CG Benchmark Completed
 Class           =                        W
 Size            =                     7000
 Iterations      =                       15
 Threads         =                        1
 Time in seconds =                     9.53
 Mop/s total     =                    44.11
 Operation type  =           floating point
 Verification    =               SUCCESSFUL
 Version         =           3.0 structured
 Compile date    =              10 Nov 2021

 Compile options:
    CC           = gcc
    CLINK        = gcc
    C_LIB        = -lm
    C_INC        = -I../common
    CFLAGS       = -O2
    CLINKFLAGS   = (none)
    RAND         = randdp

 Execution time
 Seconds : 11
 Micro seconds : 10545218
==3356== 
==3356== I   refs:      1,660,201,553
==3356== I1  misses:            1,488
==3356== LLi misses:            1,476
==3356== I1  miss rate:          0.00%
==3356== LLi miss rate:          0.00%
==3356== 
==3356== D   refs:        701,244,692  (678,551,836 rd   + 22,692,856 wr)
==3356== D1  misses:      114,760,670  (113,773,697 rd   +    986,973 wr)
==3356== LLd misses:       41,442,698  ( 40,946,992 rd   +    495,706 wr)
==3356== D1  miss rate:          16.4% (       16.8%     +        4.3%  )
==3356== LLd miss rate:           5.9% (        6.0%     +        2.2%  )
==3356== 
==3356== LL refs:         114,762,158  (113,775,185 rd   +    986,973 wr)
==3356== LL misses:        41,444,174  ( 40,948,468 rd   +    495,706 wr)
==3356== LL miss rate:            1.8% (        1.8%     +        2.2%  )
==3366== Cachegrind, a cache and branch-prediction profiler
==3366== Copyright (C) 2002-2017, and GNU GPL'd, by Nicholas Nethercote et al.
==3366== Using Valgrind-3.15.0 and LibVEX; rerun with -h for copyright info
==3366== Command: bin/cg.W
==3366== 
--3366-- warning: L3 cache found, using its data for the LL simulation.
==3366== error calling PR_SET_PTRACER, vgdb might block


 NAS Parallel Benchmarks 3.0 structured OpenMP C version - CG Benchmark
 Size:       7000
 Iterations:    15
   iteration           ||r||                 zeta
        1       1.75577866390786e-13 1.1999700372738e+01
        2       2.28102998490821e-15 1.0345727566406e+01
        3       2.29929812980076e-15 1.0361788013796e+01
        4       2.25904223969286e-15 1.0362541628497e+01
        5       2.19140434130482e-15 1.0362590585447e+01
        6       2.26076623307409e-15 1.0362594646709e+01
        7       2.15949942350393e-15 1.0362595039834e+01
        8       2.16821905164632e-15 1.0362595081727e+01
        9       2.19136957083965e-15 1.0362595086482e+01
       10       2.13623428602257e-15 1.0362595087045e+01
       11       2.15793560723343e-15 1.0362595087114e+01
       12       2.07329747104467e-15 1.0362595087123e+01
       13       2.08607003590876e-15 1.0362595087124e+01
       14       2.05659826489763e-15 1.0362595087124e+01
       15       2.04564683596005e-15 1.0362595087124e+01
 Benchmark completed
 VERIFICATION SUCCESSFUL
 Zeta is      1.036259508712e+01
 Error is     8.881784197001e-15


 CG Benchmark Completed
 Class           =                        W
 Size            =                     7000
 Iterations      =                       15
 Threads         =                        1
 Time in seconds =                     9.34
 Mop/s total     =                    45.05
 Operation type  =           floating point
 Verification    =               SUCCESSFUL
 Version         =           3.0 structured
 Compile date    =              10 Nov 2021

 Compile options:
    CC           = gcc
    CLINK        = gcc
    C_LIB        = -lm
    C_INC        = -I../common
    CFLAGS       = -O2
    CLINKFLAGS   = (none)
    RAND         = randdp

 Execution time
 Seconds : 11
 Micro seconds : 10276999
==3366== 
==3366== I   refs:      1,660,201,594
==3366== I1  misses:            1,488
==3366== LLi misses:            1,476
==3366== I1  miss rate:          0.00%
==3366== LLi miss rate:          0.00%
==3366== 
==3366== D   refs:        701,244,708  (678,551,849 rd   + 22,692,859 wr)
==3366== D1  misses:      114,760,670  (113,773,697 rd   +    986,973 wr)
==3366== LLd misses:       41,442,698  ( 40,946,992 rd   +    495,706 wr)
==3366== D1  miss rate:          16.4% (       16.8%     +        4.3%  )
==3366== LLd miss rate:           5.9% (        6.0%     +        2.2%  )
==3366== 
==3366== LL refs:         114,762,158  (113,775,185 rd   +    986,973 wr)
==3366== LL misses:        41,444,174  ( 40,948,468 rd   +    495,706 wr)
==3366== LL miss rate:            1.8% (        1.8%     +        2.2%  )
==3376== Cachegrind, a cache and branch-prediction profiler
==3376== Copyright (C) 2002-2017, and GNU GPL'd, by Nicholas Nethercote et al.
==3376== Using Valgrind-3.15.0 and LibVEX; rerun with -h for copyright info
==3376== Command: bin/cg.W
==3376== 
--3376-- warning: L3 cache found, using its data for the LL simulation.
==3376== error calling PR_SET_PTRACER, vgdb might block


 NAS Parallel Benchmarks 3.0 structured OpenMP C version - CG Benchmark
 Size:       7000
 Iterations:    15
   iteration           ||r||                 zeta
        1       1.75577866390786e-13 1.1999700372738e+01
        2       2.28102998490821e-15 1.0345727566406e+01
        3       2.29929812980076e-15 1.0361788013796e+01
        4       2.25904223969286e-15 1.0362541628497e+01
        5       2.19140434130482e-15 1.0362590585447e+01
        6       2.26076623307409e-15 1.0362594646709e+01
        7       2.15949942350393e-15 1.0362595039834e+01
        8       2.16821905164632e-15 1.0362595081727e+01
        9       2.19136957083965e-15 1.0362595086482e+01
       10       2.13623428602257e-15 1.0362595087045e+01
       11       2.15793560723343e-15 1.0362595087114e+01
       12       2.07329747104467e-15 1.0362595087123e+01
       13       2.08607003590876e-15 1.0362595087124e+01
       14       2.05659826489763e-15 1.0362595087124e+01
       15       2.04564683596005e-15 1.0362595087124e+01
 Benchmark completed
 VERIFICATION SUCCESSFUL
 Zeta is      1.036259508712e+01
 Error is     8.881784197001e-15


 CG Benchmark Completed
 Class           =                        W
 Size            =                     7000
 Iterations      =                       15
 Threads         =                        1
 Time in seconds =                     9.72
 Mop/s total     =                    43.28
 Operation type  =           floating point
 Verification    =               SUCCESSFUL
 Version         =           3.0 structured
 Compile date    =              10 Nov 2021

 Compile options:
    CC           = gcc
    CLINK        = gcc
    C_LIB        = -lm
    C_INC        = -I../common
    CFLAGS       = -O2
    CLINKFLAGS   = (none)
    RAND         = randdp

 Execution time
 Seconds : 11
 Micro seconds : 10696432
==3376== 
==3376== I   refs:      1,660,201,611
==3376== I1  misses:            1,488
==3376== LLi misses:            1,476
==3376== I1  miss rate:          0.00%
==3376== LLi miss rate:          0.00%
==3376== 
==3376== D   refs:        701,244,716  (678,551,854 rd   + 22,692,862 wr)
==3376== D1  misses:      114,760,670  (113,773,697 rd   +    986,973 wr)
==3376== LLd misses:       41,442,698  ( 40,946,992 rd   +    495,706 wr)
==3376== D1  miss rate:          16.4% (       16.8%     +        4.3%  )
==3376== LLd miss rate:           5.9% (        6.0%     +        2.2%  )
==3376== 
==3376== LL refs:         114,762,158  (113,775,185 rd   +    986,973 wr)
==3376== LL misses:        41,444,174  ( 40,948,468 rd   +    495,706 wr)
==3376== LL miss rate:            1.8% (        1.8%     +        2.2%  )
==3386== Cachegrind, a cache and branch-prediction profiler
==3386== Copyright (C) 2002-2017, and GNU GPL'd, by Nicholas Nethercote et al.
==3386== Using Valgrind-3.15.0 and LibVEX; rerun with -h for copyright info
==3386== Command: bin/cg.W
==3386== 
--3386-- warning: L3 cache found, using its data for the LL simulation.
==3386== error calling PR_SET_PTRACER, vgdb might block


 NAS Parallel Benchmarks 3.0 structured OpenMP C version - CG Benchmark
 Size:       7000
 Iterations:    15
   iteration           ||r||                 zeta
        1       1.75577866390786e-13 1.1999700372738e+01
        2       2.28102998490821e-15 1.0345727566406e+01
        3       2.29929812980076e-15 1.0361788013796e+01
        4       2.25904223969286e-15 1.0362541628497e+01
        5       2.19140434130482e-15 1.0362590585447e+01
        6       2.26076623307409e-15 1.0362594646709e+01
        7       2.15949942350393e-15 1.0362595039834e+01
        8       2.16821905164632e-15 1.0362595081727e+01
        9       2.19136957083965e-15 1.0362595086482e+01
       10       2.13623428602257e-15 1.0362595087045e+01
       11       2.15793560723343e-15 1.0362595087114e+01
       12       2.07329747104467e-15 1.0362595087123e+01
       13       2.08607003590876e-15 1.0362595087124e+01
       14       2.05659826489763e-15 1.0362595087124e+01
       15       2.04564683596005e-15 1.0362595087124e+01
 Benchmark completed
 VERIFICATION SUCCESSFUL
 Zeta is      1.036259508712e+01
 Error is     8.881784197001e-15


 CG Benchmark Completed
 Class           =                        W
 Size            =                     7000
 Iterations      =                       15
 Threads         =                        1
 Time in seconds =                     9.70
 Mop/s total     =                    43.35
 Operation type  =           floating point
 Verification    =               SUCCESSFUL
 Version         =           3.0 structured
 Compile date    =              10 Nov 2021

 Compile options:
    CC           = gcc
    CLINK        = gcc
    C_LIB        = -lm
    C_INC        = -I../common
    CFLAGS       = -O2
    CLINKFLAGS   = (none)
    RAND         = randdp

 Execution time
 Seconds : 11
 Micro seconds : 10764542
==3386== 
==3386== I   refs:      1,660,201,591
==3386== I1  misses:            1,488
==3386== LLi misses:            1,476
==3386== I1  miss rate:          0.00%
==3386== LLi miss rate:          0.00%
==3386== 
==3386== D   refs:        701,244,708  (678,551,847 rd   + 22,692,861 wr)
==3386== D1  misses:      114,760,670  (113,773,697 rd   +    986,973 wr)
==3386== LLd misses:       41,442,698  ( 40,946,992 rd   +    495,706 wr)
==3386== D1  miss rate:          16.4% (       16.8%     +        4.3%  )
==3386== LLd miss rate:           5.9% (        6.0%     +        2.2%  )
==3386== 
==3386== LL refs:         114,762,158  (113,775,185 rd   +    986,973 wr)
==3386== LL misses:        41,444,174  ( 40,948,468 rd   +    495,706 wr)
==3386== LL miss rate:            1.8% (        1.8%     +        2.2%  )
==3396== Cachegrind, a cache and branch-prediction profiler
==3396== Copyright (C) 2002-2017, and GNU GPL'd, by Nicholas Nethercote et al.
==3396== Using Valgrind-3.15.0 and LibVEX; rerun with -h for copyright info
==3396== Command: bin/cg.W
==3396== 
--3396-- warning: L3 cache found, using its data for the LL simulation.
==3396== error calling PR_SET_PTRACER, vgdb might block


 NAS Parallel Benchmarks 3.0 structured OpenMP C version - CG Benchmark
 Size:       7000
 Iterations:    15
   iteration           ||r||                 zeta
        1       1.75577866390786e-13 1.1999700372738e+01
        2       2.28102998490821e-15 1.0345727566406e+01
        3       2.29929812980076e-15 1.0361788013796e+01
        4       2.25904223969286e-15 1.0362541628497e+01
        5       2.19140434130482e-15 1.0362590585447e+01
        6       2.26076623307409e-15 1.0362594646709e+01
        7       2.15949942350393e-15 1.0362595039834e+01
        8       2.16821905164632e-15 1.0362595081727e+01
        9       2.19136957083965e-15 1.0362595086482e+01
       10       2.13623428602257e-15 1.0362595087045e+01
       11       2.15793560723343e-15 1.0362595087114e+01
       12       2.07329747104467e-15 1.0362595087123e+01
       13       2.08607003590876e-15 1.0362595087124e+01
       14       2.05659826489763e-15 1.0362595087124e+01
       15       2.04564683596005e-15 1.0362595087124e+01
 Benchmark completed
 VERIFICATION SUCCESSFUL
 Zeta is      1.036259508712e+01
 Error is     8.881784197001e-15


 CG Benchmark Completed
 Class           =                        W
 Size            =                     7000
 Iterations      =                       15
 Threads         =                        1
 Time in seconds =                     9.77
 Mop/s total     =                    43.06
 Operation type  =           floating point
 Verification    =               SUCCESSFUL
 Version         =           3.0 structured
 Compile date    =              10 Nov 2021

 Compile options:
    CC           = gcc
    CLINK        = gcc
    C_LIB        = -lm
    C_INC        = -I../common
    CFLAGS       = -O2
    CLINKFLAGS   = (none)
    RAND         = randdp

 Execution time
 Seconds : 11
 Micro seconds : 10803477
==3396== 
==3396== I   refs:      1,660,201,594
==3396== I1  misses:            1,488
==3396== LLi misses:            1,476
==3396== I1  miss rate:          0.00%
==3396== LLi miss rate:          0.00%
==3396== 
==3396== D   refs:        701,244,708  (678,551,849 rd   + 22,692,859 wr)
==3396== D1  misses:      114,760,670  (113,773,697 rd   +    986,973 wr)
==3396== LLd misses:       41,442,698  ( 40,946,992 rd   +    495,706 wr)
==3396== D1  miss rate:          16.4% (       16.8%     +        4.3%  )
==3396== LLd miss rate:           5.9% (        6.0%     +        2.2%  )
==3396== 
==3396== LL refs:         114,762,158  (113,775,185 rd   +    986,973 wr)
==3396== LL misses:        41,444,174  ( 40,948,468 rd   +    495,706 wr)
==3396== LL miss rate:            1.8% (        1.8%     +        2.2%  )
==3406== Cachegrind, a cache and branch-prediction profiler
==3406== Copyright (C) 2002-2017, and GNU GPL'd, by Nicholas Nethercote et al.
==3406== Using Valgrind-3.15.0 and LibVEX; rerun with -h for copyright info
==3406== Command: bin/cg.W
==3406== 
--3406-- warning: L3 cache found, using its data for the LL simulation.
==3406== error calling PR_SET_PTRACER, vgdb might block


 NAS Parallel Benchmarks 3.0 structured OpenMP C version - CG Benchmark
 Size:       7000
 Iterations:    15
   iteration           ||r||                 zeta
        1       1.75577866390786e-13 1.1999700372738e+01
        2       2.28102998490821e-15 1.0345727566406e+01
        3       2.29929812980076e-15 1.0361788013796e+01
        4       2.25904223969286e-15 1.0362541628497e+01
        5       2.19140434130482e-15 1.0362590585447e+01
        6       2.26076623307409e-15 1.0362594646709e+01
        7       2.15949942350393e-15 1.0362595039834e+01
        8       2.16821905164632e-15 1.0362595081727e+01
        9       2.19136957083965e-15 1.0362595086482e+01
       10       2.13623428602257e-15 1.0362595087045e+01
       11       2.15793560723343e-15 1.0362595087114e+01
       12       2.07329747104467e-15 1.0362595087123e+01
       13       2.08607003590876e-15 1.0362595087124e+01
       14       2.05659826489763e-15 1.0362595087124e+01
       15       2.04564683596005e-15 1.0362595087124e+01
 Benchmark completed
 VERIFICATION SUCCESSFUL
 Zeta is      1.036259508712e+01
 Error is     8.881784197001e-15


 CG Benchmark Completed
 Class           =                        W
 Size            =                     7000
 Iterations      =                       15
 Threads         =                        1
 Time in seconds =                     9.66
 Mop/s total     =                    43.55
 Operation type  =           floating point
 Verification    =               SUCCESSFUL
 Version         =           3.0 structured
 Compile date    =              10 Nov 2021

 Compile options:
    CC           = gcc
    CLINK        = gcc
    C_LIB        = -lm
    C_INC        = -I../common
    CFLAGS       = -O2
    CLINKFLAGS   = (none)
    RAND         = randdp

 Execution time
 Seconds : 10
 Micro seconds : 10637022
==3406== 
==3406== I   refs:      1,660,201,607
==3406== I1  misses:            1,488
==3406== LLi misses:            1,476
==3406== I1  miss rate:          0.00%
==3406== LLi miss rate:          0.00%
==3406== 
==3406== D   refs:        701,244,714  (678,551,852 rd   + 22,692,862 wr)
==3406== D1  misses:      114,760,670  (113,773,697 rd   +    986,973 wr)
==3406== LLd misses:       41,442,698  ( 40,946,992 rd   +    495,706 wr)
==3406== D1  miss rate:          16.4% (       16.8%     +        4.3%  )
==3406== LLd miss rate:           5.9% (        6.0%     +        2.2%  )
==3406== 
==3406== LL refs:         114,762,158  (113,775,185 rd   +    986,973 wr)
==3406== LL misses:        41,444,174  ( 40,948,468 rd   +    495,706 wr)
==3406== LL miss rate:            1.8% (        1.8%     +        2.2%  )
==3416== Cachegrind, a cache and branch-prediction profiler
==3416== Copyright (C) 2002-2017, and GNU GPL'd, by Nicholas Nethercote et al.
==3416== Using Valgrind-3.15.0 and LibVEX; rerun with -h for copyright info
==3416== Command: bin/cg.W
==3416== 
--3416-- warning: L3 cache found, using its data for the LL simulation.
==3416== error calling PR_SET_PTRACER, vgdb might block


 NAS Parallel Benchmarks 3.0 structured OpenMP C version - CG Benchmark
 Size:       7000
 Iterations:    15
   iteration           ||r||                 zeta
        1       1.75577866390786e-13 1.1999700372738e+01
        2       2.28102998490821e-15 1.0345727566406e+01
        3       2.29929812980076e-15 1.0361788013796e+01
        4       2.25904223969286e-15 1.0362541628497e+01
        5       2.19140434130482e-15 1.0362590585447e+01
        6       2.26076623307409e-15 1.0362594646709e+01
        7       2.15949942350393e-15 1.0362595039834e+01
        8       2.16821905164632e-15 1.0362595081727e+01
        9       2.19136957083965e-15 1.0362595086482e+01
       10       2.13623428602257e-15 1.0362595087045e+01
       11       2.15793560723343e-15 1.0362595087114e+01
       12       2.07329747104467e-15 1.0362595087123e+01
       13       2.08607003590876e-15 1.0362595087124e+01
       14       2.05659826489763e-15 1.0362595087124e+01
       15       2.04564683596005e-15 1.0362595087124e+01
 Benchmark completed
 VERIFICATION SUCCESSFUL
 Zeta is      1.036259508712e+01
 Error is     8.881784197001e-15


 CG Benchmark Completed
 Class           =                        W
 Size            =                     7000
 Iterations      =                       15
 Threads         =                        1
 Time in seconds =                     9.85
 Mop/s total     =                    42.72
 Operation type  =           floating point
 Verification    =               SUCCESSFUL
 Version         =           3.0 structured
 Compile date    =              10 Nov 2021

 Compile options:
    CC           = gcc
    CLINK        = gcc
    C_LIB        = -lm
    C_INC        = -I../common
    CFLAGS       = -O2
    CLINKFLAGS   = (none)
    RAND         = randdp

 Execution time
 Seconds : 11
 Micro seconds : 10850459
==3416== 
==3416== I   refs:      1,660,201,607
==3416== I1  misses:            1,488
==3416== LLi misses:            1,476
==3416== I1  miss rate:          0.00%
==3416== LLi miss rate:          0.00%
==3416== 
==3416== D   refs:        701,244,714  (678,551,852 rd   + 22,692,862 wr)
==3416== D1  misses:      114,760,670  (113,773,697 rd   +    986,973 wr)
==3416== LLd misses:       41,442,698  ( 40,946,992 rd   +    495,706 wr)
==3416== D1  miss rate:          16.4% (       16.8%     +        4.3%  )
==3416== LLd miss rate:           5.9% (        6.0%     +        2.2%  )
==3416== 
==3416== LL refs:         114,762,158  (113,775,185 rd   +    986,973 wr)
==3416== LL misses:        41,444,174  ( 40,948,468 rd   +    495,706 wr)
==3416== LL miss rate:            1.8% (        1.8%     +        2.2%  )
==3426== Cachegrind, a cache and branch-prediction profiler
==3426== Copyright (C) 2002-2017, and GNU GPL'd, by Nicholas Nethercote et al.
==3426== Using Valgrind-3.15.0 and LibVEX; rerun with -h for copyright info
==3426== Command: bin/cg.W
==3426== 
--3426-- warning: L3 cache found, using its data for the LL simulation.
==3426== error calling PR_SET_PTRACER, vgdb might block


 NAS Parallel Benchmarks 3.0 structured OpenMP C version - CG Benchmark
 Size:       7000
 Iterations:    15
   iteration           ||r||                 zeta
        1       1.75577866390786e-13 1.1999700372738e+01
        2       2.28102998490821e-15 1.0345727566406e+01
        3       2.29929812980076e-15 1.0361788013796e+01
        4       2.25904223969286e-15 1.0362541628497e+01
        5       2.19140434130482e-15 1.0362590585447e+01
        6       2.26076623307409e-15 1.0362594646709e+01
        7       2.15949942350393e-15 1.0362595039834e+01
        8       2.16821905164632e-15 1.0362595081727e+01
        9       2.19136957083965e-15 1.0362595086482e+01
       10       2.13623428602257e-15 1.0362595087045e+01
       11       2.15793560723343e-15 1.0362595087114e+01
       12       2.07329747104467e-15 1.0362595087123e+01
       13       2.08607003590876e-15 1.0362595087124e+01
       14       2.05659826489763e-15 1.0362595087124e+01
       15       2.04564683596005e-15 1.0362595087124e+01
 Benchmark completed
 VERIFICATION SUCCESSFUL
 Zeta is      1.036259508712e+01
 Error is     8.881784197001e-15


 CG Benchmark Completed
 Class           =                        W
 Size            =                     7000
 Iterations      =                       15
 Threads         =                        1
 Time in seconds =                     9.85
 Mop/s total     =                    42.72
 Operation type  =           floating point
 Verification    =               SUCCESSFUL
 Version         =           3.0 structured
 Compile date    =              10 Nov 2021

 Compile options:
    CC           = gcc
    CLINK        = gcc
    C_LIB        = -lm
    C_INC        = -I../common
    CFLAGS       = -O2
    CLINKFLAGS   = (none)
    RAND         = randdp

 Execution time
 Seconds : 11
 Micro seconds : 10729241
==3426== 
==3426== I   refs:      1,660,201,602
==3426== I1  misses:            1,488
==3426== LLi misses:            1,476
==3426== I1  miss rate:          0.00%
==3426== LLi miss rate:          0.00%
==3426== 
==3426== D   refs:        701,244,710  (678,551,850 rd   + 22,692,860 wr)
==3426== D1  misses:      114,760,670  (113,773,697 rd   +    986,973 wr)
==3426== LLd misses:       41,442,698  ( 40,946,992 rd   +    495,706 wr)
==3426== D1  miss rate:          16.4% (       16.8%     +        4.3%  )
==3426== LLd miss rate:           5.9% (        6.0%     +        2.2%  )
==3426== 
==3426== LL refs:         114,762,158  (113,775,185 rd   +    986,973 wr)
==3426== LL misses:        41,444,174  ( 40,948,468 rd   +    495,706 wr)
==3426== LL miss rate:            1.8% (        1.8%     +        2.2%  )
==3436== Cachegrind, a cache and branch-prediction profiler
==3436== Copyright (C) 2002-2017, and GNU GPL'd, by Nicholas Nethercote et al.
==3436== Using Valgrind-3.15.0 and LibVEX; rerun with -h for copyright info
==3436== Command: bin/cg.W
==3436== 
--3436-- warning: L3 cache found, using its data for the LL simulation.
==3436== error calling PR_SET_PTRACER, vgdb might block


 NAS Parallel Benchmarks 3.0 structured OpenMP C version - CG Benchmark
 Size:       7000
 Iterations:    15
   iteration           ||r||                 zeta
        1       1.75577866390786e-13 1.1999700372738e+01
        2       2.28102998490821e-15 1.0345727566406e+01
        3       2.29929812980076e-15 1.0361788013796e+01
        4       2.25904223969286e-15 1.0362541628497e+01
        5       2.19140434130482e-15 1.0362590585447e+01
        6       2.26076623307409e-15 1.0362594646709e+01
        7       2.15949942350393e-15 1.0362595039834e+01
        8       2.16821905164632e-15 1.0362595081727e+01
        9       2.19136957083965e-15 1.0362595086482e+01
       10       2.13623428602257e-15 1.0362595087045e+01
       11       2.15793560723343e-15 1.0362595087114e+01
       12       2.07329747104467e-15 1.0362595087123e+01
       13       2.08607003590876e-15 1.0362595087124e+01
       14       2.05659826489763e-15 1.0362595087124e+01
       15       2.04564683596005e-15 1.0362595087124e+01
 Benchmark completed
 VERIFICATION SUCCESSFUL
 Zeta is      1.036259508712e+01
 Error is     8.881784197001e-15


 CG Benchmark Completed
 Class           =                        W
 Size            =                     7000
 Iterations      =                       15
 Threads         =                        1
 Time in seconds =                    10.42
 Mop/s total     =                    40.37
 Operation type  =           floating point
 Verification    =               SUCCESSFUL
 Version         =           3.0 structured
 Compile date    =              10 Nov 2021

 Compile options:
    CC           = gcc
    CLINK        = gcc
    C_LIB        = -lm
    C_INC        = -I../common
    CFLAGS       = -O2
    CLINKFLAGS   = (none)
    RAND         = randdp

 Execution time
 Seconds : 12
 Micro seconds : 11366554
==3436== 
==3436== I   refs:      1,660,202,127
==3436== I1  misses:            1,488
==3436== LLi misses:            1,476
==3436== I1  miss rate:          0.00%
==3436== LLi miss rate:          0.00%
==3436== 
==3436== D   refs:        701,244,944  (678,551,992 rd   + 22,692,952 wr)
==3436== D1  misses:      114,760,670  (113,773,697 rd   +    986,973 wr)
==3436== LLd misses:       41,442,698  ( 40,946,992 rd   +    495,706 wr)
==3436== D1  miss rate:          16.4% (       16.8%     +        4.3%  )
==3436== LLd miss rate:           5.9% (        6.0%     +        2.2%  )
==3436== 
==3436== LL refs:         114,762,158  (113,775,185 rd   +    986,973 wr)
==3436== LL misses:        41,444,174  ( 40,948,468 rd   +    495,706 wr)
==3436== LL miss rate:            1.8% (        1.8%     +        2.2%  )
==3453== Cachegrind, a cache and branch-prediction profiler
==3453== Copyright (C) 2002-2017, and GNU GPL'd, by Nicholas Nethercote et al.
==3453== Using Valgrind-3.15.0 and LibVEX; rerun with -h for copyright info
==3453== Command: bin/cg.W
==3453== 
--3453-- warning: L3 cache found, using its data for the LL simulation.
==3453== error calling PR_SET_PTRACER, vgdb might block


 NAS Parallel Benchmarks 3.0 structured OpenMP C version - CG Benchmark
 Size:       7000
 Iterations:    15
   iteration           ||r||                 zeta
        1       1.75577866390786e-13 1.1999700372738e+01
        2       2.28102998490821e-15 1.0345727566406e+01
        3       2.29929812980076e-15 1.0361788013796e+01
        4       2.25904223969286e-15 1.0362541628497e+01
        5       2.19140434130482e-15 1.0362590585447e+01
        6       2.26076623307409e-15 1.0362594646709e+01
        7       2.15949942350393e-15 1.0362595039834e+01
        8       2.16821905164632e-15 1.0362595081727e+01
        9       2.19136957083965e-15 1.0362595086482e+01
       10       2.13623428602257e-15 1.0362595087045e+01
       11       2.15793560723343e-15 1.0362595087114e+01
       12       2.07329747104467e-15 1.0362595087123e+01
       13       2.08607003590876e-15 1.0362595087124e+01
       14       2.05659826489763e-15 1.0362595087124e+01
       15       2.04564683596005e-15 1.0362595087124e+01
 Benchmark completed
 VERIFICATION SUCCESSFUL
 Zeta is      1.036259508712e+01
 Error is     8.881784197001e-15


 CG Benchmark Completed
 Class           =                        W
 Size            =                     7000
 Iterations      =                       15
 Threads         =                        1
 Time in seconds =                    10.39
 Mop/s total     =                    40.47
 Operation type  =           floating point
 Verification    =               SUCCESSFUL
 Version         =           3.0 structured
 Compile date    =              10 Nov 2021

 Compile options:
    CC           = gcc
    CLINK        = gcc
    C_LIB        = -lm
    C_INC        = -I../common
    CFLAGS       = -O2
    CLINKFLAGS   = (none)
    RAND         = randdp

 Execution time
 Seconds : 12
 Micro seconds : 11424699
==3453== 
==3453== I   refs:      1,660,202,135
==3453== I1  misses:            1,488
==3453== LLi misses:            1,476
==3453== I1  miss rate:          0.00%
==3453== LLi miss rate:          0.00%
==3453== 
==3453== D   refs:        701,244,946  (678,551,994 rd   + 22,692,952 wr)
==3453== D1  misses:      114,760,670  (113,773,697 rd   +    986,973 wr)
==3453== LLd misses:       41,442,698  ( 40,946,992 rd   +    495,706 wr)
==3453== D1  miss rate:          16.4% (       16.8%     +        4.3%  )
==3453== LLd miss rate:           5.9% (        6.0%     +        2.2%  )
==3453== 
==3453== LL refs:         114,762,158  (113,775,185 rd   +    986,973 wr)
==3453== LL misses:        41,444,174  ( 40,948,468 rd   +    495,706 wr)
==3453== LL miss rate:            1.8% (        1.8%     +        2.2%  )
==3463== Cachegrind, a cache and branch-prediction profiler
==3463== Copyright (C) 2002-2017, and GNU GPL'd, by Nicholas Nethercote et al.
==3463== Using Valgrind-3.15.0 and LibVEX; rerun with -h for copyright info
==3463== Command: bin/cg.W
==3463== 
--3463-- warning: L3 cache found, using its data for the LL simulation.
==3463== error calling PR_SET_PTRACER, vgdb might block


 NAS Parallel Benchmarks 3.0 structured OpenMP C version - CG Benchmark
 Size:       7000
 Iterations:    15
   iteration           ||r||                 zeta
        1       1.75577866390786e-13 1.1999700372738e+01
        2       2.28102998490821e-15 1.0345727566406e+01
        3       2.29929812980076e-15 1.0361788013796e+01
        4       2.25904223969286e-15 1.0362541628497e+01
        5       2.19140434130482e-15 1.0362590585447e+01
        6       2.26076623307409e-15 1.0362594646709e+01
        7       2.15949942350393e-15 1.0362595039834e+01
        8       2.16821905164632e-15 1.0362595081727e+01
        9       2.19136957083965e-15 1.0362595086482e+01
       10       2.13623428602257e-15 1.0362595087045e+01
       11       2.15793560723343e-15 1.0362595087114e+01
       12       2.07329747104467e-15 1.0362595087123e+01
       13       2.08607003590876e-15 1.0362595087124e+01
       14       2.05659826489763e-15 1.0362595087124e+01
       15       2.04564683596005e-15 1.0362595087124e+01
 Benchmark completed
 VERIFICATION SUCCESSFUL
 Zeta is      1.036259508712e+01
 Error is     8.881784197001e-15


 CG Benchmark Completed
 Class           =                        W
 Size            =                     7000
 Iterations      =                       15
 Threads         =                        1
 Time in seconds =                     9.67
 Mop/s total     =                    43.52
 Operation type  =           floating point
 Verification    =               SUCCESSFUL
 Version         =           3.0 structured
 Compile date    =              10 Nov 2021

 Compile options:
    CC           = gcc
    CLINK        = gcc
    C_LIB        = -lm
    C_INC        = -I../common
    CFLAGS       = -O2
    CLINKFLAGS   = (none)
    RAND         = randdp

 Execution time
 Seconds : 10
 Micro seconds : 10650942
==3463== 
==3463== I   refs:      1,660,201,618
==3463== I1  misses:            1,488
==3463== LLi misses:            1,476
==3463== I1  miss rate:          0.00%
==3463== LLi miss rate:          0.00%
==3463== 
==3463== D   refs:        701,244,718  (678,551,856 rd   + 22,692,862 wr)
==3463== D1  misses:      114,760,670  (113,773,697 rd   +    986,973 wr)
==3463== LLd misses:       41,442,698  ( 40,946,992 rd   +    495,706 wr)
==3463== D1  miss rate:          16.4% (       16.8%     +        4.3%  )
==3463== LLd miss rate:           5.9% (        6.0%     +        2.2%  )
==3463== 
==3463== LL refs:         114,762,158  (113,775,185 rd   +    986,973 wr)
==3463== LL misses:        41,444,174  ( 40,948,468 rd   +    495,706 wr)
==3463== LL miss rate:            1.8% (        1.8%     +        2.2%  )
==3473== Cachegrind, a cache and branch-prediction profiler
==3473== Copyright (C) 2002-2017, and GNU GPL'd, by Nicholas Nethercote et al.
==3473== Using Valgrind-3.15.0 and LibVEX; rerun with -h for copyright info
==3473== Command: bin/cg.W
==3473== 
--3473-- warning: L3 cache found, using its data for the LL simulation.
==3473== error calling PR_SET_PTRACER, vgdb might block


 NAS Parallel Benchmarks 3.0 structured OpenMP C version - CG Benchmark
 Size:       7000
 Iterations:    15
   iteration           ||r||                 zeta
        1       1.75577866390786e-13 1.1999700372738e+01
        2       2.28102998490821e-15 1.0345727566406e+01
        3       2.29929812980076e-15 1.0361788013796e+01
        4       2.25904223969286e-15 1.0362541628497e+01
        5       2.19140434130482e-15 1.0362590585447e+01
        6       2.26076623307409e-15 1.0362594646709e+01
        7       2.15949942350393e-15 1.0362595039834e+01
        8       2.16821905164632e-15 1.0362595081727e+01
        9       2.19136957083965e-15 1.0362595086482e+01
       10       2.13623428602257e-15 1.0362595087045e+01
       11       2.15793560723343e-15 1.0362595087114e+01
       12       2.07329747104467e-15 1.0362595087123e+01
       13       2.08607003590876e-15 1.0362595087124e+01
       14       2.05659826489763e-15 1.0362595087124e+01
       15       2.04564683596005e-15 1.0362595087124e+01
 Benchmark completed
 VERIFICATION SUCCESSFUL
 Zeta is      1.036259508712e+01
 Error is     8.881784197001e-15


 CG Benchmark Completed
 Class           =                        W
 Size            =                     7000
 Iterations      =                       15
 Threads         =                        1
 Time in seconds =                     9.65
 Mop/s total     =                    43.59
 Operation type  =           floating point
 Verification    =               SUCCESSFUL
 Version         =           3.0 structured
 Compile date    =              10 Nov 2021

 Compile options:
    CC           = gcc
    CLINK        = gcc
    C_LIB        = -lm
    C_INC        = -I../common
    CFLAGS       = -O2
    CLINKFLAGS   = (none)
    RAND         = randdp

 Execution time
 Seconds : 11
 Micro seconds : 10637588
==3473== 
==3473== I   refs:      1,660,201,609
==3473== I1  misses:            1,488
==3473== LLi misses:            1,476
==3473== I1  miss rate:          0.00%
==3473== LLi miss rate:          0.00%
==3473== 
==3473== D   refs:        701,244,714  (678,551,852 rd   + 22,692,862 wr)
==3473== D1  misses:      114,760,670  (113,773,697 rd   +    986,973 wr)
==3473== LLd misses:       41,442,698  ( 40,946,992 rd   +    495,706 wr)
==3473== D1  miss rate:          16.4% (       16.8%     +        4.3%  )
==3473== LLd miss rate:           5.9% (        6.0%     +        2.2%  )
==3473== 
==3473== LL refs:         114,762,158  (113,775,185 rd   +    986,973 wr)
==3473== LL misses:        41,444,174  ( 40,948,468 rd   +    495,706 wr)
==3473== LL miss rate:            1.8% (        1.8%     +        2.2%  )
==3483== Cachegrind, a cache and branch-prediction profiler
==3483== Copyright (C) 2002-2017, and GNU GPL'd, by Nicholas Nethercote et al.
==3483== Using Valgrind-3.15.0 and LibVEX; rerun with -h for copyright info
==3483== Command: bin/cg.W
==3483== 
--3483-- warning: L3 cache found, using its data for the LL simulation.
==3483== error calling PR_SET_PTRACER, vgdb might block


 NAS Parallel Benchmarks 3.0 structured OpenMP C version - CG Benchmark
 Size:       7000
 Iterations:    15
   iteration           ||r||                 zeta
        1       1.75577866390786e-13 1.1999700372738e+01
        2       2.28102998490821e-15 1.0345727566406e+01
        3       2.29929812980076e-15 1.0361788013796e+01
        4       2.25904223969286e-15 1.0362541628497e+01
        5       2.19140434130482e-15 1.0362590585447e+01
        6       2.26076623307409e-15 1.0362594646709e+01
        7       2.15949942350393e-15 1.0362595039834e+01
        8       2.16821905164632e-15 1.0362595081727e+01
        9       2.19136957083965e-15 1.0362595086482e+01
       10       2.13623428602257e-15 1.0362595087045e+01
       11       2.15793560723343e-15 1.0362595087114e+01
       12       2.07329747104467e-15 1.0362595087123e+01
       13       2.08607003590876e-15 1.0362595087124e+01
       14       2.05659826489763e-15 1.0362595087124e+01
       15       2.04564683596005e-15 1.0362595087124e+01
 Benchmark completed
 VERIFICATION SUCCESSFUL
 Zeta is      1.036259508712e+01
 Error is     8.881784197001e-15


 CG Benchmark Completed
 Class           =                        W
 Size            =                     7000
 Iterations      =                       15
 Threads         =                        1
 Time in seconds =                     9.56
 Mop/s total     =                    44.01
 Operation type  =           floating point
 Verification    =               SUCCESSFUL
 Version         =           3.0 structured
 Compile date    =              10 Nov 2021

 Compile options:
    CC           = gcc
    CLINK        = gcc
    C_LIB        = -lm
    C_INC        = -I../common
    CFLAGS       = -O2
    CLINKFLAGS   = (none)
    RAND         = randdp

 Execution time
 Seconds : 11
 Micro seconds : 10580714
==3483== 
==3483== I   refs:      1,660,201,566
==3483== I1  misses:            1,488
==3483== LLi misses:            1,476
==3483== I1  miss rate:          0.00%
==3483== LLi miss rate:          0.00%
==3483== 
==3483== D   refs:        701,244,697  (678,551,841 rd   + 22,692,856 wr)
==3483== D1  misses:      114,760,670  (113,773,697 rd   +    986,973 wr)
==3483== LLd misses:       41,442,698  ( 40,946,992 rd   +    495,706 wr)
==3483== D1  miss rate:          16.4% (       16.8%     +        4.3%  )
==3483== LLd miss rate:           5.9% (        6.0%     +        2.2%  )
==3483== 
==3483== LL refs:         114,762,158  (113,775,185 rd   +    986,973 wr)
==3483== LL misses:        41,444,174  ( 40,948,468 rd   +    495,706 wr)
==3483== LL miss rate:            1.8% (        1.8%     +        2.2%  )
==3493== Cachegrind, a cache and branch-prediction profiler
==3493== Copyright (C) 2002-2017, and GNU GPL'd, by Nicholas Nethercote et al.
==3493== Using Valgrind-3.15.0 and LibVEX; rerun with -h for copyright info
==3493== Command: bin/cg.W
==3493== 
--3493-- warning: L3 cache found, using its data for the LL simulation.
==3493== error calling PR_SET_PTRACER, vgdb might block


 NAS Parallel Benchmarks 3.0 structured OpenMP C version - CG Benchmark
 Size:       7000
 Iterations:    15
   iteration           ||r||                 zeta
        1       1.75577866390786e-13 1.1999700372738e+01
        2       2.28102998490821e-15 1.0345727566406e+01
        3       2.29929812980076e-15 1.0361788013796e+01
        4       2.25904223969286e-15 1.0362541628497e+01
        5       2.19140434130482e-15 1.0362590585447e+01
        6       2.26076623307409e-15 1.0362594646709e+01
        7       2.15949942350393e-15 1.0362595039834e+01
        8       2.16821905164632e-15 1.0362595081727e+01
        9       2.19136957083965e-15 1.0362595086482e+01
       10       2.13623428602257e-15 1.0362595087045e+01
       11       2.15793560723343e-15 1.0362595087114e+01
       12       2.07329747104467e-15 1.0362595087123e+01
       13       2.08607003590876e-15 1.0362595087124e+01
       14       2.05659826489763e-15 1.0362595087124e+01
       15       2.04564683596005e-15 1.0362595087124e+01
 Benchmark completed
 VERIFICATION SUCCESSFUL
 Zeta is      1.036259508712e+01
 Error is     8.881784197001e-15


 CG Benchmark Completed
 Class           =                        W
 Size            =                     7000
 Iterations      =                       15
 Threads         =                        1
 Time in seconds =                     9.66
 Mop/s total     =                    43.53
 Operation type  =           floating point
 Verification    =               SUCCESSFUL
 Version         =           3.0 structured
 Compile date    =              10 Nov 2021

 Compile options:
    CC           = gcc
    CLINK        = gcc
    C_LIB        = -lm
    C_INC        = -I../common
    CFLAGS       = -O2
    CLINKFLAGS   = (none)
    RAND         = randdp

 Execution time
 Seconds : 11
 Micro seconds : 10669686
==3493== 
==3493== I   refs:      1,660,201,591
==3493== I1  misses:            1,488
==3493== LLi misses:            1,476
==3493== I1  miss rate:          0.00%
==3493== LLi miss rate:          0.00%
==3493== 
==3493== D   refs:        701,244,708  (678,551,847 rd   + 22,692,861 wr)
==3493== D1  misses:      114,760,670  (113,773,697 rd   +    986,973 wr)
==3493== LLd misses:       41,442,698  ( 40,946,992 rd   +    495,706 wr)
==3493== D1  miss rate:          16.4% (       16.8%     +        4.3%  )
==3493== LLd miss rate:           5.9% (        6.0%     +        2.2%  )
==3493== 
==3493== LL refs:         114,762,158  (113,775,185 rd   +    986,973 wr)
==3493== LL misses:        41,444,174  ( 40,948,468 rd   +    495,706 wr)
==3493== LL miss rate:            1.8% (        1.8%     +        2.2%  )
==3503== Cachegrind, a cache and branch-prediction profiler
==3503== Copyright (C) 2002-2017, and GNU GPL'd, by Nicholas Nethercote et al.
==3503== Using Valgrind-3.15.0 and LibVEX; rerun with -h for copyright info
==3503== Command: bin/cg.W
==3503== 
--3503-- warning: L3 cache found, using its data for the LL simulation.
==3503== error calling PR_SET_PTRACER, vgdb might block


 NAS Parallel Benchmarks 3.0 structured OpenMP C version - CG Benchmark
 Size:       7000
 Iterations:    15
   iteration           ||r||                 zeta
        1       1.75577866390786e-13 1.1999700372738e+01
        2       2.28102998490821e-15 1.0345727566406e+01
        3       2.29929812980076e-15 1.0361788013796e+01
        4       2.25904223969286e-15 1.0362541628497e+01
        5       2.19140434130482e-15 1.0362590585447e+01
        6       2.26076623307409e-15 1.0362594646709e+01
        7       2.15949942350393e-15 1.0362595039834e+01
        8       2.16821905164632e-15 1.0362595081727e+01
        9       2.19136957083965e-15 1.0362595086482e+01
       10       2.13623428602257e-15 1.0362595087045e+01
       11       2.15793560723343e-15 1.0362595087114e+01
       12       2.07329747104467e-15 1.0362595087123e+01
       13       2.08607003590876e-15 1.0362595087124e+01
       14       2.05659826489763e-15 1.0362595087124e+01
       15       2.04564683596005e-15 1.0362595087124e+01
 Benchmark completed
 VERIFICATION SUCCESSFUL
 Zeta is      1.036259508712e+01
 Error is     8.881784197001e-15


 CG Benchmark Completed
 Class           =                        W
 Size            =                     7000
 Iterations      =                       15
 Threads         =                        1
 Time in seconds =                     9.53
 Mop/s total     =                    44.12
 Operation type  =           floating point
 Verification    =               SUCCESSFUL
 Version         =           3.0 structured
 Compile date    =              10 Nov 2021

 Compile options:
    CC           = gcc
    CLINK        = gcc
    C_LIB        = -lm
    C_INC        = -I../common
    CFLAGS       = -O2
    CLINKFLAGS   = (none)
    RAND         = randdp

 Execution time
 Seconds : 11
 Micro seconds : 10515533
==3503== 
==3503== I   refs:      1,660,201,563
==3503== I1  misses:            1,488
==3503== LLi misses:            1,476
==3503== I1  miss rate:          0.00%
==3503== LLi miss rate:          0.00%
==3503== 
==3503== D   refs:        701,244,697  (678,551,839 rd   + 22,692,858 wr)
==3503== D1  misses:      114,760,670  (113,773,697 rd   +    986,973 wr)
==3503== LLd misses:       41,442,698  ( 40,946,992 rd   +    495,706 wr)
==3503== D1  miss rate:          16.4% (       16.8%     +        4.3%  )
==3503== LLd miss rate:           5.9% (        6.0%     +        2.2%  )
==3503== 
==3503== LL refs:         114,762,158  (113,775,185 rd   +    986,973 wr)
==3503== LL misses:        41,444,174  ( 40,948,468 rd   +    495,706 wr)
==3503== LL miss rate:            1.8% (        1.8%     +        2.2%  )
==3513== Cachegrind, a cache and branch-prediction profiler
==3513== Copyright (C) 2002-2017, and GNU GPL'd, by Nicholas Nethercote et al.
==3513== Using Valgrind-3.15.0 and LibVEX; rerun with -h for copyright info
==3513== Command: bin/cg.W
==3513== 
--3513-- warning: L3 cache found, using its data for the LL simulation.
==3513== error calling PR_SET_PTRACER, vgdb might block


 NAS Parallel Benchmarks 3.0 structured OpenMP C version - CG Benchmark
 Size:       7000
 Iterations:    15
   iteration           ||r||                 zeta
        1       1.75577866390786e-13 1.1999700372738e+01
        2       2.28102998490821e-15 1.0345727566406e+01
        3       2.29929812980076e-15 1.0361788013796e+01
        4       2.25904223969286e-15 1.0362541628497e+01
        5       2.19140434130482e-15 1.0362590585447e+01
        6       2.26076623307409e-15 1.0362594646709e+01
        7       2.15949942350393e-15 1.0362595039834e+01
        8       2.16821905164632e-15 1.0362595081727e+01
        9       2.19136957083965e-15 1.0362595086482e+01
       10       2.13623428602257e-15 1.0362595087045e+01
       11       2.15793560723343e-15 1.0362595087114e+01
       12       2.07329747104467e-15 1.0362595087123e+01
       13       2.08607003590876e-15 1.0362595087124e+01
       14       2.05659826489763e-15 1.0362595087124e+01
       15       2.04564683596005e-15 1.0362595087124e+01
 Benchmark completed
 VERIFICATION SUCCESSFUL
 Zeta is      1.036259508712e+01
 Error is     8.881784197001e-15


 CG Benchmark Completed
 Class           =                        W
 Size            =                     7000
 Iterations      =                       15
 Threads         =                        1
 Time in seconds =                     9.84
 Mop/s total     =                    42.75
 Operation type  =           floating point
 Verification    =               SUCCESSFUL
 Version         =           3.0 structured
 Compile date    =              10 Nov 2021

 Compile options:
    CC           = gcc
    CLINK        = gcc
    C_LIB        = -lm
    C_INC        = -I../common
    CFLAGS       = -O2
    CLINKFLAGS   = (none)
    RAND         = randdp

 Execution time
 Seconds : 11
 Micro seconds : 10834688
==3513== 
==3513== I   refs:      1,660,201,589
==3513== I1  misses:            1,488
==3513== LLi misses:            1,476
==3513== I1  miss rate:          0.00%
==3513== LLi miss rate:          0.00%
==3513== 
==3513== D   refs:        701,244,708  (678,551,847 rd   + 22,692,861 wr)
==3513== D1  misses:      114,760,670  (113,773,697 rd   +    986,973 wr)
==3513== LLd misses:       41,442,698  ( 40,946,992 rd   +    495,706 wr)
==3513== D1  miss rate:          16.4% (       16.8%     +        4.3%  )
==3513== LLd miss rate:           5.9% (        6.0%     +        2.2%  )
==3513== 
==3513== LL refs:         114,762,158  (113,775,185 rd   +    986,973 wr)
==3513== LL misses:        41,444,174  ( 40,948,468 rd   +    495,706 wr)
==3513== LL miss rate:            1.8% (        1.8%     +        2.2%  )
==3523== Cachegrind, a cache and branch-prediction profiler
==3523== Copyright (C) 2002-2017, and GNU GPL'd, by Nicholas Nethercote et al.
==3523== Using Valgrind-3.15.0 and LibVEX; rerun with -h for copyright info
==3523== Command: bin/cg.W
==3523== 
--3523-- warning: L3 cache found, using its data for the LL simulation.
==3523== error calling PR_SET_PTRACER, vgdb might block


 NAS Parallel Benchmarks 3.0 structured OpenMP C version - CG Benchmark
 Size:       7000
 Iterations:    15
   iteration           ||r||                 zeta
        1       1.75577866390786e-13 1.1999700372738e+01
        2       2.28102998490821e-15 1.0345727566406e+01
        3       2.29929812980076e-15 1.0361788013796e+01
        4       2.25904223969286e-15 1.0362541628497e+01
        5       2.19140434130482e-15 1.0362590585447e+01
        6       2.26076623307409e-15 1.0362594646709e+01
        7       2.15949942350393e-15 1.0362595039834e+01
        8       2.16821905164632e-15 1.0362595081727e+01
        9       2.19136957083965e-15 1.0362595086482e+01
       10       2.13623428602257e-15 1.0362595087045e+01
       11       2.15793560723343e-15 1.0362595087114e+01
       12       2.07329747104467e-15 1.0362595087123e+01
       13       2.08607003590876e-15 1.0362595087124e+01
       14       2.05659826489763e-15 1.0362595087124e+01
       15       2.04564683596005e-15 1.0362595087124e+01
 Benchmark completed
 VERIFICATION SUCCESSFUL
 Zeta is      1.036259508712e+01
 Error is     8.881784197001e-15


 CG Benchmark Completed
 Class           =                        W
 Size            =                     7000
 Iterations      =                       15
 Threads         =                        1
 Time in seconds =                     9.84
 Mop/s total     =                    42.75
 Operation type  =           floating point
 Verification    =               SUCCESSFUL
 Version         =           3.0 structured
 Compile date    =              10 Nov 2021

 Compile options:
    CC           = gcc
    CLINK        = gcc
    C_LIB        = -lm
    C_INC        = -I../common
    CFLAGS       = -O2
    CLINKFLAGS   = (none)
    RAND         = randdp

 Execution time
 Seconds : 11
 Micro seconds : 10831097
==3523== 
==3523== I   refs:      1,660,201,607
==3523== I1  misses:            1,488
==3523== LLi misses:            1,476
==3523== I1  miss rate:          0.00%
==3523== LLi miss rate:          0.00%
==3523== 
==3523== D   refs:        701,244,714  (678,551,852 rd   + 22,692,862 wr)
==3523== D1  misses:      114,760,670  (113,773,697 rd   +    986,973 wr)
==3523== LLd misses:       41,442,698  ( 40,946,992 rd   +    495,706 wr)
==3523== D1  miss rate:          16.4% (       16.8%     +        4.3%  )
==3523== LLd miss rate:           5.9% (        6.0%     +        2.2%  )
==3523== 
==3523== LL refs:         114,762,158  (113,775,185 rd   +    986,973 wr)
==3523== LL misses:        41,444,174  ( 40,948,468 rd   +    495,706 wr)
==3523== LL miss rate:            1.8% (        1.8%     +        2.2%  )
==3533== Cachegrind, a cache and branch-prediction profiler
==3533== Copyright (C) 2002-2017, and GNU GPL'd, by Nicholas Nethercote et al.
==3533== Using Valgrind-3.15.0 and LibVEX; rerun with -h for copyright info
==3533== Command: bin/cg.W
==3533== 
--3533-- warning: L3 cache found, using its data for the LL simulation.
==3533== error calling PR_SET_PTRACER, vgdb might block


 NAS Parallel Benchmarks 3.0 structured OpenMP C version - CG Benchmark
 Size:       7000
 Iterations:    15
   iteration           ||r||                 zeta
        1       1.75577866390786e-13 1.1999700372738e+01
        2       2.28102998490821e-15 1.0345727566406e+01
        3       2.29929812980076e-15 1.0361788013796e+01
        4       2.25904223969286e-15 1.0362541628497e+01
        5       2.19140434130482e-15 1.0362590585447e+01
        6       2.26076623307409e-15 1.0362594646709e+01
        7       2.15949942350393e-15 1.0362595039834e+01
        8       2.16821905164632e-15 1.0362595081727e+01
        9       2.19136957083965e-15 1.0362595086482e+01
       10       2.13623428602257e-15 1.0362595087045e+01
       11       2.15793560723343e-15 1.0362595087114e+01
       12       2.07329747104467e-15 1.0362595087123e+01
       13       2.08607003590876e-15 1.0362595087124e+01
       14       2.05659826489763e-15 1.0362595087124e+01
       15       2.04564683596005e-15 1.0362595087124e+01
 Benchmark completed
 VERIFICATION SUCCESSFUL
 Zeta is      1.036259508712e+01
 Error is     8.881784197001e-15


 CG Benchmark Completed
 Class           =                        W
 Size            =                     7000
 Iterations      =                       15
 Threads         =                        1
 Time in seconds =                     9.60
 Mop/s total     =                    43.84
 Operation type  =           floating point
 Verification    =               SUCCESSFUL
 Version         =           3.0 structured
 Compile date    =              10 Nov 2021

 Compile options:
    CC           = gcc
    CLINK        = gcc
    C_LIB        = -lm
    C_INC        = -I../common
    CFLAGS       = -O2
    CLINKFLAGS   = (none)
    RAND         = randdp

 Execution time
 Seconds : 10
 Micro seconds : 10563877
==3533== 
==3533== I   refs:      1,660,201,624
==3533== I1  misses:            1,488
==3533== LLi misses:            1,476
==3533== I1  miss rate:          0.00%
==3533== LLi miss rate:          0.00%
==3533== 
==3533== D   refs:        701,244,720  (678,551,857 rd   + 22,692,863 wr)
==3533== D1  misses:      114,760,670  (113,773,697 rd   +    986,973 wr)
==3533== LLd misses:       41,442,698  ( 40,946,992 rd   +    495,706 wr)
==3533== D1  miss rate:          16.4% (       16.8%     +        4.3%  )
==3533== LLd miss rate:           5.9% (        6.0%     +        2.2%  )
==3533== 
==3533== LL refs:         114,762,158  (113,775,185 rd   +    986,973 wr)
==3533== LL misses:        41,444,174  ( 40,948,468 rd   +    495,706 wr)
==3533== LL miss rate:            1.8% (        1.8%     +        2.2%  )
==3543== Cachegrind, a cache and branch-prediction profiler
==3543== Copyright (C) 2002-2017, and GNU GPL'd, by Nicholas Nethercote et al.
==3543== Using Valgrind-3.15.0 and LibVEX; rerun with -h for copyright info
==3543== Command: bin/cg.W
==3543== 
--3543-- warning: L3 cache found, using its data for the LL simulation.
==3543== error calling PR_SET_PTRACER, vgdb might block


 NAS Parallel Benchmarks 3.0 structured OpenMP C version - CG Benchmark
 Size:       7000
 Iterations:    15
   iteration           ||r||                 zeta
        1       1.75577866390786e-13 1.1999700372738e+01
        2       2.28102998490821e-15 1.0345727566406e+01
        3       2.29929812980076e-15 1.0361788013796e+01
        4       2.25904223969286e-15 1.0362541628497e+01
        5       2.19140434130482e-15 1.0362590585447e+01
        6       2.26076623307409e-15 1.0362594646709e+01
        7       2.15949942350393e-15 1.0362595039834e+01
        8       2.16821905164632e-15 1.0362595081727e+01
        9       2.19136957083965e-15 1.0362595086482e+01
       10       2.13623428602257e-15 1.0362595087045e+01
       11       2.15793560723343e-15 1.0362595087114e+01
       12       2.07329747104467e-15 1.0362595087123e+01
       13       2.08607003590876e-15 1.0362595087124e+01
       14       2.05659826489763e-15 1.0362595087124e+01
       15       2.04564683596005e-15 1.0362595087124e+01
 Benchmark completed
 VERIFICATION SUCCESSFUL
 Zeta is      1.036259508712e+01
 Error is     8.881784197001e-15


 CG Benchmark Completed
 Class           =                        W
 Size            =                     7000
 Iterations      =                       15
 Threads         =                        1
 Time in seconds =                     9.56
 Mop/s total     =                    44.00
 Operation type  =           floating point
 Verification    =               SUCCESSFUL
 Version         =           3.0 structured
 Compile date    =              10 Nov 2021

 Compile options:
    CC           = gcc
    CLINK        = gcc
    C_LIB        = -lm
    C_INC        = -I../common
    CFLAGS       = -O2
    CLINKFLAGS   = (none)
    RAND         = randdp

 Execution time
 Seconds : 10
 Micro seconds : 10550039
==3543== 
==3543== I   refs:      1,660,201,637
==3543== I1  misses:            1,491
==3543== LLi misses:            1,479
==3543== I1  miss rate:          0.00%
==3543== LLi miss rate:          0.00%
==3543== 
==3543== D   refs:        701,244,724  (678,551,861 rd   + 22,692,863 wr)
==3543== D1  misses:      114,760,670  (113,773,697 rd   +    986,973 wr)
==3543== LLd misses:       41,442,698  ( 40,946,992 rd   +    495,706 wr)
==3543== D1  miss rate:          16.4% (       16.8%     +        4.3%  )
==3543== LLd miss rate:           5.9% (        6.0%     +        2.2%  )
==3543== 
==3543== LL refs:         114,762,161  (113,775,188 rd   +    986,973 wr)
==3543== LL misses:        41,444,177  ( 40,948,471 rd   +    495,706 wr)
==3543== LL miss rate:            1.8% (        1.8%     +        2.2%  )
==3553== Cachegrind, a cache and branch-prediction profiler
==3553== Copyright (C) 2002-2017, and GNU GPL'd, by Nicholas Nethercote et al.
==3553== Using Valgrind-3.15.0 and LibVEX; rerun with -h for copyright info
==3553== Command: bin/cg.W
==3553== 
--3553-- warning: L3 cache found, using its data for the LL simulation.
==3553== error calling PR_SET_PTRACER, vgdb might block


 NAS Parallel Benchmarks 3.0 structured OpenMP C version - CG Benchmark
 Size:       7000
 Iterations:    15
   iteration           ||r||                 zeta
        1       1.75577866390786e-13 1.1999700372738e+01
        2       2.28102998490821e-15 1.0345727566406e+01
        3       2.29929812980076e-15 1.0361788013796e+01
        4       2.25904223969286e-15 1.0362541628497e+01
        5       2.19140434130482e-15 1.0362590585447e+01
        6       2.26076623307409e-15 1.0362594646709e+01
        7       2.15949942350393e-15 1.0362595039834e+01
        8       2.16821905164632e-15 1.0362595081727e+01
        9       2.19136957083965e-15 1.0362595086482e+01
       10       2.13623428602257e-15 1.0362595087045e+01
       11       2.15793560723343e-15 1.0362595087114e+01
       12       2.07329747104467e-15 1.0362595087123e+01
       13       2.08607003590876e-15 1.0362595087124e+01
       14       2.05659826489763e-15 1.0362595087124e+01
       15       2.04564683596005e-15 1.0362595087124e+01
 Benchmark completed
 VERIFICATION SUCCESSFUL
 Zeta is      1.036259508712e+01
 Error is     8.881784197001e-15


 CG Benchmark Completed
 Class           =                        W
 Size            =                     7000
 Iterations      =                       15
 Threads         =                        1
 Time in seconds =                     8.78
 Mop/s total     =                    47.90
 Operation type  =           floating point
 Verification    =               SUCCESSFUL
 Version         =           3.0 structured
 Compile date    =              10 Nov 2021

 Compile options:
    CC           = gcc
    CLINK        = gcc
    C_LIB        = -lm
    C_INC        = -I../common
    CFLAGS       = -O2
    CLINKFLAGS   = (none)
    RAND         = randdp

 Execution time
 Seconds : 10
 Micro seconds : 9674260
==3553== 
==3553== I   refs:      1,660,201,580
==3553== I1  misses:            1,488
==3553== LLi misses:            1,476
==3553== I1  miss rate:          0.00%
==3553== LLi miss rate:          0.00%
==3553== 
==3553== D   refs:        701,244,704  (678,551,845 rd   + 22,692,859 wr)
==3553== D1  misses:      114,760,670  (113,773,697 rd   +    986,973 wr)
==3553== LLd misses:       41,442,698  ( 40,946,992 rd   +    495,706 wr)
==3553== D1  miss rate:          16.4% (       16.8%     +        4.3%  )
==3553== LLd miss rate:           5.9% (        6.0%     +        2.2%  )
==3553== 
==3553== LL refs:         114,762,158  (113,775,185 rd   +    986,973 wr)
==3553== LL misses:        41,444,174  ( 40,948,468 rd   +    495,706 wr)
==3553== LL miss rate:            1.8% (        1.8%     +        2.2%  )
==3563== Cachegrind, a cache and branch-prediction profiler
==3563== Copyright (C) 2002-2017, and GNU GPL'd, by Nicholas Nethercote et al.
==3563== Using Valgrind-3.15.0 and LibVEX; rerun with -h for copyright info
==3563== Command: bin/cg.W
==3563== 
--3563-- warning: L3 cache found, using its data for the LL simulation.
==3563== error calling PR_SET_PTRACER, vgdb might block


 NAS Parallel Benchmarks 3.0 structured OpenMP C version - CG Benchmark
 Size:       7000
 Iterations:    15
   iteration           ||r||                 zeta
        1       1.75577866390786e-13 1.1999700372738e+01
        2       2.28102998490821e-15 1.0345727566406e+01
        3       2.29929812980076e-15 1.0361788013796e+01
        4       2.25904223969286e-15 1.0362541628497e+01
        5       2.19140434130482e-15 1.0362590585447e+01
        6       2.26076623307409e-15 1.0362594646709e+01
        7       2.15949942350393e-15 1.0362595039834e+01
        8       2.16821905164632e-15 1.0362595081727e+01
        9       2.19136957083965e-15 1.0362595086482e+01
       10       2.13623428602257e-15 1.0362595087045e+01
       11       2.15793560723343e-15 1.0362595087114e+01
       12       2.07329747104467e-15 1.0362595087123e+01
       13       2.08607003590876e-15 1.0362595087124e+01
       14       2.05659826489763e-15 1.0362595087124e+01
       15       2.04564683596005e-15 1.0362595087124e+01
 Benchmark completed
 VERIFICATION SUCCESSFUL
 Zeta is      1.036259508712e+01
 Error is     8.881784197001e-15


 CG Benchmark Completed
 Class           =                        W
 Size            =                     7000
 Iterations      =                       15
 Threads         =                        1
 Time in seconds =                     8.69
 Mop/s total     =                    48.40
 Operation type  =           floating point
 Verification    =               SUCCESSFUL
 Version         =           3.0 structured
 Compile date    =              10 Nov 2021

 Compile options:
    CC           = gcc
    CLINK        = gcc
    C_LIB        = -lm
    C_INC        = -I../common
    CFLAGS       = -O2
    CLINKFLAGS   = (none)
    RAND         = randdp

 Execution time
 Seconds : 10
 Micro seconds : 9575216
==3563== 
==3563== I   refs:      1,660,201,596
==3563== I1  misses:            1,488
==3563== LLi misses:            1,476
==3563== I1  miss rate:          0.00%
==3563== LLi miss rate:          0.00%
==3563== 
==3563== D   refs:        701,244,712  (678,551,851 rd   + 22,692,861 wr)
==3563== D1  misses:      114,760,670  (113,773,697 rd   +    986,973 wr)
==3563== LLd misses:       41,442,698  ( 40,946,992 rd   +    495,706 wr)
==3563== D1  miss rate:          16.4% (       16.8%     +        4.3%  )
==3563== LLd miss rate:           5.9% (        6.0%     +        2.2%  )
==3563== 
==3563== LL refs:         114,762,158  (113,775,185 rd   +    986,973 wr)
==3563== LL misses:        41,444,174  ( 40,948,468 rd   +    495,706 wr)
==3563== LL miss rate:            1.8% (        1.8%     +        2.2%  )
