==3724== Cachegrind, a cache and branch-prediction profiler
==3724== Copyright (C) 2002-2017, and GNU GPL'd, by Nicholas Nethercote et al.
==3724== Using Valgrind-3.15.0 and LibVEX; rerun with -h for copyright info
==3724== Command: bin/ep.W
==3724== 
--3724-- warning: L3 cache found, using its data for the LL simulation.
==3724== error calling PR_SET_PTRACER, vgdb might block


 NAS Parallel Benchmarks 3.0 structured OpenMP C version - EP Benchmark
 Number of random numbers generated:      67108864
EP Benchmark Results: 
CPU Time =    41.1962
N = 2^   25
No. Gaussian Pairs =        26354769
Sums =    -2.863319731645753e+03    -6.320053679109410e+03
Counts:
  0        12281576
  1        11729692
  2         2202726
  3          137368
  4            3371
  5              36
  6               0
  7               0
  8               0
  9               0


 EP Benchmark Completed
 Class           =                        W
 Size            =                       26
 Iterations      =                        0
 Threads         =                        1
 Time in seconds =                    41.20
 Mop/s total     =                     1.63
 Operation type  = Random numbers generated
 Verification    =               SUCCESSFUL
 Version         =           3.0 structured
 Compile date    =              10 Nov 2021

 Compile options:
    CC           = gcc
    CLINK        = gcc
    C_LIB        = -lm
    C_INC        = -I../common
    CFLAGS       = -O3
    CLINKFLAGS   = (none)
    RAND         = randdp

 Execution time
 Seconds : 41
 Micro seconds : 41230380
==3724== 
==3724== I   refs:      7,261,047,516
==3724== I1  misses:            1,456
==3724== LLi misses:            1,417
==3724== I1  miss rate:          0.00%
==3724== LLi miss rate:          0.00%
==3724== 
==3724== D   refs:      3,648,199,788  (2,758,882,762 rd   + 889,317,026 wr)
==3724== D1  misses:       16,823,247  (    8,415,455 rd   +   8,407,792 wr)
==3724== LLd misses:           19,286  (        2,255 rd   +      17,031 wr)
==3724== D1  miss rate:           0.5% (          0.3%     +         0.9%  )
==3724== LLd miss rate:           0.0% (          0.0%     +         0.0%  )
==3724== 
==3724== LL refs:          16,824,703  (    8,416,911 rd   +   8,407,792 wr)
==3724== LL misses:            20,703  (        3,672 rd   +      17,031 wr)
==3724== LL miss rate:            0.0% (          0.0%     +         0.0%  )
==3734== Cachegrind, a cache and branch-prediction profiler
==3734== Copyright (C) 2002-2017, and GNU GPL'd, by Nicholas Nethercote et al.
==3734== Using Valgrind-3.15.0 and LibVEX; rerun with -h for copyright info
==3734== Command: bin/ep.W
==3734== 
--3734-- warning: L3 cache found, using its data for the LL simulation.
==3734== error calling PR_SET_PTRACER, vgdb might block


 NAS Parallel Benchmarks 3.0 structured OpenMP C version - EP Benchmark
 Number of random numbers generated:      67108864
EP Benchmark Results: 
CPU Time =    41.2243
N = 2^   25
No. Gaussian Pairs =        26354769
Sums =    -2.863319731645753e+03    -6.320053679109410e+03
Counts:
  0        12281576
  1        11729692
  2         2202726
  3          137368
  4            3371
  5              36
  6               0
  7               0
  8               0
  9               0


 EP Benchmark Completed
 Class           =                        W
 Size            =                       26
 Iterations      =                        0
 Threads         =                        1
 Time in seconds =                    41.22
 Mop/s total     =                     1.63
 Operation type  = Random numbers generated
 Verification    =               SUCCESSFUL
 Version         =           3.0 structured
 Compile date    =              10 Nov 2021

 Compile options:
    CC           = gcc
    CLINK        = gcc
    C_LIB        = -lm
    C_INC        = -I../common
    CFLAGS       = -O3
    CLINKFLAGS   = (none)
    RAND         = randdp

 Execution time
 Seconds : 41
 Micro seconds : 41258636
==3734== 
==3734== I   refs:      7,261,047,498
==3734== I1  misses:            1,456
==3734== LLi misses:            1,417
==3734== I1  miss rate:          0.00%
==3734== LLi miss rate:          0.00%
==3734== 
==3734== D   refs:      3,648,199,783  (2,758,882,757 rd   + 889,317,026 wr)
==3734== D1  misses:       16,823,247  (    8,415,455 rd   +   8,407,792 wr)
==3734== LLd misses:           19,286  (        2,255 rd   +      17,031 wr)
==3734== D1  miss rate:           0.5% (          0.3%     +         0.9%  )
==3734== LLd miss rate:           0.0% (          0.0%     +         0.0%  )
==3734== 
==3734== LL refs:          16,824,703  (    8,416,911 rd   +   8,407,792 wr)
==3734== LL misses:            20,703  (        3,672 rd   +      17,031 wr)
==3734== LL miss rate:            0.0% (          0.0%     +         0.0%  )
==3744== Cachegrind, a cache and branch-prediction profiler
==3744== Copyright (C) 2002-2017, and GNU GPL'd, by Nicholas Nethercote et al.
==3744== Using Valgrind-3.15.0 and LibVEX; rerun with -h for copyright info
==3744== Command: bin/ep.W
==3744== 
--3744-- warning: L3 cache found, using its data for the LL simulation.
==3744== error calling PR_SET_PTRACER, vgdb might block


 NAS Parallel Benchmarks 3.0 structured OpenMP C version - EP Benchmark
 Number of random numbers generated:      67108864
EP Benchmark Results: 
CPU Time =    41.3717
N = 2^   25
No. Gaussian Pairs =        26354769
Sums =    -2.863319731645753e+03    -6.320053679109410e+03
Counts:
  0        12281576
  1        11729692
  2         2202726
  3          137368
  4            3371
  5              36
  6               0
  7               0
  8               0
  9               0


 EP Benchmark Completed
 Class           =                        W
 Size            =                       26
 Iterations      =                        0
 Threads         =                        1
 Time in seconds =                    41.37
 Mop/s total     =                     1.62
 Operation type  = Random numbers generated
 Verification    =               SUCCESSFUL
 Version         =           3.0 structured
 Compile date    =              10 Nov 2021

 Compile options:
    CC           = gcc
    CLINK        = gcc
    C_LIB        = -lm
    C_INC        = -I../common
    CFLAGS       = -O3
    CLINKFLAGS   = (none)
    RAND         = randdp

 Execution time
 Seconds : 41
 Micro seconds : 41405406
==3744== 
==3744== I   refs:      7,261,047,485
==3744== I1  misses:            1,456
==3744== LLi misses:            1,417
==3744== I1  miss rate:          0.00%
==3744== LLi miss rate:          0.00%
==3744== 
==3744== D   refs:      3,648,199,781  (2,758,882,754 rd   + 889,317,027 wr)
==3744== D1  misses:       16,823,247  (    8,415,455 rd   +   8,407,792 wr)
==3744== LLd misses:           19,286  (        2,255 rd   +      17,031 wr)
==3744== D1  miss rate:           0.5% (          0.3%     +         0.9%  )
==3744== LLd miss rate:           0.0% (          0.0%     +         0.0%  )
==3744== 
==3744== LL refs:          16,824,703  (    8,416,911 rd   +   8,407,792 wr)
==3744== LL misses:            20,703  (        3,672 rd   +      17,031 wr)
==3744== LL miss rate:            0.0% (          0.0%     +         0.0%  )
==3754== Cachegrind, a cache and branch-prediction profiler
==3754== Copyright (C) 2002-2017, and GNU GPL'd, by Nicholas Nethercote et al.
==3754== Using Valgrind-3.15.0 and LibVEX; rerun with -h for copyright info
==3754== Command: bin/ep.W
==3754== 
--3754-- warning: L3 cache found, using its data for the LL simulation.
==3754== error calling PR_SET_PTRACER, vgdb might block


 NAS Parallel Benchmarks 3.0 structured OpenMP C version - EP Benchmark
 Number of random numbers generated:      67108864
EP Benchmark Results: 
CPU Time =    41.0790
N = 2^   25
No. Gaussian Pairs =        26354769
Sums =    -2.863319731645753e+03    -6.320053679109410e+03
Counts:
  0        12281576
  1        11729692
  2         2202726
  3          137368
  4            3371
  5              36
  6               0
  7               0
  8               0
  9               0


 EP Benchmark Completed
 Class           =                        W
 Size            =                       26
 Iterations      =                        0
 Threads         =                        1
 Time in seconds =                    41.08
 Mop/s total     =                     1.63
 Operation type  = Random numbers generated
 Verification    =               SUCCESSFUL
 Version         =           3.0 structured
 Compile date    =              10 Nov 2021

 Compile options:
    CC           = gcc
    CLINK        = gcc
    C_LIB        = -lm
    C_INC        = -I../common
    CFLAGS       = -O3
    CLINKFLAGS   = (none)
    RAND         = randdp

 Execution time
 Seconds : 42
 Micro seconds : 41115382
==3754== 
==3754== I   refs:      7,261,047,481
==3754== I1  misses:            1,456
==3754== LLi misses:            1,417
==3754== I1  miss rate:          0.00%
==3754== LLi miss rate:          0.00%
==3754== 
==3754== D   refs:      3,648,199,777  (2,758,882,754 rd   + 889,317,023 wr)
==3754== D1  misses:       16,823,247  (    8,415,455 rd   +   8,407,792 wr)
==3754== LLd misses:           19,286  (        2,255 rd   +      17,031 wr)
==3754== D1  miss rate:           0.5% (          0.3%     +         0.9%  )
==3754== LLd miss rate:           0.0% (          0.0%     +         0.0%  )
==3754== 
==3754== LL refs:          16,824,703  (    8,416,911 rd   +   8,407,792 wr)
==3754== LL misses:            20,703  (        3,672 rd   +      17,031 wr)
==3754== LL miss rate:            0.0% (          0.0%     +         0.0%  )
==3764== Cachegrind, a cache and branch-prediction profiler
==3764== Copyright (C) 2002-2017, and GNU GPL'd, by Nicholas Nethercote et al.
==3764== Using Valgrind-3.15.0 and LibVEX; rerun with -h for copyright info
==3764== Command: bin/ep.W
==3764== 
--3764-- warning: L3 cache found, using its data for the LL simulation.
==3764== error calling PR_SET_PTRACER, vgdb might block


 NAS Parallel Benchmarks 3.0 structured OpenMP C version - EP Benchmark
 Number of random numbers generated:      67108864
EP Benchmark Results: 
CPU Time =    39.2359
N = 2^   25
No. Gaussian Pairs =        26354769
Sums =    -2.863319731645753e+03    -6.320053679109410e+03
Counts:
  0        12281576
  1        11729692
  2         2202726
  3          137368
  4            3371
  5              36
  6               0
  7               0
  8               0
  9               0


 EP Benchmark Completed
 Class           =                        W
 Size            =                       26
 Iterations      =                        0
 Threads         =                        1
 Time in seconds =                    39.24
 Mop/s total     =                     1.71
 Operation type  = Random numbers generated
 Verification    =               SUCCESSFUL
 Version         =           3.0 structured
 Compile date    =              10 Nov 2021

 Compile options:
    CC           = gcc
    CLINK        = gcc
    C_LIB        = -lm
    C_INC        = -I../common
    CFLAGS       = -O3
    CLINKFLAGS   = (none)
    RAND         = randdp

 Execution time
 Seconds : 39
 Micro seconds : 39273578
==3764== 
==3764== I   refs:      7,261,047,538
==3764== I1  misses:            1,456
==3764== LLi misses:            1,417
==3764== I1  miss rate:          0.00%
==3764== LLi miss rate:          0.00%
==3764== 
==3764== D   refs:      3,648,199,803  (2,758,882,771 rd   + 889,317,032 wr)
==3764== D1  misses:       16,823,247  (    8,415,455 rd   +   8,407,792 wr)
==3764== LLd misses:           19,286  (        2,255 rd   +      17,031 wr)
==3764== D1  miss rate:           0.5% (          0.3%     +         0.9%  )
==3764== LLd miss rate:           0.0% (          0.0%     +         0.0%  )
==3764== 
==3764== LL refs:          16,824,703  (    8,416,911 rd   +   8,407,792 wr)
==3764== LL misses:            20,703  (        3,672 rd   +      17,031 wr)
==3764== LL miss rate:            0.0% (          0.0%     +         0.0%  )
==3774== Cachegrind, a cache and branch-prediction profiler
==3774== Copyright (C) 2002-2017, and GNU GPL'd, by Nicholas Nethercote et al.
==3774== Using Valgrind-3.15.0 and LibVEX; rerun with -h for copyright info
==3774== Command: bin/ep.W
==3774== 
--3774-- warning: L3 cache found, using its data for the LL simulation.
==3774== error calling PR_SET_PTRACER, vgdb might block


 NAS Parallel Benchmarks 3.0 structured OpenMP C version - EP Benchmark
 Number of random numbers generated:      67108864
EP Benchmark Results: 
CPU Time =    38.3652
N = 2^   25
No. Gaussian Pairs =        26354769
Sums =    -2.863319731645753e+03    -6.320053679109410e+03
Counts:
  0        12281576
  1        11729692
  2         2202726
  3          137368
  4            3371
  5              36
  6               0
  7               0
  8               0
  9               0


 EP Benchmark Completed
 Class           =                        W
 Size            =                       26
 Iterations      =                        0
 Threads         =                        1
 Time in seconds =                    38.37
 Mop/s total     =                     1.75
 Operation type  = Random numbers generated
 Verification    =               SUCCESSFUL
 Version         =           3.0 structured
 Compile date    =              10 Nov 2021

 Compile options:
    CC           = gcc
    CLINK        = gcc
    C_LIB        = -lm
    C_INC        = -I../common
    CFLAGS       = -O3
    CLINKFLAGS   = (none)
    RAND         = randdp

 Execution time
 Seconds : 38
 Micro seconds : 38396264
==3774== 
==3774== I   refs:      7,261,047,545
==3774== I1  misses:            1,456
==3774== LLi misses:            1,417
==3774== I1  miss rate:          0.00%
==3774== LLi miss rate:          0.00%
==3774== 
==3774== D   refs:      3,648,199,805  (2,758,882,772 rd   + 889,317,033 wr)
==3774== D1  misses:       16,823,247  (    8,415,455 rd   +   8,407,792 wr)
==3774== LLd misses:           19,286  (        2,255 rd   +      17,031 wr)
==3774== D1  miss rate:           0.5% (          0.3%     +         0.9%  )
==3774== LLd miss rate:           0.0% (          0.0%     +         0.0%  )
==3774== 
==3774== LL refs:          16,824,703  (    8,416,911 rd   +   8,407,792 wr)
==3774== LL misses:            20,703  (        3,672 rd   +      17,031 wr)
==3774== LL miss rate:            0.0% (          0.0%     +         0.0%  )
==3784== Cachegrind, a cache and branch-prediction profiler
==3784== Copyright (C) 2002-2017, and GNU GPL'd, by Nicholas Nethercote et al.
==3784== Using Valgrind-3.15.0 and LibVEX; rerun with -h for copyright info
==3784== Command: bin/ep.W
==3784== 
--3784-- warning: L3 cache found, using its data for the LL simulation.
==3784== error calling PR_SET_PTRACER, vgdb might block


 NAS Parallel Benchmarks 3.0 structured OpenMP C version - EP Benchmark
 Number of random numbers generated:      67108864
EP Benchmark Results: 
CPU Time =    38.4450
N = 2^   25
No. Gaussian Pairs =        26354769
Sums =    -2.863319731645753e+03    -6.320053679109410e+03
Counts:
  0        12281576
  1        11729692
  2         2202726
  3          137368
  4            3371
  5              36
  6               0
  7               0
  8               0
  9               0


 EP Benchmark Completed
 Class           =                        W
 Size            =                       26
 Iterations      =                        0
 Threads         =                        1
 Time in seconds =                    38.45
 Mop/s total     =                     1.75
 Operation type  = Random numbers generated
 Verification    =               SUCCESSFUL
 Version         =           3.0 structured
 Compile date    =              10 Nov 2021

 Compile options:
    CC           = gcc
    CLINK        = gcc
    C_LIB        = -lm
    C_INC        = -I../common
    CFLAGS       = -O3
    CLINKFLAGS   = (none)
    RAND         = randdp

 Execution time
 Seconds : 39
 Micro seconds : 38477488
==3784== 
==3784== I   refs:      7,261,047,520
==3784== I1  misses:            1,456
==3784== LLi misses:            1,417
==3784== I1  miss rate:          0.00%
==3784== LLi miss rate:          0.00%
==3784== 
==3784== D   refs:      3,648,199,791  (2,758,882,767 rd   + 889,317,024 wr)
==3784== D1  misses:       16,823,247  (    8,415,455 rd   +   8,407,792 wr)
==3784== LLd misses:           19,286  (        2,255 rd   +      17,031 wr)
==3784== D1  miss rate:           0.5% (          0.3%     +         0.9%  )
==3784== LLd miss rate:           0.0% (          0.0%     +         0.0%  )
==3784== 
==3784== LL refs:          16,824,703  (    8,416,911 rd   +   8,407,792 wr)
==3784== LL misses:            20,703  (        3,672 rd   +      17,031 wr)
==3784== LL miss rate:            0.0% (          0.0%     +         0.0%  )
==3794== Cachegrind, a cache and branch-prediction profiler
==3794== Copyright (C) 2002-2017, and GNU GPL'd, by Nicholas Nethercote et al.
==3794== Using Valgrind-3.15.0 and LibVEX; rerun with -h for copyright info
==3794== Command: bin/ep.W
==3794== 
--3794-- warning: L3 cache found, using its data for the LL simulation.
==3794== error calling PR_SET_PTRACER, vgdb might block


 NAS Parallel Benchmarks 3.0 structured OpenMP C version - EP Benchmark
 Number of random numbers generated:      67108864
EP Benchmark Results: 
CPU Time =    38.9007
N = 2^   25
No. Gaussian Pairs =        26354769
Sums =    -2.863319731645753e+03    -6.320053679109410e+03
Counts:
  0        12281576
  1        11729692
  2         2202726
  3          137368
  4            3371
  5              36
  6               0
  7               0
  8               0
  9               0


 EP Benchmark Completed
 Class           =                        W
 Size            =                       26
 Iterations      =                        0
 Threads         =                        1
 Time in seconds =                    38.90
 Mop/s total     =                     1.73
 Operation type  = Random numbers generated
 Verification    =               SUCCESSFUL
 Version         =           3.0 structured
 Compile date    =              10 Nov 2021

 Compile options:
    CC           = gcc
    CLINK        = gcc
    C_LIB        = -lm
    C_INC        = -I../common
    CFLAGS       = -O3
    CLINKFLAGS   = (none)
    RAND         = randdp

 Execution time
 Seconds : 39
 Micro seconds : 38932361
==3794== 
==3794== I   refs:      7,261,047,483
==3794== I1  misses:            1,456
==3794== LLi misses:            1,417
==3794== I1  miss rate:          0.00%
==3794== LLi miss rate:          0.00%
==3794== 
==3794== D   refs:      3,648,199,775  (2,758,882,757 rd   + 889,317,018 wr)
==3794== D1  misses:       16,823,247  (    8,415,455 rd   +   8,407,792 wr)
==3794== LLd misses:           19,286  (        2,255 rd   +      17,031 wr)
==3794== D1  miss rate:           0.5% (          0.3%     +         0.9%  )
==3794== LLd miss rate:           0.0% (          0.0%     +         0.0%  )
==3794== 
==3794== LL refs:          16,824,703  (    8,416,911 rd   +   8,407,792 wr)
==3794== LL misses:            20,703  (        3,672 rd   +      17,031 wr)
==3794== LL miss rate:            0.0% (          0.0%     +         0.0%  )
==3804== Cachegrind, a cache and branch-prediction profiler
==3804== Copyright (C) 2002-2017, and GNU GPL'd, by Nicholas Nethercote et al.
==3804== Using Valgrind-3.15.0 and LibVEX; rerun with -h for copyright info
==3804== Command: bin/ep.W
==3804== 
--3804-- warning: L3 cache found, using its data for the LL simulation.
==3804== error calling PR_SET_PTRACER, vgdb might block


 NAS Parallel Benchmarks 3.0 structured OpenMP C version - EP Benchmark
 Number of random numbers generated:      67108864
EP Benchmark Results: 
CPU Time =    44.2809
N = 2^   25
No. Gaussian Pairs =        26354769
Sums =    -2.863319731645753e+03    -6.320053679109410e+03
Counts:
  0        12281576
  1        11729692
  2         2202726
  3          137368
  4            3371
  5              36
  6               0
  7               0
  8               0
  9               0


 EP Benchmark Completed
 Class           =                        W
 Size            =                       26
 Iterations      =                        0
 Threads         =                        1
 Time in seconds =                    44.28
 Mop/s total     =                     1.52
 Operation type  = Random numbers generated
 Verification    =               SUCCESSFUL
 Version         =           3.0 structured
 Compile date    =              10 Nov 2021

 Compile options:
    CC           = gcc
    CLINK        = gcc
    C_LIB        = -lm
    C_INC        = -I../common
    CFLAGS       = -O3
    CLINKFLAGS   = (none)
    RAND         = randdp

 Execution time
 Seconds : 44
 Micro seconds : 44314959
==3804== 
==3804== I   refs:      7,261,047,494
==3804== I1  misses:            1,456
==3804== LLi misses:            1,417
==3804== I1  miss rate:          0.00%
==3804== LLi miss rate:          0.00%
==3804== 
==3804== D   refs:      3,648,199,785  (2,758,882,760 rd   + 889,317,025 wr)
==3804== D1  misses:       16,823,247  (    8,415,455 rd   +   8,407,792 wr)
==3804== LLd misses:           19,286  (        2,255 rd   +      17,031 wr)
==3804== D1  miss rate:           0.5% (          0.3%     +         0.9%  )
==3804== LLd miss rate:           0.0% (          0.0%     +         0.0%  )
==3804== 
==3804== LL refs:          16,824,703  (    8,416,911 rd   +   8,407,792 wr)
==3804== LL misses:            20,703  (        3,672 rd   +      17,031 wr)
==3804== LL miss rate:            0.0% (          0.0%     +         0.0%  )
==3814== Cachegrind, a cache and branch-prediction profiler
==3814== Copyright (C) 2002-2017, and GNU GPL'd, by Nicholas Nethercote et al.
==3814== Using Valgrind-3.15.0 and LibVEX; rerun with -h for copyright info
==3814== Command: bin/ep.W
==3814== 
--3814-- warning: L3 cache found, using its data for the LL simulation.
==3814== error calling PR_SET_PTRACER, vgdb might block


 NAS Parallel Benchmarks 3.0 structured OpenMP C version - EP Benchmark
 Number of random numbers generated:      67108864
EP Benchmark Results: 
CPU Time =    42.7228
N = 2^   25
No. Gaussian Pairs =        26354769
Sums =    -2.863319731645753e+03    -6.320053679109410e+03
Counts:
  0        12281576
  1        11729692
  2         2202726
  3          137368
  4            3371
  5              36
  6               0
  7               0
  8               0
  9               0


 EP Benchmark Completed
 Class           =                        W
 Size            =                       26
 Iterations      =                        0
 Threads         =                        1
 Time in seconds =                    42.72
 Mop/s total     =                     1.57
 Operation type  = Random numbers generated
 Verification    =               SUCCESSFUL
 Version         =           3.0 structured
 Compile date    =              10 Nov 2021

 Compile options:
    CC           = gcc
    CLINK        = gcc
    C_LIB        = -lm
    C_INC        = -I../common
    CFLAGS       = -O3
    CLINKFLAGS   = (none)
    RAND         = randdp

 Execution time
 Seconds : 43
 Micro seconds : 42756251
==3814== 
==3814== I   refs:      7,261,047,520
==3814== I1  misses:            1,456
==3814== LLi misses:            1,417
==3814== I1  miss rate:          0.00%
==3814== LLi miss rate:          0.00%
==3814== 
==3814== D   refs:      3,648,199,797  (2,758,882,766 rd   + 889,317,031 wr)
==3814== D1  misses:       16,823,247  (    8,415,455 rd   +   8,407,792 wr)
==3814== LLd misses:           19,286  (        2,255 rd   +      17,031 wr)
==3814== D1  miss rate:           0.5% (          0.3%     +         0.9%  )
==3814== LLd miss rate:           0.0% (          0.0%     +         0.0%  )
==3814== 
==3814== LL refs:          16,824,703  (    8,416,911 rd   +   8,407,792 wr)
==3814== LL misses:            20,703  (        3,672 rd   +      17,031 wr)
==3814== LL miss rate:            0.0% (          0.0%     +         0.0%  )
==3824== Cachegrind, a cache and branch-prediction profiler
==3824== Copyright (C) 2002-2017, and GNU GPL'd, by Nicholas Nethercote et al.
==3824== Using Valgrind-3.15.0 and LibVEX; rerun with -h for copyright info
==3824== Command: bin/ep.W
==3824== 
--3824-- warning: L3 cache found, using its data for the LL simulation.
==3824== error calling PR_SET_PTRACER, vgdb might block


 NAS Parallel Benchmarks 3.0 structured OpenMP C version - EP Benchmark
 Number of random numbers generated:      67108864
EP Benchmark Results: 
CPU Time =    41.9211
N = 2^   25
No. Gaussian Pairs =        26354769
Sums =    -2.863319731645753e+03    -6.320053679109410e+03
Counts:
  0        12281576
  1        11729692
  2         2202726
  3          137368
  4            3371
  5              36
  6               0
  7               0
  8               0
  9               0


 EP Benchmark Completed
 Class           =                        W
 Size            =                       26
 Iterations      =                        0
 Threads         =                        1
 Time in seconds =                    41.92
 Mop/s total     =                     1.60
 Operation type  = Random numbers generated
 Verification    =               SUCCESSFUL
 Version         =           3.0 structured
 Compile date    =              10 Nov 2021

 Compile options:
    CC           = gcc
    CLINK        = gcc
    C_LIB        = -lm
    C_INC        = -I../common
    CFLAGS       = -O3
    CLINKFLAGS   = (none)
    RAND         = randdp

 Execution time
 Seconds : 42
 Micro seconds : 41955260
==3824== 
==3824== I   refs:      7,261,047,478
==3824== I1  misses:            1,456
==3824== LLi misses:            1,417
==3824== I1  miss rate:          0.00%
==3824== LLi miss rate:          0.00%
==3824== 
==3824== D   refs:      3,648,199,775  (2,758,882,753 rd   + 889,317,022 wr)
==3824== D1  misses:       16,823,247  (    8,415,455 rd   +   8,407,792 wr)
==3824== LLd misses:           19,286  (        2,255 rd   +      17,031 wr)
==3824== D1  miss rate:           0.5% (          0.3%     +         0.9%  )
==3824== LLd miss rate:           0.0% (          0.0%     +         0.0%  )
==3824== 
==3824== LL refs:          16,824,703  (    8,416,911 rd   +   8,407,792 wr)
==3824== LL misses:            20,703  (        3,672 rd   +      17,031 wr)
==3824== LL miss rate:            0.0% (          0.0%     +         0.0%  )
==3834== Cachegrind, a cache and branch-prediction profiler
==3834== Copyright (C) 2002-2017, and GNU GPL'd, by Nicholas Nethercote et al.
==3834== Using Valgrind-3.15.0 and LibVEX; rerun with -h for copyright info
==3834== Command: bin/ep.W
==3834== 
--3834-- warning: L3 cache found, using its data for the LL simulation.
==3834== error calling PR_SET_PTRACER, vgdb might block


 NAS Parallel Benchmarks 3.0 structured OpenMP C version - EP Benchmark
 Number of random numbers generated:      67108864
EP Benchmark Results: 
CPU Time =    40.8714
N = 2^   25
No. Gaussian Pairs =        26354769
Sums =    -2.863319731645753e+03    -6.320053679109410e+03
Counts:
  0        12281576
  1        11729692
  2         2202726
  3          137368
  4            3371
  5              36
  6               0
  7               0
  8               0
  9               0


 EP Benchmark Completed
 Class           =                        W
 Size            =                       26
 Iterations      =                        0
 Threads         =                        1
 Time in seconds =                    40.87
 Mop/s total     =                     1.64
 Operation type  = Random numbers generated
 Verification    =               SUCCESSFUL
 Version         =           3.0 structured
 Compile date    =              10 Nov 2021

 Compile options:
    CC           = gcc
    CLINK        = gcc
    C_LIB        = -lm
    C_INC        = -I../common
    CFLAGS       = -O3
    CLINKFLAGS   = (none)
    RAND         = randdp

 Execution time
 Seconds : 41
 Micro seconds : 40903892
==3834== 
==3834== I   refs:      7,261,047,452
==3834== I1  misses:            1,456
==3834== LLi misses:            1,417
==3834== I1  miss rate:          0.00%
==3834== LLi miss rate:          0.00%
==3834== 
==3834== D   refs:      3,648,199,765  (2,758,882,746 rd   + 889,317,019 wr)
==3834== D1  misses:       16,823,247  (    8,415,455 rd   +   8,407,792 wr)
==3834== LLd misses:           19,286  (        2,255 rd   +      17,031 wr)
==3834== D1  miss rate:           0.5% (          0.3%     +         0.9%  )
==3834== LLd miss rate:           0.0% (          0.0%     +         0.0%  )
==3834== 
==3834== LL refs:          16,824,703  (    8,416,911 rd   +   8,407,792 wr)
==3834== LL misses:            20,703  (        3,672 rd   +      17,031 wr)
==3834== LL miss rate:            0.0% (          0.0%     +         0.0%  )
==3844== Cachegrind, a cache and branch-prediction profiler
==3844== Copyright (C) 2002-2017, and GNU GPL'd, by Nicholas Nethercote et al.
==3844== Using Valgrind-3.15.0 and LibVEX; rerun with -h for copyright info
==3844== Command: bin/ep.W
==3844== 
--3844-- warning: L3 cache found, using its data for the LL simulation.
==3844== error calling PR_SET_PTRACER, vgdb might block


 NAS Parallel Benchmarks 3.0 structured OpenMP C version - EP Benchmark
 Number of random numbers generated:      67108864
EP Benchmark Results: 
CPU Time =    38.1289
N = 2^   25
No. Gaussian Pairs =        26354769
Sums =    -2.863319731645753e+03    -6.320053679109410e+03
Counts:
  0        12281576
  1        11729692
  2         2202726
  3          137368
  4            3371
  5              36
  6               0
  7               0
  8               0
  9               0


 EP Benchmark Completed
 Class           =                        W
 Size            =                       26
 Iterations      =                        0
 Threads         =                        1
 Time in seconds =                    38.13
 Mop/s total     =                     1.76
 Operation type  = Random numbers generated
 Verification    =               SUCCESSFUL
 Version         =           3.0 structured
 Compile date    =              10 Nov 2021

 Compile options:
    CC           = gcc
    CLINK        = gcc
    C_LIB        = -lm
    C_INC        = -I../common
    CFLAGS       = -O3
    CLINKFLAGS   = (none)
    RAND         = randdp

 Execution time
 Seconds : 38
 Micro seconds : 38160195
==3844== 
==3844== I   refs:      7,261,047,493
==3844== I1  misses:            1,456
==3844== LLi misses:            1,417
==3844== I1  miss rate:          0.00%
==3844== LLi miss rate:          0.00%
==3844== 
==3844== D   refs:      3,648,199,782  (2,758,882,758 rd   + 889,317,024 wr)
==3844== D1  misses:       16,823,247  (    8,415,455 rd   +   8,407,792 wr)
==3844== LLd misses:           19,286  (        2,255 rd   +      17,031 wr)
==3844== D1  miss rate:           0.5% (          0.3%     +         0.9%  )
==3844== LLd miss rate:           0.0% (          0.0%     +         0.0%  )
==3844== 
==3844== LL refs:          16,824,703  (    8,416,911 rd   +   8,407,792 wr)
==3844== LL misses:            20,703  (        3,672 rd   +      17,031 wr)
==3844== LL miss rate:            0.0% (          0.0%     +         0.0%  )
==3854== Cachegrind, a cache and branch-prediction profiler
==3854== Copyright (C) 2002-2017, and GNU GPL'd, by Nicholas Nethercote et al.
==3854== Using Valgrind-3.15.0 and LibVEX; rerun with -h for copyright info
==3854== Command: bin/ep.W
==3854== 
--3854-- warning: L3 cache found, using its data for the LL simulation.
==3854== error calling PR_SET_PTRACER, vgdb might block


 NAS Parallel Benchmarks 3.0 structured OpenMP C version - EP Benchmark
 Number of random numbers generated:      67108864
EP Benchmark Results: 
CPU Time =    41.3854
N = 2^   25
No. Gaussian Pairs =        26354769
Sums =    -2.863319731645753e+03    -6.320053679109410e+03
Counts:
  0        12281576
  1        11729692
  2         2202726
  3          137368
  4            3371
  5              36
  6               0
  7               0
  8               0
  9               0


 EP Benchmark Completed
 Class           =                        W
 Size            =                       26
 Iterations      =                        0
 Threads         =                        1
 Time in seconds =                    41.39
 Mop/s total     =                     1.62
 Operation type  = Random numbers generated
 Verification    =               SUCCESSFUL
 Version         =           3.0 structured
 Compile date    =              10 Nov 2021

 Compile options:
    CC           = gcc
    CLINK        = gcc
    C_LIB        = -lm
    C_INC        = -I../common
    CFLAGS       = -O3
    CLINKFLAGS   = (none)
    RAND         = randdp

 Execution time
 Seconds : 42
 Micro seconds : 41418044
==3854== 
==3854== I   refs:      7,261,047,507
==3854== I1  misses:            1,456
==3854== LLi misses:            1,417
==3854== I1  miss rate:          0.00%
==3854== LLi miss rate:          0.00%
==3854== 
==3854== D   refs:      3,648,199,789  (2,758,882,761 rd   + 889,317,028 wr)
==3854== D1  misses:       16,823,247  (    8,415,455 rd   +   8,407,792 wr)
==3854== LLd misses:           19,286  (        2,255 rd   +      17,031 wr)
==3854== D1  miss rate:           0.5% (          0.3%     +         0.9%  )
==3854== LLd miss rate:           0.0% (          0.0%     +         0.0%  )
==3854== 
==3854== LL refs:          16,824,703  (    8,416,911 rd   +   8,407,792 wr)
==3854== LL misses:            20,703  (        3,672 rd   +      17,031 wr)
==3854== LL miss rate:            0.0% (          0.0%     +         0.0%  )
==3864== Cachegrind, a cache and branch-prediction profiler
==3864== Copyright (C) 2002-2017, and GNU GPL'd, by Nicholas Nethercote et al.
==3864== Using Valgrind-3.15.0 and LibVEX; rerun with -h for copyright info
==3864== Command: bin/ep.W
==3864== 
--3864-- warning: L3 cache found, using its data for the LL simulation.
==3864== error calling PR_SET_PTRACER, vgdb might block


 NAS Parallel Benchmarks 3.0 structured OpenMP C version - EP Benchmark
 Number of random numbers generated:      67108864
EP Benchmark Results: 
CPU Time =    41.5861
N = 2^   25
No. Gaussian Pairs =        26354769
Sums =    -2.863319731645753e+03    -6.320053679109410e+03
Counts:
  0        12281576
  1        11729692
  2         2202726
  3          137368
  4            3371
  5              36
  6               0
  7               0
  8               0
  9               0


 EP Benchmark Completed
 Class           =                        W
 Size            =                       26
 Iterations      =                        0
 Threads         =                        1
 Time in seconds =                    41.59
 Mop/s total     =                     1.61
 Operation type  = Random numbers generated
 Verification    =               SUCCESSFUL
 Version         =           3.0 structured
 Compile date    =              10 Nov 2021

 Compile options:
    CC           = gcc
    CLINK        = gcc
    C_LIB        = -lm
    C_INC        = -I../common
    CFLAGS       = -O3
    CLINKFLAGS   = (none)
    RAND         = randdp

 Execution time
 Seconds : 41
 Micro seconds : 41617839
==3864== 
==3864== I   refs:      7,261,047,491
==3864== I1  misses:            1,456
==3864== LLi misses:            1,417
==3864== I1  miss rate:          0.00%
==3864== LLi miss rate:          0.00%
==3864== 
==3864== D   refs:      3,648,199,779  (2,758,882,756 rd   + 889,317,023 wr)
==3864== D1  misses:       16,823,247  (    8,415,455 rd   +   8,407,792 wr)
==3864== LLd misses:           19,286  (        2,255 rd   +      17,031 wr)
==3864== D1  miss rate:           0.5% (          0.3%     +         0.9%  )
==3864== LLd miss rate:           0.0% (          0.0%     +         0.0%  )
==3864== 
==3864== LL refs:          16,824,703  (    8,416,911 rd   +   8,407,792 wr)
==3864== LL misses:            20,703  (        3,672 rd   +      17,031 wr)
==3864== LL miss rate:            0.0% (          0.0%     +         0.0%  )
==3874== Cachegrind, a cache and branch-prediction profiler
==3874== Copyright (C) 2002-2017, and GNU GPL'd, by Nicholas Nethercote et al.
==3874== Using Valgrind-3.15.0 and LibVEX; rerun with -h for copyright info
==3874== Command: bin/ep.W
==3874== 
--3874-- warning: L3 cache found, using its data for the LL simulation.
==3874== error calling PR_SET_PTRACER, vgdb might block


 NAS Parallel Benchmarks 3.0 structured OpenMP C version - EP Benchmark
 Number of random numbers generated:      67108864
EP Benchmark Results: 
CPU Time =    37.9101
N = 2^   25
No. Gaussian Pairs =        26354769
Sums =    -2.863319731645753e+03    -6.320053679109410e+03
Counts:
  0        12281576
  1        11729692
  2         2202726
  3          137368
  4            3371
  5              36
  6               0
  7               0
  8               0
  9               0


 EP Benchmark Completed
 Class           =                        W
 Size            =                       26
 Iterations      =                        0
 Threads         =                        1
 Time in seconds =                    37.91
 Mop/s total     =                     1.77
 Operation type  = Random numbers generated
 Verification    =               SUCCESSFUL
 Version         =           3.0 structured
 Compile date    =              10 Nov 2021

 Compile options:
    CC           = gcc
    CLINK        = gcc
    C_LIB        = -lm
    C_INC        = -I../common
    CFLAGS       = -O3
    CLINKFLAGS   = (none)
    RAND         = randdp

 Execution time
 Seconds : 38
 Micro seconds : 37941891
==3874== 
==3874== I   refs:      7,261,047,441
==3874== I1  misses:            1,456
==3874== LLi misses:            1,417
==3874== I1  miss rate:          0.00%
==3874== LLi miss rate:          0.00%
==3874== 
==3874== D   refs:      3,648,199,758  (2,758,882,745 rd   + 889,317,013 wr)
==3874== D1  misses:       16,823,247  (    8,415,455 rd   +   8,407,792 wr)
==3874== LLd misses:           19,286  (        2,255 rd   +      17,031 wr)
==3874== D1  miss rate:           0.5% (          0.3%     +         0.9%  )
==3874== LLd miss rate:           0.0% (          0.0%     +         0.0%  )
==3874== 
==3874== LL refs:          16,824,703  (    8,416,911 rd   +   8,407,792 wr)
==3874== LL misses:            20,703  (        3,672 rd   +      17,031 wr)
==3874== LL miss rate:            0.0% (          0.0%     +         0.0%  )
==3884== Cachegrind, a cache and branch-prediction profiler
==3884== Copyright (C) 2002-2017, and GNU GPL'd, by Nicholas Nethercote et al.
==3884== Using Valgrind-3.15.0 and LibVEX; rerun with -h for copyright info
==3884== Command: bin/ep.W
==3884== 
--3884-- warning: L3 cache found, using its data for the LL simulation.
==3884== error calling PR_SET_PTRACER, vgdb might block


 NAS Parallel Benchmarks 3.0 structured OpenMP C version - EP Benchmark
 Number of random numbers generated:      67108864
EP Benchmark Results: 
CPU Time =    38.0183
N = 2^   25
No. Gaussian Pairs =        26354769
Sums =    -2.863319731645753e+03    -6.320053679109410e+03
Counts:
  0        12281576
  1        11729692
  2         2202726
  3          137368
  4            3371
  5              36
  6               0
  7               0
  8               0
  9               0


 EP Benchmark Completed
 Class           =                        W
 Size            =                       26
 Iterations      =                        0
 Threads         =                        1
 Time in seconds =                    38.02
 Mop/s total     =                     1.77
 Operation type  = Random numbers generated
 Verification    =               SUCCESSFUL
 Version         =           3.0 structured
 Compile date    =              10 Nov 2021

 Compile options:
    CC           = gcc
    CLINK        = gcc
    C_LIB        = -lm
    C_INC        = -I../common
    CFLAGS       = -O3
    CLINKFLAGS   = (none)
    RAND         = randdp

 Execution time
 Seconds : 38
 Micro seconds : 38049478
==3884== 
==3884== I   refs:      7,261,047,496
==3884== I1  misses:            1,456
==3884== LLi misses:            1,417
==3884== I1  miss rate:          0.00%
==3884== LLi miss rate:          0.00%
==3884== 
==3884== D   refs:      3,648,199,784  (2,758,882,760 rd   + 889,317,024 wr)
==3884== D1  misses:       16,823,247  (    8,415,455 rd   +   8,407,792 wr)
==3884== LLd misses:           19,286  (        2,255 rd   +      17,031 wr)
==3884== D1  miss rate:           0.5% (          0.3%     +         0.9%  )
==3884== LLd miss rate:           0.0% (          0.0%     +         0.0%  )
==3884== 
==3884== LL refs:          16,824,703  (    8,416,911 rd   +   8,407,792 wr)
==3884== LL misses:            20,703  (        3,672 rd   +      17,031 wr)
==3884== LL miss rate:            0.0% (          0.0%     +         0.0%  )
==3894== Cachegrind, a cache and branch-prediction profiler
==3894== Copyright (C) 2002-2017, and GNU GPL'd, by Nicholas Nethercote et al.
==3894== Using Valgrind-3.15.0 and LibVEX; rerun with -h for copyright info
==3894== Command: bin/ep.W
==3894== 
--3894-- warning: L3 cache found, using its data for the LL simulation.
==3894== error calling PR_SET_PTRACER, vgdb might block


 NAS Parallel Benchmarks 3.0 structured OpenMP C version - EP Benchmark
 Number of random numbers generated:      67108864
EP Benchmark Results: 
CPU Time =    42.1362
N = 2^   25
No. Gaussian Pairs =        26354769
Sums =    -2.863319731645753e+03    -6.320053679109410e+03
Counts:
  0        12281576
  1        11729692
  2         2202726
  3          137368
  4            3371
  5              36
  6               0
  7               0
  8               0
  9               0


 EP Benchmark Completed
 Class           =                        W
 Size            =                       26
 Iterations      =                        0
 Threads         =                        1
 Time in seconds =                    42.14
 Mop/s total     =                     1.59
 Operation type  = Random numbers generated
 Verification    =               SUCCESSFUL
 Version         =           3.0 structured
 Compile date    =              10 Nov 2021

 Compile options:
    CC           = gcc
    CLINK        = gcc
    C_LIB        = -lm
    C_INC        = -I../common
    CFLAGS       = -O3
    CLINKFLAGS   = (none)
    RAND         = randdp

 Execution time
 Seconds : 43
 Micro seconds : 42167203
==3894== 
==3894== I   refs:      7,261,047,476
==3894== I1  misses:            1,456
==3894== LLi misses:            1,417
==3894== I1  miss rate:          0.00%
==3894== LLi miss rate:          0.00%
==3894== 
==3894== D   refs:      3,648,199,777  (2,758,882,753 rd   + 889,317,024 wr)
==3894== D1  misses:       16,823,247  (    8,415,455 rd   +   8,407,792 wr)
==3894== LLd misses:           19,286  (        2,255 rd   +      17,031 wr)
==3894== D1  miss rate:           0.5% (          0.3%     +         0.9%  )
==3894== LLd miss rate:           0.0% (          0.0%     +         0.0%  )
==3894== 
==3894== LL refs:          16,824,703  (    8,416,911 rd   +   8,407,792 wr)
==3894== LL misses:            20,703  (        3,672 rd   +      17,031 wr)
==3894== LL miss rate:            0.0% (          0.0%     +         0.0%  )
==3904== Cachegrind, a cache and branch-prediction profiler
==3904== Copyright (C) 2002-2017, and GNU GPL'd, by Nicholas Nethercote et al.
==3904== Using Valgrind-3.15.0 and LibVEX; rerun with -h for copyright info
==3904== Command: bin/ep.W
==3904== 
--3904-- warning: L3 cache found, using its data for the LL simulation.
==3904== error calling PR_SET_PTRACER, vgdb might block


 NAS Parallel Benchmarks 3.0 structured OpenMP C version - EP Benchmark
 Number of random numbers generated:      67108864
EP Benchmark Results: 
CPU Time =    41.3992
N = 2^   25
No. Gaussian Pairs =        26354769
Sums =    -2.863319731645753e+03    -6.320053679109410e+03
Counts:
  0        12281576
  1        11729692
  2         2202726
  3          137368
  4            3371
  5              36
  6               0
  7               0
  8               0
  9               0


 EP Benchmark Completed
 Class           =                        W
 Size            =                       26
 Iterations      =                        0
 Threads         =                        1
 Time in seconds =                    41.40
 Mop/s total     =                     1.62
 Operation type  = Random numbers generated
 Verification    =               SUCCESSFUL
 Version         =           3.0 structured
 Compile date    =              10 Nov 2021

 Compile options:
    CC           = gcc
    CLINK        = gcc
    C_LIB        = -lm
    C_INC        = -I../common
    CFLAGS       = -O3
    CLINKFLAGS   = (none)
    RAND         = randdp

 Execution time
 Seconds : 41
 Micro seconds : 41443643
==3904== 
==3904== I   refs:      7,261,047,498
==3904== I1  misses:            1,456
==3904== LLi misses:            1,417
==3904== I1  miss rate:          0.00%
==3904== LLi miss rate:          0.00%
==3904== 
==3904== D   refs:      3,648,199,782  (2,758,882,757 rd   + 889,317,025 wr)
==3904== D1  misses:       16,823,247  (    8,415,455 rd   +   8,407,792 wr)
==3904== LLd misses:           19,286  (        2,255 rd   +      17,031 wr)
==3904== D1  miss rate:           0.5% (          0.3%     +         0.9%  )
==3904== LLd miss rate:           0.0% (          0.0%     +         0.0%  )
==3904== 
==3904== LL refs:          16,824,703  (    8,416,911 rd   +   8,407,792 wr)
==3904== LL misses:            20,703  (        3,672 rd   +      17,031 wr)
==3904== LL miss rate:            0.0% (          0.0%     +         0.0%  )
==3914== Cachegrind, a cache and branch-prediction profiler
==3914== Copyright (C) 2002-2017, and GNU GPL'd, by Nicholas Nethercote et al.
==3914== Using Valgrind-3.15.0 and LibVEX; rerun with -h for copyright info
==3914== Command: bin/ep.W
==3914== 
--3914-- warning: L3 cache found, using its data for the LL simulation.
==3914== error calling PR_SET_PTRACER, vgdb might block


 NAS Parallel Benchmarks 3.0 structured OpenMP C version - EP Benchmark
 Number of random numbers generated:      67108864
EP Benchmark Results: 
CPU Time =    41.6267
N = 2^   25
No. Gaussian Pairs =        26354769
Sums =    -2.863319731645753e+03    -6.320053679109410e+03
Counts:
  0        12281576
  1        11729692
  2         2202726
  3          137368
  4            3371
  5              36
  6               0
  7               0
  8               0
  9               0


 EP Benchmark Completed
 Class           =                        W
 Size            =                       26
 Iterations      =                        0
 Threads         =                        1
 Time in seconds =                    41.63
 Mop/s total     =                     1.61
 Operation type  = Random numbers generated
 Verification    =               SUCCESSFUL
 Version         =           3.0 structured
 Compile date    =              10 Nov 2021

 Compile options:
    CC           = gcc
    CLINK        = gcc
    C_LIB        = -lm
    C_INC        = -I../common
    CFLAGS       = -O3
    CLINKFLAGS   = (none)
    RAND         = randdp

 Execution time
 Seconds : 42
 Micro seconds : 41659515
==3914== 
==3914== I   refs:      7,261,047,523
==3914== I1  misses:            1,456
==3914== LLi misses:            1,417
==3914== I1  miss rate:          0.00%
==3914== LLi miss rate:          0.00%
==3914== 
==3914== D   refs:      3,648,199,797  (2,758,882,765 rd   + 889,317,032 wr)
==3914== D1  misses:       16,823,247  (    8,415,455 rd   +   8,407,792 wr)
==3914== LLd misses:           19,286  (        2,255 rd   +      17,031 wr)
==3914== D1  miss rate:           0.5% (          0.3%     +         0.9%  )
==3914== LLd miss rate:           0.0% (          0.0%     +         0.0%  )
==3914== 
==3914== LL refs:          16,824,703  (    8,416,911 rd   +   8,407,792 wr)
==3914== LL misses:            20,703  (        3,672 rd   +      17,031 wr)
==3914== LL miss rate:            0.0% (          0.0%     +         0.0%  )
==3924== Cachegrind, a cache and branch-prediction profiler
==3924== Copyright (C) 2002-2017, and GNU GPL'd, by Nicholas Nethercote et al.
==3924== Using Valgrind-3.15.0 and LibVEX; rerun with -h for copyright info
==3924== Command: bin/ep.W
==3924== 
--3924-- warning: L3 cache found, using its data for the LL simulation.
==3924== error calling PR_SET_PTRACER, vgdb might block


 NAS Parallel Benchmarks 3.0 structured OpenMP C version - EP Benchmark
 Number of random numbers generated:      67108864
EP Benchmark Results: 
CPU Time =    41.6338
N = 2^   25
No. Gaussian Pairs =        26354769
Sums =    -2.863319731645753e+03    -6.320053679109410e+03
Counts:
  0        12281576
  1        11729692
  2         2202726
  3          137368
  4            3371
  5              36
  6               0
  7               0
  8               0
  9               0


 EP Benchmark Completed
 Class           =                        W
 Size            =                       26
 Iterations      =                        0
 Threads         =                        1
 Time in seconds =                    41.63
 Mop/s total     =                     1.61
 Operation type  = Random numbers generated
 Verification    =               SUCCESSFUL
 Version         =           3.0 structured
 Compile date    =              10 Nov 2021

 Compile options:
    CC           = gcc
    CLINK        = gcc
    C_LIB        = -lm
    C_INC        = -I../common
    CFLAGS       = -O3
    CLINKFLAGS   = (none)
    RAND         = randdp

 Execution time
 Seconds : 42
 Micro seconds : 41674145
==3924== 
==3924== I   refs:      7,261,047,509
==3924== I1  misses:            1,456
==3924== LLi misses:            1,417
==3924== I1  miss rate:          0.00%
==3924== LLi miss rate:          0.00%
==3924== 
==3924== D   refs:      3,648,199,793  (2,758,882,762 rd   + 889,317,031 wr)
==3924== D1  misses:       16,823,247  (    8,415,455 rd   +   8,407,792 wr)
==3924== LLd misses:           19,286  (        2,255 rd   +      17,031 wr)
==3924== D1  miss rate:           0.5% (          0.3%     +         0.9%  )
==3924== LLd miss rate:           0.0% (          0.0%     +         0.0%  )
==3924== 
==3924== LL refs:          16,824,703  (    8,416,911 rd   +   8,407,792 wr)
==3924== LL misses:            20,703  (        3,672 rd   +      17,031 wr)
==3924== LL miss rate:            0.0% (          0.0%     +         0.0%  )
==3934== Cachegrind, a cache and branch-prediction profiler
==3934== Copyright (C) 2002-2017, and GNU GPL'd, by Nicholas Nethercote et al.
==3934== Using Valgrind-3.15.0 and LibVEX; rerun with -h for copyright info
==3934== Command: bin/ep.W
==3934== 
--3934-- warning: L3 cache found, using its data for the LL simulation.
==3934== error calling PR_SET_PTRACER, vgdb might block


 NAS Parallel Benchmarks 3.0 structured OpenMP C version - EP Benchmark
 Number of random numbers generated:      67108864
EP Benchmark Results: 
CPU Time =    41.4043
N = 2^   25
No. Gaussian Pairs =        26354769
Sums =    -2.863319731645753e+03    -6.320053679109410e+03
Counts:
  0        12281576
  1        11729692
  2         2202726
  3          137368
  4            3371
  5              36
  6               0
  7               0
  8               0
  9               0


 EP Benchmark Completed
 Class           =                        W
 Size            =                       26
 Iterations      =                        0
 Threads         =                        1
 Time in seconds =                    41.40
 Mop/s total     =                     1.62
 Operation type  = Random numbers generated
 Verification    =               SUCCESSFUL
 Version         =           3.0 structured
 Compile date    =              10 Nov 2021

 Compile options:
    CC           = gcc
    CLINK        = gcc
    C_LIB        = -lm
    C_INC        = -I../common
    CFLAGS       = -O3
    CLINKFLAGS   = (none)
    RAND         = randdp

 Execution time
 Seconds : 42
 Micro seconds : 41437747
==3934== 
==3934== I   refs:      7,261,047,476
==3934== I1  misses:            1,456
==3934== LLi misses:            1,417
==3934== I1  miss rate:          0.00%
==3934== LLi miss rate:          0.00%
==3934== 
==3934== D   refs:      3,648,199,775  (2,758,882,754 rd   + 889,317,021 wr)
==3934== D1  misses:       16,823,247  (    8,415,455 rd   +   8,407,792 wr)
==3934== LLd misses:           19,286  (        2,255 rd   +      17,031 wr)
==3934== D1  miss rate:           0.5% (          0.3%     +         0.9%  )
==3934== LLd miss rate:           0.0% (          0.0%     +         0.0%  )
==3934== 
==3934== LL refs:          16,824,703  (    8,416,911 rd   +   8,407,792 wr)
==3934== LL misses:            20,703  (        3,672 rd   +      17,031 wr)
==3934== LL miss rate:            0.0% (          0.0%     +         0.0%  )
==3944== Cachegrind, a cache and branch-prediction profiler
==3944== Copyright (C) 2002-2017, and GNU GPL'd, by Nicholas Nethercote et al.
==3944== Using Valgrind-3.15.0 and LibVEX; rerun with -h for copyright info
==3944== Command: bin/ep.W
==3944== 
--3944-- warning: L3 cache found, using its data for the LL simulation.
==3944== error calling PR_SET_PTRACER, vgdb might block


 NAS Parallel Benchmarks 3.0 structured OpenMP C version - EP Benchmark
 Number of random numbers generated:      67108864
EP Benchmark Results: 
CPU Time =    41.7832
N = 2^   25
No. Gaussian Pairs =        26354769
Sums =    -2.863319731645753e+03    -6.320053679109410e+03
Counts:
  0        12281576
  1        11729692
  2         2202726
  3          137368
  4            3371
  5              36
  6               0
  7               0
  8               0
  9               0


 EP Benchmark Completed
 Class           =                        W
 Size            =                       26
 Iterations      =                        0
 Threads         =                        1
 Time in seconds =                    41.78
 Mop/s total     =                     1.61
 Operation type  = Random numbers generated
 Verification    =               SUCCESSFUL
 Version         =           3.0 structured
 Compile date    =              10 Nov 2021

 Compile options:
    CC           = gcc
    CLINK        = gcc
    C_LIB        = -lm
    C_INC        = -I../common
    CFLAGS       = -O3
    CLINKFLAGS   = (none)
    RAND         = randdp

 Execution time
 Seconds : 42
 Micro seconds : 41818319
==3944== 
==3944== I   refs:      7,261,047,521
==3944== I1  misses:            1,456
==3944== LLi misses:            1,417
==3944== I1  miss rate:          0.00%
==3944== LLi miss rate:          0.00%
==3944== 
==3944== D   refs:      3,648,199,797  (2,758,882,765 rd   + 889,317,032 wr)
==3944== D1  misses:       16,823,247  (    8,415,455 rd   +   8,407,792 wr)
==3944== LLd misses:           19,286  (        2,255 rd   +      17,031 wr)
==3944== D1  miss rate:           0.5% (          0.3%     +         0.9%  )
==3944== LLd miss rate:           0.0% (          0.0%     +         0.0%  )
==3944== 
==3944== LL refs:          16,824,703  (    8,416,911 rd   +   8,407,792 wr)
==3944== LL misses:            20,703  (        3,672 rd   +      17,031 wr)
==3944== LL miss rate:            0.0% (          0.0%     +         0.0%  )
==3954== Cachegrind, a cache and branch-prediction profiler
==3954== Copyright (C) 2002-2017, and GNU GPL'd, by Nicholas Nethercote et al.
==3954== Using Valgrind-3.15.0 and LibVEX; rerun with -h for copyright info
==3954== Command: bin/ep.W
==3954== 
--3954-- warning: L3 cache found, using its data for the LL simulation.
==3954== error calling PR_SET_PTRACER, vgdb might block


 NAS Parallel Benchmarks 3.0 structured OpenMP C version - EP Benchmark
 Number of random numbers generated:      67108864
EP Benchmark Results: 
CPU Time =    41.7202
N = 2^   25
No. Gaussian Pairs =        26354769
Sums =    -2.863319731645753e+03    -6.320053679109410e+03
Counts:
  0        12281576
  1        11729692
  2         2202726
  3          137368
  4            3371
  5              36
  6               0
  7               0
  8               0
  9               0


 EP Benchmark Completed
 Class           =                        W
 Size            =                       26
 Iterations      =                        0
 Threads         =                        1
 Time in seconds =                    41.72
 Mop/s total     =                     1.61
 Operation type  = Random numbers generated
 Verification    =               SUCCESSFUL
 Version         =           3.0 structured
 Compile date    =              10 Nov 2021

 Compile options:
    CC           = gcc
    CLINK        = gcc
    C_LIB        = -lm
    C_INC        = -I../common
    CFLAGS       = -O3
    CLINKFLAGS   = (none)
    RAND         = randdp

 Execution time
 Seconds : 42
 Micro seconds : 41756065
==3954== 
==3954== I   refs:      7,261,047,485
==3954== I1  misses:            1,456
==3954== LLi misses:            1,417
==3954== I1  miss rate:          0.00%
==3954== LLi miss rate:          0.00%
==3954== 
==3954== D   refs:      3,648,199,781  (2,758,882,756 rd   + 889,317,025 wr)
==3954== D1  misses:       16,823,247  (    8,415,455 rd   +   8,407,792 wr)
==3954== LLd misses:           19,286  (        2,255 rd   +      17,031 wr)
==3954== D1  miss rate:           0.5% (          0.3%     +         0.9%  )
==3954== LLd miss rate:           0.0% (          0.0%     +         0.0%  )
==3954== 
==3954== LL refs:          16,824,703  (    8,416,911 rd   +   8,407,792 wr)
==3954== LL misses:            20,703  (        3,672 rd   +      17,031 wr)
==3954== LL miss rate:            0.0% (          0.0%     +         0.0%  )
==3964== Cachegrind, a cache and branch-prediction profiler
==3964== Copyright (C) 2002-2017, and GNU GPL'd, by Nicholas Nethercote et al.
==3964== Using Valgrind-3.15.0 and LibVEX; rerun with -h for copyright info
==3964== Command: bin/ep.W
==3964== 
--3964-- warning: L3 cache found, using its data for the LL simulation.
==3964== error calling PR_SET_PTRACER, vgdb might block


 NAS Parallel Benchmarks 3.0 structured OpenMP C version - EP Benchmark
 Number of random numbers generated:      67108864
EP Benchmark Results: 
CPU Time =    41.8022
N = 2^   25
No. Gaussian Pairs =        26354769
Sums =    -2.863319731645753e+03    -6.320053679109410e+03
Counts:
  0        12281576
  1        11729692
  2         2202726
  3          137368
  4            3371
  5              36
  6               0
  7               0
  8               0
  9               0


 EP Benchmark Completed
 Class           =                        W
 Size            =                       26
 Iterations      =                        0
 Threads         =                        1
 Time in seconds =                    41.80
 Mop/s total     =                     1.61
 Operation type  = Random numbers generated
 Verification    =               SUCCESSFUL
 Version         =           3.0 structured
 Compile date    =              10 Nov 2021

 Compile options:
    CC           = gcc
    CLINK        = gcc
    C_LIB        = -lm
    C_INC        = -I../common
    CFLAGS       = -O3
    CLINKFLAGS   = (none)
    RAND         = randdp

 Execution time
 Seconds : 42
 Micro seconds : 41837196
==3964== 
==3964== I   refs:      7,261,047,485
==3964== I1  misses:            1,456
==3964== LLi misses:            1,417
==3964== I1  miss rate:          0.00%
==3964== LLi miss rate:          0.00%
==3964== 
==3964== D   refs:      3,648,199,779  (2,758,882,756 rd   + 889,317,023 wr)
==3964== D1  misses:       16,823,247  (    8,415,455 rd   +   8,407,792 wr)
==3964== LLd misses:           19,286  (        2,255 rd   +      17,031 wr)
==3964== D1  miss rate:           0.5% (          0.3%     +         0.9%  )
==3964== LLd miss rate:           0.0% (          0.0%     +         0.0%  )
==3964== 
==3964== LL refs:          16,824,703  (    8,416,911 rd   +   8,407,792 wr)
==3964== LL misses:            20,703  (        3,672 rd   +      17,031 wr)
==3964== LL miss rate:            0.0% (          0.0%     +         0.0%  )
==3974== Cachegrind, a cache and branch-prediction profiler
==3974== Copyright (C) 2002-2017, and GNU GPL'd, by Nicholas Nethercote et al.
==3974== Using Valgrind-3.15.0 and LibVEX; rerun with -h for copyright info
==3974== Command: bin/ep.W
==3974== 
--3974-- warning: L3 cache found, using its data for the LL simulation.
==3974== error calling PR_SET_PTRACER, vgdb might block


 NAS Parallel Benchmarks 3.0 structured OpenMP C version - EP Benchmark
 Number of random numbers generated:      67108864
EP Benchmark Results: 
CPU Time =    41.4736
N = 2^   25
No. Gaussian Pairs =        26354769
Sums =    -2.863319731645753e+03    -6.320053679109410e+03
Counts:
  0        12281576
  1        11729692
  2         2202726
  3          137368
  4            3371
  5              36
  6               0
  7               0
  8               0
  9               0


 EP Benchmark Completed
 Class           =                        W
 Size            =                       26
 Iterations      =                        0
 Threads         =                        1
 Time in seconds =                    41.47
 Mop/s total     =                     1.62
 Operation type  = Random numbers generated
 Verification    =               SUCCESSFUL
 Version         =           3.0 structured
 Compile date    =              10 Nov 2021

 Compile options:
    CC           = gcc
    CLINK        = gcc
    C_LIB        = -lm
    C_INC        = -I../common
    CFLAGS       = -O3
    CLINKFLAGS   = (none)
    RAND         = randdp

 Execution time
 Seconds : 41
 Micro seconds : 41525052
==3974== 
==3974== I   refs:      7,261,047,494
==3974== I1  misses:            1,456
==3974== LLi misses:            1,417
==3974== I1  miss rate:          0.00%
==3974== LLi miss rate:          0.00%
==3974== 
==3974== D   refs:      3,648,199,783  (2,758,882,757 rd   + 889,317,026 wr)
==3974== D1  misses:       16,823,247  (    8,415,455 rd   +   8,407,792 wr)
==3974== LLd misses:           19,286  (        2,255 rd   +      17,031 wr)
==3974== D1  miss rate:           0.5% (          0.3%     +         0.9%  )
==3974== LLd miss rate:           0.0% (          0.0%     +         0.0%  )
==3974== 
==3974== LL refs:          16,824,703  (    8,416,911 rd   +   8,407,792 wr)
==3974== LL misses:            20,703  (        3,672 rd   +      17,031 wr)
==3974== LL miss rate:            0.0% (          0.0%     +         0.0%  )
==3984== Cachegrind, a cache and branch-prediction profiler
==3984== Copyright (C) 2002-2017, and GNU GPL'd, by Nicholas Nethercote et al.
==3984== Using Valgrind-3.15.0 and LibVEX; rerun with -h for copyright info
==3984== Command: bin/ep.W
==3984== 
--3984-- warning: L3 cache found, using its data for the LL simulation.
==3984== error calling PR_SET_PTRACER, vgdb might block


 NAS Parallel Benchmarks 3.0 structured OpenMP C version - EP Benchmark
 Number of random numbers generated:      67108864
EP Benchmark Results: 
CPU Time =    41.2327
N = 2^   25
No. Gaussian Pairs =        26354769
Sums =    -2.863319731645753e+03    -6.320053679109410e+03
Counts:
  0        12281576
  1        11729692
  2         2202726
  3          137368
  4            3371
  5              36
  6               0
  7               0
  8               0
  9               0


 EP Benchmark Completed
 Class           =                        W
 Size            =                       26
 Iterations      =                        0
 Threads         =                        1
 Time in seconds =                    41.23
 Mop/s total     =                     1.63
 Operation type  = Random numbers generated
 Verification    =               SUCCESSFUL
 Version         =           3.0 structured
 Compile date    =              10 Nov 2021

 Compile options:
    CC           = gcc
    CLINK        = gcc
    C_LIB        = -lm
    C_INC        = -I../common
    CFLAGS       = -O3
    CLINKFLAGS   = (none)
    RAND         = randdp

 Execution time
 Seconds : 41
 Micro seconds : 41266216
==3984== 
==3984== I   refs:      7,261,047,503
==3984== I1  misses:            1,456
==3984== LLi misses:            1,417
==3984== I1  miss rate:          0.00%
==3984== LLi miss rate:          0.00%
==3984== 
==3984== D   refs:      3,648,199,787  (2,758,882,759 rd   + 889,317,028 wr)
==3984== D1  misses:       16,823,247  (    8,415,455 rd   +   8,407,792 wr)
==3984== LLd misses:           19,286  (        2,255 rd   +      17,031 wr)
==3984== D1  miss rate:           0.5% (          0.3%     +         0.9%  )
==3984== LLd miss rate:           0.0% (          0.0%     +         0.0%  )
==3984== 
==3984== LL refs:          16,824,703  (    8,416,911 rd   +   8,407,792 wr)
==3984== LL misses:            20,703  (        3,672 rd   +      17,031 wr)
==3984== LL miss rate:            0.0% (          0.0%     +         0.0%  )
==3994== Cachegrind, a cache and branch-prediction profiler
==3994== Copyright (C) 2002-2017, and GNU GPL'd, by Nicholas Nethercote et al.
==3994== Using Valgrind-3.15.0 and LibVEX; rerun with -h for copyright info
==3994== Command: bin/ep.W
==3994== 
--3994-- warning: L3 cache found, using its data for the LL simulation.
==3994== error calling PR_SET_PTRACER, vgdb might block


 NAS Parallel Benchmarks 3.0 structured OpenMP C version - EP Benchmark
 Number of random numbers generated:      67108864
EP Benchmark Results: 
CPU Time =    37.9924
N = 2^   25
No. Gaussian Pairs =        26354769
Sums =    -2.863319731645753e+03    -6.320053679109410e+03
Counts:
  0        12281576
  1        11729692
  2         2202726
  3          137368
  4            3371
  5              36
  6               0
  7               0
  8               0
  9               0


 EP Benchmark Completed
 Class           =                        W
 Size            =                       26
 Iterations      =                        0
 Threads         =                        1
 Time in seconds =                    37.99
 Mop/s total     =                     1.77
 Operation type  = Random numbers generated
 Verification    =               SUCCESSFUL
 Version         =           3.0 structured
 Compile date    =              10 Nov 2021

 Compile options:
    CC           = gcc
    CLINK        = gcc
    C_LIB        = -lm
    C_INC        = -I../common
    CFLAGS       = -O3
    CLINKFLAGS   = (none)
    RAND         = randdp

 Execution time
 Seconds : 38
 Micro seconds : 38023650
==3994== 
==3994== I   refs:      7,261,047,527
==3994== I1  misses:            1,456
==3994== LLi misses:            1,417
==3994== I1  miss rate:          0.00%
==3994== LLi miss rate:          0.00%
==3994== 
==3994== D   refs:      3,648,199,799  (2,758,882,767 rd   + 889,317,032 wr)
==3994== D1  misses:       16,823,247  (    8,415,455 rd   +   8,407,792 wr)
==3994== LLd misses:           19,286  (        2,255 rd   +      17,031 wr)
==3994== D1  miss rate:           0.5% (          0.3%     +         0.9%  )
==3994== LLd miss rate:           0.0% (          0.0%     +         0.0%  )
==3994== 
==3994== LL refs:          16,824,703  (    8,416,911 rd   +   8,407,792 wr)
==3994== LL misses:            20,703  (        3,672 rd   +      17,031 wr)
==3994== LL miss rate:            0.0% (          0.0%     +         0.0%  )
==4004== Cachegrind, a cache and branch-prediction profiler
==4004== Copyright (C) 2002-2017, and GNU GPL'd, by Nicholas Nethercote et al.
==4004== Using Valgrind-3.15.0 and LibVEX; rerun with -h for copyright info
==4004== Command: bin/ep.W
==4004== 
--4004-- warning: L3 cache found, using its data for the LL simulation.
==4004== error calling PR_SET_PTRACER, vgdb might block


 NAS Parallel Benchmarks 3.0 structured OpenMP C version - EP Benchmark
 Number of random numbers generated:      67108864
EP Benchmark Results: 
CPU Time =    44.0328
N = 2^   25
No. Gaussian Pairs =        26354769
Sums =    -2.863319731645753e+03    -6.320053679109410e+03
Counts:
  0        12281576
  1        11729692
  2         2202726
  3          137368
  4            3371
  5              36
  6               0
  7               0
  8               0
  9               0


 EP Benchmark Completed
 Class           =                        W
 Size            =                       26
 Iterations      =                        0
 Threads         =                        1
 Time in seconds =                    44.03
 Mop/s total     =                     1.52
 Operation type  = Random numbers generated
 Verification    =               SUCCESSFUL
 Version         =           3.0 structured
 Compile date    =              10 Nov 2021

 Compile options:
    CC           = gcc
    CLINK        = gcc
    C_LIB        = -lm
    C_INC        = -I../common
    CFLAGS       = -O3
    CLINKFLAGS   = (none)
    RAND         = randdp

 Execution time
 Seconds : 44
 Micro seconds : 44075621
==4004== 
==4004== I   refs:      7,261,047,477
==4004== I1  misses:            1,456
==4004== LLi misses:            1,417
==4004== I1  miss rate:          0.00%
==4004== LLi miss rate:          0.00%
==4004== 
==4004== D   refs:      3,648,199,779  (2,758,882,754 rd   + 889,317,025 wr)
==4004== D1  misses:       16,823,247  (    8,415,455 rd   +   8,407,792 wr)
==4004== LLd misses:           19,286  (        2,255 rd   +      17,031 wr)
==4004== D1  miss rate:           0.5% (          0.3%     +         0.9%  )
==4004== LLd miss rate:           0.0% (          0.0%     +         0.0%  )
==4004== 
==4004== LL refs:          16,824,703  (    8,416,911 rd   +   8,407,792 wr)
==4004== LL misses:            20,703  (        3,672 rd   +      17,031 wr)
==4004== LL miss rate:            0.0% (          0.0%     +         0.0%  )
==4014== Cachegrind, a cache and branch-prediction profiler
==4014== Copyright (C) 2002-2017, and GNU GPL'd, by Nicholas Nethercote et al.
==4014== Using Valgrind-3.15.0 and LibVEX; rerun with -h for copyright info
==4014== Command: bin/ep.W
==4014== 
--4014-- warning: L3 cache found, using its data for the LL simulation.
==4014== error calling PR_SET_PTRACER, vgdb might block


 NAS Parallel Benchmarks 3.0 structured OpenMP C version - EP Benchmark
 Number of random numbers generated:      67108864
EP Benchmark Results: 
CPU Time =    43.0576
N = 2^   25
No. Gaussian Pairs =        26354769
Sums =    -2.863319731645753e+03    -6.320053679109410e+03
Counts:
  0        12281576
  1        11729692
  2         2202726
  3          137368
  4            3371
  5              36
  6               0
  7               0
  8               0
  9               0


 EP Benchmark Completed
 Class           =                        W
 Size            =                       26
 Iterations      =                        0
 Threads         =                        1
 Time in seconds =                    43.06
 Mop/s total     =                     1.56
 Operation type  = Random numbers generated
 Verification    =               SUCCESSFUL
 Version         =           3.0 structured
 Compile date    =              10 Nov 2021

 Compile options:
    CC           = gcc
    CLINK        = gcc
    C_LIB        = -lm
    C_INC        = -I../common
    CFLAGS       = -O3
    CLINKFLAGS   = (none)
    RAND         = randdp

 Execution time
 Seconds : 43
 Micro seconds : 43093931
==4014== 
==4014== I   refs:      7,261,047,483
==4014== I1  misses:            1,456
==4014== LLi misses:            1,417
==4014== I1  miss rate:          0.00%
==4014== LLi miss rate:          0.00%
==4014== 
==4014== D   refs:      3,648,199,780  (2,758,882,756 rd   + 889,317,024 wr)
==4014== D1  misses:       16,823,247  (    8,415,455 rd   +   8,407,792 wr)
==4014== LLd misses:           19,286  (        2,255 rd   +      17,031 wr)
==4014== D1  miss rate:           0.5% (          0.3%     +         0.9%  )
==4014== LLd miss rate:           0.0% (          0.0%     +         0.0%  )
==4014== 
==4014== LL refs:          16,824,703  (    8,416,911 rd   +   8,407,792 wr)
==4014== LL misses:            20,703  (        3,672 rd   +      17,031 wr)
==4014== LL miss rate:            0.0% (          0.0%     +         0.0%  )
