==2700== Cachegrind, a cache and branch-prediction profiler
==2700== Copyright (C) 2002-2017, and GNU GPL'd, by Nicholas Nethercote et al.
==2700== Using Valgrind-3.15.0 and LibVEX; rerun with -h for copyright info
==2700== Command: bin/ep.W
==2700== 
--2700-- warning: L3 cache found, using its data for the LL simulation.
==2700== error calling PR_SET_PTRACER, vgdb might block


 NAS Parallel Benchmarks 3.0 structured OpenMP C version - EP Benchmark
 Number of random numbers generated:      67108864
EP Benchmark Results: 
CPU Time =    52.6886
N = 2^   25
No. Gaussian Pairs =        26354769
Sums =    -2.863319731645753e+03    -6.320053679109410e+03
Counts:
  0        12281576
  1        11729692
  2         2202726
  3          137368
  4            3371
  5              36
  6               0
  7               0
  8               0
  9               0


 EP Benchmark Completed
 Class           =                        W
 Size            =                       26
 Iterations      =                        0
 Threads         =                        1
 Time in seconds =                    52.69
 Mop/s total     =                     1.27
 Operation type  = Random numbers generated
 Verification    =               SUCCESSFUL
 Version         =           3.0 structured
 Compile date    =              09 Nov 2021

 Compile options:
    CC           = gcc
    CLINK        = gcc
    C_LIB        = -lm
    C_INC        = -I../common
    CFLAGS       = -O0
    CLINKFLAGS   = (none)
    RAND         = randdp

 Execution time
 Seconds : 53
 Micro seconds : 52722634
==2700== 
==2700== I   refs:      8,472,169,416
==2700== I1  misses:            1,482
==2700== LLi misses:            1,438
==2700== I1  miss rate:          0.00%
==2700== LLi miss rate:          0.00%
==2700== 
==2700== D   refs:      4,446,810,265  (3,437,594,041 rd   + 1,009,216,224 wr)
==2700== D1  misses:       16,823,246  (    8,414,425 rd   +     8,408,821 wr)
==2700== LLd misses:           19,286  (        2,255 rd   +        17,031 wr)
==2700== D1  miss rate:           0.4% (          0.2%     +           0.8%  )
==2700== LLd miss rate:           0.0% (          0.0%     +           0.0%  )
==2700== 
==2700== LL refs:          16,824,728  (    8,415,907 rd   +     8,408,821 wr)
==2700== LL misses:            20,724  (        3,693 rd   +        17,031 wr)
==2700== LL miss rate:            0.0% (          0.0%     +           0.0%  )
==2711== Cachegrind, a cache and branch-prediction profiler
==2711== Copyright (C) 2002-2017, and GNU GPL'd, by Nicholas Nethercote et al.
==2711== Using Valgrind-3.15.0 and LibVEX; rerun with -h for copyright info
==2711== Command: bin/ep.W
==2711== 
--2711-- warning: L3 cache found, using its data for the LL simulation.
==2711== error calling PR_SET_PTRACER, vgdb might block


 NAS Parallel Benchmarks 3.0 structured OpenMP C version - EP Benchmark
 Number of random numbers generated:      67108864
EP Benchmark Results: 
CPU Time =    46.8213
N = 2^   25
No. Gaussian Pairs =        26354769
Sums =    -2.863319731645753e+03    -6.320053679109410e+03
Counts:
  0        12281576
  1        11729692
  2         2202726
  3          137368
  4            3371
  5              36
  6               0
  7               0
  8               0
  9               0


 EP Benchmark Completed
 Class           =                        W
 Size            =                       26
 Iterations      =                        0
 Threads         =                        1
 Time in seconds =                    46.82
 Mop/s total     =                     1.43
 Operation type  = Random numbers generated
 Verification    =               SUCCESSFUL
 Version         =           3.0 structured
 Compile date    =              09 Nov 2021

 Compile options:
    CC           = gcc
    CLINK        = gcc
    C_LIB        = -lm
    C_INC        = -I../common
    CFLAGS       = -O0
    CLINKFLAGS   = (none)
    RAND         = randdp

 Execution time
 Seconds : 46
 Micro seconds : 46860328
==2711== 
==2711== I   refs:      8,472,169,362
==2711== I1  misses:            1,482
==2711== LLi misses:            1,438
==2711== I1  miss rate:          0.00%
==2711== LLi miss rate:          0.00%
==2711== 
==2711== D   refs:      4,446,810,243  (3,437,594,025 rd   + 1,009,216,218 wr)
==2711== D1  misses:       16,823,246  (    8,414,425 rd   +     8,408,821 wr)
==2711== LLd misses:           19,286  (        2,255 rd   +        17,031 wr)
==2711== D1  miss rate:           0.4% (          0.2%     +           0.8%  )
==2711== LLd miss rate:           0.0% (          0.0%     +           0.0%  )
==2711== 
==2711== LL refs:          16,824,728  (    8,415,907 rd   +     8,408,821 wr)
==2711== LL misses:            20,724  (        3,693 rd   +        17,031 wr)
==2711== LL miss rate:            0.0% (          0.0%     +           0.0%  )
==2734== Cachegrind, a cache and branch-prediction profiler
==2734== Copyright (C) 2002-2017, and GNU GPL'd, by Nicholas Nethercote et al.
==2734== Using Valgrind-3.15.0 and LibVEX; rerun with -h for copyright info
==2734== Command: bin/ep.W
==2734== 
--2734-- warning: L3 cache found, using its data for the LL simulation.
==2734== error calling PR_SET_PTRACER, vgdb might block


 NAS Parallel Benchmarks 3.0 structured OpenMP C version - EP Benchmark
 Number of random numbers generated:      67108864
EP Benchmark Results: 
CPU Time =    46.8631
N = 2^   25
No. Gaussian Pairs =        26354769
Sums =    -2.863319731645753e+03    -6.320053679109410e+03
Counts:
  0        12281576
  1        11729692
  2         2202726
  3          137368
  4            3371
  5              36
  6               0
  7               0
  8               0
  9               0


 EP Benchmark Completed
 Class           =                        W
 Size            =                       26
 Iterations      =                        0
 Threads         =                        1
 Time in seconds =                    46.86
 Mop/s total     =                     1.43
 Operation type  = Random numbers generated
 Verification    =               SUCCESSFUL
 Version         =           3.0 structured
 Compile date    =              09 Nov 2021

 Compile options:
    CC           = gcc
    CLINK        = gcc
    C_LIB        = -lm
    C_INC        = -I../common
    CFLAGS       = -O0
    CLINKFLAGS   = (none)
    RAND         = randdp

 Execution time
 Seconds : 46
 Micro seconds : 46901465
==2734== 
==2734== I   refs:      8,472,169,388
==2734== I1  misses:            1,482
==2734== LLi misses:            1,438
==2734== I1  miss rate:          0.00%
==2734== LLi miss rate:          0.00%
==2734== 
==2734== D   refs:      4,446,810,251  (3,437,594,033 rd   + 1,009,216,218 wr)
==2734== D1  misses:       16,823,246  (    8,414,425 rd   +     8,408,821 wr)
==2734== LLd misses:           19,286  (        2,255 rd   +        17,031 wr)
==2734== D1  miss rate:           0.4% (          0.2%     +           0.8%  )
==2734== LLd miss rate:           0.0% (          0.0%     +           0.0%  )
==2734== 
==2734== LL refs:          16,824,728  (    8,415,907 rd   +     8,408,821 wr)
==2734== LL misses:            20,724  (        3,693 rd   +        17,031 wr)
==2734== LL miss rate:            0.0% (          0.0%     +           0.0%  )
==2745== Cachegrind, a cache and branch-prediction profiler
==2745== Copyright (C) 2002-2017, and GNU GPL'd, by Nicholas Nethercote et al.
==2745== Using Valgrind-3.15.0 and LibVEX; rerun with -h for copyright info
==2745== Command: bin/ep.W
==2745== 
--2745-- warning: L3 cache found, using its data for the LL simulation.
==2745== error calling PR_SET_PTRACER, vgdb might block


 NAS Parallel Benchmarks 3.0 structured OpenMP C version - EP Benchmark
 Number of random numbers generated:      67108864
EP Benchmark Results: 
CPU Time =    45.4996
N = 2^   25
No. Gaussian Pairs =        26354769
Sums =    -2.863319731645753e+03    -6.320053679109410e+03
Counts:
  0        12281576
  1        11729692
  2         2202726
  3          137368
  4            3371
  5              36
  6               0
  7               0
  8               0
  9               0


 EP Benchmark Completed
 Class           =                        W
 Size            =                       26
 Iterations      =                        0
 Threads         =                        1
 Time in seconds =                    45.50
 Mop/s total     =                     1.47
 Operation type  = Random numbers generated
 Verification    =               SUCCESSFUL
 Version         =           3.0 structured
 Compile date    =              09 Nov 2021

 Compile options:
    CC           = gcc
    CLINK        = gcc
    C_LIB        = -lm
    C_INC        = -I../common
    CFLAGS       = -O0
    CLINKFLAGS   = (none)
    RAND         = randdp

 Execution time
 Seconds : 46
 Micro seconds : 45538265
==2745== 
==2745== I   refs:      8,472,169,422
==2745== I1  misses:            1,482
==2745== LLi misses:            1,438
==2745== I1  miss rate:          0.00%
==2745== LLi miss rate:          0.00%
==2745== 
==2745== D   refs:      4,446,810,267  (3,437,594,042 rd   + 1,009,216,225 wr)
==2745== D1  misses:       16,823,246  (    8,414,425 rd   +     8,408,821 wr)
==2745== LLd misses:           19,286  (        2,255 rd   +        17,031 wr)
==2745== D1  miss rate:           0.4% (          0.2%     +           0.8%  )
==2745== LLd miss rate:           0.0% (          0.0%     +           0.0%  )
==2745== 
==2745== LL refs:          16,824,728  (    8,415,907 rd   +     8,408,821 wr)
==2745== LL misses:            20,724  (        3,693 rd   +        17,031 wr)
==2745== LL miss rate:            0.0% (          0.0%     +           0.0%  )
==2757== Cachegrind, a cache and branch-prediction profiler
==2757== Copyright (C) 2002-2017, and GNU GPL'd, by Nicholas Nethercote et al.
==2757== Using Valgrind-3.15.0 and LibVEX; rerun with -h for copyright info
==2757== Command: bin/ep.W
==2757== 
--2757-- warning: L3 cache found, using its data for the LL simulation.
==2757== error calling PR_SET_PTRACER, vgdb might block


 NAS Parallel Benchmarks 3.0 structured OpenMP C version - EP Benchmark
 Number of random numbers generated:      67108864
EP Benchmark Results: 
CPU Time =    46.5349
N = 2^   25
No. Gaussian Pairs =        26354769
Sums =    -2.863319731645753e+03    -6.320053679109410e+03
Counts:
  0        12281576
  1        11729692
  2         2202726
  3          137368
  4            3371
  5              36
  6               0
  7               0
  8               0
  9               0


 EP Benchmark Completed
 Class           =                        W
 Size            =                       26
 Iterations      =                        0
 Threads         =                        1
 Time in seconds =                    46.53
 Mop/s total     =                     1.44
 Operation type  = Random numbers generated
 Verification    =               SUCCESSFUL
 Version         =           3.0 structured
 Compile date    =              09 Nov 2021

 Compile options:
    CC           = gcc
    CLINK        = gcc
    C_LIB        = -lm
    C_INC        = -I../common
    CFLAGS       = -O0
    CLINKFLAGS   = (none)
    RAND         = randdp

 Execution time
 Seconds : 46
 Micro seconds : 46569732
==2757== 
==2757== I   refs:      8,472,169,375
==2757== I1  misses:            1,482
==2757== LLi misses:            1,438
==2757== I1  miss rate:          0.00%
==2757== LLi miss rate:          0.00%
==2757== 
==2757== D   refs:      4,446,810,249  (3,437,594,030 rd   + 1,009,216,219 wr)
==2757== D1  misses:       16,823,246  (    8,414,425 rd   +     8,408,821 wr)
==2757== LLd misses:           19,286  (        2,255 rd   +        17,031 wr)
==2757== D1  miss rate:           0.4% (          0.2%     +           0.8%  )
==2757== LLd miss rate:           0.0% (          0.0%     +           0.0%  )
==2757== 
==2757== LL refs:          16,824,728  (    8,415,907 rd   +     8,408,821 wr)
==2757== LL misses:            20,724  (        3,693 rd   +        17,031 wr)
==2757== LL miss rate:            0.0% (          0.0%     +           0.0%  )
==2773== Cachegrind, a cache and branch-prediction profiler
==2773== Copyright (C) 2002-2017, and GNU GPL'd, by Nicholas Nethercote et al.
==2773== Using Valgrind-3.15.0 and LibVEX; rerun with -h for copyright info
==2773== Command: bin/ep.W
==2773== 
--2773-- warning: L3 cache found, using its data for the LL simulation.
==2773== error calling PR_SET_PTRACER, vgdb might block


 NAS Parallel Benchmarks 3.0 structured OpenMP C version - EP Benchmark
 Number of random numbers generated:      67108864
EP Benchmark Results: 
CPU Time =    47.7538
N = 2^   25
No. Gaussian Pairs =        26354769
Sums =    -2.863319731645753e+03    -6.320053679109410e+03
Counts:
  0        12281576
  1        11729692
  2         2202726
  3          137368
  4            3371
  5              36
  6               0
  7               0
  8               0
  9               0


 EP Benchmark Completed
 Class           =                        W
 Size            =                       26
 Iterations      =                        0
 Threads         =                        1
 Time in seconds =                    47.75
 Mop/s total     =                     1.41
 Operation type  = Random numbers generated
 Verification    =               SUCCESSFUL
 Version         =           3.0 structured
 Compile date    =              09 Nov 2021

 Compile options:
    CC           = gcc
    CLINK        = gcc
    C_LIB        = -lm
    C_INC        = -I../common
    CFLAGS       = -O0
    CLINKFLAGS   = (none)
    RAND         = randdp

 Execution time
 Seconds : 48
 Micro seconds : 47791192
==2773== 
==2773== I   refs:      8,472,169,427
==2773== I1  misses:            1,482
==2773== LLi misses:            1,438
==2773== I1  miss rate:          0.00%
==2773== LLi miss rate:          0.00%
==2773== 
==2773== D   refs:      4,446,810,269  (3,437,594,045 rd   + 1,009,216,224 wr)
==2773== D1  misses:       16,823,246  (    8,414,425 rd   +     8,408,821 wr)
==2773== LLd misses:           19,286  (        2,255 rd   +        17,031 wr)
==2773== D1  miss rate:           0.4% (          0.2%     +           0.8%  )
==2773== LLd miss rate:           0.0% (          0.0%     +           0.0%  )
==2773== 
==2773== LL refs:          16,824,728  (    8,415,907 rd   +     8,408,821 wr)
==2773== LL misses:            20,724  (        3,693 rd   +        17,031 wr)
==2773== LL miss rate:            0.0% (          0.0%     +           0.0%  )
==2787== Cachegrind, a cache and branch-prediction profiler
==2787== Copyright (C) 2002-2017, and GNU GPL'd, by Nicholas Nethercote et al.
==2787== Using Valgrind-3.15.0 and LibVEX; rerun with -h for copyright info
==2787== Command: bin/ep.W
==2787== 
--2787-- warning: L3 cache found, using its data for the LL simulation.
==2787== error calling PR_SET_PTRACER, vgdb might block


 NAS Parallel Benchmarks 3.0 structured OpenMP C version - EP Benchmark
 Number of random numbers generated:      67108864
EP Benchmark Results: 
CPU Time =    45.1753
N = 2^   25
No. Gaussian Pairs =        26354769
Sums =    -2.863319731645753e+03    -6.320053679109410e+03
Counts:
  0        12281576
  1        11729692
  2         2202726
  3          137368
  4            3371
  5              36
  6               0
  7               0
  8               0
  9               0


 EP Benchmark Completed
 Class           =                        W
 Size            =                       26
 Iterations      =                        0
 Threads         =                        1
 Time in seconds =                    45.18
 Mop/s total     =                     1.49
 Operation type  = Random numbers generated
 Verification    =               SUCCESSFUL
 Version         =           3.0 structured
 Compile date    =              09 Nov 2021

 Compile options:
    CC           = gcc
    CLINK        = gcc
    C_LIB        = -lm
    C_INC        = -I../common
    CFLAGS       = -O0
    CLINKFLAGS   = (none)
    RAND         = randdp

 Execution time
 Seconds : 45
 Micro seconds : 45209258
==2787== 
==2787== I   refs:      8,472,169,451
==2787== I1  misses:            1,482
==2787== LLi misses:            1,438
==2787== I1  miss rate:          0.00%
==2787== LLi miss rate:          0.00%
==2787== 
==2787== D   refs:      4,446,810,277  (3,437,594,052 rd   + 1,009,216,225 wr)
==2787== D1  misses:       16,823,246  (    8,414,425 rd   +     8,408,821 wr)
==2787== LLd misses:           19,286  (        2,255 rd   +        17,031 wr)
==2787== D1  miss rate:           0.4% (          0.2%     +           0.8%  )
==2787== LLd miss rate:           0.0% (          0.0%     +           0.0%  )
==2787== 
==2787== LL refs:          16,824,728  (    8,415,907 rd   +     8,408,821 wr)
==2787== LL misses:            20,724  (        3,693 rd   +        17,031 wr)
==2787== LL miss rate:            0.0% (          0.0%     +           0.0%  )
==2801== Cachegrind, a cache and branch-prediction profiler
==2801== Copyright (C) 2002-2017, and GNU GPL'd, by Nicholas Nethercote et al.
==2801== Using Valgrind-3.15.0 and LibVEX; rerun with -h for copyright info
==2801== Command: bin/ep.W
==2801== 
--2801-- warning: L3 cache found, using its data for the LL simulation.
==2801== error calling PR_SET_PTRACER, vgdb might block


 NAS Parallel Benchmarks 3.0 structured OpenMP C version - EP Benchmark
 Number of random numbers generated:      67108864
EP Benchmark Results: 
CPU Time =    45.6275
N = 2^   25
No. Gaussian Pairs =        26354769
Sums =    -2.863319731645753e+03    -6.320053679109410e+03
Counts:
  0        12281576
  1        11729692
  2         2202726
  3          137368
  4            3371
  5              36
  6               0
  7               0
  8               0
  9               0


 EP Benchmark Completed
 Class           =                        W
 Size            =                       26
 Iterations      =                        0
 Threads         =                        1
 Time in seconds =                    45.63
 Mop/s total     =                     1.47
 Operation type  = Random numbers generated
 Verification    =               SUCCESSFUL
 Version         =           3.0 structured
 Compile date    =              09 Nov 2021

 Compile options:
    CC           = gcc
    CLINK        = gcc
    C_LIB        = -lm
    C_INC        = -I../common
    CFLAGS       = -O0
    CLINKFLAGS   = (none)
    RAND         = randdp

 Execution time
 Seconds : 46
 Micro seconds : 45664731
==2801== 
==2801== I   refs:      8,472,169,404
==2801== I1  misses:            1,482
==2801== LLi misses:            1,438
==2801== I1  miss rate:          0.00%
==2801== LLi miss rate:          0.00%
==2801== 
==2801== D   refs:      4,446,810,259  (3,437,594,039 rd   + 1,009,216,220 wr)
==2801== D1  misses:       16,823,246  (    8,414,425 rd   +     8,408,821 wr)
==2801== LLd misses:           19,286  (        2,255 rd   +        17,031 wr)
==2801== D1  miss rate:           0.4% (          0.2%     +           0.8%  )
==2801== LLd miss rate:           0.0% (          0.0%     +           0.0%  )
==2801== 
==2801== LL refs:          16,824,728  (    8,415,907 rd   +     8,408,821 wr)
==2801== LL misses:            20,724  (        3,693 rd   +        17,031 wr)
==2801== LL miss rate:            0.0% (          0.0%     +           0.0%  )
==2811== Cachegrind, a cache and branch-prediction profiler
==2811== Copyright (C) 2002-2017, and GNU GPL'd, by Nicholas Nethercote et al.
==2811== Using Valgrind-3.15.0 and LibVEX; rerun with -h for copyright info
==2811== Command: bin/ep.W
==2811== 
--2811-- warning: L3 cache found, using its data for the LL simulation.
==2811== error calling PR_SET_PTRACER, vgdb might block


 NAS Parallel Benchmarks 3.0 structured OpenMP C version - EP Benchmark
 Number of random numbers generated:      67108864
EP Benchmark Results: 
CPU Time =    45.1456
N = 2^   25
No. Gaussian Pairs =        26354769
Sums =    -2.863319731645753e+03    -6.320053679109410e+03
Counts:
  0        12281576
  1        11729692
  2         2202726
  3          137368
  4            3371
  5              36
  6               0
  7               0
  8               0
  9               0


 EP Benchmark Completed
 Class           =                        W
 Size            =                       26
 Iterations      =                        0
 Threads         =                        1
 Time in seconds =                    45.15
 Mop/s total     =                     1.49
 Operation type  = Random numbers generated
 Verification    =               SUCCESSFUL
 Version         =           3.0 structured
 Compile date    =              09 Nov 2021

 Compile options:
    CC           = gcc
    CLINK        = gcc
    C_LIB        = -lm
    C_INC        = -I../common
    CFLAGS       = -O0
    CLINKFLAGS   = (none)
    RAND         = randdp

 Execution time
 Seconds : 45
 Micro seconds : 45180925
==2811== 
==2811== I   refs:      8,472,169,404
==2811== I1  misses:            1,482
==2811== LLi misses:            1,438
==2811== I1  miss rate:          0.00%
==2811== LLi miss rate:          0.00%
==2811== 
==2811== D   refs:      4,446,810,257  (3,437,594,037 rd   + 1,009,216,220 wr)
==2811== D1  misses:       16,823,246  (    8,414,425 rd   +     8,408,821 wr)
==2811== LLd misses:           19,286  (        2,255 rd   +        17,031 wr)
==2811== D1  miss rate:           0.4% (          0.2%     +           0.8%  )
==2811== LLd miss rate:           0.0% (          0.0%     +           0.0%  )
==2811== 
==2811== LL refs:          16,824,728  (    8,415,907 rd   +     8,408,821 wr)
==2811== LL misses:            20,724  (        3,693 rd   +        17,031 wr)
==2811== LL miss rate:            0.0% (          0.0%     +           0.0%  )
==2821== Cachegrind, a cache and branch-prediction profiler
==2821== Copyright (C) 2002-2017, and GNU GPL'd, by Nicholas Nethercote et al.
==2821== Using Valgrind-3.15.0 and LibVEX; rerun with -h for copyright info
==2821== Command: bin/ep.W
==2821== 
--2821-- warning: L3 cache found, using its data for the LL simulation.
==2821== error calling PR_SET_PTRACER, vgdb might block


 NAS Parallel Benchmarks 3.0 structured OpenMP C version - EP Benchmark
 Number of random numbers generated:      67108864
EP Benchmark Results: 
CPU Time =    45.4063
N = 2^   25
No. Gaussian Pairs =        26354769
Sums =    -2.863319731645753e+03    -6.320053679109410e+03
Counts:
  0        12281576
  1        11729692
  2         2202726
  3          137368
  4            3371
  5              36
  6               0
  7               0
  8               0
  9               0


 EP Benchmark Completed
 Class           =                        W
 Size            =                       26
 Iterations      =                        0
 Threads         =                        1
 Time in seconds =                    45.41
 Mop/s total     =                     1.48
 Operation type  = Random numbers generated
 Verification    =               SUCCESSFUL
 Version         =           3.0 structured
 Compile date    =              09 Nov 2021

 Compile options:
    CC           = gcc
    CLINK        = gcc
    C_LIB        = -lm
    C_INC        = -I../common
    CFLAGS       = -O0
    CLINKFLAGS   = (none)
    RAND         = randdp

 Execution time
 Seconds : 45
 Micro seconds : 45442318
==2821== 
==2821== I   refs:      8,472,169,383
==2821== I1  misses:            1,482
==2821== LLi misses:            1,438
==2821== I1  miss rate:          0.00%
==2821== LLi miss rate:          0.00%
==2821== 
==2821== D   refs:      4,446,810,249  (3,437,594,034 rd   + 1,009,216,215 wr)
==2821== D1  misses:       16,823,246  (    8,414,425 rd   +     8,408,821 wr)
==2821== LLd misses:           19,286  (        2,255 rd   +        17,031 wr)
==2821== D1  miss rate:           0.4% (          0.2%     +           0.8%  )
==2821== LLd miss rate:           0.0% (          0.0%     +           0.0%  )
==2821== 
==2821== LL refs:          16,824,728  (    8,415,907 rd   +     8,408,821 wr)
==2821== LL misses:            20,724  (        3,693 rd   +        17,031 wr)
==2821== LL miss rate:            0.0% (          0.0%     +           0.0%  )
==2831== Cachegrind, a cache and branch-prediction profiler
==2831== Copyright (C) 2002-2017, and GNU GPL'd, by Nicholas Nethercote et al.
==2831== Using Valgrind-3.15.0 and LibVEX; rerun with -h for copyright info
==2831== Command: bin/ep.W
==2831== 
--2831-- warning: L3 cache found, using its data for the LL simulation.
==2831== error calling PR_SET_PTRACER, vgdb might block


 NAS Parallel Benchmarks 3.0 structured OpenMP C version - EP Benchmark
 Number of random numbers generated:      67108864
EP Benchmark Results: 
CPU Time =    46.4907
N = 2^   25
No. Gaussian Pairs =        26354769
Sums =    -2.863319731645753e+03    -6.320053679109410e+03
Counts:
  0        12281576
  1        11729692
  2         2202726
  3          137368
  4            3371
  5              36
  6               0
  7               0
  8               0
  9               0


 EP Benchmark Completed
 Class           =                        W
 Size            =                       26
 Iterations      =                        0
 Threads         =                        1
 Time in seconds =                    46.49
 Mop/s total     =                     1.44
 Operation type  = Random numbers generated
 Verification    =               SUCCESSFUL
 Version         =           3.0 structured
 Compile date    =              09 Nov 2021

 Compile options:
    CC           = gcc
    CLINK        = gcc
    C_LIB        = -lm
    C_INC        = -I../common
    CFLAGS       = -O0
    CLINKFLAGS   = (none)
    RAND         = randdp

 Execution time
 Seconds : 46
 Micro seconds : 46531615
==2831== 
==2831== I   refs:      8,472,169,362
==2831== I1  misses:            1,482
==2831== LLi misses:            1,438
==2831== I1  miss rate:          0.00%
==2831== LLi miss rate:          0.00%
==2831== 
==2831== D   refs:      4,446,810,243  (3,437,594,027 rd   + 1,009,216,216 wr)
==2831== D1  misses:       16,823,246  (    8,414,425 rd   +     8,408,821 wr)
==2831== LLd misses:           19,286  (        2,255 rd   +        17,031 wr)
==2831== D1  miss rate:           0.4% (          0.2%     +           0.8%  )
==2831== LLd miss rate:           0.0% (          0.0%     +           0.0%  )
==2831== 
==2831== LL refs:          16,824,728  (    8,415,907 rd   +     8,408,821 wr)
==2831== LL misses:            20,724  (        3,693 rd   +        17,031 wr)
==2831== LL miss rate:            0.0% (          0.0%     +           0.0%  )
==2842== Cachegrind, a cache and branch-prediction profiler
==2842== Copyright (C) 2002-2017, and GNU GPL'd, by Nicholas Nethercote et al.
==2842== Using Valgrind-3.15.0 and LibVEX; rerun with -h for copyright info
==2842== Command: bin/ep.W
==2842== 
--2842-- warning: L3 cache found, using its data for the LL simulation.
==2842== error calling PR_SET_PTRACER, vgdb might block


 NAS Parallel Benchmarks 3.0 structured OpenMP C version - EP Benchmark
 Number of random numbers generated:      67108864
EP Benchmark Results: 
CPU Time =    47.1890
N = 2^   25
No. Gaussian Pairs =        26354769
Sums =    -2.863319731645753e+03    -6.320053679109410e+03
Counts:
  0        12281576
  1        11729692
  2         2202726
  3          137368
  4            3371
  5              36
  6               0
  7               0
  8               0
  9               0


 EP Benchmark Completed
 Class           =                        W
 Size            =                       26
 Iterations      =                        0
 Threads         =                        1
 Time in seconds =                    47.19
 Mop/s total     =                     1.42
 Operation type  = Random numbers generated
 Verification    =               SUCCESSFUL
 Version         =           3.0 structured
 Compile date    =              09 Nov 2021

 Compile options:
    CC           = gcc
    CLINK        = gcc
    C_LIB        = -lm
    C_INC        = -I../common
    CFLAGS       = -O0
    CLINKFLAGS   = (none)
    RAND         = randdp

 Execution time
 Seconds : 47
 Micro seconds : 47224096
==2842== 
==2842== I   refs:      8,472,169,382
==2842== I1  misses:            1,482
==2842== LLi misses:            1,438
==2842== I1  miss rate:          0.00%
==2842== LLi miss rate:          0.00%
==2842== 
==2842== D   refs:      4,446,810,249  (3,437,594,031 rd   + 1,009,216,218 wr)
==2842== D1  misses:       16,823,246  (    8,414,425 rd   +     8,408,821 wr)
==2842== LLd misses:           19,286  (        2,255 rd   +        17,031 wr)
==2842== D1  miss rate:           0.4% (          0.2%     +           0.8%  )
==2842== LLd miss rate:           0.0% (          0.0%     +           0.0%  )
==2842== 
==2842== LL refs:          16,824,728  (    8,415,907 rd   +     8,408,821 wr)
==2842== LL misses:            20,724  (        3,693 rd   +        17,031 wr)
==2842== LL miss rate:            0.0% (          0.0%     +           0.0%  )
==2852== Cachegrind, a cache and branch-prediction profiler
==2852== Copyright (C) 2002-2017, and GNU GPL'd, by Nicholas Nethercote et al.
==2852== Using Valgrind-3.15.0 and LibVEX; rerun with -h for copyright info
==2852== Command: bin/ep.W
==2852== 
--2852-- warning: L3 cache found, using its data for the LL simulation.
==2852== error calling PR_SET_PTRACER, vgdb might block


 NAS Parallel Benchmarks 3.0 structured OpenMP C version - EP Benchmark
 Number of random numbers generated:      67108864
EP Benchmark Results: 
CPU Time =    44.9029
N = 2^   25
No. Gaussian Pairs =        26354769
Sums =    -2.863319731645753e+03    -6.320053679109410e+03
Counts:
  0        12281576
  1        11729692
  2         2202726
  3          137368
  4            3371
  5              36
  6               0
  7               0
  8               0
  9               0


 EP Benchmark Completed
 Class           =                        W
 Size            =                       26
 Iterations      =                        0
 Threads         =                        1
 Time in seconds =                    44.90
 Mop/s total     =                     1.49
 Operation type  = Random numbers generated
 Verification    =               SUCCESSFUL
 Version         =           3.0 structured
 Compile date    =              09 Nov 2021

 Compile options:
    CC           = gcc
    CLINK        = gcc
    C_LIB        = -lm
    C_INC        = -I../common
    CFLAGS       = -O0
    CLINKFLAGS   = (none)
    RAND         = randdp

 Execution time
 Seconds : 45
 Micro seconds : 44938107
==2852== 
==2852== I   refs:      8,472,169,374
==2852== I1  misses:            1,482
==2852== LLi misses:            1,438
==2852== I1  miss rate:          0.00%
==2852== LLi miss rate:          0.00%
==2852== 
==2852== D   refs:      4,446,810,247  (3,437,594,030 rd   + 1,009,216,217 wr)
==2852== D1  misses:       16,823,246  (    8,414,425 rd   +     8,408,821 wr)
==2852== LLd misses:           19,286  (        2,255 rd   +        17,031 wr)
==2852== D1  miss rate:           0.4% (          0.2%     +           0.8%  )
==2852== LLd miss rate:           0.0% (          0.0%     +           0.0%  )
==2852== 
==2852== LL refs:          16,824,728  (    8,415,907 rd   +     8,408,821 wr)
==2852== LL misses:            20,724  (        3,693 rd   +        17,031 wr)
==2852== LL miss rate:            0.0% (          0.0%     +           0.0%  )
==2868== Cachegrind, a cache and branch-prediction profiler
==2868== Copyright (C) 2002-2017, and GNU GPL'd, by Nicholas Nethercote et al.
==2868== Using Valgrind-3.15.0 and LibVEX; rerun with -h for copyright info
==2868== Command: bin/ep.W
==2868== 
--2868-- warning: L3 cache found, using its data for the LL simulation.
==2868== error calling PR_SET_PTRACER, vgdb might block


 NAS Parallel Benchmarks 3.0 structured OpenMP C version - EP Benchmark
 Number of random numbers generated:      67108864
EP Benchmark Results: 
CPU Time =    43.3851
N = 2^   25
No. Gaussian Pairs =        26354769
Sums =    -2.863319731645753e+03    -6.320053679109410e+03
Counts:
  0        12281576
  1        11729692
  2         2202726
  3          137368
  4            3371
  5              36
  6               0
  7               0
  8               0
  9               0


 EP Benchmark Completed
 Class           =                        W
 Size            =                       26
 Iterations      =                        0
 Threads         =                        1
 Time in seconds =                    43.39
 Mop/s total     =                     1.55
 Operation type  = Random numbers generated
 Verification    =               SUCCESSFUL
 Version         =           3.0 structured
 Compile date    =              09 Nov 2021

 Compile options:
    CC           = gcc
    CLINK        = gcc
    C_LIB        = -lm
    C_INC        = -I../common
    CFLAGS       = -O0
    CLINKFLAGS   = (none)
    RAND         = randdp

 Execution time
 Seconds : 44
 Micro seconds : 43419622
==2868== 
==2868== I   refs:      8,472,169,429
==2868== I1  misses:            1,482
==2868== LLi misses:            1,438
==2868== I1  miss rate:          0.00%
==2868== LLi miss rate:          0.00%
==2868== 
==2868== D   refs:      4,446,810,265  (3,437,594,045 rd   + 1,009,216,220 wr)
==2868== D1  misses:       16,823,246  (    8,414,425 rd   +     8,408,821 wr)
==2868== LLd misses:           19,286  (        2,255 rd   +        17,031 wr)
==2868== D1  miss rate:           0.4% (          0.2%     +           0.8%  )
==2868== LLd miss rate:           0.0% (          0.0%     +           0.0%  )
==2868== 
==2868== LL refs:          16,824,728  (    8,415,907 rd   +     8,408,821 wr)
==2868== LL misses:            20,724  (        3,693 rd   +        17,031 wr)
==2868== LL miss rate:            0.0% (          0.0%     +           0.0%  )
==2878== Cachegrind, a cache and branch-prediction profiler
==2878== Copyright (C) 2002-2017, and GNU GPL'd, by Nicholas Nethercote et al.
==2878== Using Valgrind-3.15.0 and LibVEX; rerun with -h for copyright info
==2878== Command: bin/ep.W
==2878== 
--2878-- warning: L3 cache found, using its data for the LL simulation.
==2878== error calling PR_SET_PTRACER, vgdb might block


 NAS Parallel Benchmarks 3.0 structured OpenMP C version - EP Benchmark
 Number of random numbers generated:      67108864
EP Benchmark Results: 
CPU Time =    43.1889
N = 2^   25
No. Gaussian Pairs =        26354769
Sums =    -2.863319731645753e+03    -6.320053679109410e+03
Counts:
  0        12281576
  1        11729692
  2         2202726
  3          137368
  4            3371
  5              36
  6               0
  7               0
  8               0
  9               0


 EP Benchmark Completed
 Class           =                        W
 Size            =                       26
 Iterations      =                        0
 Threads         =                        1
 Time in seconds =                    43.19
 Mop/s total     =                     1.55
 Operation type  = Random numbers generated
 Verification    =               SUCCESSFUL
 Version         =           3.0 structured
 Compile date    =              09 Nov 2021

 Compile options:
    CC           = gcc
    CLINK        = gcc
    C_LIB        = -lm
    C_INC        = -I../common
    CFLAGS       = -O0
    CLINKFLAGS   = (none)
    RAND         = randdp

 Execution time
 Seconds : 43
 Micro seconds : 43223864
==2878== 
==2878== I   refs:      8,472,169,418
==2878== I1  misses:            1,482
==2878== LLi misses:            1,438
==2878== I1  miss rate:          0.00%
==2878== LLi miss rate:          0.00%
==2878== 
==2878== D   refs:      4,446,810,265  (3,437,594,041 rd   + 1,009,216,224 wr)
==2878== D1  misses:       16,823,246  (    8,414,425 rd   +     8,408,821 wr)
==2878== LLd misses:           19,286  (        2,255 rd   +        17,031 wr)
==2878== D1  miss rate:           0.4% (          0.2%     +           0.8%  )
==2878== LLd miss rate:           0.0% (          0.0%     +           0.0%  )
==2878== 
==2878== LL refs:          16,824,728  (    8,415,907 rd   +     8,408,821 wr)
==2878== LL misses:            20,724  (        3,693 rd   +        17,031 wr)
==2878== LL miss rate:            0.0% (          0.0%     +           0.0%  )
==2889== Cachegrind, a cache and branch-prediction profiler
==2889== Copyright (C) 2002-2017, and GNU GPL'd, by Nicholas Nethercote et al.
==2889== Using Valgrind-3.15.0 and LibVEX; rerun with -h for copyright info
==2889== Command: bin/ep.W
==2889== 
--2889-- warning: L3 cache found, using its data for the LL simulation.
==2889== error calling PR_SET_PTRACER, vgdb might block


 NAS Parallel Benchmarks 3.0 structured OpenMP C version - EP Benchmark
 Number of random numbers generated:      67108864
EP Benchmark Results: 
CPU Time =    43.2322
N = 2^   25
No. Gaussian Pairs =        26354769
Sums =    -2.863319731645753e+03    -6.320053679109410e+03
Counts:
  0        12281576
  1        11729692
  2         2202726
  3          137368
  4            3371
  5              36
  6               0
  7               0
  8               0
  9               0


 EP Benchmark Completed
 Class           =                        W
 Size            =                       26
 Iterations      =                        0
 Threads         =                        1
 Time in seconds =                    43.23
 Mop/s total     =                     1.55
 Operation type  = Random numbers generated
 Verification    =               SUCCESSFUL
 Version         =           3.0 structured
 Compile date    =              09 Nov 2021

 Compile options:
    CC           = gcc
    CLINK        = gcc
    C_LIB        = -lm
    C_INC        = -I../common
    CFLAGS       = -O0
    CLINKFLAGS   = (none)
    RAND         = randdp

 Execution time
 Seconds : 43
 Micro seconds : 43266214
==2889== 
==2889== I   refs:      8,472,169,389
==2889== I1  misses:            1,482
==2889== LLi misses:            1,438
==2889== I1  miss rate:          0.00%
==2889== LLi miss rate:          0.00%
==2889== 
==2889== D   refs:      4,446,810,252  (3,437,594,033 rd   + 1,009,216,219 wr)
==2889== D1  misses:       16,823,246  (    8,414,425 rd   +     8,408,821 wr)
==2889== LLd misses:           19,286  (        2,255 rd   +        17,031 wr)
==2889== D1  miss rate:           0.4% (          0.2%     +           0.8%  )
==2889== LLd miss rate:           0.0% (          0.0%     +           0.0%  )
==2889== 
==2889== LL refs:          16,824,728  (    8,415,907 rd   +     8,408,821 wr)
==2889== LL misses:            20,724  (        3,693 rd   +        17,031 wr)
==2889== LL miss rate:            0.0% (          0.0%     +           0.0%  )
==2899== Cachegrind, a cache and branch-prediction profiler
==2899== Copyright (C) 2002-2017, and GNU GPL'd, by Nicholas Nethercote et al.
==2899== Using Valgrind-3.15.0 and LibVEX; rerun with -h for copyright info
==2899== Command: bin/ep.W
==2899== 
--2899-- warning: L3 cache found, using its data for the LL simulation.
==2899== error calling PR_SET_PTRACER, vgdb might block


 NAS Parallel Benchmarks 3.0 structured OpenMP C version - EP Benchmark
 Number of random numbers generated:      67108864
EP Benchmark Results: 
CPU Time =    45.3570
N = 2^   25
No. Gaussian Pairs =        26354769
Sums =    -2.863319731645753e+03    -6.320053679109410e+03
Counts:
  0        12281576
  1        11729692
  2         2202726
  3          137368
  4            3371
  5              36
  6               0
  7               0
  8               0
  9               0


 EP Benchmark Completed
 Class           =                        W
 Size            =                       26
 Iterations      =                        0
 Threads         =                        1
 Time in seconds =                    45.36
 Mop/s total     =                     1.48
 Operation type  = Random numbers generated
 Verification    =               SUCCESSFUL
 Version         =           3.0 structured
 Compile date    =              09 Nov 2021

 Compile options:
    CC           = gcc
    CLINK        = gcc
    C_LIB        = -lm
    C_INC        = -I../common
    CFLAGS       = -O0
    CLINKFLAGS   = (none)
    RAND         = randdp

 Execution time
 Seconds : 46
 Micro seconds : 45391986
==2899== 
==2899== I   refs:      8,472,169,438
==2899== I1  misses:            1,482
==2899== LLi misses:            1,438
==2899== I1  miss rate:          0.00%
==2899== LLi miss rate:          0.00%
==2899== 
==2899== D   refs:      4,446,810,273  (3,437,594,047 rd   + 1,009,216,226 wr)
==2899== D1  misses:       16,823,246  (    8,414,425 rd   +     8,408,821 wr)
==2899== LLd misses:           19,286  (        2,255 rd   +        17,031 wr)
==2899== D1  miss rate:           0.4% (          0.2%     +           0.8%  )
==2899== LLd miss rate:           0.0% (          0.0%     +           0.0%  )
==2899== 
==2899== LL refs:          16,824,728  (    8,415,907 rd   +     8,408,821 wr)
==2899== LL misses:            20,724  (        3,693 rd   +        17,031 wr)
==2899== LL miss rate:            0.0% (          0.0%     +           0.0%  )
==2910== Cachegrind, a cache and branch-prediction profiler
==2910== Copyright (C) 2002-2017, and GNU GPL'd, by Nicholas Nethercote et al.
==2910== Using Valgrind-3.15.0 and LibVEX; rerun with -h for copyright info
==2910== Command: bin/ep.W
==2910== 
--2910-- warning: L3 cache found, using its data for the LL simulation.
==2910== error calling PR_SET_PTRACER, vgdb might block


 NAS Parallel Benchmarks 3.0 structured OpenMP C version - EP Benchmark
 Number of random numbers generated:      67108864
EP Benchmark Results: 
CPU Time =    45.9599
N = 2^   25
No. Gaussian Pairs =        26354769
Sums =    -2.863319731645753e+03    -6.320053679109410e+03
Counts:
  0        12281576
  1        11729692
  2         2202726
  3          137368
  4            3371
  5              36
  6               0
  7               0
  8               0
  9               0


 EP Benchmark Completed
 Class           =                        W
 Size            =                       26
 Iterations      =                        0
 Threads         =                        1
 Time in seconds =                    45.96
 Mop/s total     =                     1.46
 Operation type  = Random numbers generated
 Verification    =               SUCCESSFUL
 Version         =           3.0 structured
 Compile date    =              09 Nov 2021

 Compile options:
    CC           = gcc
    CLINK        = gcc
    C_LIB        = -lm
    C_INC        = -I../common
    CFLAGS       = -O0
    CLINKFLAGS   = (none)
    RAND         = randdp

 Execution time
 Seconds : 46
 Micro seconds : 45995702
==2910== 
==2910== I   refs:      8,472,169,427
==2910== I1  misses:            1,482
==2910== LLi misses:            1,438
==2910== I1  miss rate:          0.00%
==2910== LLi miss rate:          0.00%
==2910== 
==2910== D   refs:      4,446,810,269  (3,437,594,045 rd   + 1,009,216,224 wr)
==2910== D1  misses:       16,823,246  (    8,414,425 rd   +     8,408,821 wr)
==2910== LLd misses:           19,286  (        2,255 rd   +        17,031 wr)
==2910== D1  miss rate:           0.4% (          0.2%     +           0.8%  )
==2910== LLd miss rate:           0.0% (          0.0%     +           0.0%  )
==2910== 
==2910== LL refs:          16,824,728  (    8,415,907 rd   +     8,408,821 wr)
==2910== LL misses:            20,724  (        3,693 rd   +        17,031 wr)
==2910== LL miss rate:            0.0% (          0.0%     +           0.0%  )
==2921== Cachegrind, a cache and branch-prediction profiler
==2921== Copyright (C) 2002-2017, and GNU GPL'd, by Nicholas Nethercote et al.
==2921== Using Valgrind-3.15.0 and LibVEX; rerun with -h for copyright info
==2921== Command: bin/ep.W
==2921== 
--2921-- warning: L3 cache found, using its data for the LL simulation.
==2921== error calling PR_SET_PTRACER, vgdb might block


 NAS Parallel Benchmarks 3.0 structured OpenMP C version - EP Benchmark
 Number of random numbers generated:      67108864
EP Benchmark Results: 
CPU Time =    46.4924
N = 2^   25
No. Gaussian Pairs =        26354769
Sums =    -2.863319731645753e+03    -6.320053679109410e+03
Counts:
  0        12281576
  1        11729692
  2         2202726
  3          137368
  4            3371
  5              36
  6               0
  7               0
  8               0
  9               0


 EP Benchmark Completed
 Class           =                        W
 Size            =                       26
 Iterations      =                        0
 Threads         =                        1
 Time in seconds =                    46.49
 Mop/s total     =                     1.44
 Operation type  = Random numbers generated
 Verification    =               SUCCESSFUL
 Version         =           3.0 structured
 Compile date    =              09 Nov 2021

 Compile options:
    CC           = gcc
    CLINK        = gcc
    C_LIB        = -lm
    C_INC        = -I../common
    CFLAGS       = -O0
    CLINKFLAGS   = (none)
    RAND         = randdp

 Execution time
 Seconds : 46
 Micro seconds : 46527374
==2921== 
==2921== I   refs:      8,472,169,382
==2921== I1  misses:            1,482
==2921== LLi misses:            1,438
==2921== I1  miss rate:          0.00%
==2921== LLi miss rate:          0.00%
==2921== 
==2921== D   refs:      4,446,810,253  (3,437,594,031 rd   + 1,009,216,222 wr)
==2921== D1  misses:       16,823,246  (    8,414,425 rd   +     8,408,821 wr)
==2921== LLd misses:           19,286  (        2,255 rd   +        17,031 wr)
==2921== D1  miss rate:           0.4% (          0.2%     +           0.8%  )
==2921== LLd miss rate:           0.0% (          0.0%     +           0.0%  )
==2921== 
==2921== LL refs:          16,824,728  (    8,415,907 rd   +     8,408,821 wr)
==2921== LL misses:            20,724  (        3,693 rd   +        17,031 wr)
==2921== LL miss rate:            0.0% (          0.0%     +           0.0%  )
==2931== Cachegrind, a cache and branch-prediction profiler
==2931== Copyright (C) 2002-2017, and GNU GPL'd, by Nicholas Nethercote et al.
==2931== Using Valgrind-3.15.0 and LibVEX; rerun with -h for copyright info
==2931== Command: bin/ep.W
==2931== 
--2931-- warning: L3 cache found, using its data for the LL simulation.
==2931== error calling PR_SET_PTRACER, vgdb might block


 NAS Parallel Benchmarks 3.0 structured OpenMP C version - EP Benchmark
 Number of random numbers generated:      67108864
EP Benchmark Results: 
CPU Time =    47.5483
N = 2^   25
No. Gaussian Pairs =        26354769
Sums =    -2.863319731645753e+03    -6.320053679109410e+03
Counts:
  0        12281576
  1        11729692
  2         2202726
  3          137368
  4            3371
  5              36
  6               0
  7               0
  8               0
  9               0


 EP Benchmark Completed
 Class           =                        W
 Size            =                       26
 Iterations      =                        0
 Threads         =                        1
 Time in seconds =                    47.55
 Mop/s total     =                     1.41
 Operation type  = Random numbers generated
 Verification    =               SUCCESSFUL
 Version         =           3.0 structured
 Compile date    =              09 Nov 2021

 Compile options:
    CC           = gcc
    CLINK        = gcc
    C_LIB        = -lm
    C_INC        = -I../common
    CFLAGS       = -O0
    CLINKFLAGS   = (none)
    RAND         = randdp

 Execution time
 Seconds : 47
 Micro seconds : 47586028
==2931== 
==2931== I   refs:      8,472,169,424
==2931== I1  misses:            1,482
==2931== LLi misses:            1,438
==2931== I1  miss rate:          0.00%
==2931== LLi miss rate:          0.00%
==2931== 
==2931== D   refs:      4,446,810,267  (3,437,594,043 rd   + 1,009,216,224 wr)
==2931== D1  misses:       16,823,246  (    8,414,425 rd   +     8,408,821 wr)
==2931== LLd misses:           19,286  (        2,255 rd   +        17,031 wr)
==2931== D1  miss rate:           0.4% (          0.2%     +           0.8%  )
==2931== LLd miss rate:           0.0% (          0.0%     +           0.0%  )
==2931== 
==2931== LL refs:          16,824,728  (    8,415,907 rd   +     8,408,821 wr)
==2931== LL misses:            20,724  (        3,693 rd   +        17,031 wr)
==2931== LL miss rate:            0.0% (          0.0%     +           0.0%  )
==2941== Cachegrind, a cache and branch-prediction profiler
==2941== Copyright (C) 2002-2017, and GNU GPL'd, by Nicholas Nethercote et al.
==2941== Using Valgrind-3.15.0 and LibVEX; rerun with -h for copyright info
==2941== Command: bin/ep.W
==2941== 
--2941-- warning: L3 cache found, using its data for the LL simulation.
==2941== error calling PR_SET_PTRACER, vgdb might block


 NAS Parallel Benchmarks 3.0 structured OpenMP C version - EP Benchmark
 Number of random numbers generated:      67108864
EP Benchmark Results: 
CPU Time =    47.1422
N = 2^   25
No. Gaussian Pairs =        26354769
Sums =    -2.863319731645753e+03    -6.320053679109410e+03
Counts:
  0        12281576
  1        11729692
  2         2202726
  3          137368
  4            3371
  5              36
  6               0
  7               0
  8               0
  9               0


 EP Benchmark Completed
 Class           =                        W
 Size            =                       26
 Iterations      =                        0
 Threads         =                        1
 Time in seconds =                    47.14
 Mop/s total     =                     1.42
 Operation type  = Random numbers generated
 Verification    =               SUCCESSFUL
 Version         =           3.0 structured
 Compile date    =              09 Nov 2021

 Compile options:
    CC           = gcc
    CLINK        = gcc
    C_LIB        = -lm
    C_INC        = -I../common
    CFLAGS       = -O0
    CLINKFLAGS   = (none)
    RAND         = randdp

 Execution time
 Seconds : 47
 Micro seconds : 47179759
==2941== 
==2941== I   refs:      8,472,169,362
==2941== I1  misses:            1,482
==2941== LLi misses:            1,438
==2941== I1  miss rate:          0.00%
==2941== LLi miss rate:          0.00%
==2941== 
==2941== D   refs:      4,446,810,243  (3,437,594,025 rd   + 1,009,216,218 wr)
==2941== D1  misses:       16,823,246  (    8,414,425 rd   +     8,408,821 wr)
==2941== LLd misses:           19,286  (        2,255 rd   +        17,031 wr)
==2941== D1  miss rate:           0.4% (          0.2%     +           0.8%  )
==2941== LLd miss rate:           0.0% (          0.0%     +           0.0%  )
==2941== 
==2941== LL refs:          16,824,728  (    8,415,907 rd   +     8,408,821 wr)
==2941== LL misses:            20,724  (        3,693 rd   +        17,031 wr)
==2941== LL miss rate:            0.0% (          0.0%     +           0.0%  )
==2954== Cachegrind, a cache and branch-prediction profiler
==2954== Copyright (C) 2002-2017, and GNU GPL'd, by Nicholas Nethercote et al.
==2954== Using Valgrind-3.15.0 and LibVEX; rerun with -h for copyright info
==2954== Command: bin/ep.W
==2954== 
--2954-- warning: L3 cache found, using its data for the LL simulation.
==2954== error calling PR_SET_PTRACER, vgdb might block


 NAS Parallel Benchmarks 3.0 structured OpenMP C version - EP Benchmark
 Number of random numbers generated:      67108864
EP Benchmark Results: 
CPU Time =    45.3111
N = 2^   25
No. Gaussian Pairs =        26354769
Sums =    -2.863319731645753e+03    -6.320053679109410e+03
Counts:
  0        12281576
  1        11729692
  2         2202726
  3          137368
  4            3371
  5              36
  6               0
  7               0
  8               0
  9               0


 EP Benchmark Completed
 Class           =                        W
 Size            =                       26
 Iterations      =                        0
 Threads         =                        1
 Time in seconds =                    45.31
 Mop/s total     =                     1.48
 Operation type  = Random numbers generated
 Verification    =               SUCCESSFUL
 Version         =           3.0 structured
 Compile date    =              09 Nov 2021

 Compile options:
    CC           = gcc
    CLINK        = gcc
    C_LIB        = -lm
    C_INC        = -I../common
    CFLAGS       = -O0
    CLINKFLAGS   = (none)
    RAND         = randdp

 Execution time
 Seconds : 46
 Micro seconds : 45351767
==2954== 
==2954== I   refs:      8,472,169,342
==2954== I1  misses:            1,482
==2954== LLi misses:            1,438
==2954== I1  miss rate:          0.00%
==2954== LLi miss rate:          0.00%
==2954== 
==2954== D   refs:      4,446,810,229  (3,437,594,019 rd   + 1,009,216,210 wr)
==2954== D1  misses:       16,823,246  (    8,414,425 rd   +     8,408,821 wr)
==2954== LLd misses:           19,286  (        2,255 rd   +        17,031 wr)
==2954== D1  miss rate:           0.4% (          0.2%     +           0.8%  )
==2954== LLd miss rate:           0.0% (          0.0%     +           0.0%  )
==2954== 
==2954== LL refs:          16,824,728  (    8,415,907 rd   +     8,408,821 wr)
==2954== LL misses:            20,724  (        3,693 rd   +        17,031 wr)
==2954== LL miss rate:            0.0% (          0.0%     +           0.0%  )
==2983== Cachegrind, a cache and branch-prediction profiler
==2983== Copyright (C) 2002-2017, and GNU GPL'd, by Nicholas Nethercote et al.
==2983== Using Valgrind-3.15.0 and LibVEX; rerun with -h for copyright info
==2983== Command: bin/ep.W
==2983== 
--2983-- warning: L3 cache found, using its data for the LL simulation.
==2983== error calling PR_SET_PTRACER, vgdb might block


 NAS Parallel Benchmarks 3.0 structured OpenMP C version - EP Benchmark
 Number of random numbers generated:      67108864
EP Benchmark Results: 
CPU Time =    48.0924
N = 2^   25
No. Gaussian Pairs =        26354769
Sums =    -2.863319731645753e+03    -6.320053679109410e+03
Counts:
  0        12281576
  1        11729692
  2         2202726
  3          137368
  4            3371
  5              36
  6               0
  7               0
  8               0
  9               0


 EP Benchmark Completed
 Class           =                        W
 Size            =                       26
 Iterations      =                        0
 Threads         =                        1
 Time in seconds =                    48.09
 Mop/s total     =                     1.40
 Operation type  = Random numbers generated
 Verification    =               SUCCESSFUL
 Version         =           3.0 structured
 Compile date    =              09 Nov 2021

 Compile options:
    CC           = gcc
    CLINK        = gcc
    C_LIB        = -lm
    C_INC        = -I../common
    CFLAGS       = -O0
    CLINKFLAGS   = (none)
    RAND         = randdp

 Execution time
 Seconds : 48
 Micro seconds : 48129030
==2983== 
==2983== I   refs:      8,472,169,402
==2983== I1  misses:            1,482
==2983== LLi misses:            1,438
==2983== I1  miss rate:          0.00%
==2983== LLi miss rate:          0.00%
==2983== 
==2983== D   refs:      4,446,810,255  (3,437,594,038 rd   + 1,009,216,217 wr)
==2983== D1  misses:       16,823,246  (    8,414,425 rd   +     8,408,821 wr)
==2983== LLd misses:           19,286  (        2,255 rd   +        17,031 wr)
==2983== D1  miss rate:           0.4% (          0.2%     +           0.8%  )
==2983== LLd miss rate:           0.0% (          0.0%     +           0.0%  )
==2983== 
==2983== LL refs:          16,824,728  (    8,415,907 rd   +     8,408,821 wr)
==2983== LL misses:            20,724  (        3,693 rd   +        17,031 wr)
==2983== LL miss rate:            0.0% (          0.0%     +           0.0%  )
==2996== Cachegrind, a cache and branch-prediction profiler
==2996== Copyright (C) 2002-2017, and GNU GPL'd, by Nicholas Nethercote et al.
==2996== Using Valgrind-3.15.0 and LibVEX; rerun with -h for copyright info
==2996== Command: bin/ep.W
==2996== 
--2996-- warning: L3 cache found, using its data for the LL simulation.
==2996== error calling PR_SET_PTRACER, vgdb might block


 NAS Parallel Benchmarks 3.0 structured OpenMP C version - EP Benchmark
 Number of random numbers generated:      67108864
EP Benchmark Results: 
CPU Time =    50.8051
N = 2^   25
No. Gaussian Pairs =        26354769
Sums =    -2.863319731645753e+03    -6.320053679109410e+03
Counts:
  0        12281576
  1        11729692
  2         2202726
  3          137368
  4            3371
  5              36
  6               0
  7               0
  8               0
  9               0


 EP Benchmark Completed
 Class           =                        W
 Size            =                       26
 Iterations      =                        0
 Threads         =                        1
 Time in seconds =                    50.81
 Mop/s total     =                     1.32
 Operation type  = Random numbers generated
 Verification    =               SUCCESSFUL
 Version         =           3.0 structured
 Compile date    =              09 Nov 2021

 Compile options:
    CC           = gcc
    CLINK        = gcc
    C_LIB        = -lm
    C_INC        = -I../common
    CFLAGS       = -O0
    CLINKFLAGS   = (none)
    RAND         = randdp

 Execution time
 Seconds : 50
 Micro seconds : 50847258
==2996== 
==2996== I   refs:      8,472,169,370
==2996== I1  misses:            1,482
==2996== LLi misses:            1,438
==2996== I1  miss rate:          0.00%
==2996== LLi miss rate:          0.00%
==2996== 
==2996== D   refs:      4,446,810,239  (3,437,594,032 rd   + 1,009,216,207 wr)
==2996== D1  misses:       16,823,246  (    8,414,425 rd   +     8,408,821 wr)
==2996== LLd misses:           19,286  (        2,255 rd   +        17,031 wr)
==2996== D1  miss rate:           0.4% (          0.2%     +           0.8%  )
==2996== LLd miss rate:           0.0% (          0.0%     +           0.0%  )
==2996== 
==2996== LL refs:          16,824,728  (    8,415,907 rd   +     8,408,821 wr)
==2996== LL misses:            20,724  (        3,693 rd   +        17,031 wr)
==2996== LL miss rate:            0.0% (          0.0%     +           0.0%  )
==3006== Cachegrind, a cache and branch-prediction profiler
==3006== Copyright (C) 2002-2017, and GNU GPL'd, by Nicholas Nethercote et al.
==3006== Using Valgrind-3.15.0 and LibVEX; rerun with -h for copyright info
==3006== Command: bin/ep.W
==3006== 
--3006-- warning: L3 cache found, using its data for the LL simulation.
==3006== error calling PR_SET_PTRACER, vgdb might block


 NAS Parallel Benchmarks 3.0 structured OpenMP C version - EP Benchmark
 Number of random numbers generated:      67108864
EP Benchmark Results: 
CPU Time =    49.9440
N = 2^   25
No. Gaussian Pairs =        26354769
Sums =    -2.863319731645753e+03    -6.320053679109410e+03
Counts:
  0        12281576
  1        11729692
  2         2202726
  3          137368
  4            3371
  5              36
  6               0
  7               0
  8               0
  9               0


 EP Benchmark Completed
 Class           =                        W
 Size            =                       26
 Iterations      =                        0
 Threads         =                        1
 Time in seconds =                    49.94
 Mop/s total     =                     1.34
 Operation type  = Random numbers generated
 Verification    =               SUCCESSFUL
 Version         =           3.0 structured
 Compile date    =              09 Nov 2021

 Compile options:
    CC           = gcc
    CLINK        = gcc
    C_LIB        = -lm
    C_INC        = -I../common
    CFLAGS       = -O0
    CLINKFLAGS   = (none)
    RAND         = randdp

 Execution time
 Seconds : 50
 Micro seconds : 49984575
==3006== 
==3006== I   refs:      8,472,169,406
==3006== I1  misses:            1,482
==3006== LLi misses:            1,438
==3006== I1  miss rate:          0.00%
==3006== LLi miss rate:          0.00%
==3006== 
==3006== D   refs:      4,446,810,261  (3,437,594,037 rd   + 1,009,216,224 wr)
==3006== D1  misses:       16,823,246  (    8,414,425 rd   +     8,408,821 wr)
==3006== LLd misses:           19,286  (        2,255 rd   +        17,031 wr)
==3006== D1  miss rate:           0.4% (          0.2%     +           0.8%  )
==3006== LLd miss rate:           0.0% (          0.0%     +           0.0%  )
==3006== 
==3006== LL refs:          16,824,728  (    8,415,907 rd   +     8,408,821 wr)
==3006== LL misses:            20,724  (        3,693 rd   +        17,031 wr)
==3006== LL miss rate:            0.0% (          0.0%     +           0.0%  )
==3016== Cachegrind, a cache and branch-prediction profiler
==3016== Copyright (C) 2002-2017, and GNU GPL'd, by Nicholas Nethercote et al.
==3016== Using Valgrind-3.15.0 and LibVEX; rerun with -h for copyright info
==3016== Command: bin/ep.W
==3016== 
--3016-- warning: L3 cache found, using its data for the LL simulation.
==3016== error calling PR_SET_PTRACER, vgdb might block


 NAS Parallel Benchmarks 3.0 structured OpenMP C version - EP Benchmark
 Number of random numbers generated:      67108864
EP Benchmark Results: 
CPU Time =    50.8982
N = 2^   25
No. Gaussian Pairs =        26354769
Sums =    -2.863319731645753e+03    -6.320053679109410e+03
Counts:
  0        12281576
  1        11729692
  2         2202726
  3          137368
  4            3371
  5              36
  6               0
  7               0
  8               0
  9               0


 EP Benchmark Completed
 Class           =                        W
 Size            =                       26
 Iterations      =                        0
 Threads         =                        1
 Time in seconds =                    50.90
 Mop/s total     =                     1.32
 Operation type  = Random numbers generated
 Verification    =               SUCCESSFUL
 Version         =           3.0 structured
 Compile date    =              09 Nov 2021

 Compile options:
    CC           = gcc
    CLINK        = gcc
    C_LIB        = -lm
    C_INC        = -I../common
    CFLAGS       = -O0
    CLINKFLAGS   = (none)
    RAND         = randdp

 Execution time
 Seconds : 51
 Micro seconds : 50939427
==3016== 
==3016== I   refs:      8,472,169,403
==3016== I1  misses:            1,482
==3016== LLi misses:            1,438
==3016== I1  miss rate:          0.00%
==3016== LLi miss rate:          0.00%
==3016== 
==3016== D   refs:      4,446,810,254  (3,437,594,038 rd   + 1,009,216,216 wr)
==3016== D1  misses:       16,823,246  (    8,414,425 rd   +     8,408,821 wr)
==3016== LLd misses:           19,286  (        2,255 rd   +        17,031 wr)
==3016== D1  miss rate:           0.4% (          0.2%     +           0.8%  )
==3016== LLd miss rate:           0.0% (          0.0%     +           0.0%  )
==3016== 
==3016== LL refs:          16,824,728  (    8,415,907 rd   +     8,408,821 wr)
==3016== LL misses:            20,724  (        3,693 rd   +        17,031 wr)
==3016== LL miss rate:            0.0% (          0.0%     +           0.0%  )
==3026== Cachegrind, a cache and branch-prediction profiler
==3026== Copyright (C) 2002-2017, and GNU GPL'd, by Nicholas Nethercote et al.
==3026== Using Valgrind-3.15.0 and LibVEX; rerun with -h for copyright info
==3026== Command: bin/ep.W
==3026== 
--3026-- warning: L3 cache found, using its data for the LL simulation.
==3026== error calling PR_SET_PTRACER, vgdb might block


 NAS Parallel Benchmarks 3.0 structured OpenMP C version - EP Benchmark
 Number of random numbers generated:      67108864
EP Benchmark Results: 
CPU Time =    49.5833
N = 2^   25
No. Gaussian Pairs =        26354769
Sums =    -2.863319731645753e+03    -6.320053679109410e+03
Counts:
  0        12281576
  1        11729692
  2         2202726
  3          137368
  4            3371
  5              36
  6               0
  7               0
  8               0
  9               0


 EP Benchmark Completed
 Class           =                        W
 Size            =                       26
 Iterations      =                        0
 Threads         =                        1
 Time in seconds =                    49.58
 Mop/s total     =                     1.35
 Operation type  = Random numbers generated
 Verification    =               SUCCESSFUL
 Version         =           3.0 structured
 Compile date    =              09 Nov 2021

 Compile options:
    CC           = gcc
    CLINK        = gcc
    C_LIB        = -lm
    C_INC        = -I../common
    CFLAGS       = -O0
    CLINKFLAGS   = (none)
    RAND         = randdp

 Execution time
 Seconds : 50
 Micro seconds : 49624827
==3026== 
==3026== I   refs:      8,472,169,382
==3026== I1  misses:            1,482
==3026== LLi misses:            1,438
==3026== I1  miss rate:          0.00%
==3026== LLi miss rate:          0.00%
==3026== 
==3026== D   refs:      4,446,810,253  (3,437,594,031 rd   + 1,009,216,222 wr)
==3026== D1  misses:       16,823,246  (    8,414,425 rd   +     8,408,821 wr)
==3026== LLd misses:           19,286  (        2,255 rd   +        17,031 wr)
==3026== D1  miss rate:           0.4% (          0.2%     +           0.8%  )
==3026== LLd miss rate:           0.0% (          0.0%     +           0.0%  )
==3026== 
==3026== LL refs:          16,824,728  (    8,415,907 rd   +     8,408,821 wr)
==3026== LL misses:            20,724  (        3,693 rd   +        17,031 wr)
==3026== LL miss rate:            0.0% (          0.0%     +           0.0%  )
==3036== Cachegrind, a cache and branch-prediction profiler
==3036== Copyright (C) 2002-2017, and GNU GPL'd, by Nicholas Nethercote et al.
==3036== Using Valgrind-3.15.0 and LibVEX; rerun with -h for copyright info
==3036== Command: bin/ep.W
==3036== 
--3036-- warning: L3 cache found, using its data for the LL simulation.
==3036== error calling PR_SET_PTRACER, vgdb might block


 NAS Parallel Benchmarks 3.0 structured OpenMP C version - EP Benchmark
 Number of random numbers generated:      67108864
EP Benchmark Results: 
CPU Time =    51.8939
N = 2^   25
No. Gaussian Pairs =        26354769
Sums =    -2.863319731645753e+03    -6.320053679109410e+03
Counts:
  0        12281576
  1        11729692
  2         2202726
  3          137368
  4            3371
  5              36
  6               0
  7               0
  8               0
  9               0


 EP Benchmark Completed
 Class           =                        W
 Size            =                       26
 Iterations      =                        0
 Threads         =                        1
 Time in seconds =                    51.89
 Mop/s total     =                     1.29
 Operation type  = Random numbers generated
 Verification    =               SUCCESSFUL
 Version         =           3.0 structured
 Compile date    =              09 Nov 2021

 Compile options:
    CC           = gcc
    CLINK        = gcc
    C_LIB        = -lm
    C_INC        = -I../common
    CFLAGS       = -O0
    CLINKFLAGS   = (none)
    RAND         = randdp

 Execution time
 Seconds : 52
 Micro seconds : 51936444
==3036== 
==3036== I   refs:      8,472,169,406
==3036== I1  misses:            1,482
==3036== LLi misses:            1,438
==3036== I1  miss rate:          0.00%
==3036== LLi miss rate:          0.00%
==3036== 
==3036== D   refs:      4,446,810,259  (3,437,594,038 rd   + 1,009,216,221 wr)
==3036== D1  misses:       16,823,246  (    8,414,425 rd   +     8,408,821 wr)
==3036== LLd misses:           19,286  (        2,255 rd   +        17,031 wr)
==3036== D1  miss rate:           0.4% (          0.2%     +           0.8%  )
==3036== LLd miss rate:           0.0% (          0.0%     +           0.0%  )
==3036== 
==3036== LL refs:          16,824,728  (    8,415,907 rd   +     8,408,821 wr)
==3036== LL misses:            20,724  (        3,693 rd   +        17,031 wr)
==3036== LL miss rate:            0.0% (          0.0%     +           0.0%  )
==3051== Cachegrind, a cache and branch-prediction profiler
==3051== Copyright (C) 2002-2017, and GNU GPL'd, by Nicholas Nethercote et al.
==3051== Using Valgrind-3.15.0 and LibVEX; rerun with -h for copyright info
==3051== Command: bin/ep.W
==3051== 
--3051-- warning: L3 cache found, using its data for the LL simulation.
==3051== error calling PR_SET_PTRACER, vgdb might block


 NAS Parallel Benchmarks 3.0 structured OpenMP C version - EP Benchmark
 Number of random numbers generated:      67108864
EP Benchmark Results: 
CPU Time =    50.2020
N = 2^   25
No. Gaussian Pairs =        26354769
Sums =    -2.863319731645753e+03    -6.320053679109410e+03
Counts:
  0        12281576
  1        11729692
  2         2202726
  3          137368
  4            3371
  5              36
  6               0
  7               0
  8               0
  9               0


 EP Benchmark Completed
 Class           =                        W
 Size            =                       26
 Iterations      =                        0
 Threads         =                        1
 Time in seconds =                    50.20
 Mop/s total     =                     1.34
 Operation type  = Random numbers generated
 Verification    =               SUCCESSFUL
 Version         =           3.0 structured
 Compile date    =              09 Nov 2021

 Compile options:
    CC           = gcc
    CLINK        = gcc
    C_LIB        = -lm
    C_INC        = -I../common
    CFLAGS       = -O0
    CLINKFLAGS   = (none)
    RAND         = randdp

 Execution time
 Seconds : 50
 Micro seconds : 50239173
==3051== 
==3051== I   refs:      8,472,169,328
==3051== I1  misses:            1,482
==3051== LLi misses:            1,438
==3051== I1  miss rate:          0.00%
==3051== LLi miss rate:          0.00%
==3051== 
==3051== D   refs:      4,446,810,225  (3,437,594,019 rd   + 1,009,216,206 wr)
==3051== D1  misses:       16,823,246  (    8,414,425 rd   +     8,408,821 wr)
==3051== LLd misses:           19,286  (        2,255 rd   +        17,031 wr)
==3051== D1  miss rate:           0.4% (          0.2%     +           0.8%  )
==3051== LLd miss rate:           0.0% (          0.0%     +           0.0%  )
==3051== 
==3051== LL refs:          16,824,728  (    8,415,907 rd   +     8,408,821 wr)
==3051== LL misses:            20,724  (        3,693 rd   +        17,031 wr)
==3051== LL miss rate:            0.0% (          0.0%     +           0.0%  )
==3061== Cachegrind, a cache and branch-prediction profiler
==3061== Copyright (C) 2002-2017, and GNU GPL'd, by Nicholas Nethercote et al.
==3061== Using Valgrind-3.15.0 and LibVEX; rerun with -h for copyright info
==3061== Command: bin/ep.W
==3061== 
--3061-- warning: L3 cache found, using its data for the LL simulation.
==3061== error calling PR_SET_PTRACER, vgdb might block


 NAS Parallel Benchmarks 3.0 structured OpenMP C version - EP Benchmark
 Number of random numbers generated:      67108864
EP Benchmark Results: 
CPU Time =    48.7253
N = 2^   25
No. Gaussian Pairs =        26354769
Sums =    -2.863319731645753e+03    -6.320053679109410e+03
Counts:
  0        12281576
  1        11729692
  2         2202726
  3          137368
  4            3371
  5              36
  6               0
  7               0
  8               0
  9               0


 EP Benchmark Completed
 Class           =                        W
 Size            =                       26
 Iterations      =                        0
 Threads         =                        1
 Time in seconds =                    48.73
 Mop/s total     =                     1.38
 Operation type  = Random numbers generated
 Verification    =               SUCCESSFUL
 Version         =           3.0 structured
 Compile date    =              09 Nov 2021

 Compile options:
    CC           = gcc
    CLINK        = gcc
    C_LIB        = -lm
    C_INC        = -I../common
    CFLAGS       = -O0
    CLINKFLAGS   = (none)
    RAND         = randdp

 Execution time
 Seconds : 48
 Micro seconds : 48772389
==3061== 
==3061== I   refs:      8,472,169,440
==3061== I1  misses:            1,482
==3061== LLi misses:            1,438
==3061== I1  miss rate:          0.00%
==3061== LLi miss rate:          0.00%
==3061== 
==3061== D   refs:      4,446,810,273  (3,437,594,048 rd   + 1,009,216,225 wr)
==3061== D1  misses:       16,823,246  (    8,414,425 rd   +     8,408,821 wr)
==3061== LLd misses:           19,286  (        2,255 rd   +        17,031 wr)
==3061== D1  miss rate:           0.4% (          0.2%     +           0.8%  )
==3061== LLd miss rate:           0.0% (          0.0%     +           0.0%  )
==3061== 
==3061== LL refs:          16,824,728  (    8,415,907 rd   +     8,408,821 wr)
==3061== LL misses:            20,724  (        3,693 rd   +        17,031 wr)
==3061== LL miss rate:            0.0% (          0.0%     +           0.0%  )
