==3263== Cachegrind, a cache and branch-prediction profiler
==3263== Copyright (C) 2002-2017, and GNU GPL'd, by Nicholas Nethercote et al.
==3263== Using Valgrind-3.15.0 and LibVEX; rerun with -h for copyright info
==3263== Command: bin/ep.W
==3263== 
--3263-- warning: L3 cache found, using its data for the LL simulation.
==3263== error calling PR_SET_PTRACER, vgdb might block


 NAS Parallel Benchmarks 3.0 structured OpenMP C version - EP Benchmark
 Number of random numbers generated:      67108864
EP Benchmark Results: 
CPU Time =    47.6771
N = 2^   25
No. Gaussian Pairs =        26354769
Sums =    -2.863319731645753e+03    -6.320053679109410e+03
Counts:
  0        12281576
  1        11729692
  2         2202726
  3          137368
  4            3371
  5              36
  6               0
  7               0
  8               0
  9               0


 EP Benchmark Completed
 Class           =                        W
 Size            =                       26
 Iterations      =                        0
 Threads         =                        1
 Time in seconds =                    47.68
 Mop/s total     =                     1.41
 Operation type  = Random numbers generated
 Verification    =               SUCCESSFUL
 Version         =           3.0 structured
 Compile date    =              10 Nov 2021

 Compile options:
    CC           = gcc
    CLINK        = gcc
    C_LIB        = -lm
    C_INC        = -I../common
    CFLAGS       = -O2
    CLINKFLAGS   = (none)
    RAND         = randdp

 Execution time
 Seconds : 48
 Micro seconds : 47709138
==3263== 
==3263== I   refs:      7,261,309,933
==3263== I1  misses:            1,450
==3263== LLi misses:            1,413
==3263== I1  miss rate:          0.00%
==3263== LLi miss rate:          0.00%
==3263== 
==3263== D   refs:      3,648,265,406  (2,758,882,804 rd   + 889,382,602 wr)
==3263== D1  misses:       16,822,734  (    8,414,427 rd   +   8,408,307 wr)
==3263== LLd misses:           19,285  (        2,254 rd   +      17,031 wr)
==3263== D1  miss rate:           0.5% (          0.3%     +         0.9%  )
==3263== LLd miss rate:           0.0% (          0.0%     +         0.0%  )
==3263== 
==3263== LL refs:          16,824,184  (    8,415,877 rd   +   8,408,307 wr)
==3263== LL misses:            20,698  (        3,667 rd   +      17,031 wr)
==3263== LL miss rate:            0.0% (          0.0%     +         0.0%  )
==3274== Cachegrind, a cache and branch-prediction profiler
==3274== Copyright (C) 2002-2017, and GNU GPL'd, by Nicholas Nethercote et al.
==3274== Using Valgrind-3.15.0 and LibVEX; rerun with -h for copyright info
==3274== Command: bin/ep.W
==3274== 
--3274-- warning: L3 cache found, using its data for the LL simulation.
==3274== error calling PR_SET_PTRACER, vgdb might block


 NAS Parallel Benchmarks 3.0 structured OpenMP C version - EP Benchmark
 Number of random numbers generated:      67108864
EP Benchmark Results: 
CPU Time =    44.0612
N = 2^   25
No. Gaussian Pairs =        26354769
Sums =    -2.863319731645753e+03    -6.320053679109410e+03
Counts:
  0        12281576
  1        11729692
  2         2202726
  3          137368
  4            3371
  5              36
  6               0
  7               0
  8               0
  9               0


 EP Benchmark Completed
 Class           =                        W
 Size            =                       26
 Iterations      =                        0
 Threads         =                        1
 Time in seconds =                    44.06
 Mop/s total     =                     1.52
 Operation type  = Random numbers generated
 Verification    =               SUCCESSFUL
 Version         =           3.0 structured
 Compile date    =              10 Nov 2021

 Compile options:
    CC           = gcc
    CLINK        = gcc
    C_LIB        = -lm
    C_INC        = -I../common
    CFLAGS       = -O2
    CLINKFLAGS   = (none)
    RAND         = randdp

 Execution time
 Seconds : 44
 Micro seconds : 44094917
==3274== 
==3274== I   refs:      7,261,309,846
==3274== I1  misses:            1,450
==3274== LLi misses:            1,413
==3274== I1  miss rate:          0.00%
==3274== LLi miss rate:          0.00%
==3274== 
==3274== D   refs:      3,648,265,372  (2,758,882,781 rd   + 889,382,591 wr)
==3274== D1  misses:       16,822,734  (    8,414,427 rd   +   8,408,307 wr)
==3274== LLd misses:           19,285  (        2,254 rd   +      17,031 wr)
==3274== D1  miss rate:           0.5% (          0.3%     +         0.9%  )
==3274== LLd miss rate:           0.0% (          0.0%     +         0.0%  )
==3274== 
==3274== LL refs:          16,824,184  (    8,415,877 rd   +   8,408,307 wr)
==3274== LL misses:            20,698  (        3,667 rd   +      17,031 wr)
==3274== LL miss rate:            0.0% (          0.0%     +         0.0%  )
==3284== Cachegrind, a cache and branch-prediction profiler
==3284== Copyright (C) 2002-2017, and GNU GPL'd, by Nicholas Nethercote et al.
==3284== Using Valgrind-3.15.0 and LibVEX; rerun with -h for copyright info
==3284== Command: bin/ep.W
==3284== 
--3284-- warning: L3 cache found, using its data for the LL simulation.
==3284== error calling PR_SET_PTRACER, vgdb might block


 NAS Parallel Benchmarks 3.0 structured OpenMP C version - EP Benchmark
 Number of random numbers generated:      67108864
EP Benchmark Results: 
CPU Time =    44.0847
N = 2^   25
No. Gaussian Pairs =        26354769
Sums =    -2.863319731645753e+03    -6.320053679109410e+03
Counts:
  0        12281576
  1        11729692
  2         2202726
  3          137368
  4            3371
  5              36
  6               0
  7               0
  8               0
  9               0


 EP Benchmark Completed
 Class           =                        W
 Size            =                       26
 Iterations      =                        0
 Threads         =                        1
 Time in seconds =                    44.08
 Mop/s total     =                     1.52
 Operation type  = Random numbers generated
 Verification    =               SUCCESSFUL
 Version         =           3.0 structured
 Compile date    =              10 Nov 2021

 Compile options:
    CC           = gcc
    CLINK        = gcc
    C_LIB        = -lm
    C_INC        = -I../common
    CFLAGS       = -O2
    CLINKFLAGS   = (none)
    RAND         = randdp

 Execution time
 Seconds : 44
 Micro seconds : 44119835
==3284== 
==3284== I   refs:      7,261,309,891
==3284== I1  misses:            1,450
==3284== LLi misses:            1,413
==3284== I1  miss rate:          0.00%
==3284== LLi miss rate:          0.00%
==3284== 
==3284== D   refs:      3,648,265,392  (2,758,882,793 rd   + 889,382,599 wr)
==3284== D1  misses:       16,822,734  (    8,414,427 rd   +   8,408,307 wr)
==3284== LLd misses:           19,285  (        2,254 rd   +      17,031 wr)
==3284== D1  miss rate:           0.5% (          0.3%     +         0.9%  )
==3284== LLd miss rate:           0.0% (          0.0%     +         0.0%  )
==3284== 
==3284== LL refs:          16,824,184  (    8,415,877 rd   +   8,408,307 wr)
==3284== LL misses:            20,698  (        3,667 rd   +      17,031 wr)
==3284== LL miss rate:            0.0% (          0.0%     +         0.0%  )
==3294== Cachegrind, a cache and branch-prediction profiler
==3294== Copyright (C) 2002-2017, and GNU GPL'd, by Nicholas Nethercote et al.
==3294== Using Valgrind-3.15.0 and LibVEX; rerun with -h for copyright info
==3294== Command: bin/ep.W
==3294== 
--3294-- warning: L3 cache found, using its data for the LL simulation.
==3294== error calling PR_SET_PTRACER, vgdb might block


 NAS Parallel Benchmarks 3.0 structured OpenMP C version - EP Benchmark
 Number of random numbers generated:      67108864
EP Benchmark Results: 
CPU Time =    44.0281
N = 2^   25
No. Gaussian Pairs =        26354769
Sums =    -2.863319731645753e+03    -6.320053679109410e+03
Counts:
  0        12281576
  1        11729692
  2         2202726
  3          137368
  4            3371
  5              36
  6               0
  7               0
  8               0
  9               0


 EP Benchmark Completed
 Class           =                        W
 Size            =                       26
 Iterations      =                        0
 Threads         =                        1
 Time in seconds =                    44.03
 Mop/s total     =                     1.52
 Operation type  = Random numbers generated
 Verification    =               SUCCESSFUL
 Version         =           3.0 structured
 Compile date    =              10 Nov 2021

 Compile options:
    CC           = gcc
    CLINK        = gcc
    C_LIB        = -lm
    C_INC        = -I../common
    CFLAGS       = -O2
    CLINKFLAGS   = (none)
    RAND         = randdp

 Execution time
 Seconds : 44
 Micro seconds : 44066047
==3294== 
==3294== I   refs:      7,261,309,891
==3294== I1  misses:            1,450
==3294== LLi misses:            1,413
==3294== I1  miss rate:          0.00%
==3294== LLi miss rate:          0.00%
==3294== 
==3294== D   refs:      3,648,265,388  (2,758,882,793 rd   + 889,382,595 wr)
==3294== D1  misses:       16,822,734  (    8,414,427 rd   +   8,408,307 wr)
==3294== LLd misses:           19,285  (        2,254 rd   +      17,031 wr)
==3294== D1  miss rate:           0.5% (          0.3%     +         0.9%  )
==3294== LLd miss rate:           0.0% (          0.0%     +         0.0%  )
==3294== 
==3294== LL refs:          16,824,184  (    8,415,877 rd   +   8,408,307 wr)
==3294== LL misses:            20,698  (        3,667 rd   +      17,031 wr)
==3294== LL miss rate:            0.0% (          0.0%     +         0.0%  )
==3304== Cachegrind, a cache and branch-prediction profiler
==3304== Copyright (C) 2002-2017, and GNU GPL'd, by Nicholas Nethercote et al.
==3304== Using Valgrind-3.15.0 and LibVEX; rerun with -h for copyright info
==3304== Command: bin/ep.W
==3304== 
--3304-- warning: L3 cache found, using its data for the LL simulation.
==3304== error calling PR_SET_PTRACER, vgdb might block


 NAS Parallel Benchmarks 3.0 structured OpenMP C version - EP Benchmark
 Number of random numbers generated:      67108864
EP Benchmark Results: 
CPU Time =    43.5217
N = 2^   25
No. Gaussian Pairs =        26354769
Sums =    -2.863319731645753e+03    -6.320053679109410e+03
Counts:
  0        12281576
  1        11729692
  2         2202726
  3          137368
  4            3371
  5              36
  6               0
  7               0
  8               0
  9               0


 EP Benchmark Completed
 Class           =                        W
 Size            =                       26
 Iterations      =                        0
 Threads         =                        1
 Time in seconds =                    43.52
 Mop/s total     =                     1.54
 Operation type  = Random numbers generated
 Verification    =               SUCCESSFUL
 Version         =           3.0 structured
 Compile date    =              10 Nov 2021

 Compile options:
    CC           = gcc
    CLINK        = gcc
    C_LIB        = -lm
    C_INC        = -I../common
    CFLAGS       = -O2
    CLINKFLAGS   = (none)
    RAND         = randdp

 Execution time
 Seconds : 44
 Micro seconds : 43556416
==3304== 
==3304== I   refs:      7,261,309,923
==3304== I1  misses:            1,450
==3304== LLi misses:            1,413
==3304== I1  miss rate:          0.00%
==3304== LLi miss rate:          0.00%
==3304== 
==3304== D   refs:      3,648,265,406  (2,758,882,801 rd   + 889,382,605 wr)
==3304== D1  misses:       16,822,734  (    8,414,427 rd   +   8,408,307 wr)
==3304== LLd misses:           19,285  (        2,254 rd   +      17,031 wr)
==3304== D1  miss rate:           0.5% (          0.3%     +         0.9%  )
==3304== LLd miss rate:           0.0% (          0.0%     +         0.0%  )
==3304== 
==3304== LL refs:          16,824,184  (    8,415,877 rd   +   8,408,307 wr)
==3304== LL misses:            20,698  (        3,667 rd   +      17,031 wr)
==3304== LL miss rate:            0.0% (          0.0%     +         0.0%  )
==3314== Cachegrind, a cache and branch-prediction profiler
==3314== Copyright (C) 2002-2017, and GNU GPL'd, by Nicholas Nethercote et al.
==3314== Using Valgrind-3.15.0 and LibVEX; rerun with -h for copyright info
==3314== Command: bin/ep.W
==3314== 
--3314-- warning: L3 cache found, using its data for the LL simulation.
==3314== error calling PR_SET_PTRACER, vgdb might block


 NAS Parallel Benchmarks 3.0 structured OpenMP C version - EP Benchmark
 Number of random numbers generated:      67108864
EP Benchmark Results: 
CPU Time =    43.4487
N = 2^   25
No. Gaussian Pairs =        26354769
Sums =    -2.863319731645753e+03    -6.320053679109410e+03
Counts:
  0        12281576
  1        11729692
  2         2202726
  3          137368
  4            3371
  5              36
  6               0
  7               0
  8               0
  9               0


 EP Benchmark Completed
 Class           =                        W
 Size            =                       26
 Iterations      =                        0
 Threads         =                        1
 Time in seconds =                    43.45
 Mop/s total     =                     1.54
 Operation type  = Random numbers generated
 Verification    =               SUCCESSFUL
 Version         =           3.0 structured
 Compile date    =              10 Nov 2021

 Compile options:
    CC           = gcc
    CLINK        = gcc
    C_LIB        = -lm
    C_INC        = -I../common
    CFLAGS       = -O2
    CLINKFLAGS   = (none)
    RAND         = randdp

 Execution time
 Seconds : 44
 Micro seconds : 43491644
==3314== 
==3314== I   refs:      7,261,309,917
==3314== I1  misses:            1,450
==3314== LLi misses:            1,413
==3314== I1  miss rate:          0.00%
==3314== LLi miss rate:          0.00%
==3314== 
==3314== D   refs:      3,648,265,404  (2,758,882,799 rd   + 889,382,605 wr)
==3314== D1  misses:       16,822,734  (    8,414,427 rd   +   8,408,307 wr)
==3314== LLd misses:           19,285  (        2,254 rd   +      17,031 wr)
==3314== D1  miss rate:           0.5% (          0.3%     +         0.9%  )
==3314== LLd miss rate:           0.0% (          0.0%     +         0.0%  )
==3314== 
==3314== LL refs:          16,824,184  (    8,415,877 rd   +   8,408,307 wr)
==3314== LL misses:            20,698  (        3,667 rd   +      17,031 wr)
==3314== LL miss rate:            0.0% (          0.0%     +         0.0%  )
==3324== Cachegrind, a cache and branch-prediction profiler
==3324== Copyright (C) 2002-2017, and GNU GPL'd, by Nicholas Nethercote et al.
==3324== Using Valgrind-3.15.0 and LibVEX; rerun with -h for copyright info
==3324== Command: bin/ep.W
==3324== 
--3324-- warning: L3 cache found, using its data for the LL simulation.
==3324== error calling PR_SET_PTRACER, vgdb might block


 NAS Parallel Benchmarks 3.0 structured OpenMP C version - EP Benchmark
 Number of random numbers generated:      67108864
EP Benchmark Results: 
CPU Time =    39.1471
N = 2^   25
No. Gaussian Pairs =        26354769
Sums =    -2.863319731645753e+03    -6.320053679109410e+03
Counts:
  0        12281576
  1        11729692
  2         2202726
  3          137368
  4            3371
  5              36
  6               0
  7               0
  8               0
  9               0


 EP Benchmark Completed
 Class           =                        W
 Size            =                       26
 Iterations      =                        0
 Threads         =                        1
 Time in seconds =                    39.15
 Mop/s total     =                     1.71
 Operation type  = Random numbers generated
 Verification    =               SUCCESSFUL
 Version         =           3.0 structured
 Compile date    =              10 Nov 2021

 Compile options:
    CC           = gcc
    CLINK        = gcc
    C_LIB        = -lm
    C_INC        = -I../common
    CFLAGS       = -O2
    CLINKFLAGS   = (none)
    RAND         = randdp

 Execution time
 Seconds : 39
 Micro seconds : 39178892
==3324== 
==3324== I   refs:      7,261,309,897
==3324== I1  misses:            1,450
==3324== LLi misses:            1,413
==3324== I1  miss rate:          0.00%
==3324== LLi miss rate:          0.00%
==3324== 
==3324== D   refs:      3,648,265,390  (2,758,882,793 rd   + 889,382,597 wr)
==3324== D1  misses:       16,822,734  (    8,414,427 rd   +   8,408,307 wr)
==3324== LLd misses:           19,285  (        2,254 rd   +      17,031 wr)
==3324== D1  miss rate:           0.5% (          0.3%     +         0.9%  )
==3324== LLd miss rate:           0.0% (          0.0%     +         0.0%  )
==3324== 
==3324== LL refs:          16,824,184  (    8,415,877 rd   +   8,408,307 wr)
==3324== LL misses:            20,698  (        3,667 rd   +      17,031 wr)
==3324== LL miss rate:            0.0% (          0.0%     +         0.0%  )
==3334== Cachegrind, a cache and branch-prediction profiler
==3334== Copyright (C) 2002-2017, and GNU GPL'd, by Nicholas Nethercote et al.
==3334== Using Valgrind-3.15.0 and LibVEX; rerun with -h for copyright info
==3334== Command: bin/ep.W
==3334== 
--3334-- warning: L3 cache found, using its data for the LL simulation.
==3334== error calling PR_SET_PTRACER, vgdb might block


 NAS Parallel Benchmarks 3.0 structured OpenMP C version - EP Benchmark
 Number of random numbers generated:      67108864
EP Benchmark Results: 
CPU Time =    44.0469
N = 2^   25
No. Gaussian Pairs =        26354769
Sums =    -2.863319731645753e+03    -6.320053679109410e+03
Counts:
  0        12281576
  1        11729692
  2         2202726
  3          137368
  4            3371
  5              36
  6               0
  7               0
  8               0
  9               0


 EP Benchmark Completed
 Class           =                        W
 Size            =                       26
 Iterations      =                        0
 Threads         =                        1
 Time in seconds =                    44.05
 Mop/s total     =                     1.52
 Operation type  = Random numbers generated
 Verification    =               SUCCESSFUL
 Version         =           3.0 structured
 Compile date    =              10 Nov 2021

 Compile options:
    CC           = gcc
    CLINK        = gcc
    C_LIB        = -lm
    C_INC        = -I../common
    CFLAGS       = -O2
    CLINKFLAGS   = (none)
    RAND         = randdp

 Execution time
 Seconds : 44
 Micro seconds : 44084496
==3334== 
==3334== I   refs:      7,261,309,891
==3334== I1  misses:            1,450
==3334== LLi misses:            1,413
==3334== I1  miss rate:          0.00%
==3334== LLi miss rate:          0.00%
==3334== 
==3334== D   refs:      3,648,265,392  (2,758,882,793 rd   + 889,382,599 wr)
==3334== D1  misses:       16,822,734  (    8,414,427 rd   +   8,408,307 wr)
==3334== LLd misses:           19,285  (        2,254 rd   +      17,031 wr)
==3334== D1  miss rate:           0.5% (          0.3%     +         0.9%  )
==3334== LLd miss rate:           0.0% (          0.0%     +         0.0%  )
==3334== 
==3334== LL refs:          16,824,184  (    8,415,877 rd   +   8,408,307 wr)
==3334== LL misses:            20,698  (        3,667 rd   +      17,031 wr)
==3334== LL miss rate:            0.0% (          0.0%     +         0.0%  )
==3344== Cachegrind, a cache and branch-prediction profiler
==3344== Copyright (C) 2002-2017, and GNU GPL'd, by Nicholas Nethercote et al.
==3344== Using Valgrind-3.15.0 and LibVEX; rerun with -h for copyright info
==3344== Command: bin/ep.W
==3344== 
--3344-- warning: L3 cache found, using its data for the LL simulation.
==3344== error calling PR_SET_PTRACER, vgdb might block


 NAS Parallel Benchmarks 3.0 structured OpenMP C version - EP Benchmark
 Number of random numbers generated:      67108864
EP Benchmark Results: 
CPU Time =    41.2572
N = 2^   25
No. Gaussian Pairs =        26354769
Sums =    -2.863319731645753e+03    -6.320053679109410e+03
Counts:
  0        12281576
  1        11729692
  2         2202726
  3          137368
  4            3371
  5              36
  6               0
  7               0
  8               0
  9               0


 EP Benchmark Completed
 Class           =                        W
 Size            =                       26
 Iterations      =                        0
 Threads         =                        1
 Time in seconds =                    41.26
 Mop/s total     =                     1.63
 Operation type  = Random numbers generated
 Verification    =               SUCCESSFUL
 Version         =           3.0 structured
 Compile date    =              10 Nov 2021

 Compile options:
    CC           = gcc
    CLINK        = gcc
    C_LIB        = -lm
    C_INC        = -I../common
    CFLAGS       = -O2
    CLINKFLAGS   = (none)
    RAND         = randdp

 Execution time
 Seconds : 41
 Micro seconds : 41291733
==3344== 
==3344== I   refs:      7,261,309,929
==3344== I1  misses:            1,450
==3344== LLi misses:            1,413
==3344== I1  miss rate:          0.00%
==3344== LLi miss rate:          0.00%
==3344== 
==3344== D   refs:      3,648,265,406  (2,758,882,803 rd   + 889,382,603 wr)
==3344== D1  misses:       16,822,734  (    8,414,427 rd   +   8,408,307 wr)
==3344== LLd misses:           19,285  (        2,254 rd   +      17,031 wr)
==3344== D1  miss rate:           0.5% (          0.3%     +         0.9%  )
==3344== LLd miss rate:           0.0% (          0.0%     +         0.0%  )
==3344== 
==3344== LL refs:          16,824,184  (    8,415,877 rd   +   8,408,307 wr)
==3344== LL misses:            20,698  (        3,667 rd   +      17,031 wr)
==3344== LL miss rate:            0.0% (          0.0%     +         0.0%  )
==3354== Cachegrind, a cache and branch-prediction profiler
==3354== Copyright (C) 2002-2017, and GNU GPL'd, by Nicholas Nethercote et al.
==3354== Using Valgrind-3.15.0 and LibVEX; rerun with -h for copyright info
==3354== Command: bin/ep.W
==3354== 
--3354-- warning: L3 cache found, using its data for the LL simulation.
==3354== error calling PR_SET_PTRACER, vgdb might block


 NAS Parallel Benchmarks 3.0 structured OpenMP C version - EP Benchmark
 Number of random numbers generated:      67108864
EP Benchmark Results: 
CPU Time =    41.6788
N = 2^   25
No. Gaussian Pairs =        26354769
Sums =    -2.863319731645753e+03    -6.320053679109410e+03
Counts:
  0        12281576
  1        11729692
  2         2202726
  3          137368
  4            3371
  5              36
  6               0
  7               0
  8               0
  9               0


 EP Benchmark Completed
 Class           =                        W
 Size            =                       26
 Iterations      =                        0
 Threads         =                        1
 Time in seconds =                    41.68
 Mop/s total     =                     1.61
 Operation type  = Random numbers generated
 Verification    =               SUCCESSFUL
 Version         =           3.0 structured
 Compile date    =              10 Nov 2021

 Compile options:
    CC           = gcc
    CLINK        = gcc
    C_LIB        = -lm
    C_INC        = -I../common
    CFLAGS       = -O2
    CLINKFLAGS   = (none)
    RAND         = randdp

 Execution time
 Seconds : 42
 Micro seconds : 41715390
==3354== 
==3354== I   refs:      7,261,309,921
==3354== I1  misses:            1,450
==3354== LLi misses:            1,413
==3354== I1  miss rate:          0.00%
==3354== LLi miss rate:          0.00%
==3354== 
==3354== D   refs:      3,648,265,404  (2,758,882,801 rd   + 889,382,603 wr)
==3354== D1  misses:       16,822,734  (    8,414,427 rd   +   8,408,307 wr)
==3354== LLd misses:           19,285  (        2,254 rd   +      17,031 wr)
==3354== D1  miss rate:           0.5% (          0.3%     +         0.9%  )
==3354== LLd miss rate:           0.0% (          0.0%     +         0.0%  )
==3354== 
==3354== LL refs:          16,824,184  (    8,415,877 rd   +   8,408,307 wr)
==3354== LL misses:            20,698  (        3,667 rd   +      17,031 wr)
==3354== LL miss rate:            0.0% (          0.0%     +         0.0%  )
==3364== Cachegrind, a cache and branch-prediction profiler
==3364== Copyright (C) 2002-2017, and GNU GPL'd, by Nicholas Nethercote et al.
==3364== Using Valgrind-3.15.0 and LibVEX; rerun with -h for copyright info
==3364== Command: bin/ep.W
==3364== 
--3364-- warning: L3 cache found, using its data for the LL simulation.
==3364== error calling PR_SET_PTRACER, vgdb might block


 NAS Parallel Benchmarks 3.0 structured OpenMP C version - EP Benchmark
 Number of random numbers generated:      67108864
EP Benchmark Results: 
CPU Time =    44.6596
N = 2^   25
No. Gaussian Pairs =        26354769
Sums =    -2.863319731645753e+03    -6.320053679109410e+03
Counts:
  0        12281576
  1        11729692
  2         2202726
  3          137368
  4            3371
  5              36
  6               0
  7               0
  8               0
  9               0


 EP Benchmark Completed
 Class           =                        W
 Size            =                       26
 Iterations      =                        0
 Threads         =                        1
 Time in seconds =                    44.66
 Mop/s total     =                     1.50
 Operation type  = Random numbers generated
 Verification    =               SUCCESSFUL
 Version         =           3.0 structured
 Compile date    =              10 Nov 2021

 Compile options:
    CC           = gcc
    CLINK        = gcc
    C_LIB        = -lm
    C_INC        = -I../common
    CFLAGS       = -O2
    CLINKFLAGS   = (none)
    RAND         = randdp

 Execution time
 Seconds : 45
 Micro seconds : 44693600
==3364== 
==3364== I   refs:      7,261,309,931
==3364== I1  misses:            1,450
==3364== LLi misses:            1,413
==3364== I1  miss rate:          0.00%
==3364== LLi miss rate:          0.00%
==3364== 
==3364== D   refs:      3,648,265,410  (2,758,882,804 rd   + 889,382,606 wr)
==3364== D1  misses:       16,822,734  (    8,414,427 rd   +   8,408,307 wr)
==3364== LLd misses:           19,285  (        2,254 rd   +      17,031 wr)
==3364== D1  miss rate:           0.5% (          0.3%     +         0.9%  )
==3364== LLd miss rate:           0.0% (          0.0%     +         0.0%  )
==3364== 
==3364== LL refs:          16,824,184  (    8,415,877 rd   +   8,408,307 wr)
==3364== LL misses:            20,698  (        3,667 rd   +      17,031 wr)
==3364== LL miss rate:            0.0% (          0.0%     +         0.0%  )
==3374== Cachegrind, a cache and branch-prediction profiler
==3374== Copyright (C) 2002-2017, and GNU GPL'd, by Nicholas Nethercote et al.
==3374== Using Valgrind-3.15.0 and LibVEX; rerun with -h for copyright info
==3374== Command: bin/ep.W
==3374== 
--3374-- warning: L3 cache found, using its data for the LL simulation.
==3374== error calling PR_SET_PTRACER, vgdb might block


 NAS Parallel Benchmarks 3.0 structured OpenMP C version - EP Benchmark
 Number of random numbers generated:      67108864
EP Benchmark Results: 
CPU Time =    42.2349
N = 2^   25
No. Gaussian Pairs =        26354769
Sums =    -2.863319731645753e+03    -6.320053679109410e+03
Counts:
  0        12281576
  1        11729692
  2         2202726
  3          137368
  4            3371
  5              36
  6               0
  7               0
  8               0
  9               0


 EP Benchmark Completed
 Class           =                        W
 Size            =                       26
 Iterations      =                        0
 Threads         =                        1
 Time in seconds =                    42.23
 Mop/s total     =                     1.59
 Operation type  = Random numbers generated
 Verification    =               SUCCESSFUL
 Version         =           3.0 structured
 Compile date    =              10 Nov 2021

 Compile options:
    CC           = gcc
    CLINK        = gcc
    C_LIB        = -lm
    C_INC        = -I../common
    CFLAGS       = -O2
    CLINKFLAGS   = (none)
    RAND         = randdp

 Execution time
 Seconds : 43
 Micro seconds : 42272248
==3374== 
==3374== I   refs:      7,261,309,917
==3374== I1  misses:            1,450
==3374== LLi misses:            1,413
==3374== I1  miss rate:          0.00%
==3374== LLi miss rate:          0.00%
==3374== 
==3374== D   refs:      3,648,265,404  (2,758,882,799 rd   + 889,382,605 wr)
==3374== D1  misses:       16,822,734  (    8,414,427 rd   +   8,408,307 wr)
==3374== LLd misses:           19,285  (        2,254 rd   +      17,031 wr)
==3374== D1  miss rate:           0.5% (          0.3%     +         0.9%  )
==3374== LLd miss rate:           0.0% (          0.0%     +         0.0%  )
==3374== 
==3374== LL refs:          16,824,184  (    8,415,877 rd   +   8,408,307 wr)
==3374== LL misses:            20,698  (        3,667 rd   +      17,031 wr)
==3374== LL miss rate:            0.0% (          0.0%     +         0.0%  )
==3384== Cachegrind, a cache and branch-prediction profiler
==3384== Copyright (C) 2002-2017, and GNU GPL'd, by Nicholas Nethercote et al.
==3384== Using Valgrind-3.15.0 and LibVEX; rerun with -h for copyright info
==3384== Command: bin/ep.W
==3384== 
--3384-- warning: L3 cache found, using its data for the LL simulation.
==3384== error calling PR_SET_PTRACER, vgdb might block


 NAS Parallel Benchmarks 3.0 structured OpenMP C version - EP Benchmark
 Number of random numbers generated:      67108864
EP Benchmark Results: 
CPU Time =    42.7293
N = 2^   25
No. Gaussian Pairs =        26354769
Sums =    -2.863319731645753e+03    -6.320053679109410e+03
Counts:
  0        12281576
  1        11729692
  2         2202726
  3          137368
  4            3371
  5              36
  6               0
  7               0
  8               0
  9               0


 EP Benchmark Completed
 Class           =                        W
 Size            =                       26
 Iterations      =                        0
 Threads         =                        1
 Time in seconds =                    42.73
 Mop/s total     =                     1.57
 Operation type  = Random numbers generated
 Verification    =               SUCCESSFUL
 Version         =           3.0 structured
 Compile date    =              10 Nov 2021

 Compile options:
    CC           = gcc
    CLINK        = gcc
    C_LIB        = -lm
    C_INC        = -I../common
    CFLAGS       = -O2
    CLINKFLAGS   = (none)
    RAND         = randdp

 Execution time
 Seconds : 43
 Micro seconds : 42764035
==3384== 
==3384== I   refs:      7,261,309,946
==3384== I1  misses:            1,450
==3384== LLi misses:            1,413
==3384== I1  miss rate:          0.00%
==3384== LLi miss rate:          0.00%
==3384== 
==3384== D   refs:      3,648,265,414  (2,758,882,808 rd   + 889,382,606 wr)
==3384== D1  misses:       16,822,734  (    8,414,427 rd   +   8,408,307 wr)
==3384== LLd misses:           19,285  (        2,254 rd   +      17,031 wr)
==3384== D1  miss rate:           0.5% (          0.3%     +         0.9%  )
==3384== LLd miss rate:           0.0% (          0.0%     +         0.0%  )
==3384== 
==3384== LL refs:          16,824,184  (    8,415,877 rd   +   8,408,307 wr)
==3384== LL misses:            20,698  (        3,667 rd   +      17,031 wr)
==3384== LL miss rate:            0.0% (          0.0%     +         0.0%  )
==3394== Cachegrind, a cache and branch-prediction profiler
==3394== Copyright (C) 2002-2017, and GNU GPL'd, by Nicholas Nethercote et al.
==3394== Using Valgrind-3.15.0 and LibVEX; rerun with -h for copyright info
==3394== Command: bin/ep.W
==3394== 
--3394-- warning: L3 cache found, using its data for the LL simulation.
==3394== error calling PR_SET_PTRACER, vgdb might block


 NAS Parallel Benchmarks 3.0 structured OpenMP C version - EP Benchmark
 Number of random numbers generated:      67108864
EP Benchmark Results: 
CPU Time =    41.9332
N = 2^   25
No. Gaussian Pairs =        26354769
Sums =    -2.863319731645753e+03    -6.320053679109410e+03
Counts:
  0        12281576
  1        11729692
  2         2202726
  3          137368
  4            3371
  5              36
  6               0
  7               0
  8               0
  9               0


 EP Benchmark Completed
 Class           =                        W
 Size            =                       26
 Iterations      =                        0
 Threads         =                        1
 Time in seconds =                    41.93
 Mop/s total     =                     1.60
 Operation type  = Random numbers generated
 Verification    =               SUCCESSFUL
 Version         =           3.0 structured
 Compile date    =              10 Nov 2021

 Compile options:
    CC           = gcc
    CLINK        = gcc
    C_LIB        = -lm
    C_INC        = -I../common
    CFLAGS       = -O2
    CLINKFLAGS   = (none)
    RAND         = randdp

 Execution time
 Seconds : 42
 Micro seconds : 41967430
==3394== 
==3394== I   refs:      7,261,309,910
==3394== I1  misses:            1,450
==3394== LLi misses:            1,413
==3394== I1  miss rate:          0.00%
==3394== LLi miss rate:          0.00%
==3394== 
==3394== D   refs:      3,648,265,402  (2,758,882,798 rd   + 889,382,604 wr)
==3394== D1  misses:       16,822,734  (    8,414,427 rd   +   8,408,307 wr)
==3394== LLd misses:           19,285  (        2,254 rd   +      17,031 wr)
==3394== D1  miss rate:           0.5% (          0.3%     +         0.9%  )
==3394== LLd miss rate:           0.0% (          0.0%     +         0.0%  )
==3394== 
==3394== LL refs:          16,824,184  (    8,415,877 rd   +   8,408,307 wr)
==3394== LL misses:            20,698  (        3,667 rd   +      17,031 wr)
==3394== LL miss rate:            0.0% (          0.0%     +         0.0%  )
==3404== Cachegrind, a cache and branch-prediction profiler
==3404== Copyright (C) 2002-2017, and GNU GPL'd, by Nicholas Nethercote et al.
==3404== Using Valgrind-3.15.0 and LibVEX; rerun with -h for copyright info
==3404== Command: bin/ep.W
==3404== 
--3404-- warning: L3 cache found, using its data for the LL simulation.
==3404== error calling PR_SET_PTRACER, vgdb might block


 NAS Parallel Benchmarks 3.0 structured OpenMP C version - EP Benchmark
 Number of random numbers generated:      67108864
EP Benchmark Results: 
CPU Time =    42.3985
N = 2^   25
No. Gaussian Pairs =        26354769
Sums =    -2.863319731645753e+03    -6.320053679109410e+03
Counts:
  0        12281576
  1        11729692
  2         2202726
  3          137368
  4            3371
  5              36
  6               0
  7               0
  8               0
  9               0


 EP Benchmark Completed
 Class           =                        W
 Size            =                       26
 Iterations      =                        0
 Threads         =                        1
 Time in seconds =                    42.40
 Mop/s total     =                     1.58
 Operation type  = Random numbers generated
 Verification    =               SUCCESSFUL
 Version         =           3.0 structured
 Compile date    =              10 Nov 2021

 Compile options:
    CC           = gcc
    CLINK        = gcc
    C_LIB        = -lm
    C_INC        = -I../common
    CFLAGS       = -O2
    CLINKFLAGS   = (none)
    RAND         = randdp

 Execution time
 Seconds : 42
 Micro seconds : 42438686
==3404== 
==3404== I   refs:      7,261,309,916
==3404== I1  misses:            1,450
==3404== LLi misses:            1,413
==3404== I1  miss rate:          0.00%
==3404== LLi miss rate:          0.00%
==3404== 
==3404== D   refs:      3,648,265,402  (2,758,882,799 rd   + 889,382,603 wr)
==3404== D1  misses:       16,822,734  (    8,414,427 rd   +   8,408,307 wr)
==3404== LLd misses:           19,285  (        2,254 rd   +      17,031 wr)
==3404== D1  miss rate:           0.5% (          0.3%     +         0.9%  )
==3404== LLd miss rate:           0.0% (          0.0%     +         0.0%  )
==3404== 
==3404== LL refs:          16,824,184  (    8,415,877 rd   +   8,408,307 wr)
==3404== LL misses:            20,698  (        3,667 rd   +      17,031 wr)
==3404== LL miss rate:            0.0% (          0.0%     +         0.0%  )
==3414== Cachegrind, a cache and branch-prediction profiler
==3414== Copyright (C) 2002-2017, and GNU GPL'd, by Nicholas Nethercote et al.
==3414== Using Valgrind-3.15.0 and LibVEX; rerun with -h for copyright info
==3414== Command: bin/ep.W
==3414== 
--3414-- warning: L3 cache found, using its data for the LL simulation.
==3414== error calling PR_SET_PTRACER, vgdb might block


 NAS Parallel Benchmarks 3.0 structured OpenMP C version - EP Benchmark
 Number of random numbers generated:      67108864
EP Benchmark Results: 
CPU Time =    41.6411
N = 2^   25
No. Gaussian Pairs =        26354769
Sums =    -2.863319731645753e+03    -6.320053679109410e+03
Counts:
  0        12281576
  1        11729692
  2         2202726
  3          137368
  4            3371
  5              36
  6               0
  7               0
  8               0
  9               0


 EP Benchmark Completed
 Class           =                        W
 Size            =                       26
 Iterations      =                        0
 Threads         =                        1
 Time in seconds =                    41.64
 Mop/s total     =                     1.61
 Operation type  = Random numbers generated
 Verification    =               SUCCESSFUL
 Version         =           3.0 structured
 Compile date    =              10 Nov 2021

 Compile options:
    CC           = gcc
    CLINK        = gcc
    C_LIB        = -lm
    C_INC        = -I../common
    CFLAGS       = -O2
    CLINKFLAGS   = (none)
    RAND         = randdp

 Execution time
 Seconds : 41
 Micro seconds : 41673497
==3414== 
==3414== I   refs:      7,261,309,857
==3414== I1  misses:            1,450
==3414== LLi misses:            1,413
==3414== I1  miss rate:          0.00%
==3414== LLi miss rate:          0.00%
==3414== 
==3414== D   refs:      3,648,265,375  (2,758,882,782 rd   + 889,382,593 wr)
==3414== D1  misses:       16,822,734  (    8,414,427 rd   +   8,408,307 wr)
==3414== LLd misses:           19,285  (        2,254 rd   +      17,031 wr)
==3414== D1  miss rate:           0.5% (          0.3%     +         0.9%  )
==3414== LLd miss rate:           0.0% (          0.0%     +         0.0%  )
==3414== 
==3414== LL refs:          16,824,184  (    8,415,877 rd   +   8,408,307 wr)
==3414== LL misses:            20,698  (        3,667 rd   +      17,031 wr)
==3414== LL miss rate:            0.0% (          0.0%     +         0.0%  )
==3424== Cachegrind, a cache and branch-prediction profiler
==3424== Copyright (C) 2002-2017, and GNU GPL'd, by Nicholas Nethercote et al.
==3424== Using Valgrind-3.15.0 and LibVEX; rerun with -h for copyright info
==3424== Command: bin/ep.W
==3424== 
--3424-- warning: L3 cache found, using its data for the LL simulation.
==3424== error calling PR_SET_PTRACER, vgdb might block


 NAS Parallel Benchmarks 3.0 structured OpenMP C version - EP Benchmark
 Number of random numbers generated:      67108864
EP Benchmark Results: 
CPU Time =    38.7900
N = 2^   25
No. Gaussian Pairs =        26354769
Sums =    -2.863319731645753e+03    -6.320053679109410e+03
Counts:
  0        12281576
  1        11729692
  2         2202726
  3          137368
  4            3371
  5              36
  6               0
  7               0
  8               0
  9               0


 EP Benchmark Completed
 Class           =                        W
 Size            =                       26
 Iterations      =                        0
 Threads         =                        1
 Time in seconds =                    38.79
 Mop/s total     =                     1.73
 Operation type  = Random numbers generated
 Verification    =               SUCCESSFUL
 Version         =           3.0 structured
 Compile date    =              10 Nov 2021

 Compile options:
    CC           = gcc
    CLINK        = gcc
    C_LIB        = -lm
    C_INC        = -I../common
    CFLAGS       = -O2
    CLINKFLAGS   = (none)
    RAND         = randdp

 Execution time
 Seconds : 39
 Micro seconds : 38821714
==3424== 
==3424== I   refs:      7,261,309,881
==3424== I1  misses:            1,450
==3424== LLi misses:            1,413
==3424== I1  miss rate:          0.00%
==3424== LLi miss rate:          0.00%
==3424== 
==3424== D   refs:      3,648,265,385  (2,758,882,792 rd   + 889,382,593 wr)
==3424== D1  misses:       16,822,734  (    8,414,427 rd   +   8,408,307 wr)
==3424== LLd misses:           19,285  (        2,254 rd   +      17,031 wr)
==3424== D1  miss rate:           0.5% (          0.3%     +         0.9%  )
==3424== LLd miss rate:           0.0% (          0.0%     +         0.0%  )
==3424== 
==3424== LL refs:          16,824,184  (    8,415,877 rd   +   8,408,307 wr)
==3424== LL misses:            20,698  (        3,667 rd   +      17,031 wr)
==3424== LL miss rate:            0.0% (          0.0%     +         0.0%  )
==3434== Cachegrind, a cache and branch-prediction profiler
==3434== Copyright (C) 2002-2017, and GNU GPL'd, by Nicholas Nethercote et al.
==3434== Using Valgrind-3.15.0 and LibVEX; rerun with -h for copyright info
==3434== Command: bin/ep.W
==3434== 
--3434-- warning: L3 cache found, using its data for the LL simulation.
==3434== error calling PR_SET_PTRACER, vgdb might block


 NAS Parallel Benchmarks 3.0 structured OpenMP C version - EP Benchmark
 Number of random numbers generated:      67108864
EP Benchmark Results: 
CPU Time =    38.9097
N = 2^   25
No. Gaussian Pairs =        26354769
Sums =    -2.863319731645753e+03    -6.320053679109410e+03
Counts:
  0        12281576
  1        11729692
  2         2202726
  3          137368
  4            3371
  5              36
  6               0
  7               0
  8               0
  9               0


 EP Benchmark Completed
 Class           =                        W
 Size            =                       26
 Iterations      =                        0
 Threads         =                        1
 Time in seconds =                    38.91
 Mop/s total     =                     1.72
 Operation type  = Random numbers generated
 Verification    =               SUCCESSFUL
 Version         =           3.0 structured
 Compile date    =              10 Nov 2021

 Compile options:
    CC           = gcc
    CLINK        = gcc
    C_LIB        = -lm
    C_INC        = -I../common
    CFLAGS       = -O2
    CLINKFLAGS   = (none)
    RAND         = randdp

 Execution time
 Seconds : 39
 Micro seconds : 38941712
==3434== 
==3434== I   refs:      7,261,309,886
==3434== I1  misses:            1,450
==3434== LLi misses:            1,413
==3434== I1  miss rate:          0.00%
==3434== LLi miss rate:          0.00%
==3434== 
==3434== D   refs:      3,648,265,388  (2,758,882,791 rd   + 889,382,597 wr)
==3434== D1  misses:       16,822,734  (    8,414,427 rd   +   8,408,307 wr)
==3434== LLd misses:           19,285  (        2,254 rd   +      17,031 wr)
==3434== D1  miss rate:           0.5% (          0.3%     +         0.9%  )
==3434== LLd miss rate:           0.0% (          0.0%     +         0.0%  )
==3434== 
==3434== LL refs:          16,824,184  (    8,415,877 rd   +   8,408,307 wr)
==3434== LL misses:            20,698  (        3,667 rd   +      17,031 wr)
==3434== LL miss rate:            0.0% (          0.0%     +         0.0%  )
==3451== Cachegrind, a cache and branch-prediction profiler
==3451== Copyright (C) 2002-2017, and GNU GPL'd, by Nicholas Nethercote et al.
==3451== Using Valgrind-3.15.0 and LibVEX; rerun with -h for copyright info
==3451== Command: bin/ep.W
==3451== 
--3451-- warning: L3 cache found, using its data for the LL simulation.
==3451== error calling PR_SET_PTRACER, vgdb might block


 NAS Parallel Benchmarks 3.0 structured OpenMP C version - EP Benchmark
 Number of random numbers generated:      67108864
EP Benchmark Results: 
CPU Time =    45.2740
N = 2^   25
No. Gaussian Pairs =        26354769
Sums =    -2.863319731645753e+03    -6.320053679109410e+03
Counts:
  0        12281576
  1        11729692
  2         2202726
  3          137368
  4            3371
  5              36
  6               0
  7               0
  8               0
  9               0


 EP Benchmark Completed
 Class           =                        W
 Size            =                       26
 Iterations      =                        0
 Threads         =                        1
 Time in seconds =                    45.27
 Mop/s total     =                     1.48
 Operation type  = Random numbers generated
 Verification    =               SUCCESSFUL
 Version         =           3.0 structured
 Compile date    =              10 Nov 2021

 Compile options:
    CC           = gcc
    CLINK        = gcc
    C_LIB        = -lm
    C_INC        = -I../common
    CFLAGS       = -O2
    CLINKFLAGS   = (none)
    RAND         = randdp

 Execution time
 Seconds : 45
 Micro seconds : 45328336
==3451== 
==3451== I   refs:      7,261,309,918
==3451== I1  misses:            1,450
==3451== LLi misses:            1,413
==3451== I1  miss rate:          0.00%
==3451== LLi miss rate:          0.00%
==3451== 
==3451== D   refs:      3,648,265,402  (2,758,882,798 rd   + 889,382,604 wr)
==3451== D1  misses:       16,822,734  (    8,414,427 rd   +   8,408,307 wr)
==3451== LLd misses:           19,285  (        2,254 rd   +      17,031 wr)
==3451== D1  miss rate:           0.5% (          0.3%     +         0.9%  )
==3451== LLd miss rate:           0.0% (          0.0%     +         0.0%  )
==3451== 
==3451== LL refs:          16,824,184  (    8,415,877 rd   +   8,408,307 wr)
==3451== LL misses:            20,698  (        3,667 rd   +      17,031 wr)
==3451== LL miss rate:            0.0% (          0.0%     +         0.0%  )
==3461== Cachegrind, a cache and branch-prediction profiler
==3461== Copyright (C) 2002-2017, and GNU GPL'd, by Nicholas Nethercote et al.
==3461== Using Valgrind-3.15.0 and LibVEX; rerun with -h for copyright info
==3461== Command: bin/ep.W
==3461== 
--3461-- warning: L3 cache found, using its data for the LL simulation.
==3461== error calling PR_SET_PTRACER, vgdb might block


 NAS Parallel Benchmarks 3.0 structured OpenMP C version - EP Benchmark
 Number of random numbers generated:      67108864
EP Benchmark Results: 
CPU Time =    41.9985
N = 2^   25
No. Gaussian Pairs =        26354769
Sums =    -2.863319731645753e+03    -6.320053679109410e+03
Counts:
  0        12281576
  1        11729692
  2         2202726
  3          137368
  4            3371
  5              36
  6               0
  7               0
  8               0
  9               0


 EP Benchmark Completed
 Class           =                        W
 Size            =                       26
 Iterations      =                        0
 Threads         =                        1
 Time in seconds =                    42.00
 Mop/s total     =                     1.60
 Operation type  = Random numbers generated
 Verification    =               SUCCESSFUL
 Version         =           3.0 structured
 Compile date    =              10 Nov 2021

 Compile options:
    CC           = gcc
    CLINK        = gcc
    C_LIB        = -lm
    C_INC        = -I../common
    CFLAGS       = -O2
    CLINKFLAGS   = (none)
    RAND         = randdp

 Execution time
 Seconds : 42
 Micro seconds : 42035795
==3461== 
==3461== I   refs:      7,261,309,994
==3461== I1  misses:            1,453
==3461== LLi misses:            1,416
==3461== I1  miss rate:          0.00%
==3461== LLi miss rate:          0.00%
==3461== 
==3461== D   refs:      3,648,265,430  (2,758,882,820 rd   + 889,382,610 wr)
==3461== D1  misses:       16,822,734  (    8,414,427 rd   +   8,408,307 wr)
==3461== LLd misses:           19,285  (        2,254 rd   +      17,031 wr)
==3461== D1  miss rate:           0.5% (          0.3%     +         0.9%  )
==3461== LLd miss rate:           0.0% (          0.0%     +         0.0%  )
==3461== 
==3461== LL refs:          16,824,187  (    8,415,880 rd   +   8,408,307 wr)
==3461== LL misses:            20,701  (        3,670 rd   +      17,031 wr)
==3461== LL miss rate:            0.0% (          0.0%     +         0.0%  )
==3471== Cachegrind, a cache and branch-prediction profiler
==3471== Copyright (C) 2002-2017, and GNU GPL'd, by Nicholas Nethercote et al.
==3471== Using Valgrind-3.15.0 and LibVEX; rerun with -h for copyright info
==3471== Command: bin/ep.W
==3471== 
--3471-- warning: L3 cache found, using its data for the LL simulation.
==3471== error calling PR_SET_PTRACER, vgdb might block


 NAS Parallel Benchmarks 3.0 structured OpenMP C version - EP Benchmark
 Number of random numbers generated:      67108864
EP Benchmark Results: 
CPU Time =    45.8843
N = 2^   25
No. Gaussian Pairs =        26354769
Sums =    -2.863319731645753e+03    -6.320053679109410e+03
Counts:
  0        12281576
  1        11729692
  2         2202726
  3          137368
  4            3371
  5              36
  6               0
  7               0
  8               0
  9               0


 EP Benchmark Completed
 Class           =                        W
 Size            =                       26
 Iterations      =                        0
 Threads         =                        1
 Time in seconds =                    45.88
 Mop/s total     =                     1.46
 Operation type  = Random numbers generated
 Verification    =               SUCCESSFUL
 Version         =           3.0 structured
 Compile date    =              10 Nov 2021

 Compile options:
    CC           = gcc
    CLINK        = gcc
    C_LIB        = -lm
    C_INC        = -I../common
    CFLAGS       = -O2
    CLINKFLAGS   = (none)
    RAND         = randdp

 Execution time
 Seconds : 46
 Micro seconds : 45920141
==3471== 
==3471== I   refs:      7,261,309,917
==3471== I1  misses:            1,450
==3471== LLi misses:            1,413
==3471== I1  miss rate:          0.00%
==3471== LLi miss rate:          0.00%
==3471== 
==3471== D   refs:      3,648,265,404  (2,758,882,799 rd   + 889,382,605 wr)
==3471== D1  misses:       16,822,734  (    8,414,427 rd   +   8,408,307 wr)
==3471== LLd misses:           19,285  (        2,254 rd   +      17,031 wr)
==3471== D1  miss rate:           0.5% (          0.3%     +         0.9%  )
==3471== LLd miss rate:           0.0% (          0.0%     +         0.0%  )
==3471== 
==3471== LL refs:          16,824,184  (    8,415,877 rd   +   8,408,307 wr)
==3471== LL misses:            20,698  (        3,667 rd   +      17,031 wr)
==3471== LL miss rate:            0.0% (          0.0%     +         0.0%  )
==3481== Cachegrind, a cache and branch-prediction profiler
==3481== Copyright (C) 2002-2017, and GNU GPL'd, by Nicholas Nethercote et al.
==3481== Using Valgrind-3.15.0 and LibVEX; rerun with -h for copyright info
==3481== Command: bin/ep.W
==3481== 
--3481-- warning: L3 cache found, using its data for the LL simulation.
==3481== error calling PR_SET_PTRACER, vgdb might block


 NAS Parallel Benchmarks 3.0 structured OpenMP C version - EP Benchmark
 Number of random numbers generated:      67108864
EP Benchmark Results: 
CPU Time =    41.9109
N = 2^   25
No. Gaussian Pairs =        26354769
Sums =    -2.863319731645753e+03    -6.320053679109410e+03
Counts:
  0        12281576
  1        11729692
  2         2202726
  3          137368
  4            3371
  5              36
  6               0
  7               0
  8               0
  9               0


 EP Benchmark Completed
 Class           =                        W
 Size            =                       26
 Iterations      =                        0
 Threads         =                        1
 Time in seconds =                    41.91
 Mop/s total     =                     1.60
 Operation type  = Random numbers generated
 Verification    =               SUCCESSFUL
 Version         =           3.0 structured
 Compile date    =              10 Nov 2021

 Compile options:
    CC           = gcc
    CLINK        = gcc
    C_LIB        = -lm
    C_INC        = -I../common
    CFLAGS       = -O2
    CLINKFLAGS   = (none)
    RAND         = randdp

 Execution time
 Seconds : 42
 Micro seconds : 41944619
==3481== 
==3481== I   refs:      7,261,309,854
==3481== I1  misses:            1,450
==3481== LLi misses:            1,413
==3481== I1  miss rate:          0.00%
==3481== LLi miss rate:          0.00%
==3481== 
==3481== D   refs:      3,648,265,374  (2,758,882,782 rd   + 889,382,592 wr)
==3481== D1  misses:       16,822,734  (    8,414,427 rd   +   8,408,307 wr)
==3481== LLd misses:           19,285  (        2,254 rd   +      17,031 wr)
==3481== D1  miss rate:           0.5% (          0.3%     +         0.9%  )
==3481== LLd miss rate:           0.0% (          0.0%     +         0.0%  )
==3481== 
==3481== LL refs:          16,824,184  (    8,415,877 rd   +   8,408,307 wr)
==3481== LL misses:            20,698  (        3,667 rd   +      17,031 wr)
==3481== LL miss rate:            0.0% (          0.0%     +         0.0%  )
==3491== Cachegrind, a cache and branch-prediction profiler
==3491== Copyright (C) 2002-2017, and GNU GPL'd, by Nicholas Nethercote et al.
==3491== Using Valgrind-3.15.0 and LibVEX; rerun with -h for copyright info
==3491== Command: bin/ep.W
==3491== 
--3491-- warning: L3 cache found, using its data for the LL simulation.
==3491== error calling PR_SET_PTRACER, vgdb might block


 NAS Parallel Benchmarks 3.0 structured OpenMP C version - EP Benchmark
 Number of random numbers generated:      67108864
EP Benchmark Results: 
CPU Time =    42.7089
N = 2^   25
No. Gaussian Pairs =        26354769
Sums =    -2.863319731645753e+03    -6.320053679109410e+03
Counts:
  0        12281576
  1        11729692
  2         2202726
  3          137368
  4            3371
  5              36
  6               0
  7               0
  8               0
  9               0


 EP Benchmark Completed
 Class           =                        W
 Size            =                       26
 Iterations      =                        0
 Threads         =                        1
 Time in seconds =                    42.71
 Mop/s total     =                     1.57
 Operation type  = Random numbers generated
 Verification    =               SUCCESSFUL
 Version         =           3.0 structured
 Compile date    =              10 Nov 2021

 Compile options:
    CC           = gcc
    CLINK        = gcc
    C_LIB        = -lm
    C_INC        = -I../common
    CFLAGS       = -O2
    CLINKFLAGS   = (none)
    RAND         = randdp

 Execution time
 Seconds : 43
 Micro seconds : 42742369
==3491== 
==3491== I   refs:      7,261,309,909
==3491== I1  misses:            1,450
==3491== LLi misses:            1,413
==3491== I1  miss rate:          0.00%
==3491== LLi miss rate:          0.00%
==3491== 
==3491== D   refs:      3,648,265,398  (2,758,882,798 rd   + 889,382,600 wr)
==3491== D1  misses:       16,822,734  (    8,414,427 rd   +   8,408,307 wr)
==3491== LLd misses:           19,285  (        2,254 rd   +      17,031 wr)
==3491== D1  miss rate:           0.5% (          0.3%     +         0.9%  )
==3491== LLd miss rate:           0.0% (          0.0%     +         0.0%  )
==3491== 
==3491== LL refs:          16,824,184  (    8,415,877 rd   +   8,408,307 wr)
==3491== LL misses:            20,698  (        3,667 rd   +      17,031 wr)
==3491== LL miss rate:            0.0% (          0.0%     +         0.0%  )
==3501== Cachegrind, a cache and branch-prediction profiler
==3501== Copyright (C) 2002-2017, and GNU GPL'd, by Nicholas Nethercote et al.
==3501== Using Valgrind-3.15.0 and LibVEX; rerun with -h for copyright info
==3501== Command: bin/ep.W
==3501== 
--3501-- warning: L3 cache found, using its data for the LL simulation.
==3501== error calling PR_SET_PTRACER, vgdb might block


 NAS Parallel Benchmarks 3.0 structured OpenMP C version - EP Benchmark
 Number of random numbers generated:      67108864
EP Benchmark Results: 
CPU Time =    41.8993
N = 2^   25
No. Gaussian Pairs =        26354769
Sums =    -2.863319731645753e+03    -6.320053679109410e+03
Counts:
  0        12281576
  1        11729692
  2         2202726
  3          137368
  4            3371
  5              36
  6               0
  7               0
  8               0
  9               0


 EP Benchmark Completed
 Class           =                        W
 Size            =                       26
 Iterations      =                        0
 Threads         =                        1
 Time in seconds =                    41.90
 Mop/s total     =                     1.60
 Operation type  = Random numbers generated
 Verification    =               SUCCESSFUL
 Version         =           3.0 structured
 Compile date    =              10 Nov 2021

 Compile options:
    CC           = gcc
    CLINK        = gcc
    C_LIB        = -lm
    C_INC        = -I../common
    CFLAGS       = -O2
    CLINKFLAGS   = (none)
    RAND         = randdp

 Execution time
 Seconds : 42
 Micro seconds : 41934293
==3501== 
==3501== I   refs:      7,261,309,941
==3501== I1  misses:            1,450
==3501== LLi misses:            1,413
==3501== I1  miss rate:          0.00%
==3501== LLi miss rate:          0.00%
==3501== 
==3501== D   refs:      3,648,265,412  (2,758,882,805 rd   + 889,382,607 wr)
==3501== D1  misses:       16,822,734  (    8,414,427 rd   +   8,408,307 wr)
==3501== LLd misses:           19,285  (        2,254 rd   +      17,031 wr)
==3501== D1  miss rate:           0.5% (          0.3%     +         0.9%  )
==3501== LLd miss rate:           0.0% (          0.0%     +         0.0%  )
==3501== 
==3501== LL refs:          16,824,184  (    8,415,877 rd   +   8,408,307 wr)
==3501== LL misses:            20,698  (        3,667 rd   +      17,031 wr)
==3501== LL miss rate:            0.0% (          0.0%     +         0.0%  )
==3511== Cachegrind, a cache and branch-prediction profiler
==3511== Copyright (C) 2002-2017, and GNU GPL'd, by Nicholas Nethercote et al.
==3511== Using Valgrind-3.15.0 and LibVEX; rerun with -h for copyright info
==3511== Command: bin/ep.W
==3511== 
--3511-- warning: L3 cache found, using its data for the LL simulation.
==3511== error calling PR_SET_PTRACER, vgdb might block


 NAS Parallel Benchmarks 3.0 structured OpenMP C version - EP Benchmark
 Number of random numbers generated:      67108864
EP Benchmark Results: 
CPU Time =    42.5440
N = 2^   25
No. Gaussian Pairs =        26354769
Sums =    -2.863319731645753e+03    -6.320053679109410e+03
Counts:
  0        12281576
  1        11729692
  2         2202726
  3          137368
  4            3371
  5              36
  6               0
  7               0
  8               0
  9               0


 EP Benchmark Completed
 Class           =                        W
 Size            =                       26
 Iterations      =                        0
 Threads         =                        1
 Time in seconds =                    42.54
 Mop/s total     =                     1.58
 Operation type  = Random numbers generated
 Verification    =               SUCCESSFUL
 Version         =           3.0 structured
 Compile date    =              10 Nov 2021

 Compile options:
    CC           = gcc
    CLINK        = gcc
    C_LIB        = -lm
    C_INC        = -I../common
    CFLAGS       = -O2
    CLINKFLAGS   = (none)
    RAND         = randdp

 Execution time
 Seconds : 43
 Micro seconds : 42582484
==3511== 
==3511== I   refs:      7,261,309,897
==3511== I1  misses:            1,450
==3511== LLi misses:            1,413
==3511== I1  miss rate:          0.00%
==3511== LLi miss rate:          0.00%
==3511== 
==3511== D   refs:      3,648,265,394  (2,758,882,794 rd   + 889,382,600 wr)
==3511== D1  misses:       16,822,734  (    8,414,427 rd   +   8,408,307 wr)
==3511== LLd misses:           19,285  (        2,254 rd   +      17,031 wr)
==3511== D1  miss rate:           0.5% (          0.3%     +         0.9%  )
==3511== LLd miss rate:           0.0% (          0.0%     +         0.0%  )
==3511== 
==3511== LL refs:          16,824,184  (    8,415,877 rd   +   8,408,307 wr)
==3511== LL misses:            20,698  (        3,667 rd   +      17,031 wr)
==3511== LL miss rate:            0.0% (          0.0%     +         0.0%  )
==3521== Cachegrind, a cache and branch-prediction profiler
==3521== Copyright (C) 2002-2017, and GNU GPL'd, by Nicholas Nethercote et al.
==3521== Using Valgrind-3.15.0 and LibVEX; rerun with -h for copyright info
==3521== Command: bin/ep.W
==3521== 
--3521-- warning: L3 cache found, using its data for the LL simulation.
==3521== error calling PR_SET_PTRACER, vgdb might block


 NAS Parallel Benchmarks 3.0 structured OpenMP C version - EP Benchmark
 Number of random numbers generated:      67108864
EP Benchmark Results: 
CPU Time =    42.3338
N = 2^   25
No. Gaussian Pairs =        26354769
Sums =    -2.863319731645753e+03    -6.320053679109410e+03
Counts:
  0        12281576
  1        11729692
  2         2202726
  3          137368
  4            3371
  5              36
  6               0
  7               0
  8               0
  9               0


 EP Benchmark Completed
 Class           =                        W
 Size            =                       26
 Iterations      =                        0
 Threads         =                        1
 Time in seconds =                    42.33
 Mop/s total     =                     1.59
 Operation type  = Random numbers generated
 Verification    =               SUCCESSFUL
 Version         =           3.0 structured
 Compile date    =              10 Nov 2021

 Compile options:
    CC           = gcc
    CLINK        = gcc
    C_LIB        = -lm
    C_INC        = -I../common
    CFLAGS       = -O2
    CLINKFLAGS   = (none)
    RAND         = randdp

 Execution time
 Seconds : 43
 Micro seconds : 42371899
==3521== 
==3521== I   refs:      7,261,309,944
==3521== I1  misses:            1,450
==3521== LLi misses:            1,413
==3521== I1  miss rate:          0.00%
==3521== LLi miss rate:          0.00%
==3521== 
==3521== D   refs:      3,648,265,414  (2,758,882,808 rd   + 889,382,606 wr)
==3521== D1  misses:       16,822,734  (    8,414,427 rd   +   8,408,307 wr)
==3521== LLd misses:           19,285  (        2,254 rd   +      17,031 wr)
==3521== D1  miss rate:           0.5% (          0.3%     +         0.9%  )
==3521== LLd miss rate:           0.0% (          0.0%     +         0.0%  )
==3521== 
==3521== LL refs:          16,824,184  (    8,415,877 rd   +   8,408,307 wr)
==3521== LL misses:            20,698  (        3,667 rd   +      17,031 wr)
==3521== LL miss rate:            0.0% (          0.0%     +         0.0%  )
==3531== Cachegrind, a cache and branch-prediction profiler
==3531== Copyright (C) 2002-2017, and GNU GPL'd, by Nicholas Nethercote et al.
==3531== Using Valgrind-3.15.0 and LibVEX; rerun with -h for copyright info
==3531== Command: bin/ep.W
==3531== 
--3531-- warning: L3 cache found, using its data for the LL simulation.
==3531== error calling PR_SET_PTRACER, vgdb might block


 NAS Parallel Benchmarks 3.0 structured OpenMP C version - EP Benchmark
 Number of random numbers generated:      67108864
EP Benchmark Results: 
CPU Time =    44.9493
N = 2^   25
No. Gaussian Pairs =        26354769
Sums =    -2.863319731645753e+03    -6.320053679109410e+03
Counts:
  0        12281576
  1        11729692
  2         2202726
  3          137368
  4            3371
  5              36
  6               0
  7               0
  8               0
  9               0


 EP Benchmark Completed
 Class           =                        W
 Size            =                       26
 Iterations      =                        0
 Threads         =                        1
 Time in seconds =                    44.95
 Mop/s total     =                     1.49
 Operation type  = Random numbers generated
 Verification    =               SUCCESSFUL
 Version         =           3.0 structured
 Compile date    =              10 Nov 2021

 Compile options:
    CC           = gcc
    CLINK        = gcc
    C_LIB        = -lm
    C_INC        = -I../common
    CFLAGS       = -O2
    CLINKFLAGS   = (none)
    RAND         = randdp

 Execution time
 Seconds : 45
 Micro seconds : 44983600
==3531== 
==3531== I   refs:      7,261,309,917
==3531== I1  misses:            1,450
==3531== LLi misses:            1,413
==3531== I1  miss rate:          0.00%
==3531== LLi miss rate:          0.00%
==3531== 
==3531== D   refs:      3,648,265,404  (2,758,882,799 rd   + 889,382,605 wr)
==3531== D1  misses:       16,822,734  (    8,414,427 rd   +   8,408,307 wr)
==3531== LLd misses:           19,285  (        2,254 rd   +      17,031 wr)
==3531== D1  miss rate:           0.5% (          0.3%     +         0.9%  )
==3531== LLd miss rate:           0.0% (          0.0%     +         0.0%  )
==3531== 
==3531== LL refs:          16,824,184  (    8,415,877 rd   +   8,408,307 wr)
==3531== LL misses:            20,698  (        3,667 rd   +      17,031 wr)
==3531== LL miss rate:            0.0% (          0.0%     +         0.0%  )
==3541== Cachegrind, a cache and branch-prediction profiler
==3541== Copyright (C) 2002-2017, and GNU GPL'd, by Nicholas Nethercote et al.
==3541== Using Valgrind-3.15.0 and LibVEX; rerun with -h for copyright info
==3541== Command: bin/ep.W
==3541== 
--3541-- warning: L3 cache found, using its data for the LL simulation.
==3541== error calling PR_SET_PTRACER, vgdb might block


 NAS Parallel Benchmarks 3.0 structured OpenMP C version - EP Benchmark
 Number of random numbers generated:      67108864
EP Benchmark Results: 
CPU Time =    41.8416
N = 2^   25
No. Gaussian Pairs =        26354769
Sums =    -2.863319731645753e+03    -6.320053679109410e+03
Counts:
  0        12281576
  1        11729692
  2         2202726
  3          137368
  4            3371
  5              36
  6               0
  7               0
  8               0
  9               0


 EP Benchmark Completed
 Class           =                        W
 Size            =                       26
 Iterations      =                        0
 Threads         =                        1
 Time in seconds =                    41.84
 Mop/s total     =                     1.60
 Operation type  = Random numbers generated
 Verification    =               SUCCESSFUL
 Version         =           3.0 structured
 Compile date    =              10 Nov 2021

 Compile options:
    CC           = gcc
    CLINK        = gcc
    C_LIB        = -lm
    C_INC        = -I../common
    CFLAGS       = -O2
    CLINKFLAGS   = (none)
    RAND         = randdp

 Execution time
 Seconds : 41
 Micro seconds : 41887657
==3541== 
==3541== I   refs:      7,261,309,899
==3541== I1  misses:            1,450
==3541== LLi misses:            1,413
==3541== I1  miss rate:          0.00%
==3541== LLi miss rate:          0.00%
==3541== 
==3541== D   refs:      3,648,265,398  (2,758,882,794 rd   + 889,382,604 wr)
==3541== D1  misses:       16,822,734  (    8,414,427 rd   +   8,408,307 wr)
==3541== LLd misses:           19,285  (        2,254 rd   +      17,031 wr)
==3541== D1  miss rate:           0.5% (          0.3%     +         0.9%  )
==3541== LLd miss rate:           0.0% (          0.0%     +         0.0%  )
==3541== 
==3541== LL refs:          16,824,184  (    8,415,877 rd   +   8,408,307 wr)
==3541== LL misses:            20,698  (        3,667 rd   +      17,031 wr)
==3541== LL miss rate:            0.0% (          0.0%     +         0.0%  )
==3551== Cachegrind, a cache and branch-prediction profiler
==3551== Copyright (C) 2002-2017, and GNU GPL'd, by Nicholas Nethercote et al.
==3551== Using Valgrind-3.15.0 and LibVEX; rerun with -h for copyright info
==3551== Command: bin/ep.W
==3551== 
--3551-- warning: L3 cache found, using its data for the LL simulation.
==3551== error calling PR_SET_PTRACER, vgdb might block


 NAS Parallel Benchmarks 3.0 structured OpenMP C version - EP Benchmark
 Number of random numbers generated:      67108864
EP Benchmark Results: 
CPU Time =    44.6044
N = 2^   25
No. Gaussian Pairs =        26354769
Sums =    -2.863319731645753e+03    -6.320053679109410e+03
Counts:
  0        12281576
  1        11729692
  2         2202726
  3          137368
  4            3371
  5              36
  6               0
  7               0
  8               0
  9               0


 EP Benchmark Completed
 Class           =                        W
 Size            =                       26
 Iterations      =                        0
 Threads         =                        1
 Time in seconds =                    44.60
 Mop/s total     =                     1.50
 Operation type  = Random numbers generated
 Verification    =               SUCCESSFUL
 Version         =           3.0 structured
 Compile date    =              10 Nov 2021

 Compile options:
    CC           = gcc
    CLINK        = gcc
    C_LIB        = -lm
    C_INC        = -I../common
    CFLAGS       = -O2
    CLINKFLAGS   = (none)
    RAND         = randdp

 Execution time
 Seconds : 44
 Micro seconds : 44639548
==3551== 
==3551== I   refs:      7,261,309,895
==3551== I1  misses:            1,450
==3551== LLi misses:            1,413
==3551== I1  miss rate:          0.00%
==3551== LLi miss rate:          0.00%
==3551== 
==3551== D   refs:      3,648,265,392  (2,758,882,795 rd   + 889,382,597 wr)
==3551== D1  misses:       16,822,734  (    8,414,427 rd   +   8,408,307 wr)
==3551== LLd misses:           19,285  (        2,254 rd   +      17,031 wr)
==3551== D1  miss rate:           0.5% (          0.3%     +         0.9%  )
==3551== LLd miss rate:           0.0% (          0.0%     +         0.0%  )
==3551== 
==3551== LL refs:          16,824,184  (    8,415,877 rd   +   8,408,307 wr)
==3551== LL misses:            20,698  (        3,667 rd   +      17,031 wr)
==3551== LL miss rate:            0.0% (          0.0%     +         0.0%  )
==3561== Cachegrind, a cache and branch-prediction profiler
==3561== Copyright (C) 2002-2017, and GNU GPL'd, by Nicholas Nethercote et al.
==3561== Using Valgrind-3.15.0 and LibVEX; rerun with -h for copyright info
==3561== Command: bin/ep.W
==3561== 
--3561-- warning: L3 cache found, using its data for the LL simulation.
==3561== error calling PR_SET_PTRACER, vgdb might block


 NAS Parallel Benchmarks 3.0 structured OpenMP C version - EP Benchmark
 Number of random numbers generated:      67108864
EP Benchmark Results: 
CPU Time =    38.4850
N = 2^   25
No. Gaussian Pairs =        26354769
Sums =    -2.863319731645753e+03    -6.320053679109410e+03
Counts:
  0        12281576
  1        11729692
  2         2202726
  3          137368
  4            3371
  5              36
  6               0
  7               0
  8               0
  9               0


 EP Benchmark Completed
 Class           =                        W
 Size            =                       26
 Iterations      =                        0
 Threads         =                        1
 Time in seconds =                    38.48
 Mop/s total     =                     1.74
 Operation type  = Random numbers generated
 Verification    =               SUCCESSFUL
 Version         =           3.0 structured
 Compile date    =              10 Nov 2021

 Compile options:
    CC           = gcc
    CLINK        = gcc
    C_LIB        = -lm
    C_INC        = -I../common
    CFLAGS       = -O2
    CLINKFLAGS   = (none)
    RAND         = randdp

 Execution time
 Seconds : 38
 Micro seconds : 38515614
==3561== 
==3561== I   refs:      7,261,309,918
==3561== I1  misses:            1,450
==3561== LLi misses:            1,413
==3561== I1  miss rate:          0.00%
==3561== LLi miss rate:          0.00%
==3561== 
==3561== D   refs:      3,648,265,402  (2,758,882,798 rd   + 889,382,604 wr)
==3561== D1  misses:       16,822,734  (    8,414,427 rd   +   8,408,307 wr)
==3561== LLd misses:           19,285  (        2,254 rd   +      17,031 wr)
==3561== D1  miss rate:           0.5% (          0.3%     +         0.9%  )
==3561== LLd miss rate:           0.0% (          0.0%     +         0.0%  )
==3561== 
==3561== LL refs:          16,824,184  (    8,415,877 rd   +   8,408,307 wr)
==3561== LL misses:            20,698  (        3,667 rd   +      17,031 wr)
==3561== LL miss rate:            0.0% (          0.0%     +         0.0%  )
