==2703== Cachegrind, a cache and branch-prediction profiler
==2703== Copyright (C) 2002-2017, and GNU GPL'd, by Nicholas Nethercote et al.
==2703== Using Valgrind-3.15.0 and LibVEX; rerun with -h for copyright info
==2703== Command: bin/ft.S
==2703== 
--2703-- warning: L3 cache found, using its data for the LL simulation.
==2703== error calling PR_SET_PTRACER, vgdb might block


 NAS Parallel Benchmarks 3.0 structured OpenMP C version - FT Benchmark

 Size                :  64x 64x 64
 Iterations          :           6
T =     1     Checksum =     5.546087004964e+02     4.845363331978e+02
T =     2     Checksum =     5.546385409190e+02     4.865304269511e+02
T =     3     Checksum =     5.546148406171e+02     4.883910722337e+02
T =     4     Checksum =     5.545423607415e+02     4.901273169046e+02
T =     5     Checksum =     5.544255039624e+02     4.917475857993e+02
T =     6     Checksum =     5.542683411903e+02     4.932597244941e+02
Result verification successful
class = S


 FT Benchmark Completed
 Class           =                        S
 Size            =               64x 64x 64
 Iterations      =                        6
 Threads         =                        1
 Time in seconds =                    11.64
 Mop/s total     =                    15.22
 Operation type  =           floating point
 Verification    =               SUCCESSFUL
 Version         =           3.0 structured
 Compile date    =              09 Nov 2021

 Compile options:
    CC           = gcc
    CLINK        = gcc
    C_LIB        = -lm
    C_INC        = -I../common
    CFLAGS       = -O0
    CLINKFLAGS   = (none)
    RAND         = randdp

 Execution time
 Seconds : 13
 Micro seconds : 13567576
==2703== 
==2703== I   refs:      4,197,274,956
==2703== I1  misses:            1,705
==2703== LLi misses:            1,693
==2703== I1  miss rate:          0.00%
==2703== LLi miss rate:          0.00%
==2703== 
==2703== D   refs:      1,601,935,316  (1,403,663,932 rd   + 198,271,384 wr)
==2703== D1  misses:        6,665,490  (    2,718,654 rd   +   3,946,836 wr)
==2703== LLd misses:        2,542,959  (    1,388,769 rd   +   1,154,190 wr)
==2703== D1  miss rate:           0.4% (          0.2%     +         2.0%  )
==2703== LLd miss rate:           0.2% (          0.1%     +         0.6%  )
==2703== 
==2703== LL refs:           6,667,195  (    2,720,359 rd   +   3,946,836 wr)
==2703== LL misses:         2,544,652  (    1,390,462 rd   +   1,154,190 wr)
==2703== LL miss rate:            0.0% (          0.0%     +         0.6%  )
==2714== Cachegrind, a cache and branch-prediction profiler
==2714== Copyright (C) 2002-2017, and GNU GPL'd, by Nicholas Nethercote et al.
==2714== Using Valgrind-3.15.0 and LibVEX; rerun with -h for copyright info
==2714== Command: bin/ft.S
==2714== 
--2714-- warning: L3 cache found, using its data for the LL simulation.
==2714== error calling PR_SET_PTRACER, vgdb might block


 NAS Parallel Benchmarks 3.0 structured OpenMP C version - FT Benchmark

 Size                :  64x 64x 64
 Iterations          :           6
T =     1     Checksum =     5.546087004964e+02     4.845363331978e+02
T =     2     Checksum =     5.546385409190e+02     4.865304269511e+02
T =     3     Checksum =     5.546148406171e+02     4.883910722337e+02
T =     4     Checksum =     5.545423607415e+02     4.901273169046e+02
T =     5     Checksum =     5.544255039624e+02     4.917475857993e+02
T =     6     Checksum =     5.542683411903e+02     4.932597244941e+02
Result verification successful
class = S


 FT Benchmark Completed
 Class           =                        S
 Size            =               64x 64x 64
 Iterations      =                        6
 Threads         =                        1
 Time in seconds =                    11.51
 Mop/s total     =                    15.39
 Operation type  =           floating point
 Verification    =               SUCCESSFUL
 Version         =           3.0 structured
 Compile date    =              09 Nov 2021

 Compile options:
    CC           = gcc
    CLINK        = gcc
    C_LIB        = -lm
    C_INC        = -I../common
    CFLAGS       = -O0
    CLINKFLAGS   = (none)
    RAND         = randdp

 Execution time
 Seconds : 13
 Micro seconds : 13086903
==2714== 
==2714== I   refs:      4,197,274,935
==2714== I1  misses:            1,705
==2714== LLi misses:            1,693
==2714== I1  miss rate:          0.00%
==2714== LLi miss rate:          0.00%
==2714== 
==2714== D   refs:      1,601,935,305  (1,403,663,926 rd   + 198,271,379 wr)
==2714== D1  misses:        6,665,490  (    2,718,654 rd   +   3,946,836 wr)
==2714== LLd misses:        2,542,959  (    1,388,769 rd   +   1,154,190 wr)
==2714== D1  miss rate:           0.4% (          0.2%     +         2.0%  )
==2714== LLd miss rate:           0.2% (          0.1%     +         0.6%  )
==2714== 
==2714== LL refs:           6,667,195  (    2,720,359 rd   +   3,946,836 wr)
==2714== LL misses:         2,544,652  (    1,390,462 rd   +   1,154,190 wr)
==2714== LL miss rate:            0.0% (          0.0%     +         0.6%  )
==2737== Cachegrind, a cache and branch-prediction profiler
==2737== Copyright (C) 2002-2017, and GNU GPL'd, by Nicholas Nethercote et al.
==2737== Using Valgrind-3.15.0 and LibVEX; rerun with -h for copyright info
==2737== Command: bin/ft.S
==2737== 
--2737-- warning: L3 cache found, using its data for the LL simulation.
==2737== error calling PR_SET_PTRACER, vgdb might block


 NAS Parallel Benchmarks 3.0 structured OpenMP C version - FT Benchmark

 Size                :  64x 64x 64
 Iterations          :           6
T =     1     Checksum =     5.546087004964e+02     4.845363331978e+02
T =     2     Checksum =     5.546385409190e+02     4.865304269511e+02
T =     3     Checksum =     5.546148406171e+02     4.883910722337e+02
T =     4     Checksum =     5.545423607415e+02     4.901273169046e+02
T =     5     Checksum =     5.544255039624e+02     4.917475857993e+02
T =     6     Checksum =     5.542683411903e+02     4.932597244941e+02
Result verification successful
class = S


 FT Benchmark Completed
 Class           =                        S
 Size            =               64x 64x 64
 Iterations      =                        6
 Threads         =                        1
 Time in seconds =                    10.44
 Mop/s total     =                    16.97
 Operation type  =           floating point
 Verification    =               SUCCESSFUL
 Version         =           3.0 structured
 Compile date    =              09 Nov 2021

 Compile options:
    CC           = gcc
    CLINK        = gcc
    C_LIB        = -lm
    C_INC        = -I../common
    CFLAGS       = -O0
    CLINKFLAGS   = (none)
    RAND         = randdp

 Execution time
 Seconds : 12
 Micro seconds : 12013548
==2737== 
==2737== I   refs:      4,197,274,949
==2737== I1  misses:            1,705
==2737== LLi misses:            1,693
==2737== I1  miss rate:          0.00%
==2737== LLi miss rate:          0.00%
==2737== 
==2737== D   refs:      1,601,935,309  (1,403,663,930 rd   + 198,271,379 wr)
==2737== D1  misses:        6,665,490  (    2,718,654 rd   +   3,946,836 wr)
==2737== LLd misses:        2,542,959  (    1,388,769 rd   +   1,154,190 wr)
==2737== D1  miss rate:           0.4% (          0.2%     +         2.0%  )
==2737== LLd miss rate:           0.2% (          0.1%     +         0.6%  )
==2737== 
==2737== LL refs:           6,667,195  (    2,720,359 rd   +   3,946,836 wr)
==2737== LL misses:         2,544,652  (    1,390,462 rd   +   1,154,190 wr)
==2737== LL miss rate:            0.0% (          0.0%     +         0.6%  )
==2750== Cachegrind, a cache and branch-prediction profiler
==2750== Copyright (C) 2002-2017, and GNU GPL'd, by Nicholas Nethercote et al.
==2750== Using Valgrind-3.15.0 and LibVEX; rerun with -h for copyright info
==2750== Command: bin/ft.S
==2750== 
--2750-- warning: L3 cache found, using its data for the LL simulation.
==2750== error calling PR_SET_PTRACER, vgdb might block


 NAS Parallel Benchmarks 3.0 structured OpenMP C version - FT Benchmark

 Size                :  64x 64x 64
 Iterations          :           6
T =     1     Checksum =     5.546087004964e+02     4.845363331978e+02
T =     2     Checksum =     5.546385409190e+02     4.865304269511e+02
T =     3     Checksum =     5.546148406171e+02     4.883910722337e+02
T =     4     Checksum =     5.545423607415e+02     4.901273169046e+02
T =     5     Checksum =     5.544255039624e+02     4.917475857993e+02
T =     6     Checksum =     5.542683411903e+02     4.932597244941e+02
Result verification successful
class = S


 FT Benchmark Completed
 Class           =                        S
 Size            =               64x 64x 64
 Iterations      =                        6
 Threads         =                        1
 Time in seconds =                    10.41
 Mop/s total     =                    17.02
 Operation type  =           floating point
 Verification    =               SUCCESSFUL
 Version         =           3.0 structured
 Compile date    =              09 Nov 2021

 Compile options:
    CC           = gcc
    CLINK        = gcc
    C_LIB        = -lm
    C_INC        = -I../common
    CFLAGS       = -O0
    CLINKFLAGS   = (none)
    RAND         = randdp

 Execution time
 Seconds : 12
 Micro seconds : 11984738
==2750== 
==2750== I   refs:      4,197,274,909
==2750== I1  misses:            1,705
==2750== LLi misses:            1,693
==2750== I1  miss rate:          0.00%
==2750== LLi miss rate:          0.00%
==2750== 
==2750== D   refs:      1,601,935,289  (1,403,663,919 rd   + 198,271,370 wr)
==2750== D1  misses:        6,665,490  (    2,718,654 rd   +   3,946,836 wr)
==2750== LLd misses:        2,542,959  (    1,388,769 rd   +   1,154,190 wr)
==2750== D1  miss rate:           0.4% (          0.2%     +         2.0%  )
==2750== LLd miss rate:           0.2% (          0.1%     +         0.6%  )
==2750== 
==2750== LL refs:           6,667,195  (    2,720,359 rd   +   3,946,836 wr)
==2750== LL misses:         2,544,652  (    1,390,462 rd   +   1,154,190 wr)
==2750== LL miss rate:            0.0% (          0.0%     +         0.6%  )
==2761== Cachegrind, a cache and branch-prediction profiler
==2761== Copyright (C) 2002-2017, and GNU GPL'd, by Nicholas Nethercote et al.
==2761== Using Valgrind-3.15.0 and LibVEX; rerun with -h for copyright info
==2761== Command: bin/ft.S
==2761== 
--2761-- warning: L3 cache found, using its data for the LL simulation.
==2761== error calling PR_SET_PTRACER, vgdb might block


 NAS Parallel Benchmarks 3.0 structured OpenMP C version - FT Benchmark

 Size                :  64x 64x 64
 Iterations          :           6
T =     1     Checksum =     5.546087004964e+02     4.845363331978e+02
T =     2     Checksum =     5.546385409190e+02     4.865304269511e+02
T =     3     Checksum =     5.546148406171e+02     4.883910722337e+02
T =     4     Checksum =     5.545423607415e+02     4.901273169046e+02
T =     5     Checksum =     5.544255039624e+02     4.917475857993e+02
T =     6     Checksum =     5.542683411903e+02     4.932597244941e+02
Result verification successful
class = S


 FT Benchmark Completed
 Class           =                        S
 Size            =               64x 64x 64
 Iterations      =                        6
 Threads         =                        1
 Time in seconds =                    11.04
 Mop/s total     =                    16.05
 Operation type  =           floating point
 Verification    =               SUCCESSFUL
 Version         =           3.0 structured
 Compile date    =              09 Nov 2021

 Compile options:
    CC           = gcc
    CLINK        = gcc
    C_LIB        = -lm
    C_INC        = -I../common
    CFLAGS       = -O0
    CLINKFLAGS   = (none)
    RAND         = randdp

 Execution time
 Seconds : 13
 Micro seconds : 12768354
==2761== 
==2761== I   refs:      4,197,274,928
==2761== I1  misses:            1,705
==2761== LLi misses:            1,693
==2761== I1  miss rate:          0.00%
==2761== LLi miss rate:          0.00%
==2761== 
==2761== D   refs:      1,601,935,302  (1,403,663,926 rd   + 198,271,376 wr)
==2761== D1  misses:        6,665,490  (    2,718,654 rd   +   3,946,836 wr)
==2761== LLd misses:        2,542,959  (    1,388,769 rd   +   1,154,190 wr)
==2761== D1  miss rate:           0.4% (          0.2%     +         2.0%  )
==2761== LLd miss rate:           0.2% (          0.1%     +         0.6%  )
==2761== 
==2761== LL refs:           6,667,195  (    2,720,359 rd   +   3,946,836 wr)
==2761== LL misses:         2,544,652  (    1,390,462 rd   +   1,154,190 wr)
==2761== LL miss rate:            0.0% (          0.0%     +         0.6%  )
==2777== Cachegrind, a cache and branch-prediction profiler
==2777== Copyright (C) 2002-2017, and GNU GPL'd, by Nicholas Nethercote et al.
==2777== Using Valgrind-3.15.0 and LibVEX; rerun with -h for copyright info
==2777== Command: bin/ft.S
==2777== 
--2777-- warning: L3 cache found, using its data for the LL simulation.
==2777== error calling PR_SET_PTRACER, vgdb might block


 NAS Parallel Benchmarks 3.0 structured OpenMP C version - FT Benchmark

 Size                :  64x 64x 64
 Iterations          :           6
T =     1     Checksum =     5.546087004964e+02     4.845363331978e+02
T =     2     Checksum =     5.546385409190e+02     4.865304269511e+02
T =     3     Checksum =     5.546148406171e+02     4.883910722337e+02
T =     4     Checksum =     5.545423607415e+02     4.901273169046e+02
T =     5     Checksum =     5.544255039624e+02     4.917475857993e+02
T =     6     Checksum =     5.542683411903e+02     4.932597244941e+02
Result verification successful
class = S


 FT Benchmark Completed
 Class           =                        S
 Size            =               64x 64x 64
 Iterations      =                        6
 Threads         =                        1
 Time in seconds =                    10.66
 Mop/s total     =                    16.62
 Operation type  =           floating point
 Verification    =               SUCCESSFUL
 Version         =           3.0 structured
 Compile date    =              09 Nov 2021

 Compile options:
    CC           = gcc
    CLINK        = gcc
    C_LIB        = -lm
    C_INC        = -I../common
    CFLAGS       = -O0
    CLINKFLAGS   = (none)
    RAND         = randdp

 Execution time
 Seconds : 12
 Micro seconds : 12288516
==2777== 
==2777== I   refs:      4,197,274,947
==2777== I1  misses:            1,705
==2777== LLi misses:            1,693
==2777== I1  miss rate:          0.00%
==2777== LLi miss rate:          0.00%
==2777== 
==2777== D   refs:      1,601,935,309  (1,403,663,930 rd   + 198,271,379 wr)
==2777== D1  misses:        6,665,490  (    2,718,654 rd   +   3,946,836 wr)
==2777== LLd misses:        2,542,959  (    1,388,769 rd   +   1,154,190 wr)
==2777== D1  miss rate:           0.4% (          0.2%     +         2.0%  )
==2777== LLd miss rate:           0.2% (          0.1%     +         0.6%  )
==2777== 
==2777== LL refs:           6,667,195  (    2,720,359 rd   +   3,946,836 wr)
==2777== LL misses:         2,544,652  (    1,390,462 rd   +   1,154,190 wr)
==2777== LL miss rate:            0.0% (          0.0%     +         0.6%  )
==2794== Cachegrind, a cache and branch-prediction profiler
==2794== Copyright (C) 2002-2017, and GNU GPL'd, by Nicholas Nethercote et al.
==2794== Using Valgrind-3.15.0 and LibVEX; rerun with -h for copyright info
==2794== Command: bin/ft.S
==2794== 
--2794-- warning: L3 cache found, using its data for the LL simulation.
==2794== error calling PR_SET_PTRACER, vgdb might block


 NAS Parallel Benchmarks 3.0 structured OpenMP C version - FT Benchmark

 Size                :  64x 64x 64
 Iterations          :           6
T =     1     Checksum =     5.546087004964e+02     4.845363331978e+02
T =     2     Checksum =     5.546385409190e+02     4.865304269511e+02
T =     3     Checksum =     5.546148406171e+02     4.883910722337e+02
T =     4     Checksum =     5.545423607415e+02     4.901273169046e+02
T =     5     Checksum =     5.544255039624e+02     4.917475857993e+02
T =     6     Checksum =     5.542683411903e+02     4.932597244941e+02
Result verification successful
class = S


 FT Benchmark Completed
 Class           =                        S
 Size            =               64x 64x 64
 Iterations      =                        6
 Threads         =                        1
 Time in seconds =                    11.03
 Mop/s total     =                    16.07
 Operation type  =           floating point
 Verification    =               SUCCESSFUL
 Version         =           3.0 structured
 Compile date    =              09 Nov 2021

 Compile options:
    CC           = gcc
    CLINK        = gcc
    C_LIB        = -lm
    C_INC        = -I../common
    CFLAGS       = -O0
    CLINKFLAGS   = (none)
    RAND         = randdp

 Execution time
 Seconds : 13
 Micro seconds : 12918020
==2794== 
==2794== I   refs:      4,197,274,948
==2794== I1  misses:            1,705
==2794== LLi misses:            1,693
==2794== I1  miss rate:          0.00%
==2794== LLi miss rate:          0.00%
==2794== 
==2794== D   refs:      1,601,935,308  (1,403,663,931 rd   + 198,271,377 wr)
==2794== D1  misses:        6,665,490  (    2,718,654 rd   +   3,946,836 wr)
==2794== LLd misses:        2,542,959  (    1,388,769 rd   +   1,154,190 wr)
==2794== D1  miss rate:           0.4% (          0.2%     +         2.0%  )
==2794== LLd miss rate:           0.2% (          0.1%     +         0.6%  )
==2794== 
==2794== LL refs:           6,667,195  (    2,720,359 rd   +   3,946,836 wr)
==2794== LL misses:         2,544,652  (    1,390,462 rd   +   1,154,190 wr)
==2794== LL miss rate:            0.0% (          0.0%     +         0.6%  )
==2804== Cachegrind, a cache and branch-prediction profiler
==2804== Copyright (C) 2002-2017, and GNU GPL'd, by Nicholas Nethercote et al.
==2804== Using Valgrind-3.15.0 and LibVEX; rerun with -h for copyright info
==2804== Command: bin/ft.S
==2804== 
--2804-- warning: L3 cache found, using its data for the LL simulation.
==2804== error calling PR_SET_PTRACER, vgdb might block


 NAS Parallel Benchmarks 3.0 structured OpenMP C version - FT Benchmark

 Size                :  64x 64x 64
 Iterations          :           6
T =     1     Checksum =     5.546087004964e+02     4.845363331978e+02
T =     2     Checksum =     5.546385409190e+02     4.865304269511e+02
T =     3     Checksum =     5.546148406171e+02     4.883910722337e+02
T =     4     Checksum =     5.545423607415e+02     4.901273169046e+02
T =     5     Checksum =     5.544255039624e+02     4.917475857993e+02
T =     6     Checksum =     5.542683411903e+02     4.932597244941e+02
Result verification successful
class = S


 FT Benchmark Completed
 Class           =                        S
 Size            =               64x 64x 64
 Iterations      =                        6
 Threads         =                        1
 Time in seconds =                    10.41
 Mop/s total     =                    17.03
 Operation type  =           floating point
 Verification    =               SUCCESSFUL
 Version         =           3.0 structured
 Compile date    =              09 Nov 2021

 Compile options:
    CC           = gcc
    CLINK        = gcc
    C_LIB        = -lm
    C_INC        = -I../common
    CFLAGS       = -O0
    CLINKFLAGS   = (none)
    RAND         = randdp

 Execution time
 Seconds : 13
 Micro seconds : 12002709
==2804== 
==2804== I   refs:      4,197,274,958
==2804== I1  misses:            1,705
==2804== LLi misses:            1,693
==2804== I1  miss rate:          0.00%
==2804== LLi miss rate:          0.00%
==2804== 
==2804== D   refs:      1,601,935,311  (1,403,663,935 rd   + 198,271,376 wr)
==2804== D1  misses:        6,665,490  (    2,718,654 rd   +   3,946,836 wr)
==2804== LLd misses:        2,542,959  (    1,388,769 rd   +   1,154,190 wr)
==2804== D1  miss rate:           0.4% (          0.2%     +         2.0%  )
==2804== LLd miss rate:           0.2% (          0.1%     +         0.6%  )
==2804== 
==2804== LL refs:           6,667,195  (    2,720,359 rd   +   3,946,836 wr)
==2804== LL misses:         2,544,652  (    1,390,462 rd   +   1,154,190 wr)
==2804== LL miss rate:            0.0% (          0.0%     +         0.6%  )
==2814== Cachegrind, a cache and branch-prediction profiler
==2814== Copyright (C) 2002-2017, and GNU GPL'd, by Nicholas Nethercote et al.
==2814== Using Valgrind-3.15.0 and LibVEX; rerun with -h for copyright info
==2814== Command: bin/ft.S
==2814== 
--2814-- warning: L3 cache found, using its data for the LL simulation.
==2814== error calling PR_SET_PTRACER, vgdb might block


 NAS Parallel Benchmarks 3.0 structured OpenMP C version - FT Benchmark

 Size                :  64x 64x 64
 Iterations          :           6
T =     1     Checksum =     5.546087004964e+02     4.845363331978e+02
T =     2     Checksum =     5.546385409190e+02     4.865304269511e+02
T =     3     Checksum =     5.546148406171e+02     4.883910722337e+02
T =     4     Checksum =     5.545423607415e+02     4.901273169046e+02
T =     5     Checksum =     5.544255039624e+02     4.917475857993e+02
T =     6     Checksum =     5.542683411903e+02     4.932597244941e+02
Result verification successful
class = S


 FT Benchmark Completed
 Class           =                        S
 Size            =               64x 64x 64
 Iterations      =                        6
 Threads         =                        1
 Time in seconds =                    11.56
 Mop/s total     =                    15.33
 Operation type  =           floating point
 Verification    =               SUCCESSFUL
 Version         =           3.0 structured
 Compile date    =              09 Nov 2021

 Compile options:
    CC           = gcc
    CLINK        = gcc
    C_LIB        = -lm
    C_INC        = -I../common
    CFLAGS       = -O0
    CLINKFLAGS   = (none)
    RAND         = randdp

 Execution time
 Seconds : 13
 Micro seconds : 13426312
==2814== 
==2814== I   refs:      4,197,274,942
==2814== I1  misses:            1,705
==2814== LLi misses:            1,693
==2814== I1  miss rate:          0.00%
==2814== LLi miss rate:          0.00%
==2814== 
==2814== D   refs:      1,601,935,308  (1,403,663,928 rd   + 198,271,380 wr)
==2814== D1  misses:        6,665,490  (    2,718,654 rd   +   3,946,836 wr)
==2814== LLd misses:        2,542,959  (    1,388,769 rd   +   1,154,190 wr)
==2814== D1  miss rate:           0.4% (          0.2%     +         2.0%  )
==2814== LLd miss rate:           0.2% (          0.1%     +         0.6%  )
==2814== 
==2814== LL refs:           6,667,195  (    2,720,359 rd   +   3,946,836 wr)
==2814== LL misses:         2,544,652  (    1,390,462 rd   +   1,154,190 wr)
==2814== LL miss rate:            0.0% (          0.0%     +         0.6%  )
==2824== Cachegrind, a cache and branch-prediction profiler
==2824== Copyright (C) 2002-2017, and GNU GPL'd, by Nicholas Nethercote et al.
==2824== Using Valgrind-3.15.0 and LibVEX; rerun with -h for copyright info
==2824== Command: bin/ft.S
==2824== 
--2824-- warning: L3 cache found, using its data for the LL simulation.
==2824== error calling PR_SET_PTRACER, vgdb might block


 NAS Parallel Benchmarks 3.0 structured OpenMP C version - FT Benchmark

 Size                :  64x 64x 64
 Iterations          :           6
T =     1     Checksum =     5.546087004964e+02     4.845363331978e+02
T =     2     Checksum =     5.546385409190e+02     4.865304269511e+02
T =     3     Checksum =     5.546148406171e+02     4.883910722337e+02
T =     4     Checksum =     5.545423607415e+02     4.901273169046e+02
T =     5     Checksum =     5.544255039624e+02     4.917475857993e+02
T =     6     Checksum =     5.542683411903e+02     4.932597244941e+02
Result verification successful
class = S


 FT Benchmark Completed
 Class           =                        S
 Size            =               64x 64x 64
 Iterations      =                        6
 Threads         =                        1
 Time in seconds =                    10.60
 Mop/s total     =                    16.71
 Operation type  =           floating point
 Verification    =               SUCCESSFUL
 Version         =           3.0 structured
 Compile date    =              09 Nov 2021

 Compile options:
    CC           = gcc
    CLINK        = gcc
    C_LIB        = -lm
    C_INC        = -I../common
    CFLAGS       = -O0
    CLINKFLAGS   = (none)
    RAND         = randdp

 Execution time
 Seconds : 12
 Micro seconds : 12222828
==2824== 
==2824== I   refs:      4,197,274,923
==2824== I1  misses:            1,705
==2824== LLi misses:            1,693
==2824== I1  miss rate:          0.00%
==2824== LLi miss rate:          0.00%
==2824== 
==2824== D   refs:      1,601,935,297  (1,403,663,924 rd   + 198,271,373 wr)
==2824== D1  misses:        6,665,490  (    2,718,654 rd   +   3,946,836 wr)
==2824== LLd misses:        2,542,959  (    1,388,769 rd   +   1,154,190 wr)
==2824== D1  miss rate:           0.4% (          0.2%     +         2.0%  )
==2824== LLd miss rate:           0.2% (          0.1%     +         0.6%  )
==2824== 
==2824== LL refs:           6,667,195  (    2,720,359 rd   +   3,946,836 wr)
==2824== LL misses:         2,544,652  (    1,390,462 rd   +   1,154,190 wr)
==2824== LL miss rate:            0.0% (          0.0%     +         0.6%  )
==2834== Cachegrind, a cache and branch-prediction profiler
==2834== Copyright (C) 2002-2017, and GNU GPL'd, by Nicholas Nethercote et al.
==2834== Using Valgrind-3.15.0 and LibVEX; rerun with -h for copyright info
==2834== Command: bin/ft.S
==2834== 
--2834-- warning: L3 cache found, using its data for the LL simulation.
==2834== error calling PR_SET_PTRACER, vgdb might block


 NAS Parallel Benchmarks 3.0 structured OpenMP C version - FT Benchmark

 Size                :  64x 64x 64
 Iterations          :           6
T =     1     Checksum =     5.546087004964e+02     4.845363331978e+02
T =     2     Checksum =     5.546385409190e+02     4.865304269511e+02
T =     3     Checksum =     5.546148406171e+02     4.883910722337e+02
T =     4     Checksum =     5.545423607415e+02     4.901273169046e+02
T =     5     Checksum =     5.544255039624e+02     4.917475857993e+02
T =     6     Checksum =     5.542683411903e+02     4.932597244941e+02
Result verification successful
class = S


 FT Benchmark Completed
 Class           =                        S
 Size            =               64x 64x 64
 Iterations      =                        6
 Threads         =                        1
 Time in seconds =                    10.04
 Mop/s total     =                    17.64
 Operation type  =           floating point
 Verification    =               SUCCESSFUL
 Version         =           3.0 structured
 Compile date    =              09 Nov 2021

 Compile options:
    CC           = gcc
    CLINK        = gcc
    C_LIB        = -lm
    C_INC        = -I../common
    CFLAGS       = -O0
    CLINKFLAGS   = (none)
    RAND         = randdp

 Execution time
 Seconds : 12
 Micro seconds : 11612208
==2834== 
==2834== I   refs:      4,197,274,916
==2834== I1  misses:            1,705
==2834== LLi misses:            1,693
==2834== I1  miss rate:          0.00%
==2834== LLi miss rate:          0.00%
==2834== 
==2834== D   refs:      1,601,935,297  (1,403,663,923 rd   + 198,271,374 wr)
==2834== D1  misses:        6,665,490  (    2,718,654 rd   +   3,946,836 wr)
==2834== LLd misses:        2,542,959  (    1,388,769 rd   +   1,154,190 wr)
==2834== D1  miss rate:           0.4% (          0.2%     +         2.0%  )
==2834== LLd miss rate:           0.2% (          0.1%     +         0.6%  )
==2834== 
==2834== LL refs:           6,667,195  (    2,720,359 rd   +   3,946,836 wr)
==2834== LL misses:         2,544,652  (    1,390,462 rd   +   1,154,190 wr)
==2834== LL miss rate:            0.0% (          0.0%     +         0.6%  )
==2845== Cachegrind, a cache and branch-prediction profiler
==2845== Copyright (C) 2002-2017, and GNU GPL'd, by Nicholas Nethercote et al.
==2845== Using Valgrind-3.15.0 and LibVEX; rerun with -h for copyright info
==2845== Command: bin/ft.S
==2845== 
--2845-- warning: L3 cache found, using its data for the LL simulation.
==2845== error calling PR_SET_PTRACER, vgdb might block


 NAS Parallel Benchmarks 3.0 structured OpenMP C version - FT Benchmark

 Size                :  64x 64x 64
 Iterations          :           6
T =     1     Checksum =     5.546087004964e+02     4.845363331978e+02
T =     2     Checksum =     5.546385409190e+02     4.865304269511e+02
T =     3     Checksum =     5.546148406171e+02     4.883910722337e+02
T =     4     Checksum =     5.545423607415e+02     4.901273169046e+02
T =     5     Checksum =     5.544255039624e+02     4.917475857993e+02
T =     6     Checksum =     5.542683411903e+02     4.932597244941e+02
Result verification successful
class = S


 FT Benchmark Completed
 Class           =                        S
 Size            =               64x 64x 64
 Iterations      =                        6
 Threads         =                        1
 Time in seconds =                    10.05
 Mop/s total     =                    17.62
 Operation type  =           floating point
 Verification    =               SUCCESSFUL
 Version         =           3.0 structured
 Compile date    =              09 Nov 2021

 Compile options:
    CC           = gcc
    CLINK        = gcc
    C_LIB        = -lm
    C_INC        = -I../common
    CFLAGS       = -O0
    CLINKFLAGS   = (none)
    RAND         = randdp

 Execution time
 Seconds : 11
 Micro seconds : 11620534
==2845== 
==2845== I   refs:      4,197,274,923
==2845== I1  misses:            1,705
==2845== LLi misses:            1,693
==2845== I1  miss rate:          0.00%
==2845== LLi miss rate:          0.00%
==2845== 
==2845== D   refs:      1,601,935,301  (1,403,663,924 rd   + 198,271,377 wr)
==2845== D1  misses:        6,665,490  (    2,718,654 rd   +   3,946,836 wr)
==2845== LLd misses:        2,542,959  (    1,388,769 rd   +   1,154,190 wr)
==2845== D1  miss rate:           0.4% (          0.2%     +         2.0%  )
==2845== LLd miss rate:           0.2% (          0.1%     +         0.6%  )
==2845== 
==2845== LL refs:           6,667,195  (    2,720,359 rd   +   3,946,836 wr)
==2845== LL misses:         2,544,652  (    1,390,462 rd   +   1,154,190 wr)
==2845== LL miss rate:            0.0% (          0.0%     +         0.6%  )
==2861== Cachegrind, a cache and branch-prediction profiler
==2861== Copyright (C) 2002-2017, and GNU GPL'd, by Nicholas Nethercote et al.
==2861== Using Valgrind-3.15.0 and LibVEX; rerun with -h for copyright info
==2861== Command: bin/ft.S
==2861== 
--2861-- warning: L3 cache found, using its data for the LL simulation.
==2861== error calling PR_SET_PTRACER, vgdb might block


 NAS Parallel Benchmarks 3.0 structured OpenMP C version - FT Benchmark

 Size                :  64x 64x 64
 Iterations          :           6
T =     1     Checksum =     5.546087004964e+02     4.845363331978e+02
T =     2     Checksum =     5.546385409190e+02     4.865304269511e+02
T =     3     Checksum =     5.546148406171e+02     4.883910722337e+02
T =     4     Checksum =     5.545423607415e+02     4.901273169046e+02
T =     5     Checksum =     5.544255039624e+02     4.917475857993e+02
T =     6     Checksum =     5.542683411903e+02     4.932597244941e+02
Result verification successful
class = S


 FT Benchmark Completed
 Class           =                        S
 Size            =               64x 64x 64
 Iterations      =                        6
 Threads         =                        1
 Time in seconds =                    11.96
 Mop/s total     =                    14.82
 Operation type  =           floating point
 Verification    =               SUCCESSFUL
 Version         =           3.0 structured
 Compile date    =              09 Nov 2021

 Compile options:
    CC           = gcc
    CLINK        = gcc
    C_LIB        = -lm
    C_INC        = -I../common
    CFLAGS       = -O0
    CLINKFLAGS   = (none)
    RAND         = randdp

 Execution time
 Seconds : 13
 Micro seconds : 13876123
==2861== 
==2861== I   refs:      4,197,274,973
==2861== I1  misses:            1,705
==2861== LLi misses:            1,693
==2861== I1  miss rate:          0.00%
==2861== LLi miss rate:          0.00%
==2861== 
==2861== D   refs:      1,601,935,320  (1,403,663,937 rd   + 198,271,383 wr)
==2861== D1  misses:        6,665,490  (    2,718,654 rd   +   3,946,836 wr)
==2861== LLd misses:        2,542,959  (    1,388,769 rd   +   1,154,190 wr)
==2861== D1  miss rate:           0.4% (          0.2%     +         2.0%  )
==2861== LLd miss rate:           0.2% (          0.1%     +         0.6%  )
==2861== 
==2861== LL refs:           6,667,195  (    2,720,359 rd   +   3,946,836 wr)
==2861== LL misses:         2,544,652  (    1,390,462 rd   +   1,154,190 wr)
==2861== LL miss rate:            0.0% (          0.0%     +         0.6%  )
==2871== Cachegrind, a cache and branch-prediction profiler
==2871== Copyright (C) 2002-2017, and GNU GPL'd, by Nicholas Nethercote et al.
==2871== Using Valgrind-3.15.0 and LibVEX; rerun with -h for copyright info
==2871== Command: bin/ft.S
==2871== 
--2871-- warning: L3 cache found, using its data for the LL simulation.
==2871== error calling PR_SET_PTRACER, vgdb might block


 NAS Parallel Benchmarks 3.0 structured OpenMP C version - FT Benchmark

 Size                :  64x 64x 64
 Iterations          :           6
T =     1     Checksum =     5.546087004964e+02     4.845363331978e+02
T =     2     Checksum =     5.546385409190e+02     4.865304269511e+02
T =     3     Checksum =     5.546148406171e+02     4.883910722337e+02
T =     4     Checksum =     5.545423607415e+02     4.901273169046e+02
T =     5     Checksum =     5.544255039624e+02     4.917475857993e+02
T =     6     Checksum =     5.542683411903e+02     4.932597244941e+02
Result verification successful
class = S


 FT Benchmark Completed
 Class           =                        S
 Size            =               64x 64x 64
 Iterations      =                        6
 Threads         =                        1
 Time in seconds =                    10.00
 Mop/s total     =                    17.71
 Operation type  =           floating point
 Verification    =               SUCCESSFUL
 Version         =           3.0 structured
 Compile date    =              09 Nov 2021

 Compile options:
    CC           = gcc
    CLINK        = gcc
    C_LIB        = -lm
    C_INC        = -I../common
    CFLAGS       = -O0
    CLINKFLAGS   = (none)
    RAND         = randdp

 Execution time
 Seconds : 12
 Micro seconds : 11544019
==2871== 
==2871== I   refs:      4,197,274,885
==2871== I1  misses:            1,705
==2871== LLi misses:            1,693
==2871== I1  miss rate:          0.00%
==2871== LLi miss rate:          0.00%
==2871== 
==2871== D   refs:      1,601,935,281  (1,403,663,913 rd   + 198,271,368 wr)
==2871== D1  misses:        6,665,490  (    2,718,654 rd   +   3,946,836 wr)
==2871== LLd misses:        2,542,959  (    1,388,769 rd   +   1,154,190 wr)
==2871== D1  miss rate:           0.4% (          0.2%     +         2.0%  )
==2871== LLd miss rate:           0.2% (          0.1%     +         0.6%  )
==2871== 
==2871== LL refs:           6,667,195  (    2,720,359 rd   +   3,946,836 wr)
==2871== LL misses:         2,544,652  (    1,390,462 rd   +   1,154,190 wr)
==2871== LL miss rate:            0.0% (          0.0%     +         0.6%  )
==2881== Cachegrind, a cache and branch-prediction profiler
==2881== Copyright (C) 2002-2017, and GNU GPL'd, by Nicholas Nethercote et al.
==2881== Using Valgrind-3.15.0 and LibVEX; rerun with -h for copyright info
==2881== Command: bin/ft.S
==2881== 
--2881-- warning: L3 cache found, using its data for the LL simulation.
==2881== error calling PR_SET_PTRACER, vgdb might block


 NAS Parallel Benchmarks 3.0 structured OpenMP C version - FT Benchmark

 Size                :  64x 64x 64
 Iterations          :           6
T =     1     Checksum =     5.546087004964e+02     4.845363331978e+02
T =     2     Checksum =     5.546385409190e+02     4.865304269511e+02
T =     3     Checksum =     5.546148406171e+02     4.883910722337e+02
T =     4     Checksum =     5.545423607415e+02     4.901273169046e+02
T =     5     Checksum =     5.544255039624e+02     4.917475857993e+02
T =     6     Checksum =     5.542683411903e+02     4.932597244941e+02
Result verification successful
class = S


 FT Benchmark Completed
 Class           =                        S
 Size            =               64x 64x 64
 Iterations      =                        6
 Threads         =                        1
 Time in seconds =                    10.36
 Mop/s total     =                    17.10
 Operation type  =           floating point
 Verification    =               SUCCESSFUL
 Version         =           3.0 structured
 Compile date    =              09 Nov 2021

 Compile options:
    CC           = gcc
    CLINK        = gcc
    C_LIB        = -lm
    C_INC        = -I../common
    CFLAGS       = -O0
    CLINKFLAGS   = (none)
    RAND         = randdp

 Execution time
 Seconds : 12
 Micro seconds : 12073946
==2881== 
==2881== I   refs:      4,197,274,953
==2881== I1  misses:            1,707
==2881== LLi misses:            1,695
==2881== I1  miss rate:          0.00%
==2881== LLi miss rate:          0.00%
==2881== 
==2881== D   refs:      1,601,935,309  (1,403,663,932 rd   + 198,271,377 wr)
==2881== D1  misses:        6,665,490  (    2,718,654 rd   +   3,946,836 wr)
==2881== LLd misses:        2,542,959  (    1,388,769 rd   +   1,154,190 wr)
==2881== D1  miss rate:           0.4% (          0.2%     +         2.0%  )
==2881== LLd miss rate:           0.2% (          0.1%     +         0.6%  )
==2881== 
==2881== LL refs:           6,667,197  (    2,720,361 rd   +   3,946,836 wr)
==2881== LL misses:         2,544,654  (    1,390,464 rd   +   1,154,190 wr)
==2881== LL miss rate:            0.0% (          0.0%     +         0.6%  )
==2892== Cachegrind, a cache and branch-prediction profiler
==2892== Copyright (C) 2002-2017, and GNU GPL'd, by Nicholas Nethercote et al.
==2892== Using Valgrind-3.15.0 and LibVEX; rerun with -h for copyright info
==2892== Command: bin/ft.S
==2892== 
--2892-- warning: L3 cache found, using its data for the LL simulation.
==2892== error calling PR_SET_PTRACER, vgdb might block


 NAS Parallel Benchmarks 3.0 structured OpenMP C version - FT Benchmark

 Size                :  64x 64x 64
 Iterations          :           6
T =     1     Checksum =     5.546087004964e+02     4.845363331978e+02
T =     2     Checksum =     5.546385409190e+02     4.865304269511e+02
T =     3     Checksum =     5.546148406171e+02     4.883910722337e+02
T =     4     Checksum =     5.545423607415e+02     4.901273169046e+02
T =     5     Checksum =     5.544255039624e+02     4.917475857993e+02
T =     6     Checksum =     5.542683411903e+02     4.932597244941e+02
Result verification successful
class = S


 FT Benchmark Completed
 Class           =                        S
 Size            =               64x 64x 64
 Iterations      =                        6
 Threads         =                        1
 Time in seconds =                    10.10
 Mop/s total     =                    17.54
 Operation type  =           floating point
 Verification    =               SUCCESSFUL
 Version         =           3.0 structured
 Compile date    =              09 Nov 2021

 Compile options:
    CC           = gcc
    CLINK        = gcc
    C_LIB        = -lm
    C_INC        = -I../common
    CFLAGS       = -O0
    CLINKFLAGS   = (none)
    RAND         = randdp

 Execution time
 Seconds : 11
 Micro seconds : 11661914
==2892== 
==2892== I   refs:      4,197,274,942
==2892== I1  misses:            1,705
==2892== LLi misses:            1,693
==2892== I1  miss rate:          0.00%
==2892== LLi miss rate:          0.00%
==2892== 
==2892== D   refs:      1,601,935,305  (1,403,663,928 rd   + 198,271,377 wr)
==2892== D1  misses:        6,665,490  (    2,718,654 rd   +   3,946,836 wr)
==2892== LLd misses:        2,542,959  (    1,388,769 rd   +   1,154,190 wr)
==2892== D1  miss rate:           0.4% (          0.2%     +         2.0%  )
==2892== LLd miss rate:           0.2% (          0.1%     +         0.6%  )
==2892== 
==2892== LL refs:           6,667,195  (    2,720,359 rd   +   3,946,836 wr)
==2892== LL misses:         2,544,652  (    1,390,462 rd   +   1,154,190 wr)
==2892== LL miss rate:            0.0% (          0.0%     +         0.6%  )
==2903== Cachegrind, a cache and branch-prediction profiler
==2903== Copyright (C) 2002-2017, and GNU GPL'd, by Nicholas Nethercote et al.
==2903== Using Valgrind-3.15.0 and LibVEX; rerun with -h for copyright info
==2903== Command: bin/ft.S
==2903== 
--2903-- warning: L3 cache found, using its data for the LL simulation.
==2903== error calling PR_SET_PTRACER, vgdb might block


 NAS Parallel Benchmarks 3.0 structured OpenMP C version - FT Benchmark

 Size                :  64x 64x 64
 Iterations          :           6
T =     1     Checksum =     5.546087004964e+02     4.845363331978e+02
T =     2     Checksum =     5.546385409190e+02     4.865304269511e+02
T =     3     Checksum =     5.546148406171e+02     4.883910722337e+02
T =     4     Checksum =     5.545423607415e+02     4.901273169046e+02
T =     5     Checksum =     5.544255039624e+02     4.917475857993e+02
T =     6     Checksum =     5.542683411903e+02     4.932597244941e+02
Result verification successful
class = S


 FT Benchmark Completed
 Class           =                        S
 Size            =               64x 64x 64
 Iterations      =                        6
 Threads         =                        1
 Time in seconds =                    10.05
 Mop/s total     =                    17.63
 Operation type  =           floating point
 Verification    =               SUCCESSFUL
 Version         =           3.0 structured
 Compile date    =              09 Nov 2021

 Compile options:
    CC           = gcc
    CLINK        = gcc
    C_LIB        = -lm
    C_INC        = -I../common
    CFLAGS       = -O0
    CLINKFLAGS   = (none)
    RAND         = randdp

 Execution time
 Seconds : 11
 Micro seconds : 11604180
==2903== 
==2903== I   refs:      4,197,274,947
==2903== I1  misses:            1,705
==2903== LLi misses:            1,693
==2903== I1  miss rate:          0.00%
==2903== LLi miss rate:          0.00%
==2903== 
==2903== D   refs:      1,601,935,309  (1,403,663,931 rd   + 198,271,378 wr)
==2903== D1  misses:        6,665,490  (    2,718,654 rd   +   3,946,836 wr)
==2903== LLd misses:        2,542,959  (    1,388,769 rd   +   1,154,190 wr)
==2903== D1  miss rate:           0.4% (          0.2%     +         2.0%  )
==2903== LLd miss rate:           0.2% (          0.1%     +         0.6%  )
==2903== 
==2903== LL refs:           6,667,195  (    2,720,359 rd   +   3,946,836 wr)
==2903== LL misses:         2,544,652  (    1,390,462 rd   +   1,154,190 wr)
==2903== LL miss rate:            0.0% (          0.0%     +         0.6%  )
==2913== Cachegrind, a cache and branch-prediction profiler
==2913== Copyright (C) 2002-2017, and GNU GPL'd, by Nicholas Nethercote et al.
==2913== Using Valgrind-3.15.0 and LibVEX; rerun with -h for copyright info
==2913== Command: bin/ft.S
==2913== 
--2913-- warning: L3 cache found, using its data for the LL simulation.
==2913== error calling PR_SET_PTRACER, vgdb might block


 NAS Parallel Benchmarks 3.0 structured OpenMP C version - FT Benchmark

 Size                :  64x 64x 64
 Iterations          :           6
T =     1     Checksum =     5.546087004964e+02     4.845363331978e+02
T =     2     Checksum =     5.546385409190e+02     4.865304269511e+02
T =     3     Checksum =     5.546148406171e+02     4.883910722337e+02
T =     4     Checksum =     5.545423607415e+02     4.901273169046e+02
T =     5     Checksum =     5.544255039624e+02     4.917475857993e+02
T =     6     Checksum =     5.542683411903e+02     4.932597244941e+02
Result verification successful
class = S


 FT Benchmark Completed
 Class           =                        S
 Size            =               64x 64x 64
 Iterations      =                        6
 Threads         =                        1
 Time in seconds =                    13.01
 Mop/s total     =                    13.62
 Operation type  =           floating point
 Verification    =               SUCCESSFUL
 Version         =           3.0 structured
 Compile date    =              09 Nov 2021

 Compile options:
    CC           = gcc
    CLINK        = gcc
    C_LIB        = -lm
    C_INC        = -I../common
    CFLAGS       = -O0
    CLINKFLAGS   = (none)
    RAND         = randdp

 Execution time
 Seconds : 15
 Micro seconds : 15000849
==2913== 
==2913== I   refs:      4,197,274,929
==2913== I1  misses:            1,707
==2913== LLi misses:            1,695
==2913== I1  miss rate:          0.00%
==2913== LLi miss rate:          0.00%
==2913== 
==2913== D   refs:      1,601,935,300  (1,403,663,925 rd   + 198,271,375 wr)
==2913== D1  misses:        6,665,490  (    2,718,654 rd   +   3,946,836 wr)
==2913== LLd misses:        2,542,959  (    1,388,769 rd   +   1,154,190 wr)
==2913== D1  miss rate:           0.4% (          0.2%     +         2.0%  )
==2913== LLd miss rate:           0.2% (          0.1%     +         0.6%  )
==2913== 
==2913== LL refs:           6,667,197  (    2,720,361 rd   +   3,946,836 wr)
==2913== LL misses:         2,544,654  (    1,390,464 rd   +   1,154,190 wr)
==2913== LL miss rate:            0.0% (          0.0%     +         0.6%  )
==2924== Cachegrind, a cache and branch-prediction profiler
==2924== Copyright (C) 2002-2017, and GNU GPL'd, by Nicholas Nethercote et al.
==2924== Using Valgrind-3.15.0 and LibVEX; rerun with -h for copyright info
==2924== Command: bin/ft.S
==2924== 
--2924-- warning: L3 cache found, using its data for the LL simulation.
==2924== error calling PR_SET_PTRACER, vgdb might block


 NAS Parallel Benchmarks 3.0 structured OpenMP C version - FT Benchmark

 Size                :  64x 64x 64
 Iterations          :           6
T =     1     Checksum =     5.546087004964e+02     4.845363331978e+02
T =     2     Checksum =     5.546385409190e+02     4.865304269511e+02
T =     3     Checksum =     5.546148406171e+02     4.883910722337e+02
T =     4     Checksum =     5.545423607415e+02     4.901273169046e+02
T =     5     Checksum =     5.544255039624e+02     4.917475857993e+02
T =     6     Checksum =     5.542683411903e+02     4.932597244941e+02
Result verification successful
class = S


 FT Benchmark Completed
 Class           =                        S
 Size            =               64x 64x 64
 Iterations      =                        6
 Threads         =                        1
 Time in seconds =                    10.57
 Mop/s total     =                    16.77
 Operation type  =           floating point
 Verification    =               SUCCESSFUL
 Version         =           3.0 structured
 Compile date    =              09 Nov 2021

 Compile options:
    CC           = gcc
    CLINK        = gcc
    C_LIB        = -lm
    C_INC        = -I../common
    CFLAGS       = -O0
    CLINKFLAGS   = (none)
    RAND         = randdp

 Execution time
 Seconds : 12
 Micro seconds : 12192304
==2924== 
==2924== I   refs:      4,197,274,978
==2924== I1  misses:            1,705
==2924== LLi misses:            1,693
==2924== I1  miss rate:          0.00%
==2924== LLi miss rate:          0.00%
==2924== 
==2924== D   refs:      1,601,935,321  (1,403,663,939 rd   + 198,271,382 wr)
==2924== D1  misses:        6,665,490  (    2,718,654 rd   +   3,946,836 wr)
==2924== LLd misses:        2,542,959  (    1,388,769 rd   +   1,154,190 wr)
==2924== D1  miss rate:           0.4% (          0.2%     +         2.0%  )
==2924== LLd miss rate:           0.2% (          0.1%     +         0.6%  )
==2924== 
==2924== LL refs:           6,667,195  (    2,720,359 rd   +   3,946,836 wr)
==2924== LL misses:         2,544,652  (    1,390,462 rd   +   1,154,190 wr)
==2924== LL miss rate:            0.0% (          0.0%     +         0.6%  )
==2934== Cachegrind, a cache and branch-prediction profiler
==2934== Copyright (C) 2002-2017, and GNU GPL'd, by Nicholas Nethercote et al.
==2934== Using Valgrind-3.15.0 and LibVEX; rerun with -h for copyright info
==2934== Command: bin/ft.S
==2934== 
--2934-- warning: L3 cache found, using its data for the LL simulation.
==2934== error calling PR_SET_PTRACER, vgdb might block


 NAS Parallel Benchmarks 3.0 structured OpenMP C version - FT Benchmark

 Size                :  64x 64x 64
 Iterations          :           6
T =     1     Checksum =     5.546087004964e+02     4.845363331978e+02
T =     2     Checksum =     5.546385409190e+02     4.865304269511e+02
T =     3     Checksum =     5.546148406171e+02     4.883910722337e+02
T =     4     Checksum =     5.545423607415e+02     4.901273169046e+02
T =     5     Checksum =     5.544255039624e+02     4.917475857993e+02
T =     6     Checksum =     5.542683411903e+02     4.932597244941e+02
Result verification successful
class = S


 FT Benchmark Completed
 Class           =                        S
 Size            =               64x 64x 64
 Iterations      =                        6
 Threads         =                        1
 Time in seconds =                    11.87
 Mop/s total     =                    14.93
 Operation type  =           floating point
 Verification    =               SUCCESSFUL
 Version         =           3.0 structured
 Compile date    =              09 Nov 2021

 Compile options:
    CC           = gcc
    CLINK        = gcc
    C_LIB        = -lm
    C_INC        = -I../common
    CFLAGS       = -O0
    CLINKFLAGS   = (none)
    RAND         = randdp

 Execution time
 Seconds : 14
 Micro seconds : 13684817
==2934== 
==2934== I   refs:      4,197,274,971
==2934== I1  misses:            1,705
==2934== LLi misses:            1,693
==2934== I1  miss rate:          0.00%
==2934== LLi miss rate:          0.00%
==2934== 
==2934== D   refs:      1,601,935,318  (1,403,663,935 rd   + 198,271,383 wr)
==2934== D1  misses:        6,665,490  (    2,718,654 rd   +   3,946,836 wr)
==2934== LLd misses:        2,542,959  (    1,388,769 rd   +   1,154,190 wr)
==2934== D1  miss rate:           0.4% (          0.2%     +         2.0%  )
==2934== LLd miss rate:           0.2% (          0.1%     +         0.6%  )
==2934== 
==2934== LL refs:           6,667,195  (    2,720,359 rd   +   3,946,836 wr)
==2934== LL misses:         2,544,652  (    1,390,462 rd   +   1,154,190 wr)
==2934== LL miss rate:            0.0% (          0.0%     +         0.6%  )
==2945== Cachegrind, a cache and branch-prediction profiler
==2945== Copyright (C) 2002-2017, and GNU GPL'd, by Nicholas Nethercote et al.
==2945== Using Valgrind-3.15.0 and LibVEX; rerun with -h for copyright info
==2945== Command: bin/ft.S
==2945== 
--2945-- warning: L3 cache found, using its data for the LL simulation.
==2945== error calling PR_SET_PTRACER, vgdb might block


 NAS Parallel Benchmarks 3.0 structured OpenMP C version - FT Benchmark

 Size                :  64x 64x 64
 Iterations          :           6
T =     1     Checksum =     5.546087004964e+02     4.845363331978e+02
T =     2     Checksum =     5.546385409190e+02     4.865304269511e+02
T =     3     Checksum =     5.546148406171e+02     4.883910722337e+02
T =     4     Checksum =     5.545423607415e+02     4.901273169046e+02
T =     5     Checksum =     5.544255039624e+02     4.917475857993e+02
T =     6     Checksum =     5.542683411903e+02     4.932597244941e+02
Result verification successful
class = S


 FT Benchmark Completed
 Class           =                        S
 Size            =               64x 64x 64
 Iterations      =                        6
 Threads         =                        1
 Time in seconds =                    10.24
 Mop/s total     =                    17.29
 Operation type  =           floating point
 Verification    =               SUCCESSFUL
 Version         =           3.0 structured
 Compile date    =              09 Nov 2021

 Compile options:
    CC           = gcc
    CLINK        = gcc
    C_LIB        = -lm
    C_INC        = -I../common
    CFLAGS       = -O0
    CLINKFLAGS   = (none)
    RAND         = randdp

 Execution time
 Seconds : 11
 Micro seconds : 11822360
==2945== 
==2945== I   refs:      4,197,274,936
==2945== I1  misses:            1,705
==2945== LLi misses:            1,693
==2945== I1  miss rate:          0.00%
==2945== LLi miss rate:          0.00%
==2945== 
==2945== D   refs:      1,601,935,307  (1,403,663,927 rd   + 198,271,380 wr)
==2945== D1  misses:        6,665,490  (    2,718,654 rd   +   3,946,836 wr)
==2945== LLd misses:        2,542,959  (    1,388,769 rd   +   1,154,190 wr)
==2945== D1  miss rate:           0.4% (          0.2%     +         2.0%  )
==2945== LLd miss rate:           0.2% (          0.1%     +         0.6%  )
==2945== 
==2945== LL refs:           6,667,195  (    2,720,359 rd   +   3,946,836 wr)
==2945== LL misses:         2,544,652  (    1,390,462 rd   +   1,154,190 wr)
==2945== LL miss rate:            0.0% (          0.0%     +         0.6%  )
==2969== Cachegrind, a cache and branch-prediction profiler
==2969== Copyright (C) 2002-2017, and GNU GPL'd, by Nicholas Nethercote et al.
==2969== Using Valgrind-3.15.0 and LibVEX; rerun with -h for copyright info
==2969== Command: bin/ft.S
==2969== 
--2969-- warning: L3 cache found, using its data for the LL simulation.
==2969== error calling PR_SET_PTRACER, vgdb might block


 NAS Parallel Benchmarks 3.0 structured OpenMP C version - FT Benchmark

 Size                :  64x 64x 64
 Iterations          :           6
T =     1     Checksum =     5.546087004964e+02     4.845363331978e+02
T =     2     Checksum =     5.546385409190e+02     4.865304269511e+02
T =     3     Checksum =     5.546148406171e+02     4.883910722337e+02
T =     4     Checksum =     5.545423607415e+02     4.901273169046e+02
T =     5     Checksum =     5.544255039624e+02     4.917475857993e+02
T =     6     Checksum =     5.542683411903e+02     4.932597244941e+02
Result verification successful
class = S


 FT Benchmark Completed
 Class           =                        S
 Size            =               64x 64x 64
 Iterations      =                        6
 Threads         =                        1
 Time in seconds =                    11.56
 Mop/s total     =                    15.32
 Operation type  =           floating point
 Verification    =               SUCCESSFUL
 Version         =           3.0 structured
 Compile date    =              09 Nov 2021

 Compile options:
    CC           = gcc
    CLINK        = gcc
    C_LIB        = -lm
    C_INC        = -I../common
    CFLAGS       = -O0
    CLINKFLAGS   = (none)
    RAND         = randdp

 Execution time
 Seconds : 13
 Micro seconds : 13421448
==2969== 
==2969== I   refs:      4,197,274,920
==2969== I1  misses:            1,705
==2969== LLi misses:            1,693
==2969== I1  miss rate:          0.00%
==2969== LLi miss rate:          0.00%
==2969== 
==2969== D   refs:      1,601,935,300  (1,403,663,921 rd   + 198,271,379 wr)
==2969== D1  misses:        6,665,490  (    2,718,654 rd   +   3,946,836 wr)
==2969== LLd misses:        2,542,959  (    1,388,769 rd   +   1,154,190 wr)
==2969== D1  miss rate:           0.4% (          0.2%     +         2.0%  )
==2969== LLd miss rate:           0.2% (          0.1%     +         0.6%  )
==2969== 
==2969== LL refs:           6,667,195  (    2,720,359 rd   +   3,946,836 wr)
==2969== LL misses:         2,544,652  (    1,390,462 rd   +   1,154,190 wr)
==2969== LL miss rate:            0.0% (          0.0%     +         0.6%  )
==2989== Cachegrind, a cache and branch-prediction profiler
==2989== Copyright (C) 2002-2017, and GNU GPL'd, by Nicholas Nethercote et al.
==2989== Using Valgrind-3.15.0 and LibVEX; rerun with -h for copyright info
==2989== Command: bin/ft.S
==2989== 
--2989-- warning: L3 cache found, using its data for the LL simulation.
==2989== error calling PR_SET_PTRACER, vgdb might block


 NAS Parallel Benchmarks 3.0 structured OpenMP C version - FT Benchmark

 Size                :  64x 64x 64
 Iterations          :           6
T =     1     Checksum =     5.546087004964e+02     4.845363331978e+02
T =     2     Checksum =     5.546385409190e+02     4.865304269511e+02
T =     3     Checksum =     5.546148406171e+02     4.883910722337e+02
T =     4     Checksum =     5.545423607415e+02     4.901273169046e+02
T =     5     Checksum =     5.544255039624e+02     4.917475857993e+02
T =     6     Checksum =     5.542683411903e+02     4.932597244941e+02
Result verification successful
class = S


 FT Benchmark Completed
 Class           =                        S
 Size            =               64x 64x 64
 Iterations      =                        6
 Threads         =                        1
 Time in seconds =                    11.70
 Mop/s total     =                    15.15
 Operation type  =           floating point
 Verification    =               SUCCESSFUL
 Version         =           3.0 structured
 Compile date    =              09 Nov 2021

 Compile options:
    CC           = gcc
    CLINK        = gcc
    C_LIB        = -lm
    C_INC        = -I../common
    CFLAGS       = -O0
    CLINKFLAGS   = (none)
    RAND         = randdp

 Execution time
 Seconds : 13
 Micro seconds : 13557957
==2989== 
==2989== I   refs:      4,197,274,973
==2989== I1  misses:            1,705
==2989== LLi misses:            1,693
==2989== I1  miss rate:          0.00%
==2989== LLi miss rate:          0.00%
==2989== 
==2989== D   refs:      1,601,935,317  (1,403,663,935 rd   + 198,271,382 wr)
==2989== D1  misses:        6,665,490  (    2,718,654 rd   +   3,946,836 wr)
==2989== LLd misses:        2,542,959  (    1,388,769 rd   +   1,154,190 wr)
==2989== D1  miss rate:           0.4% (          0.2%     +         2.0%  )
==2989== LLd miss rate:           0.2% (          0.1%     +         0.6%  )
==2989== 
==2989== LL refs:           6,667,195  (    2,720,359 rd   +   3,946,836 wr)
==2989== LL misses:         2,544,652  (    1,390,462 rd   +   1,154,190 wr)
==2989== LL miss rate:            0.0% (          0.0%     +         0.6%  )
==2999== Cachegrind, a cache and branch-prediction profiler
==2999== Copyright (C) 2002-2017, and GNU GPL'd, by Nicholas Nethercote et al.
==2999== Using Valgrind-3.15.0 and LibVEX; rerun with -h for copyright info
==2999== Command: bin/ft.S
==2999== 
--2999-- warning: L3 cache found, using its data for the LL simulation.
==2999== error calling PR_SET_PTRACER, vgdb might block


 NAS Parallel Benchmarks 3.0 structured OpenMP C version - FT Benchmark

 Size                :  64x 64x 64
 Iterations          :           6
T =     1     Checksum =     5.546087004964e+02     4.845363331978e+02
T =     2     Checksum =     5.546385409190e+02     4.865304269511e+02
T =     3     Checksum =     5.546148406171e+02     4.883910722337e+02
T =     4     Checksum =     5.545423607415e+02     4.901273169046e+02
T =     5     Checksum =     5.544255039624e+02     4.917475857993e+02
T =     6     Checksum =     5.542683411903e+02     4.932597244941e+02
Result verification successful
class = S


 FT Benchmark Completed
 Class           =                        S
 Size            =               64x 64x 64
 Iterations      =                        6
 Threads         =                        1
 Time in seconds =                    11.63
 Mop/s total     =                    15.23
 Operation type  =           floating point
 Verification    =               SUCCESSFUL
 Version         =           3.0 structured
 Compile date    =              09 Nov 2021

 Compile options:
    CC           = gcc
    CLINK        = gcc
    C_LIB        = -lm
    C_INC        = -I../common
    CFLAGS       = -O0
    CLINKFLAGS   = (none)
    RAND         = randdp

 Execution time
 Seconds : 14
 Micro seconds : 13634606
==2999== 
==2999== I   refs:      4,197,274,953
==2999== I1  misses:            1,705
==2999== LLi misses:            1,693
==2999== I1  miss rate:          0.00%
==2999== LLi miss rate:          0.00%
==2999== 
==2999== D   refs:      1,601,935,312  (1,403,663,930 rd   + 198,271,382 wr)
==2999== D1  misses:        6,665,490  (    2,718,654 rd   +   3,946,836 wr)
==2999== LLd misses:        2,542,959  (    1,388,769 rd   +   1,154,190 wr)
==2999== D1  miss rate:           0.4% (          0.2%     +         2.0%  )
==2999== LLd miss rate:           0.2% (          0.1%     +         0.6%  )
==2999== 
==2999== LL refs:           6,667,195  (    2,720,359 rd   +   3,946,836 wr)
==2999== LL misses:         2,544,652  (    1,390,462 rd   +   1,154,190 wr)
==2999== LL miss rate:            0.0% (          0.0%     +         0.6%  )
==3009== Cachegrind, a cache and branch-prediction profiler
==3009== Copyright (C) 2002-2017, and GNU GPL'd, by Nicholas Nethercote et al.
==3009== Using Valgrind-3.15.0 and LibVEX; rerun with -h for copyright info
==3009== Command: bin/ft.S
==3009== 
--3009-- warning: L3 cache found, using its data for the LL simulation.
==3009== error calling PR_SET_PTRACER, vgdb might block


 NAS Parallel Benchmarks 3.0 structured OpenMP C version - FT Benchmark

 Size                :  64x 64x 64
 Iterations          :           6
T =     1     Checksum =     5.546087004964e+02     4.845363331978e+02
T =     2     Checksum =     5.546385409190e+02     4.865304269511e+02
T =     3     Checksum =     5.546148406171e+02     4.883910722337e+02
T =     4     Checksum =     5.545423607415e+02     4.901273169046e+02
T =     5     Checksum =     5.544255039624e+02     4.917475857993e+02
T =     6     Checksum =     5.542683411903e+02     4.932597244941e+02
Result verification successful
class = S


 FT Benchmark Completed
 Class           =                        S
 Size            =               64x 64x 64
 Iterations      =                        6
 Threads         =                        1
 Time in seconds =                    11.92
 Mop/s total     =                    14.86
 Operation type  =           floating point
 Verification    =               SUCCESSFUL
 Version         =           3.0 structured
 Compile date    =              09 Nov 2021

 Compile options:
    CC           = gcc
    CLINK        = gcc
    C_LIB        = -lm
    C_INC        = -I../common
    CFLAGS       = -O0
    CLINKFLAGS   = (none)
    RAND         = randdp

 Execution time
 Seconds : 14
 Micro seconds : 13979361
==3009== 
==3009== I   refs:      4,197,274,915
==3009== I1  misses:            1,705
==3009== LLi misses:            1,693
==3009== I1  miss rate:          0.00%
==3009== LLi miss rate:          0.00%
==3009== 
==3009== D   refs:      1,601,935,296  (1,403,663,919 rd   + 198,271,377 wr)
==3009== D1  misses:        6,665,490  (    2,718,654 rd   +   3,946,836 wr)
==3009== LLd misses:        2,542,959  (    1,388,769 rd   +   1,154,190 wr)
==3009== D1  miss rate:           0.4% (          0.2%     +         2.0%  )
==3009== LLd miss rate:           0.2% (          0.1%     +         0.6%  )
==3009== 
==3009== LL refs:           6,667,195  (    2,720,359 rd   +   3,946,836 wr)
==3009== LL misses:         2,544,652  (    1,390,462 rd   +   1,154,190 wr)
==3009== LL miss rate:            0.0% (          0.0%     +         0.6%  )
==3019== Cachegrind, a cache and branch-prediction profiler
==3019== Copyright (C) 2002-2017, and GNU GPL'd, by Nicholas Nethercote et al.
==3019== Using Valgrind-3.15.0 and LibVEX; rerun with -h for copyright info
==3019== Command: bin/ft.S
==3019== 
--3019-- warning: L3 cache found, using its data for the LL simulation.
==3019== error calling PR_SET_PTRACER, vgdb might block


 NAS Parallel Benchmarks 3.0 structured OpenMP C version - FT Benchmark

 Size                :  64x 64x 64
 Iterations          :           6
T =     1     Checksum =     5.546087004964e+02     4.845363331978e+02
T =     2     Checksum =     5.546385409190e+02     4.865304269511e+02
T =     3     Checksum =     5.546148406171e+02     4.883910722337e+02
T =     4     Checksum =     5.545423607415e+02     4.901273169046e+02
T =     5     Checksum =     5.544255039624e+02     4.917475857993e+02
T =     6     Checksum =     5.542683411903e+02     4.932597244941e+02
Result verification successful
class = S


 FT Benchmark Completed
 Class           =                        S
 Size            =               64x 64x 64
 Iterations      =                        6
 Threads         =                        1
 Time in seconds =                    11.68
 Mop/s total     =                    15.17
 Operation type  =           floating point
 Verification    =               SUCCESSFUL
 Version         =           3.0 structured
 Compile date    =              09 Nov 2021

 Compile options:
    CC           = gcc
    CLINK        = gcc
    C_LIB        = -lm
    C_INC        = -I../common
    CFLAGS       = -O0
    CLINKFLAGS   = (none)
    RAND         = randdp

 Execution time
 Seconds : 14
 Micro seconds : 13482113
==3019== 
==3019== I   refs:      4,197,274,974
==3019== I1  misses:            1,705
==3019== LLi misses:            1,693
==3019== I1  miss rate:          0.00%
==3019== LLi miss rate:          0.00%
==3019== 
==3019== D   refs:      1,601,935,322  (1,403,663,937 rd   + 198,271,385 wr)
==3019== D1  misses:        6,665,490  (    2,718,654 rd   +   3,946,836 wr)
==3019== LLd misses:        2,542,959  (    1,388,769 rd   +   1,154,190 wr)
==3019== D1  miss rate:           0.4% (          0.2%     +         2.0%  )
==3019== LLd miss rate:           0.2% (          0.1%     +         0.6%  )
==3019== 
==3019== LL refs:           6,667,195  (    2,720,359 rd   +   3,946,836 wr)
==3019== LL misses:         2,544,652  (    1,390,462 rd   +   1,154,190 wr)
==3019== LL miss rate:            0.0% (          0.0%     +         0.6%  )
==3029== Cachegrind, a cache and branch-prediction profiler
==3029== Copyright (C) 2002-2017, and GNU GPL'd, by Nicholas Nethercote et al.
==3029== Using Valgrind-3.15.0 and LibVEX; rerun with -h for copyright info
==3029== Command: bin/ft.S
==3029== 
--3029-- warning: L3 cache found, using its data for the LL simulation.
==3029== error calling PR_SET_PTRACER, vgdb might block


 NAS Parallel Benchmarks 3.0 structured OpenMP C version - FT Benchmark

 Size                :  64x 64x 64
 Iterations          :           6
T =     1     Checksum =     5.546087004964e+02     4.845363331978e+02
T =     2     Checksum =     5.546385409190e+02     4.865304269511e+02
T =     3     Checksum =     5.546148406171e+02     4.883910722337e+02
T =     4     Checksum =     5.545423607415e+02     4.901273169046e+02
T =     5     Checksum =     5.544255039624e+02     4.917475857993e+02
T =     6     Checksum =     5.542683411903e+02     4.932597244941e+02
Result verification successful
class = S


 FT Benchmark Completed
 Class           =                        S
 Size            =               64x 64x 64
 Iterations      =                        6
 Threads         =                        1
 Time in seconds =                    11.64
 Mop/s total     =                    15.22
 Operation type  =           floating point
 Verification    =               SUCCESSFUL
 Version         =           3.0 structured
 Compile date    =              09 Nov 2021

 Compile options:
    CC           = gcc
    CLINK        = gcc
    C_LIB        = -lm
    C_INC        = -I../common
    CFLAGS       = -O0
    CLINKFLAGS   = (none)
    RAND         = randdp

 Execution time
 Seconds : 14
 Micro seconds : 13499508
==3029== 
==3029== I   refs:      4,197,274,952
==3029== I1  misses:            1,705
==3029== LLi misses:            1,693
==3029== I1  miss rate:          0.00%
==3029== LLi miss rate:          0.00%
==3029== 
==3029== D   refs:      1,601,935,313  (1,403,663,931 rd   + 198,271,382 wr)
==3029== D1  misses:        6,665,490  (    2,718,654 rd   +   3,946,836 wr)
==3029== LLd misses:        2,542,959  (    1,388,769 rd   +   1,154,190 wr)
==3029== D1  miss rate:           0.4% (          0.2%     +         2.0%  )
==3029== LLd miss rate:           0.2% (          0.1%     +         0.6%  )
==3029== 
==3029== LL refs:           6,667,195  (    2,720,359 rd   +   3,946,836 wr)
==3029== LL misses:         2,544,652  (    1,390,462 rd   +   1,154,190 wr)
==3029== LL miss rate:            0.0% (          0.0%     +         0.6%  )
==3042== Cachegrind, a cache and branch-prediction profiler
==3042== Copyright (C) 2002-2017, and GNU GPL'd, by Nicholas Nethercote et al.
==3042== Using Valgrind-3.15.0 and LibVEX; rerun with -h for copyright info
==3042== Command: bin/ft.S
==3042== 
--3042-- warning: L3 cache found, using its data for the LL simulation.
==3042== error calling PR_SET_PTRACER, vgdb might block


 NAS Parallel Benchmarks 3.0 structured OpenMP C version - FT Benchmark

 Size                :  64x 64x 64
 Iterations          :           6
T =     1     Checksum =     5.546087004964e+02     4.845363331978e+02
T =     2     Checksum =     5.546385409190e+02     4.865304269511e+02
T =     3     Checksum =     5.546148406171e+02     4.883910722337e+02
T =     4     Checksum =     5.545423607415e+02     4.901273169046e+02
T =     5     Checksum =     5.544255039624e+02     4.917475857993e+02
T =     6     Checksum =     5.542683411903e+02     4.932597244941e+02
Result verification successful
class = S


 FT Benchmark Completed
 Class           =                        S
 Size            =               64x 64x 64
 Iterations      =                        6
 Threads         =                        1
 Time in seconds =                    12.29
 Mop/s total     =                    14.42
 Operation type  =           floating point
 Verification    =               SUCCESSFUL
 Version         =           3.0 structured
 Compile date    =              09 Nov 2021

 Compile options:
    CC           = gcc
    CLINK        = gcc
    C_LIB        = -lm
    C_INC        = -I../common
    CFLAGS       = -O0
    CLINKFLAGS   = (none)
    RAND         = randdp

 Execution time
 Seconds : 14
 Micro seconds : 14212394
==3042== 
==3042== I   refs:      4,197,274,974
==3042== I1  misses:            1,705
==3042== LLi misses:            1,693
==3042== I1  miss rate:          0.00%
==3042== LLi miss rate:          0.00%
==3042== 
==3042== D   refs:      1,601,935,322  (1,403,663,937 rd   + 198,271,385 wr)
==3042== D1  misses:        6,665,490  (    2,718,654 rd   +   3,946,836 wr)
==3042== LLd misses:        2,542,959  (    1,388,769 rd   +   1,154,190 wr)
==3042== D1  miss rate:           0.4% (          0.2%     +         2.0%  )
==3042== LLd miss rate:           0.2% (          0.1%     +         0.6%  )
==3042== 
==3042== LL refs:           6,667,195  (    2,720,359 rd   +   3,946,836 wr)
==3042== LL misses:         2,544,652  (    1,390,462 rd   +   1,154,190 wr)
==3042== LL miss rate:            0.0% (          0.0%     +         0.6%  )
==3054== Cachegrind, a cache and branch-prediction profiler
==3054== Copyright (C) 2002-2017, and GNU GPL'd, by Nicholas Nethercote et al.
==3054== Using Valgrind-3.15.0 and LibVEX; rerun with -h for copyright info
==3054== Command: bin/ft.S
==3054== 
--3054-- warning: L3 cache found, using its data for the LL simulation.
==3054== error calling PR_SET_PTRACER, vgdb might block


 NAS Parallel Benchmarks 3.0 structured OpenMP C version - FT Benchmark

 Size                :  64x 64x 64
 Iterations          :           6
T =     1     Checksum =     5.546087004964e+02     4.845363331978e+02
T =     2     Checksum =     5.546385409190e+02     4.865304269511e+02
T =     3     Checksum =     5.546148406171e+02     4.883910722337e+02
T =     4     Checksum =     5.545423607415e+02     4.901273169046e+02
T =     5     Checksum =     5.544255039624e+02     4.917475857993e+02
T =     6     Checksum =     5.542683411903e+02     4.932597244941e+02
Result verification successful
class = S


 FT Benchmark Completed
 Class           =                        S
 Size            =               64x 64x 64
 Iterations      =                        6
 Threads         =                        1
 Time in seconds =                    11.30
 Mop/s total     =                    15.67
 Operation type  =           floating point
 Verification    =               SUCCESSFUL
 Version         =           3.0 structured
 Compile date    =              09 Nov 2021

 Compile options:
    CC           = gcc
    CLINK        = gcc
    C_LIB        = -lm
    C_INC        = -I../common
    CFLAGS       = -O0
    CLINKFLAGS   = (none)
    RAND         = randdp

 Execution time
 Seconds : 13
 Micro seconds : 13081268
==3054== 
==3054== I   refs:      4,197,274,912
==3054== I1  misses:            1,705
==3054== LLi misses:            1,693
==3054== I1  miss rate:          0.00%
==3054== LLi miss rate:          0.00%
==3054== 
==3054== D   refs:      1,601,935,295  (1,403,663,919 rd   + 198,271,376 wr)
==3054== D1  misses:        6,665,490  (    2,718,654 rd   +   3,946,836 wr)
==3054== LLd misses:        2,542,959  (    1,388,769 rd   +   1,154,190 wr)
==3054== D1  miss rate:           0.4% (          0.2%     +         2.0%  )
==3054== LLd miss rate:           0.2% (          0.1%     +         0.6%  )
==3054== 
==3054== LL refs:           6,667,195  (    2,720,359 rd   +   3,946,836 wr)
==3054== LL misses:         2,544,652  (    1,390,462 rd   +   1,154,190 wr)
==3054== LL miss rate:            0.0% (          0.0%     +         0.6%  )
==3064== Cachegrind, a cache and branch-prediction profiler
==3064== Copyright (C) 2002-2017, and GNU GPL'd, by Nicholas Nethercote et al.
==3064== Using Valgrind-3.15.0 and LibVEX; rerun with -h for copyright info
==3064== Command: bin/ft.S
==3064== 
--3064-- warning: L3 cache found, using its data for the LL simulation.
==3064== error calling PR_SET_PTRACER, vgdb might block


 NAS Parallel Benchmarks 3.0 structured OpenMP C version - FT Benchmark

 Size                :  64x 64x 64
 Iterations          :           6
T =     1     Checksum =     5.546087004964e+02     4.845363331978e+02
T =     2     Checksum =     5.546385409190e+02     4.865304269511e+02
T =     3     Checksum =     5.546148406171e+02     4.883910722337e+02
T =     4     Checksum =     5.545423607415e+02     4.901273169046e+02
T =     5     Checksum =     5.544255039624e+02     4.917475857993e+02
T =     6     Checksum =     5.542683411903e+02     4.932597244941e+02
Result verification successful
class = S


 FT Benchmark Completed
 Class           =                        S
 Size            =               64x 64x 64
 Iterations      =                        6
 Threads         =                        1
 Time in seconds =                    11.28
 Mop/s total     =                    15.71
 Operation type  =           floating point
 Verification    =               SUCCESSFUL
 Version         =           3.0 structured
 Compile date    =              09 Nov 2021

 Compile options:
    CC           = gcc
    CLINK        = gcc
    C_LIB        = -lm
    C_INC        = -I../common
    CFLAGS       = -O0
    CLINKFLAGS   = (none)
    RAND         = randdp

 Execution time
 Seconds : 13
 Micro seconds : 13035580
==3064== 
==3064== I   refs:      4,197,274,934
==3064== I1  misses:            1,705
==3064== LLi misses:            1,693
==3064== I1  miss rate:          0.00%
==3064== LLi miss rate:          0.00%
==3064== 
==3064== D   refs:      1,601,935,303  (1,403,663,927 rd   + 198,271,376 wr)
==3064== D1  misses:        6,665,490  (    2,718,654 rd   +   3,946,836 wr)
==3064== LLd misses:        2,542,959  (    1,388,769 rd   +   1,154,190 wr)
==3064== D1  miss rate:           0.4% (          0.2%     +         2.0%  )
==3064== LLd miss rate:           0.2% (          0.1%     +         0.6%  )
==3064== 
==3064== LL refs:           6,667,195  (    2,720,359 rd   +   3,946,836 wr)
==3064== LL misses:         2,544,652  (    1,390,462 rd   +   1,154,190 wr)
==3064== LL miss rate:            0.0% (          0.0%     +         0.6%  )
