==2696== Cachegrind, a cache and branch-prediction profiler
==2696== Copyright (C) 2002-2017, and GNU GPL'd, by Nicholas Nethercote et al.
==2696== Using Valgrind-3.15.0 and LibVEX; rerun with -h for copyright info
==2696== Command: bin/is.S
==2696== 
--2696-- warning: L3 cache found, using its data for the LL simulation.
==2696== error calling PR_SET_PTRACER, vgdb might block


 NAS Parallel Benchmarks 2.3 OpenMP C version - IS Benchmark

 Size:  65536  (class S)
 Iterations:   10


 IS Benchmark Completed
 Class           =                        S
 Size            =                    65536
 Iterations      =                       10
 Threads         =                        1
 Time in seconds =               1888800.00
 Mop/s total     =                     0.00
 Operation type  =              keys ranked
 Verification    =               SUCCESSFUL
 Version         =           3.0 structured
 Compile date    =              09 Nov 2021

 Compile options:
    CC           = gcc
    CLINK        = gcc
    C_LIB        = -lm
    C_INC        = -I../common
    CFLAGS       = -O0
    CLINKFLAGS   = (none)
    RAND         = randlc

 Execution time
 Seconds : 0
 Micro seconds : 196527
==2696== 
==2696== I   refs:      45,549,576
==2696== I1  misses:         1,386
==2696== LLi misses:         1,349
==2696== I1  miss rate:       0.00%
==2696== LLi miss rate:       0.00%
==2696== 
==2696== D   refs:      26,819,678  (19,570,601 rd   + 7,249,077 wr)
==2696== D1  misses:       142,431  (    59,194 rd   +    83,237 wr)
==2696== LLd misses:        11,056  (     2,092 rd   +     8,964 wr)
==2696== D1  miss rate:        0.5% (       0.3%     +       1.1%  )
==2696== LLd miss rate:        0.0% (       0.0%     +       0.1%  )
==2696== 
==2696== LL refs:          143,817  (    60,580 rd   +    83,237 wr)
==2696== LL misses:         12,405  (     3,441 rd   +     8,964 wr)
==2696== LL miss rate:         0.0% (       0.0%     +       0.1%  )
==2708== Cachegrind, a cache and branch-prediction profiler
==2708== Copyright (C) 2002-2017, and GNU GPL'd, by Nicholas Nethercote et al.
==2708== Using Valgrind-3.15.0 and LibVEX; rerun with -h for copyright info
==2708== Command: bin/is.S
==2708== 
--2708-- warning: L3 cache found, using its data for the LL simulation.
==2708== error calling PR_SET_PTRACER, vgdb might block


 NAS Parallel Benchmarks 2.3 OpenMP C version - IS Benchmark

 Size:  65536  (class S)
 Iterations:   10


 IS Benchmark Completed
 Class           =                        S
 Size            =                    65536
 Iterations      =                       10
 Threads         =                        1
 Time in seconds =               1888800.00
 Mop/s total     =                     0.00
 Operation type  =              keys ranked
 Verification    =               SUCCESSFUL
 Version         =           3.0 structured
 Compile date    =              09 Nov 2021

 Compile options:
    CC           = gcc
    CLINK        = gcc
    C_LIB        = -lm
    C_INC        = -I../common
    CFLAGS       = -O0
    CLINKFLAGS   = (none)
    RAND         = randlc

 Execution time
 Seconds : 0
 Micro seconds : 213658
==2708== 
==2708== I   refs:      45,549,576
==2708== I1  misses:         1,386
==2708== LLi misses:         1,349
==2708== I1  miss rate:       0.00%
==2708== LLi miss rate:       0.00%
==2708== 
==2708== D   refs:      26,819,678  (19,570,601 rd   + 7,249,077 wr)
==2708== D1  misses:       142,431  (    59,194 rd   +    83,237 wr)
==2708== LLd misses:        11,056  (     2,092 rd   +     8,964 wr)
==2708== D1  miss rate:        0.5% (       0.3%     +       1.1%  )
==2708== LLd miss rate:        0.0% (       0.0%     +       0.1%  )
==2708== 
==2708== LL refs:          143,817  (    60,580 rd   +    83,237 wr)
==2708== LL misses:         12,405  (     3,441 rd   +     8,964 wr)
==2708== LL miss rate:         0.0% (       0.0%     +       0.1%  )
==2731== Cachegrind, a cache and branch-prediction profiler
==2731== Copyright (C) 2002-2017, and GNU GPL'd, by Nicholas Nethercote et al.
==2731== Using Valgrind-3.15.0 and LibVEX; rerun with -h for copyright info
==2731== Command: bin/is.S
==2731== 
--2731-- warning: L3 cache found, using its data for the LL simulation.
==2731== error calling PR_SET_PTRACER, vgdb might block


 NAS Parallel Benchmarks 2.3 OpenMP C version - IS Benchmark

 Size:  65536  (class S)
 Iterations:   10


 IS Benchmark Completed
 Class           =                        S
 Size            =                    65536
 Iterations      =                       10
 Threads         =                        1
 Time in seconds =               1888800.00
 Mop/s total     =                     0.00
 Operation type  =              keys ranked
 Verification    =               SUCCESSFUL
 Version         =           3.0 structured
 Compile date    =              09 Nov 2021

 Compile options:
    CC           = gcc
    CLINK        = gcc
    C_LIB        = -lm
    C_INC        = -I../common
    CFLAGS       = -O0
    CLINKFLAGS   = (none)
    RAND         = randlc

 Execution time
 Seconds : 0
 Micro seconds : 214868
==2731== 
==2731== I   refs:      45,549,576
==2731== I1  misses:         1,386
==2731== LLi misses:         1,349
==2731== I1  miss rate:       0.00%
==2731== LLi miss rate:       0.00%
==2731== 
==2731== D   refs:      26,819,678  (19,570,601 rd   + 7,249,077 wr)
==2731== D1  misses:       142,431  (    59,194 rd   +    83,237 wr)
==2731== LLd misses:        11,056  (     2,092 rd   +     8,964 wr)
==2731== D1  miss rate:        0.5% (       0.3%     +       1.1%  )
==2731== LLd miss rate:        0.0% (       0.0%     +       0.1%  )
==2731== 
==2731== LL refs:          143,817  (    60,580 rd   +    83,237 wr)
==2731== LL misses:         12,405  (     3,441 rd   +     8,964 wr)
==2731== LL miss rate:         0.0% (       0.0%     +       0.1%  )
==2741== Cachegrind, a cache and branch-prediction profiler
==2741== Copyright (C) 2002-2017, and GNU GPL'd, by Nicholas Nethercote et al.
==2741== Using Valgrind-3.15.0 and LibVEX; rerun with -h for copyright info
==2741== Command: bin/is.S
==2741== 
--2741-- warning: L3 cache found, using its data for the LL simulation.
==2741== error calling PR_SET_PTRACER, vgdb might block


 NAS Parallel Benchmarks 2.3 OpenMP C version - IS Benchmark

 Size:  65536  (class S)
 Iterations:   10


 IS Benchmark Completed
 Class           =                        S
 Size            =                    65536
 Iterations      =                       10
 Threads         =                        1
 Time in seconds =               1888800.00
 Mop/s total     =                     0.00
 Operation type  =              keys ranked
 Verification    =               SUCCESSFUL
 Version         =           3.0 structured
 Compile date    =              09 Nov 2021

 Compile options:
    CC           = gcc
    CLINK        = gcc
    C_LIB        = -lm
    C_INC        = -I../common
    CFLAGS       = -O0
    CLINKFLAGS   = (none)
    RAND         = randlc

 Execution time
 Seconds : 0
 Micro seconds : 212021
==2741== 
==2741== I   refs:      45,549,576
==2741== I1  misses:         1,386
==2741== LLi misses:         1,349
==2741== I1  miss rate:       0.00%
==2741== LLi miss rate:       0.00%
==2741== 
==2741== D   refs:      26,819,678  (19,570,601 rd   + 7,249,077 wr)
==2741== D1  misses:       142,431  (    59,194 rd   +    83,237 wr)
==2741== LLd misses:        11,056  (     2,092 rd   +     8,964 wr)
==2741== D1  miss rate:        0.5% (       0.3%     +       1.1%  )
==2741== LLd miss rate:        0.0% (       0.0%     +       0.1%  )
==2741== 
==2741== LL refs:          143,817  (    60,580 rd   +    83,237 wr)
==2741== LL misses:         12,405  (     3,441 rd   +     8,964 wr)
==2741== LL miss rate:         0.0% (       0.0%     +       0.1%  )
==2754== Cachegrind, a cache and branch-prediction profiler
==2754== Copyright (C) 2002-2017, and GNU GPL'd, by Nicholas Nethercote et al.
==2754== Using Valgrind-3.15.0 and LibVEX; rerun with -h for copyright info
==2754== Command: bin/is.S
==2754== 
--2754-- warning: L3 cache found, using its data for the LL simulation.
==2754== error calling PR_SET_PTRACER, vgdb might block


 NAS Parallel Benchmarks 2.3 OpenMP C version - IS Benchmark

 Size:  65536  (class S)
 Iterations:   10


 IS Benchmark Completed
 Class           =                        S
 Size            =                    65536
 Iterations      =                       10
 Threads         =                        1
 Time in seconds =               1888800.00
 Mop/s total     =                     0.00
 Operation type  =              keys ranked
 Verification    =               SUCCESSFUL
 Version         =           3.0 structured
 Compile date    =              09 Nov 2021

 Compile options:
    CC           = gcc
    CLINK        = gcc
    C_LIB        = -lm
    C_INC        = -I../common
    CFLAGS       = -O0
    CLINKFLAGS   = (none)
    RAND         = randlc

 Execution time
 Seconds : 1
 Micro seconds : 196277
==2754== 
==2754== I   refs:      45,549,584
==2754== I1  misses:         1,384
==2754== LLi misses:         1,347
==2754== I1  miss rate:       0.00%
==2754== LLi miss rate:       0.00%
==2754== 
==2754== D   refs:      26,819,681  (19,570,604 rd   + 7,249,077 wr)
==2754== D1  misses:       142,431  (    59,194 rd   +    83,237 wr)
==2754== LLd misses:        11,056  (     2,092 rd   +     8,964 wr)
==2754== D1  miss rate:        0.5% (       0.3%     +       1.1%  )
==2754== LLd miss rate:        0.0% (       0.0%     +       0.1%  )
==2754== 
==2754== LL refs:          143,815  (    60,578 rd   +    83,237 wr)
==2754== LL misses:         12,403  (     3,439 rd   +     8,964 wr)
==2754== LL miss rate:         0.0% (       0.0%     +       0.1%  )
==2770== Cachegrind, a cache and branch-prediction profiler
==2770== Copyright (C) 2002-2017, and GNU GPL'd, by Nicholas Nethercote et al.
==2770== Using Valgrind-3.15.0 and LibVEX; rerun with -h for copyright info
==2770== Command: bin/is.S
==2770== 
--2770-- warning: L3 cache found, using its data for the LL simulation.
==2770== error calling PR_SET_PTRACER, vgdb might block


 NAS Parallel Benchmarks 2.3 OpenMP C version - IS Benchmark

 Size:  65536  (class S)
 Iterations:   10


 IS Benchmark Completed
 Class           =                        S
 Size            =                    65536
 Iterations      =                       10
 Threads         =                        1
 Time in seconds =               1888800.00
 Mop/s total     =                     0.00
 Operation type  =              keys ranked
 Verification    =               SUCCESSFUL
 Version         =           3.0 structured
 Compile date    =              09 Nov 2021

 Compile options:
    CC           = gcc
    CLINK        = gcc
    C_LIB        = -lm
    C_INC        = -I../common
    CFLAGS       = -O0
    CLINKFLAGS   = (none)
    RAND         = randlc

 Execution time
 Seconds : 0
 Micro seconds : 203785
==2770== 
==2770== I   refs:      45,549,576
==2770== I1  misses:         1,386
==2770== LLi misses:         1,349
==2770== I1  miss rate:       0.00%
==2770== LLi miss rate:       0.00%
==2770== 
==2770== D   refs:      26,819,678  (19,570,601 rd   + 7,249,077 wr)
==2770== D1  misses:       142,431  (    59,194 rd   +    83,237 wr)
==2770== LLd misses:        11,056  (     2,092 rd   +     8,964 wr)
==2770== D1  miss rate:        0.5% (       0.3%     +       1.1%  )
==2770== LLd miss rate:        0.0% (       0.0%     +       0.1%  )
==2770== 
==2770== LL refs:          143,817  (    60,580 rd   +    83,237 wr)
==2770== LL misses:         12,405  (     3,441 rd   +     8,964 wr)
==2770== LL miss rate:         0.0% (       0.0%     +       0.1%  )
==2783== Cachegrind, a cache and branch-prediction profiler
==2783== Copyright (C) 2002-2017, and GNU GPL'd, by Nicholas Nethercote et al.
==2783== Using Valgrind-3.15.0 and LibVEX; rerun with -h for copyright info
==2783== Command: bin/is.S
==2783== 
--2783-- warning: L3 cache found, using its data for the LL simulation.
==2783== error calling PR_SET_PTRACER, vgdb might block


 NAS Parallel Benchmarks 2.3 OpenMP C version - IS Benchmark

 Size:  65536  (class S)
 Iterations:   10


 IS Benchmark Completed
 Class           =                        S
 Size            =                    65536
 Iterations      =                       10
 Threads         =                        1
 Time in seconds =               1888800.00
 Mop/s total     =                     0.00
 Operation type  =              keys ranked
 Verification    =               SUCCESSFUL
 Version         =           3.0 structured
 Compile date    =              09 Nov 2021

 Compile options:
    CC           = gcc
    CLINK        = gcc
    C_LIB        = -lm
    C_INC        = -I../common
    CFLAGS       = -O0
    CLINKFLAGS   = (none)
    RAND         = randlc

 Execution time
 Seconds : 0
 Micro seconds : 195362
==2783== 
==2783== I   refs:      45,549,576
==2783== I1  misses:         1,386
==2783== LLi misses:         1,349
==2783== I1  miss rate:       0.00%
==2783== LLi miss rate:       0.00%
==2783== 
==2783== D   refs:      26,819,678  (19,570,601 rd   + 7,249,077 wr)
==2783== D1  misses:       142,431  (    59,194 rd   +    83,237 wr)
==2783== LLd misses:        11,056  (     2,092 rd   +     8,964 wr)
==2783== D1  miss rate:        0.5% (       0.3%     +       1.1%  )
==2783== LLd miss rate:        0.0% (       0.0%     +       0.1%  )
==2783== 
==2783== LL refs:          143,817  (    60,580 rd   +    83,237 wr)
==2783== LL misses:         12,405  (     3,441 rd   +     8,964 wr)
==2783== LL miss rate:         0.0% (       0.0%     +       0.1%  )
==2798== Cachegrind, a cache and branch-prediction profiler
==2798== Copyright (C) 2002-2017, and GNU GPL'd, by Nicholas Nethercote et al.
==2798== Using Valgrind-3.15.0 and LibVEX; rerun with -h for copyright info
==2798== Command: bin/is.S
==2798== 
--2798-- warning: L3 cache found, using its data for the LL simulation.
==2798== error calling PR_SET_PTRACER, vgdb might block


 NAS Parallel Benchmarks 2.3 OpenMP C version - IS Benchmark

 Size:  65536  (class S)
 Iterations:   10


 IS Benchmark Completed
 Class           =                        S
 Size            =                    65536
 Iterations      =                       10
 Threads         =                        1
 Time in seconds =               1888800.00
 Mop/s total     =                     0.00
 Operation type  =              keys ranked
 Verification    =               SUCCESSFUL
 Version         =           3.0 structured
 Compile date    =              09 Nov 2021

 Compile options:
    CC           = gcc
    CLINK        = gcc
    C_LIB        = -lm
    C_INC        = -I../common
    CFLAGS       = -O0
    CLINKFLAGS   = (none)
    RAND         = randlc

 Execution time
 Seconds : 0
 Micro seconds : 201970
==2798== 
==2798== I   refs:      45,549,576
==2798== I1  misses:         1,386
==2798== LLi misses:         1,349
==2798== I1  miss rate:       0.00%
==2798== LLi miss rate:       0.00%
==2798== 
==2798== D   refs:      26,819,678  (19,570,601 rd   + 7,249,077 wr)
==2798== D1  misses:       142,431  (    59,194 rd   +    83,237 wr)
==2798== LLd misses:        11,056  (     2,092 rd   +     8,964 wr)
==2798== D1  miss rate:        0.5% (       0.3%     +       1.1%  )
==2798== LLd miss rate:        0.0% (       0.0%     +       0.1%  )
==2798== 
==2798== LL refs:          143,817  (    60,580 rd   +    83,237 wr)
==2798== LL misses:         12,405  (     3,441 rd   +     8,964 wr)
==2798== LL miss rate:         0.0% (       0.0%     +       0.1%  )
==2808== Cachegrind, a cache and branch-prediction profiler
==2808== Copyright (C) 2002-2017, and GNU GPL'd, by Nicholas Nethercote et al.
==2808== Using Valgrind-3.15.0 and LibVEX; rerun with -h for copyright info
==2808== Command: bin/is.S
==2808== 
--2808-- warning: L3 cache found, using its data for the LL simulation.
==2808== error calling PR_SET_PTRACER, vgdb might block


 NAS Parallel Benchmarks 2.3 OpenMP C version - IS Benchmark

 Size:  65536  (class S)
 Iterations:   10


 IS Benchmark Completed
 Class           =                        S
 Size            =                    65536
 Iterations      =                       10
 Threads         =                        1
 Time in seconds =               1888800.00
 Mop/s total     =                     0.00
 Operation type  =              keys ranked
 Verification    =               SUCCESSFUL
 Version         =           3.0 structured
 Compile date    =              09 Nov 2021

 Compile options:
    CC           = gcc
    CLINK        = gcc
    C_LIB        = -lm
    C_INC        = -I../common
    CFLAGS       = -O0
    CLINKFLAGS   = (none)
    RAND         = randlc

 Execution time
 Seconds : 0
 Micro seconds : 230361
==2808== 
==2808== I   refs:      45,549,576
==2808== I1  misses:         1,386
==2808== LLi misses:         1,349
==2808== I1  miss rate:       0.00%
==2808== LLi miss rate:       0.00%
==2808== 
==2808== D   refs:      26,819,678  (19,570,601 rd   + 7,249,077 wr)
==2808== D1  misses:       142,431  (    59,194 rd   +    83,237 wr)
==2808== LLd misses:        11,056  (     2,092 rd   +     8,964 wr)
==2808== D1  miss rate:        0.5% (       0.3%     +       1.1%  )
==2808== LLd miss rate:        0.0% (       0.0%     +       0.1%  )
==2808== 
==2808== LL refs:          143,817  (    60,580 rd   +    83,237 wr)
==2808== LL misses:         12,405  (     3,441 rd   +     8,964 wr)
==2808== LL miss rate:         0.0% (       0.0%     +       0.1%  )
==2818== Cachegrind, a cache and branch-prediction profiler
==2818== Copyright (C) 2002-2017, and GNU GPL'd, by Nicholas Nethercote et al.
==2818== Using Valgrind-3.15.0 and LibVEX; rerun with -h for copyright info
==2818== Command: bin/is.S
==2818== 
--2818-- warning: L3 cache found, using its data for the LL simulation.
==2818== error calling PR_SET_PTRACER, vgdb might block


 NAS Parallel Benchmarks 2.3 OpenMP C version - IS Benchmark

 Size:  65536  (class S)
 Iterations:   10


 IS Benchmark Completed
 Class           =                        S
 Size            =                    65536
 Iterations      =                       10
 Threads         =                        1
 Time in seconds =               1888800.00
 Mop/s total     =                     0.00
 Operation type  =              keys ranked
 Verification    =               SUCCESSFUL
 Version         =           3.0 structured
 Compile date    =              09 Nov 2021

 Compile options:
    CC           = gcc
    CLINK        = gcc
    C_LIB        = -lm
    C_INC        = -I../common
    CFLAGS       = -O0
    CLINKFLAGS   = (none)
    RAND         = randlc

 Execution time
 Seconds : 1
 Micro seconds : 197446
==2818== 
==2818== I   refs:      45,549,584
==2818== I1  misses:         1,384
==2818== LLi misses:         1,347
==2818== I1  miss rate:       0.00%
==2818== LLi miss rate:       0.00%
==2818== 
==2818== D   refs:      26,819,681  (19,570,604 rd   + 7,249,077 wr)
==2818== D1  misses:       142,431  (    59,194 rd   +    83,237 wr)
==2818== LLd misses:        11,056  (     2,092 rd   +     8,964 wr)
==2818== D1  miss rate:        0.5% (       0.3%     +       1.1%  )
==2818== LLd miss rate:        0.0% (       0.0%     +       0.1%  )
==2818== 
==2818== LL refs:          143,815  (    60,578 rd   +    83,237 wr)
==2818== LL misses:         12,403  (     3,439 rd   +     8,964 wr)
==2818== LL miss rate:         0.0% (       0.0%     +       0.1%  )
==2828== Cachegrind, a cache and branch-prediction profiler
==2828== Copyright (C) 2002-2017, and GNU GPL'd, by Nicholas Nethercote et al.
==2828== Using Valgrind-3.15.0 and LibVEX; rerun with -h for copyright info
==2828== Command: bin/is.S
==2828== 
--2828-- warning: L3 cache found, using its data for the LL simulation.
==2828== error calling PR_SET_PTRACER, vgdb might block


 NAS Parallel Benchmarks 2.3 OpenMP C version - IS Benchmark

 Size:  65536  (class S)
 Iterations:   10


 IS Benchmark Completed
 Class           =                        S
 Size            =                    65536
 Iterations      =                       10
 Threads         =                        1
 Time in seconds =               1888800.00
 Mop/s total     =                     0.00
 Operation type  =              keys ranked
 Verification    =               SUCCESSFUL
 Version         =           3.0 structured
 Compile date    =              09 Nov 2021

 Compile options:
    CC           = gcc
    CLINK        = gcc
    C_LIB        = -lm
    C_INC        = -I../common
    CFLAGS       = -O0
    CLINKFLAGS   = (none)
    RAND         = randlc

 Execution time
 Seconds : 1
 Micro seconds : 200244
==2828== 
==2828== I   refs:      45,549,584
==2828== I1  misses:         1,384
==2828== LLi misses:         1,347
==2828== I1  miss rate:       0.00%
==2828== LLi miss rate:       0.00%
==2828== 
==2828== D   refs:      26,819,681  (19,570,604 rd   + 7,249,077 wr)
==2828== D1  misses:       142,431  (    59,194 rd   +    83,237 wr)
==2828== LLd misses:        11,056  (     2,092 rd   +     8,964 wr)
==2828== D1  miss rate:        0.5% (       0.3%     +       1.1%  )
==2828== LLd miss rate:        0.0% (       0.0%     +       0.1%  )
==2828== 
==2828== LL refs:          143,815  (    60,578 rd   +    83,237 wr)
==2828== LL misses:         12,403  (     3,439 rd   +     8,964 wr)
==2828== LL miss rate:         0.0% (       0.0%     +       0.1%  )
==2839== Cachegrind, a cache and branch-prediction profiler
==2839== Copyright (C) 2002-2017, and GNU GPL'd, by Nicholas Nethercote et al.
==2839== Using Valgrind-3.15.0 and LibVEX; rerun with -h for copyright info
==2839== Command: bin/is.S
==2839== 
--2839-- warning: L3 cache found, using its data for the LL simulation.
==2839== error calling PR_SET_PTRACER, vgdb might block


 NAS Parallel Benchmarks 2.3 OpenMP C version - IS Benchmark

 Size:  65536  (class S)
 Iterations:   10


 IS Benchmark Completed
 Class           =                        S
 Size            =                    65536
 Iterations      =                       10
 Threads         =                        1
 Time in seconds =               1888800.00
 Mop/s total     =                     0.00
 Operation type  =              keys ranked
 Verification    =               SUCCESSFUL
 Version         =           3.0 structured
 Compile date    =              09 Nov 2021

 Compile options:
    CC           = gcc
    CLINK        = gcc
    C_LIB        = -lm
    C_INC        = -I../common
    CFLAGS       = -O0
    CLINKFLAGS   = (none)
    RAND         = randlc

 Execution time
 Seconds : 1
 Micro seconds : 376948
==2839== 
==2839== I   refs:      45,549,584
==2839== I1  misses:         1,384
==2839== LLi misses:         1,347
==2839== I1  miss rate:       0.00%
==2839== LLi miss rate:       0.00%
==2839== 
==2839== D   refs:      26,819,681  (19,570,604 rd   + 7,249,077 wr)
==2839== D1  misses:       142,431  (    59,194 rd   +    83,237 wr)
==2839== LLd misses:        11,056  (     2,092 rd   +     8,964 wr)
==2839== D1  miss rate:        0.5% (       0.3%     +       1.1%  )
==2839== LLd miss rate:        0.0% (       0.0%     +       0.1%  )
==2839== 
==2839== LL refs:          143,815  (    60,578 rd   +    83,237 wr)
==2839== LL misses:         12,403  (     3,439 rd   +     8,964 wr)
==2839== LL miss rate:         0.0% (       0.0%     +       0.1%  )
==2849== Cachegrind, a cache and branch-prediction profiler
==2849== Copyright (C) 2002-2017, and GNU GPL'd, by Nicholas Nethercote et al.
==2849== Using Valgrind-3.15.0 and LibVEX; rerun with -h for copyright info
==2849== Command: bin/is.S
==2849== 
--2849-- warning: L3 cache found, using its data for the LL simulation.
==2849== error calling PR_SET_PTRACER, vgdb might block


 NAS Parallel Benchmarks 2.3 OpenMP C version - IS Benchmark

 Size:  65536  (class S)
 Iterations:   10


 IS Benchmark Completed
 Class           =                        S
 Size            =                    65536
 Iterations      =                       10
 Threads         =                        1
 Time in seconds =               1888800.00
 Mop/s total     =                     0.00
 Operation type  =              keys ranked
 Verification    =               SUCCESSFUL
 Version         =           3.0 structured
 Compile date    =              09 Nov 2021

 Compile options:
    CC           = gcc
    CLINK        = gcc
    C_LIB        = -lm
    C_INC        = -I../common
    CFLAGS       = -O0
    CLINKFLAGS   = (none)
    RAND         = randlc

 Execution time
 Seconds : 1
 Micro seconds : 197674
==2849== 
==2849== I   refs:      45,549,584
==2849== I1  misses:         1,384
==2849== LLi misses:         1,347
==2849== I1  miss rate:       0.00%
==2849== LLi miss rate:       0.00%
==2849== 
==2849== D   refs:      26,819,681  (19,570,604 rd   + 7,249,077 wr)
==2849== D1  misses:       142,431  (    59,194 rd   +    83,237 wr)
==2849== LLd misses:        11,056  (     2,092 rd   +     8,964 wr)
==2849== D1  miss rate:        0.5% (       0.3%     +       1.1%  )
==2849== LLd miss rate:        0.0% (       0.0%     +       0.1%  )
==2849== 
==2849== LL refs:          143,815  (    60,578 rd   +    83,237 wr)
==2849== LL misses:         12,403  (     3,439 rd   +     8,964 wr)
==2849== LL miss rate:         0.0% (       0.0%     +       0.1%  )
==2865== Cachegrind, a cache and branch-prediction profiler
==2865== Copyright (C) 2002-2017, and GNU GPL'd, by Nicholas Nethercote et al.
==2865== Using Valgrind-3.15.0 and LibVEX; rerun with -h for copyright info
==2865== Command: bin/is.S
==2865== 
--2865-- warning: L3 cache found, using its data for the LL simulation.
==2865== error calling PR_SET_PTRACER, vgdb might block


 NAS Parallel Benchmarks 2.3 OpenMP C version - IS Benchmark

 Size:  65536  (class S)
 Iterations:   10


 IS Benchmark Completed
 Class           =                        S
 Size            =                    65536
 Iterations      =                       10
 Threads         =                        1
 Time in seconds =               1888800.00
 Mop/s total     =                     0.00
 Operation type  =              keys ranked
 Verification    =               SUCCESSFUL
 Version         =           3.0 structured
 Compile date    =              09 Nov 2021

 Compile options:
    CC           = gcc
    CLINK        = gcc
    C_LIB        = -lm
    C_INC        = -I../common
    CFLAGS       = -O0
    CLINKFLAGS   = (none)
    RAND         = randlc

 Execution time
 Seconds : 0
 Micro seconds : 194016
==2865== 
==2865== I   refs:      45,549,576
==2865== I1  misses:         1,386
==2865== LLi misses:         1,349
==2865== I1  miss rate:       0.00%
==2865== LLi miss rate:       0.00%
==2865== 
==2865== D   refs:      26,819,678  (19,570,601 rd   + 7,249,077 wr)
==2865== D1  misses:       142,431  (    59,194 rd   +    83,237 wr)
==2865== LLd misses:        11,056  (     2,092 rd   +     8,964 wr)
==2865== D1  miss rate:        0.5% (       0.3%     +       1.1%  )
==2865== LLd miss rate:        0.0% (       0.0%     +       0.1%  )
==2865== 
==2865== LL refs:          143,817  (    60,580 rd   +    83,237 wr)
==2865== LL misses:         12,405  (     3,441 rd   +     8,964 wr)
==2865== LL miss rate:         0.0% (       0.0%     +       0.1%  )
==2875== Cachegrind, a cache and branch-prediction profiler
==2875== Copyright (C) 2002-2017, and GNU GPL'd, by Nicholas Nethercote et al.
==2875== Using Valgrind-3.15.0 and LibVEX; rerun with -h for copyright info
==2875== Command: bin/is.S
==2875== 
--2875-- warning: L3 cache found, using its data for the LL simulation.
==2875== error calling PR_SET_PTRACER, vgdb might block


 NAS Parallel Benchmarks 2.3 OpenMP C version - IS Benchmark

 Size:  65536  (class S)
 Iterations:   10


 IS Benchmark Completed
 Class           =                        S
 Size            =                    65536
 Iterations      =                       10
 Threads         =                        1
 Time in seconds =               1888800.00
 Mop/s total     =                     0.00
 Operation type  =              keys ranked
 Verification    =               SUCCESSFUL
 Version         =           3.0 structured
 Compile date    =              09 Nov 2021

 Compile options:
    CC           = gcc
    CLINK        = gcc
    C_LIB        = -lm
    C_INC        = -I../common
    CFLAGS       = -O0
    CLINKFLAGS   = (none)
    RAND         = randlc

 Execution time
 Seconds : 0
 Micro seconds : 203876
==2875== 
==2875== I   refs:      45,549,576
==2875== I1  misses:         1,386
==2875== LLi misses:         1,349
==2875== I1  miss rate:       0.00%
==2875== LLi miss rate:       0.00%
==2875== 
==2875== D   refs:      26,819,678  (19,570,601 rd   + 7,249,077 wr)
==2875== D1  misses:       142,431  (    59,194 rd   +    83,237 wr)
==2875== LLd misses:        11,056  (     2,092 rd   +     8,964 wr)
==2875== D1  miss rate:        0.5% (       0.3%     +       1.1%  )
==2875== LLd miss rate:        0.0% (       0.0%     +       0.1%  )
==2875== 
==2875== LL refs:          143,817  (    60,580 rd   +    83,237 wr)
==2875== LL misses:         12,405  (     3,441 rd   +     8,964 wr)
==2875== LL miss rate:         0.0% (       0.0%     +       0.1%  )
==2886== Cachegrind, a cache and branch-prediction profiler
==2886== Copyright (C) 2002-2017, and GNU GPL'd, by Nicholas Nethercote et al.
==2886== Using Valgrind-3.15.0 and LibVEX; rerun with -h for copyright info
==2886== Command: bin/is.S
==2886== 
--2886-- warning: L3 cache found, using its data for the LL simulation.
==2886== error calling PR_SET_PTRACER, vgdb might block


 NAS Parallel Benchmarks 2.3 OpenMP C version - IS Benchmark

 Size:  65536  (class S)
 Iterations:   10


 IS Benchmark Completed
 Class           =                        S
 Size            =                    65536
 Iterations      =                       10
 Threads         =                        1
 Time in seconds =               1888800.00
 Mop/s total     =                     0.00
 Operation type  =              keys ranked
 Verification    =               SUCCESSFUL
 Version         =           3.0 structured
 Compile date    =              09 Nov 2021

 Compile options:
    CC           = gcc
    CLINK        = gcc
    C_LIB        = -lm
    C_INC        = -I../common
    CFLAGS       = -O0
    CLINKFLAGS   = (none)
    RAND         = randlc

 Execution time
 Seconds : 0
 Micro seconds : 201878
==2886== 
==2886== I   refs:      45,549,576
==2886== I1  misses:         1,386
==2886== LLi misses:         1,349
==2886== I1  miss rate:       0.00%
==2886== LLi miss rate:       0.00%
==2886== 
==2886== D   refs:      26,819,678  (19,570,601 rd   + 7,249,077 wr)
==2886== D1  misses:       142,431  (    59,194 rd   +    83,237 wr)
==2886== LLd misses:        11,056  (     2,092 rd   +     8,964 wr)
==2886== D1  miss rate:        0.5% (       0.3%     +       1.1%  )
==2886== LLd miss rate:        0.0% (       0.0%     +       0.1%  )
==2886== 
==2886== LL refs:          143,817  (    60,580 rd   +    83,237 wr)
==2886== LL misses:         12,405  (     3,441 rd   +     8,964 wr)
==2886== LL miss rate:         0.0% (       0.0%     +       0.1%  )
==2896== Cachegrind, a cache and branch-prediction profiler
==2896== Copyright (C) 2002-2017, and GNU GPL'd, by Nicholas Nethercote et al.
==2896== Using Valgrind-3.15.0 and LibVEX; rerun with -h for copyright info
==2896== Command: bin/is.S
==2896== 
--2896-- warning: L3 cache found, using its data for the LL simulation.
==2896== error calling PR_SET_PTRACER, vgdb might block


 NAS Parallel Benchmarks 2.3 OpenMP C version - IS Benchmark

 Size:  65536  (class S)
 Iterations:   10


 IS Benchmark Completed
 Class           =                        S
 Size            =                    65536
 Iterations      =                       10
 Threads         =                        1
 Time in seconds =               1888800.00
 Mop/s total     =                     0.00
 Operation type  =              keys ranked
 Verification    =               SUCCESSFUL
 Version         =           3.0 structured
 Compile date    =              09 Nov 2021

 Compile options:
    CC           = gcc
    CLINK        = gcc
    C_LIB        = -lm
    C_INC        = -I../common
    CFLAGS       = -O0
    CLINKFLAGS   = (none)
    RAND         = randlc

 Execution time
 Seconds : 0
 Micro seconds : 199194
==2896== 
==2896== I   refs:      45,549,576
==2896== I1  misses:         1,386
==2896== LLi misses:         1,349
==2896== I1  miss rate:       0.00%
==2896== LLi miss rate:       0.00%
==2896== 
==2896== D   refs:      26,819,678  (19,570,601 rd   + 7,249,077 wr)
==2896== D1  misses:       142,431  (    59,194 rd   +    83,237 wr)
==2896== LLd misses:        11,056  (     2,092 rd   +     8,964 wr)
==2896== D1  miss rate:        0.5% (       0.3%     +       1.1%  )
==2896== LLd miss rate:        0.0% (       0.0%     +       0.1%  )
==2896== 
==2896== LL refs:          143,817  (    60,580 rd   +    83,237 wr)
==2896== LL misses:         12,405  (     3,441 rd   +     8,964 wr)
==2896== LL miss rate:         0.0% (       0.0%     +       0.1%  )
==2907== Cachegrind, a cache and branch-prediction profiler
==2907== Copyright (C) 2002-2017, and GNU GPL'd, by Nicholas Nethercote et al.
==2907== Using Valgrind-3.15.0 and LibVEX; rerun with -h for copyright info
==2907== Command: bin/is.S
==2907== 
--2907-- warning: L3 cache found, using its data for the LL simulation.
==2907== error calling PR_SET_PTRACER, vgdb might block


 NAS Parallel Benchmarks 2.3 OpenMP C version - IS Benchmark

 Size:  65536  (class S)
 Iterations:   10


 IS Benchmark Completed
 Class           =                        S
 Size            =                    65536
 Iterations      =                       10
 Threads         =                        1
 Time in seconds =               1888800.00
 Mop/s total     =                     0.00
 Operation type  =              keys ranked
 Verification    =               SUCCESSFUL
 Version         =           3.0 structured
 Compile date    =              09 Nov 2021

 Compile options:
    CC           = gcc
    CLINK        = gcc
    C_LIB        = -lm
    C_INC        = -I../common
    CFLAGS       = -O0
    CLINKFLAGS   = (none)
    RAND         = randlc

 Execution time
 Seconds : 0
 Micro seconds : 193531
==2907== 
==2907== I   refs:      45,549,576
==2907== I1  misses:         1,386
==2907== LLi misses:         1,349
==2907== I1  miss rate:       0.00%
==2907== LLi miss rate:       0.00%
==2907== 
==2907== D   refs:      26,819,678  (19,570,601 rd   + 7,249,077 wr)
==2907== D1  misses:       142,431  (    59,194 rd   +    83,237 wr)
==2907== LLd misses:        11,056  (     2,092 rd   +     8,964 wr)
==2907== D1  miss rate:        0.5% (       0.3%     +       1.1%  )
==2907== LLd miss rate:        0.0% (       0.0%     +       0.1%  )
==2907== 
==2907== LL refs:          143,817  (    60,580 rd   +    83,237 wr)
==2907== LL misses:         12,405  (     3,441 rd   +     8,964 wr)
==2907== LL miss rate:         0.0% (       0.0%     +       0.1%  )
==2918== Cachegrind, a cache and branch-prediction profiler
==2918== Copyright (C) 2002-2017, and GNU GPL'd, by Nicholas Nethercote et al.
==2918== Using Valgrind-3.15.0 and LibVEX; rerun with -h for copyright info
==2918== Command: bin/is.S
==2918== 
--2918-- warning: L3 cache found, using its data for the LL simulation.
==2918== error calling PR_SET_PTRACER, vgdb might block


 NAS Parallel Benchmarks 2.3 OpenMP C version - IS Benchmark

 Size:  65536  (class S)
 Iterations:   10


 IS Benchmark Completed
 Class           =                        S
 Size            =                    65536
 Iterations      =                       10
 Threads         =                        1
 Time in seconds =               1888800.00
 Mop/s total     =                     0.00
 Operation type  =              keys ranked
 Verification    =               SUCCESSFUL
 Version         =           3.0 structured
 Compile date    =              09 Nov 2021

 Compile options:
    CC           = gcc
    CLINK        = gcc
    C_LIB        = -lm
    C_INC        = -I../common
    CFLAGS       = -O0
    CLINKFLAGS   = (none)
    RAND         = randlc

 Execution time
 Seconds : 1
 Micro seconds : 218777
==2918== 
==2918== I   refs:      45,549,584
==2918== I1  misses:         1,384
==2918== LLi misses:         1,347
==2918== I1  miss rate:       0.00%
==2918== LLi miss rate:       0.00%
==2918== 
==2918== D   refs:      26,819,681  (19,570,604 rd   + 7,249,077 wr)
==2918== D1  misses:       142,431  (    59,194 rd   +    83,237 wr)
==2918== LLd misses:        11,056  (     2,092 rd   +     8,964 wr)
==2918== D1  miss rate:        0.5% (       0.3%     +       1.1%  )
==2918== LLd miss rate:        0.0% (       0.0%     +       0.1%  )
==2918== 
==2918== LL refs:          143,815  (    60,578 rd   +    83,237 wr)
==2918== LL misses:         12,403  (     3,439 rd   +     8,964 wr)
==2918== LL miss rate:         0.0% (       0.0%     +       0.1%  )
==2928== Cachegrind, a cache and branch-prediction profiler
==2928== Copyright (C) 2002-2017, and GNU GPL'd, by Nicholas Nethercote et al.
==2928== Using Valgrind-3.15.0 and LibVEX; rerun with -h for copyright info
==2928== Command: bin/is.S
==2928== 
--2928-- warning: L3 cache found, using its data for the LL simulation.
==2928== error calling PR_SET_PTRACER, vgdb might block


 NAS Parallel Benchmarks 2.3 OpenMP C version - IS Benchmark

 Size:  65536  (class S)
 Iterations:   10


 IS Benchmark Completed
 Class           =                        S
 Size            =                    65536
 Iterations      =                       10
 Threads         =                        1
 Time in seconds =               1888800.00
 Mop/s total     =                     0.00
 Operation type  =              keys ranked
 Verification    =               SUCCESSFUL
 Version         =           3.0 structured
 Compile date    =              09 Nov 2021

 Compile options:
    CC           = gcc
    CLINK        = gcc
    C_LIB        = -lm
    C_INC        = -I../common
    CFLAGS       = -O0
    CLINKFLAGS   = (none)
    RAND         = randlc

 Execution time
 Seconds : 0
 Micro seconds : 223650
==2928== 
==2928== I   refs:      45,549,576
==2928== I1  misses:         1,386
==2928== LLi misses:         1,349
==2928== I1  miss rate:       0.00%
==2928== LLi miss rate:       0.00%
==2928== 
==2928== D   refs:      26,819,678  (19,570,601 rd   + 7,249,077 wr)
==2928== D1  misses:       142,431  (    59,194 rd   +    83,237 wr)
==2928== LLd misses:        11,056  (     2,092 rd   +     8,964 wr)
==2928== D1  miss rate:        0.5% (       0.3%     +       1.1%  )
==2928== LLd miss rate:        0.0% (       0.0%     +       0.1%  )
==2928== 
==2928== LL refs:          143,817  (    60,580 rd   +    83,237 wr)
==2928== LL misses:         12,405  (     3,441 rd   +     8,964 wr)
==2928== LL miss rate:         0.0% (       0.0%     +       0.1%  )
==2938== Cachegrind, a cache and branch-prediction profiler
==2938== Copyright (C) 2002-2017, and GNU GPL'd, by Nicholas Nethercote et al.
==2938== Using Valgrind-3.15.0 and LibVEX; rerun with -h for copyright info
==2938== Command: bin/is.S
==2938== 
--2938-- warning: L3 cache found, using its data for the LL simulation.
==2938== error calling PR_SET_PTRACER, vgdb might block


 NAS Parallel Benchmarks 2.3 OpenMP C version - IS Benchmark

 Size:  65536  (class S)
 Iterations:   10


 IS Benchmark Completed
 Class           =                        S
 Size            =                    65536
 Iterations      =                       10
 Threads         =                        1
 Time in seconds =               1888800.00
 Mop/s total     =                     0.00
 Operation type  =              keys ranked
 Verification    =               SUCCESSFUL
 Version         =           3.0 structured
 Compile date    =              09 Nov 2021

 Compile options:
    CC           = gcc
    CLINK        = gcc
    C_LIB        = -lm
    C_INC        = -I../common
    CFLAGS       = -O0
    CLINKFLAGS   = (none)
    RAND         = randlc

 Execution time
 Seconds : 0
 Micro seconds : 198448
==2938== 
==2938== I   refs:      45,549,576
==2938== I1  misses:         1,386
==2938== LLi misses:         1,349
==2938== I1  miss rate:       0.00%
==2938== LLi miss rate:       0.00%
==2938== 
==2938== D   refs:      26,819,678  (19,570,601 rd   + 7,249,077 wr)
==2938== D1  misses:       142,431  (    59,194 rd   +    83,237 wr)
==2938== LLd misses:        11,056  (     2,092 rd   +     8,964 wr)
==2938== D1  miss rate:        0.5% (       0.3%     +       1.1%  )
==2938== LLd miss rate:        0.0% (       0.0%     +       0.1%  )
==2938== 
==2938== LL refs:          143,817  (    60,580 rd   +    83,237 wr)
==2938== LL misses:         12,405  (     3,441 rd   +     8,964 wr)
==2938== LL miss rate:         0.0% (       0.0%     +       0.1%  )
==2950== Cachegrind, a cache and branch-prediction profiler
==2950== Copyright (C) 2002-2017, and GNU GPL'd, by Nicholas Nethercote et al.
==2950== Using Valgrind-3.15.0 and LibVEX; rerun with -h for copyright info
==2950== Command: bin/is.S
==2950== 
--2950-- warning: L3 cache found, using its data for the LL simulation.
==2950== error calling PR_SET_PTRACER, vgdb might block


 NAS Parallel Benchmarks 2.3 OpenMP C version - IS Benchmark

 Size:  65536  (class S)
 Iterations:   10


 IS Benchmark Completed
 Class           =                        S
 Size            =                    65536
 Iterations      =                       10
 Threads         =                        1
 Time in seconds =               1888800.00
 Mop/s total     =                     0.00
 Operation type  =              keys ranked
 Verification    =               SUCCESSFUL
 Version         =           3.0 structured
 Compile date    =              09 Nov 2021

 Compile options:
    CC           = gcc
    CLINK        = gcc
    C_LIB        = -lm
    C_INC        = -I../common
    CFLAGS       = -O0
    CLINKFLAGS   = (none)
    RAND         = randlc

 Execution time
 Seconds : 0
 Micro seconds : 219410
==2950== 
==2950== I   refs:      45,549,576
==2950== I1  misses:         1,386
==2950== LLi misses:         1,349
==2950== I1  miss rate:       0.00%
==2950== LLi miss rate:       0.00%
==2950== 
==2950== D   refs:      26,819,678  (19,570,601 rd   + 7,249,077 wr)
==2950== D1  misses:       142,431  (    59,194 rd   +    83,237 wr)
==2950== LLd misses:        11,056  (     2,092 rd   +     8,964 wr)
==2950== D1  miss rate:        0.5% (       0.3%     +       1.1%  )
==2950== LLd miss rate:        0.0% (       0.0%     +       0.1%  )
==2950== 
==2950== LL refs:          143,817  (    60,580 rd   +    83,237 wr)
==2950== LL misses:         12,405  (     3,441 rd   +     8,964 wr)
==2950== LL miss rate:         0.0% (       0.0%     +       0.1%  )
==2979== Cachegrind, a cache and branch-prediction profiler
==2979== Copyright (C) 2002-2017, and GNU GPL'd, by Nicholas Nethercote et al.
==2979== Using Valgrind-3.15.0 and LibVEX; rerun with -h for copyright info
==2979== Command: bin/is.S
==2979== 
--2979-- warning: L3 cache found, using its data for the LL simulation.
==2979== error calling PR_SET_PTRACER, vgdb might block


 NAS Parallel Benchmarks 2.3 OpenMP C version - IS Benchmark

 Size:  65536  (class S)
 Iterations:   10


 IS Benchmark Completed
 Class           =                        S
 Size            =                    65536
 Iterations      =                       10
 Threads         =                        1
 Time in seconds =               1888800.00
 Mop/s total     =                     0.00
 Operation type  =              keys ranked
 Verification    =               SUCCESSFUL
 Version         =           3.0 structured
 Compile date    =              09 Nov 2021

 Compile options:
    CC           = gcc
    CLINK        = gcc
    C_LIB        = -lm
    C_INC        = -I../common
    CFLAGS       = -O0
    CLINKFLAGS   = (none)
    RAND         = randlc

 Execution time
 Seconds : 0
 Micro seconds : 238169
==2979== 
==2979== I   refs:      45,549,576
==2979== I1  misses:         1,386
==2979== LLi misses:         1,349
==2979== I1  miss rate:       0.00%
==2979== LLi miss rate:       0.00%
==2979== 
==2979== D   refs:      26,819,678  (19,570,601 rd   + 7,249,077 wr)
==2979== D1  misses:       142,431  (    59,194 rd   +    83,237 wr)
==2979== LLd misses:        11,056  (     2,092 rd   +     8,964 wr)
==2979== D1  miss rate:        0.5% (       0.3%     +       1.1%  )
==2979== LLd miss rate:        0.0% (       0.0%     +       0.1%  )
==2979== 
==2979== LL refs:          143,817  (    60,580 rd   +    83,237 wr)
==2979== LL misses:         12,405  (     3,441 rd   +     8,964 wr)
==2979== LL miss rate:         0.0% (       0.0%     +       0.1%  )
==2993== Cachegrind, a cache and branch-prediction profiler
==2993== Copyright (C) 2002-2017, and GNU GPL'd, by Nicholas Nethercote et al.
==2993== Using Valgrind-3.15.0 and LibVEX; rerun with -h for copyright info
==2993== Command: bin/is.S
==2993== 
--2993-- warning: L3 cache found, using its data for the LL simulation.
==2993== error calling PR_SET_PTRACER, vgdb might block


 NAS Parallel Benchmarks 2.3 OpenMP C version - IS Benchmark

 Size:  65536  (class S)
 Iterations:   10


 IS Benchmark Completed
 Class           =                        S
 Size            =                    65536
 Iterations      =                       10
 Threads         =                        1
 Time in seconds =               1888800.00
 Mop/s total     =                     0.00
 Operation type  =              keys ranked
 Verification    =               SUCCESSFUL
 Version         =           3.0 structured
 Compile date    =              09 Nov 2021

 Compile options:
    CC           = gcc
    CLINK        = gcc
    C_LIB        = -lm
    C_INC        = -I../common
    CFLAGS       = -O0
    CLINKFLAGS   = (none)
    RAND         = randlc

 Execution time
 Seconds : 1
 Micro seconds : 225488
==2993== 
==2993== I   refs:      45,549,584
==2993== I1  misses:         1,384
==2993== LLi misses:         1,347
==2993== I1  miss rate:       0.00%
==2993== LLi miss rate:       0.00%
==2993== 
==2993== D   refs:      26,819,681  (19,570,604 rd   + 7,249,077 wr)
==2993== D1  misses:       142,431  (    59,194 rd   +    83,237 wr)
==2993== LLd misses:        11,056  (     2,092 rd   +     8,964 wr)
==2993== D1  miss rate:        0.5% (       0.3%     +       1.1%  )
==2993== LLd miss rate:        0.0% (       0.0%     +       0.1%  )
==2993== 
==2993== LL refs:          143,815  (    60,578 rd   +    83,237 wr)
==2993== LL misses:         12,403  (     3,439 rd   +     8,964 wr)
==2993== LL miss rate:         0.0% (       0.0%     +       0.1%  )
==3003== Cachegrind, a cache and branch-prediction profiler
==3003== Copyright (C) 2002-2017, and GNU GPL'd, by Nicholas Nethercote et al.
==3003== Using Valgrind-3.15.0 and LibVEX; rerun with -h for copyright info
==3003== Command: bin/is.S
==3003== 
--3003-- warning: L3 cache found, using its data for the LL simulation.
==3003== error calling PR_SET_PTRACER, vgdb might block


 NAS Parallel Benchmarks 2.3 OpenMP C version - IS Benchmark

 Size:  65536  (class S)
 Iterations:   10


 IS Benchmark Completed
 Class           =                        S
 Size            =                    65536
 Iterations      =                       10
 Threads         =                        1
 Time in seconds =               1888800.00
 Mop/s total     =                     0.00
 Operation type  =              keys ranked
 Verification    =               SUCCESSFUL
 Version         =           3.0 structured
 Compile date    =              09 Nov 2021

 Compile options:
    CC           = gcc
    CLINK        = gcc
    C_LIB        = -lm
    C_INC        = -I../common
    CFLAGS       = -O0
    CLINKFLAGS   = (none)
    RAND         = randlc

 Execution time
 Seconds : 0
 Micro seconds : 228388
==3003== 
==3003== I   refs:      45,549,576
==3003== I1  misses:         1,386
==3003== LLi misses:         1,349
==3003== I1  miss rate:       0.00%
==3003== LLi miss rate:       0.00%
==3003== 
==3003== D   refs:      26,819,678  (19,570,601 rd   + 7,249,077 wr)
==3003== D1  misses:       142,431  (    59,194 rd   +    83,237 wr)
==3003== LLd misses:        11,056  (     2,092 rd   +     8,964 wr)
==3003== D1  miss rate:        0.5% (       0.3%     +       1.1%  )
==3003== LLd miss rate:        0.0% (       0.0%     +       0.1%  )
==3003== 
==3003== LL refs:          143,817  (    60,580 rd   +    83,237 wr)
==3003== LL misses:         12,405  (     3,441 rd   +     8,964 wr)
==3003== LL miss rate:         0.0% (       0.0%     +       0.1%  )
==3013== Cachegrind, a cache and branch-prediction profiler
==3013== Copyright (C) 2002-2017, and GNU GPL'd, by Nicholas Nethercote et al.
==3013== Using Valgrind-3.15.0 and LibVEX; rerun with -h for copyright info
==3013== Command: bin/is.S
==3013== 
--3013-- warning: L3 cache found, using its data for the LL simulation.
==3013== error calling PR_SET_PTRACER, vgdb might block


 NAS Parallel Benchmarks 2.3 OpenMP C version - IS Benchmark

 Size:  65536  (class S)
 Iterations:   10


 IS Benchmark Completed
 Class           =                        S
 Size            =                    65536
 Iterations      =                       10
 Threads         =                        1
 Time in seconds =               1888800.00
 Mop/s total     =                     0.00
 Operation type  =              keys ranked
 Verification    =               SUCCESSFUL
 Version         =           3.0 structured
 Compile date    =              09 Nov 2021

 Compile options:
    CC           = gcc
    CLINK        = gcc
    C_LIB        = -lm
    C_INC        = -I../common
    CFLAGS       = -O0
    CLINKFLAGS   = (none)
    RAND         = randlc

 Execution time
 Seconds : 1
 Micro seconds : 218347
==3013== 
==3013== I   refs:      45,549,584
==3013== I1  misses:         1,384
==3013== LLi misses:         1,347
==3013== I1  miss rate:       0.00%
==3013== LLi miss rate:       0.00%
==3013== 
==3013== D   refs:      26,819,681  (19,570,604 rd   + 7,249,077 wr)
==3013== D1  misses:       142,431  (    59,194 rd   +    83,237 wr)
==3013== LLd misses:        11,056  (     2,092 rd   +     8,964 wr)
==3013== D1  miss rate:        0.5% (       0.3%     +       1.1%  )
==3013== LLd miss rate:        0.0% (       0.0%     +       0.1%  )
==3013== 
==3013== LL refs:          143,815  (    60,578 rd   +    83,237 wr)
==3013== LL misses:         12,403  (     3,439 rd   +     8,964 wr)
==3013== LL miss rate:         0.0% (       0.0%     +       0.1%  )
==3023== Cachegrind, a cache and branch-prediction profiler
==3023== Copyright (C) 2002-2017, and GNU GPL'd, by Nicholas Nethercote et al.
==3023== Using Valgrind-3.15.0 and LibVEX; rerun with -h for copyright info
==3023== Command: bin/is.S
==3023== 
--3023-- warning: L3 cache found, using its data for the LL simulation.
==3023== error calling PR_SET_PTRACER, vgdb might block


 NAS Parallel Benchmarks 2.3 OpenMP C version - IS Benchmark

 Size:  65536  (class S)
 Iterations:   10


 IS Benchmark Completed
 Class           =                        S
 Size            =                    65536
 Iterations      =                       10
 Threads         =                        1
 Time in seconds =               1888800.00
 Mop/s total     =                     0.00
 Operation type  =              keys ranked
 Verification    =               SUCCESSFUL
 Version         =           3.0 structured
 Compile date    =              09 Nov 2021

 Compile options:
    CC           = gcc
    CLINK        = gcc
    C_LIB        = -lm
    C_INC        = -I../common
    CFLAGS       = -O0
    CLINKFLAGS   = (none)
    RAND         = randlc

 Execution time
 Seconds : 0
 Micro seconds : 227970
==3023== 
==3023== I   refs:      45,549,576
==3023== I1  misses:         1,386
==3023== LLi misses:         1,349
==3023== I1  miss rate:       0.00%
==3023== LLi miss rate:       0.00%
==3023== 
==3023== D   refs:      26,819,678  (19,570,601 rd   + 7,249,077 wr)
==3023== D1  misses:       142,431  (    59,194 rd   +    83,237 wr)
==3023== LLd misses:        11,056  (     2,092 rd   +     8,964 wr)
==3023== D1  miss rate:        0.5% (       0.3%     +       1.1%  )
==3023== LLd miss rate:        0.0% (       0.0%     +       0.1%  )
==3023== 
==3023== LL refs:          143,817  (    60,580 rd   +    83,237 wr)
==3023== LL misses:         12,405  (     3,441 rd   +     8,964 wr)
==3023== LL miss rate:         0.0% (       0.0%     +       0.1%  )
==3033== Cachegrind, a cache and branch-prediction profiler
==3033== Copyright (C) 2002-2017, and GNU GPL'd, by Nicholas Nethercote et al.
==3033== Using Valgrind-3.15.0 and LibVEX; rerun with -h for copyright info
==3033== Command: bin/is.S
==3033== 
--3033-- warning: L3 cache found, using its data for the LL simulation.
==3033== error calling PR_SET_PTRACER, vgdb might block


 NAS Parallel Benchmarks 2.3 OpenMP C version - IS Benchmark

 Size:  65536  (class S)
 Iterations:   10


 IS Benchmark Completed
 Class           =                        S
 Size            =                    65536
 Iterations      =                       10
 Threads         =                        1
 Time in seconds =               1888800.00
 Mop/s total     =                     0.00
 Operation type  =              keys ranked
 Verification    =               SUCCESSFUL
 Version         =           3.0 structured
 Compile date    =              09 Nov 2021

 Compile options:
    CC           = gcc
    CLINK        = gcc
    C_LIB        = -lm
    C_INC        = -I../common
    CFLAGS       = -O0
    CLINKFLAGS   = (none)
    RAND         = randlc

 Execution time
 Seconds : 0
 Micro seconds : 231322
==3033== 
==3033== I   refs:      45,549,576
==3033== I1  misses:         1,386
==3033== LLi misses:         1,349
==3033== I1  miss rate:       0.00%
==3033== LLi miss rate:       0.00%
==3033== 
==3033== D   refs:      26,819,678  (19,570,601 rd   + 7,249,077 wr)
==3033== D1  misses:       142,431  (    59,194 rd   +    83,237 wr)
==3033== LLd misses:        11,056  (     2,092 rd   +     8,964 wr)
==3033== D1  miss rate:        0.5% (       0.3%     +       1.1%  )
==3033== LLd miss rate:        0.0% (       0.0%     +       0.1%  )
==3033== 
==3033== LL refs:          143,817  (    60,580 rd   +    83,237 wr)
==3033== LL misses:         12,405  (     3,441 rd   +     8,964 wr)
==3033== LL miss rate:         0.0% (       0.0%     +       0.1%  )
==3048== Cachegrind, a cache and branch-prediction profiler
==3048== Copyright (C) 2002-2017, and GNU GPL'd, by Nicholas Nethercote et al.
==3048== Using Valgrind-3.15.0 and LibVEX; rerun with -h for copyright info
==3048== Command: bin/is.S
==3048== 
--3048-- warning: L3 cache found, using its data for the LL simulation.
==3048== error calling PR_SET_PTRACER, vgdb might block


 NAS Parallel Benchmarks 2.3 OpenMP C version - IS Benchmark

 Size:  65536  (class S)
 Iterations:   10


 IS Benchmark Completed
 Class           =                        S
 Size            =                    65536
 Iterations      =                       10
 Threads         =                        1
 Time in seconds =               1888800.00
 Mop/s total     =                     0.00
 Operation type  =              keys ranked
 Verification    =               SUCCESSFUL
 Version         =           3.0 structured
 Compile date    =              09 Nov 2021

 Compile options:
    CC           = gcc
    CLINK        = gcc
    C_LIB        = -lm
    C_INC        = -I../common
    CFLAGS       = -O0
    CLINKFLAGS   = (none)
    RAND         = randlc

 Execution time
 Seconds : 0
 Micro seconds : 211886
==3048== 
==3048== I   refs:      45,549,576
==3048== I1  misses:         1,386
==3048== LLi misses:         1,349
==3048== I1  miss rate:       0.00%
==3048== LLi miss rate:       0.00%
==3048== 
==3048== D   refs:      26,819,678  (19,570,601 rd   + 7,249,077 wr)
==3048== D1  misses:       142,431  (    59,194 rd   +    83,237 wr)
==3048== LLd misses:        11,056  (     2,092 rd   +     8,964 wr)
==3048== D1  miss rate:        0.5% (       0.3%     +       1.1%  )
==3048== LLd miss rate:        0.0% (       0.0%     +       0.1%  )
==3048== 
==3048== LL refs:          143,817  (    60,580 rd   +    83,237 wr)
==3048== LL misses:         12,405  (     3,441 rd   +     8,964 wr)
==3048== LL miss rate:         0.0% (       0.0%     +       0.1%  )
==3058== Cachegrind, a cache and branch-prediction profiler
==3058== Copyright (C) 2002-2017, and GNU GPL'd, by Nicholas Nethercote et al.
==3058== Using Valgrind-3.15.0 and LibVEX; rerun with -h for copyright info
==3058== Command: bin/is.S
==3058== 
--3058-- warning: L3 cache found, using its data for the LL simulation.
==3058== error calling PR_SET_PTRACER, vgdb might block


 NAS Parallel Benchmarks 2.3 OpenMP C version - IS Benchmark

 Size:  65536  (class S)
 Iterations:   10


 IS Benchmark Completed
 Class           =                        S
 Size            =                    65536
 Iterations      =                       10
 Threads         =                        1
 Time in seconds =               1888800.00
 Mop/s total     =                     0.00
 Operation type  =              keys ranked
 Verification    =               SUCCESSFUL
 Version         =           3.0 structured
 Compile date    =              09 Nov 2021

 Compile options:
    CC           = gcc
    CLINK        = gcc
    C_LIB        = -lm
    C_INC        = -I../common
    CFLAGS       = -O0
    CLINKFLAGS   = (none)
    RAND         = randlc

 Execution time
 Seconds : 0
 Micro seconds : 218101
==3058== 
==3058== I   refs:      45,549,576
==3058== I1  misses:         1,386
==3058== LLi misses:         1,349
==3058== I1  miss rate:       0.00%
==3058== LLi miss rate:       0.00%
==3058== 
==3058== D   refs:      26,819,678  (19,570,601 rd   + 7,249,077 wr)
==3058== D1  misses:       142,431  (    59,194 rd   +    83,237 wr)
==3058== LLd misses:        11,056  (     2,092 rd   +     8,964 wr)
==3058== D1  miss rate:        0.5% (       0.3%     +       1.1%  )
==3058== LLd miss rate:        0.0% (       0.0%     +       0.1%  )
==3058== 
==3058== LL refs:          143,817  (    60,580 rd   +    83,237 wr)
==3058== LL misses:         12,405  (     3,441 rd   +     8,964 wr)
==3058== LL miss rate:         0.0% (       0.0%     +       0.1%  )
